2017-02-02 10:17:45 [INFO ] [] XPayClient initialize [/home/nynLMS/lib/payment/lgdacom] [test]
2017-02-02 10:17:45 [DEBUG] [] Config [server_id] = [01]
2017-02-02 10:17:45 [DEBUG] [] Config [timeout] = [60]
2017-02-02 10:17:45 [DEBUG] [] Config [log_level] = [4]
2017-02-02 10:17:45 [DEBUG] [] Config [verify_cert] = [1]
2017-02-02 10:17:45 [DEBUG] [] Config [verify_host] = [1]
2017-02-02 10:17:45 [DEBUG] [] Config [report_error] = [1]
2017-02-02 10:17:45 [DEBUG] [] Config [output_UTF8] = [1]
2017-02-02 10:17:45 [DEBUG] [] Config [auto_rollback] = [1]
2017-02-02 10:17:45 [DEBUG] [] Config [log_dir] = [/home/nynLMS/lib/payment/lgdacom/log]
2017-02-02 10:17:45 [DEBUG] [] Config [tnayanet] = [aa7d95db6f74e6e55389156b2dcb7716]
2017-02-02 10:17:45 [DEBUG] [] Config [nayanet] = [aa7d95db6f74e6e55389156b2dcb7716]
2017-02-02 10:17:45 [DEBUG] [] Config [url] = [https://xpayclient.lgdacom.net/xpay/Gateway.do]
2017-02-02 10:17:45 [DEBUG] [] Config [test_url] = [https://xpayclient.lgdacom.net:7443/xpay/Gateway.do]
2017-02-02 10:17:45 [DEBUG] [] Config [aux_url] = [http://xpayclient.lgdacom.net:7080/xpay/Gateway.do]
2017-02-02 10:28:18 [INFO ] [] XPayClient initialize [/home/nynLMS/lib/payment/lgdacom] [test]
2017-02-02 10:28:18 [DEBUG] [] Config [server_id] = [01]
2017-02-02 10:28:18 [DEBUG] [] Config [timeout] = [60]
2017-02-02 10:28:18 [DEBUG] [] Config [log_level] = [4]
2017-02-02 10:28:18 [DEBUG] [] Config [verify_cert] = [1]
2017-02-02 10:28:18 [DEBUG] [] Config [verify_host] = [1]
2017-02-02 10:28:18 [DEBUG] [] Config [report_error] = [1]
2017-02-02 10:28:18 [DEBUG] [] Config [output_UTF8] = [1]
2017-02-02 10:28:18 [DEBUG] [] Config [auto_rollback] = [1]
2017-02-02 10:28:18 [DEBUG] [] Config [log_dir] = [/home/nynLMS/lib/payment/lgdacom/log]
2017-02-02 10:28:18 [DEBUG] [] Config [tnayanet] = [aa7d95db6f74e6e55389156b2dcb7716]
2017-02-02 10:28:18 [DEBUG] [] Config [nayanet] = [aa7d95db6f74e6e55389156b2dcb7716]
2017-02-02 10:28:18 [DEBUG] [] Config [url] = [https://xpayclient.lgdacom.net/xpay/Gateway.do]
2017-02-02 10:28:18 [DEBUG] [] Config [test_url] = [https://xpayclient.lgdacom.net:7443/xpay/Gateway.do]
2017-02-02 10:28:18 [DEBUG] [] Config [aux_url] = [http://xpayclient.lgdacom.net:7080/xpay/Gateway.do]
2017-02-02 10:28:49 [INFO ] [] XPayClient initialize [/home/nynLMS/lib/payment/lgdacom] [test]
2017-02-02 10:28:49 [DEBUG] [] Config [server_id] = [01]
2017-02-02 10:28:49 [DEBUG] [] Config [timeout] = [60]
2017-02-02 10:28:49 [DEBUG] [] Config [log_level] = [4]
2017-02-02 10:28:49 [DEBUG] [] Config [verify_cert] = [1]
2017-02-02 10:28:49 [DEBUG] [] Config [verify_host] = [1]
2017-02-02 10:28:49 [DEBUG] [] Config [report_error] = [1]
2017-02-02 10:28:49 [DEBUG] [] Config [output_UTF8] = [1]
2017-02-02 10:28:49 [DEBUG] [] Config [auto_rollback] = [1]
2017-02-02 10:28:49 [DEBUG] [] Config [log_dir] = [/home/nynLMS/lib/payment/lgdacom/log]
2017-02-02 10:28:49 [DEBUG] [] Config [tnayanet] = [aa7d95db6f74e6e55389156b2dcb7716]
2017-02-02 10:28:49 [DEBUG] [] Config [nayanet] = [aa7d95db6f74e6e55389156b2dcb7716]
2017-02-02 10:28:49 [DEBUG] [] Config [url] = [https://xpayclient.lgdacom.net/xpay/Gateway.do]
2017-02-02 10:28:49 [DEBUG] [] Config [test_url] = [https://xpayclient.lgdacom.net:7443/xpay/Gateway.do]
2017-02-02 10:28:49 [DEBUG] [] Config [aux_url] = [http://xpayclient.lgdacom.net:7080/xpay/Gateway.do]
2017-02-02 10:36:21 [INFO ] [] XPayClient initialize [/home/nynLMS/lib/payment/lgdacom] [test]
2017-02-02 10:36:21 [DEBUG] [] Config [server_id] = [01]
2017-02-02 10:36:21 [DEBUG] [] Config [timeout] = [60]
2017-02-02 10:36:21 [DEBUG] [] Config [log_level] = [4]
2017-02-02 10:36:21 [DEBUG] [] Config [verify_cert] = [1]
2017-02-02 10:36:21 [DEBUG] [] Config [verify_host] = [1]
2017-02-02 10:36:21 [DEBUG] [] Config [report_error] = [1]
2017-02-02 10:36:21 [DEBUG] [] Config [output_UTF8] = [1]
2017-02-02 10:36:21 [DEBUG] [] Config [auto_rollback] = [1]
2017-02-02 10:36:21 [DEBUG] [] Config [log_dir] = [/home/nynLMS/lib/payment/lgdacom/log]
2017-02-02 10:36:21 [DEBUG] [] Config [tnayanet] = [aa7d95db6f74e6e55389156b2dcb7716]
2017-02-02 10:36:21 [DEBUG] [] Config [nayanet] = [aa7d95db6f74e6e55389156b2dcb7716]
2017-02-02 10:36:21 [DEBUG] [] Config [url] = [https://xpayclient.lgdacom.net/xpay/Gateway.do]
2017-02-02 10:36:21 [DEBUG] [] Config [test_url] = [https://xpayclient.lgdacom.net:7443/xpay/Gateway.do]
2017-02-02 10:36:21 [DEBUG] [] Config [aux_url] = [http://xpayclient.lgdacom.net:7080/xpay/Gateway.do]
2017-02-02 11:44:25 [INFO ] [] XPayClient initialize [/home/nynLMS/lib/payment/lgdacom] [test]
2017-02-02 11:44:25 [DEBUG] [] Config [server_id] = [01]
2017-02-02 11:44:25 [DEBUG] [] Config [timeout] = [60]
2017-02-02 11:44:25 [DEBUG] [] Config [log_level] = [4]
2017-02-02 11:44:25 [DEBUG] [] Config [verify_cert] = [1]
2017-02-02 11:44:25 [DEBUG] [] Config [verify_host] = [1]
2017-02-02 11:44:25 [DEBUG] [] Config [report_error] = [1]
2017-02-02 11:44:25 [DEBUG] [] Config [output_UTF8] = [1]
2017-02-02 11:44:25 [DEBUG] [] Config [auto_rollback] = [1]
2017-02-02 11:44:25 [DEBUG] [] Config [log_dir] = [/home/nynLMS/lib/payment/lgdacom/log]
2017-02-02 11:44:25 [DEBUG] [] Config [tnayanet] = [aa7d95db6f74e6e55389156b2dcb7716]
2017-02-02 11:44:25 [DEBUG] [] Config [nayanet] = [aa7d95db6f74e6e55389156b2dcb7716]
2017-02-02 11:44:25 [DEBUG] [] Config [url] = [https://xpayclient.lgdacom.net/xpay/Gateway.do]
2017-02-02 11:44:25 [DEBUG] [] Config [test_url] = [https://xpayclient.lgdacom.net:7443/xpay/Gateway.do]
2017-02-02 11:44:25 [DEBUG] [] Config [aux_url] = [http://xpayclient.lgdacom.net:7080/xpay/Gateway.do]
2017-02-02 14:56:24 [INFO ] [] XPayClient initialize [/home/nynLMS/lib/payment/lgdacom] [test]
2017-02-02 14:56:24 [DEBUG] [] Config [server_id] = [01]
2017-02-02 14:56:24 [DEBUG] [] Config [timeout] = [60]
2017-02-02 14:56:24 [DEBUG] [] Config [log_level] = [4]
2017-02-02 14:56:24 [DEBUG] [] Config [verify_cert] = [1]
2017-02-02 14:56:24 [DEBUG] [] Config [verify_host] = [1]
2017-02-02 14:56:24 [DEBUG] [] Config [report_error] = [1]
2017-02-02 14:56:24 [DEBUG] [] Config [output_UTF8] = [1]
2017-02-02 14:56:24 [DEBUG] [] Config [auto_rollback] = [1]
2017-02-02 14:56:24 [DEBUG] [] Config [log_dir] = [/home/nynLMS/lib/payment/lgdacom/log]
2017-02-02 14:56:24 [DEBUG] [] Config [tnayanet] = [aa7d95db6f74e6e55389156b2dcb7716]
2017-02-02 14:56:24 [DEBUG] [] Config [nayanet] = [aa7d95db6f74e6e55389156b2dcb7716]
2017-02-02 14:56:24 [DEBUG] [] Config [url] = [https://xpayclient.lgdacom.net/xpay/Gateway.do]
2017-02-02 14:56:24 [DEBUG] [] Config [test_url] = [https://xpayclient.lgdacom.net:7443/xpay/Gateway.do]
2017-02-02 14:56:24 [DEBUG] [] Config [aux_url] = [http://xpayclient.lgdacom.net:7080/xpay/Gateway.do]
2017-02-02 15:04:11 [INFO ] [] XPayClient initialize [/home/nynLMS/lib/payment/lgdacom] [test]
2017-02-02 15:04:11 [DEBUG] [] Config [server_id] = [01]
2017-02-02 15:04:11 [DEBUG] [] Config [timeout] = [60]
2017-02-02 15:04:11 [DEBUG] [] Config [log_level] = [4]
2017-02-02 15:04:11 [DEBUG] [] Config [verify_cert] = [1]
2017-02-02 15:04:11 [DEBUG] [] Config [verify_host] = [1]
2017-02-02 15:04:11 [DEBUG] [] Config [report_error] = [1]
2017-02-02 15:04:11 [DEBUG] [] Config [output_UTF8] = [1]
2017-02-02 15:04:11 [DEBUG] [] Config [auto_rollback] = [1]
2017-02-02 15:04:11 [DEBUG] [] Config [log_dir] = [/home/nynLMS/lib/payment/lgdacom/log]
2017-02-02 15:04:11 [DEBUG] [] Config [tnayanet] = [aa7d95db6f74e6e55389156b2dcb7716]
2017-02-02 15:04:11 [DEBUG] [] Config [nayanet] = [aa7d95db6f74e6e55389156b2dcb7716]
2017-02-02 15:04:11 [DEBUG] [] Config [url] = [https://xpayclient.lgdacom.net/xpay/Gateway.do]
2017-02-02 15:04:11 [DEBUG] [] Config [test_url] = [https://xpayclient.lgdacom.net:7443/xpay/Gateway.do]
2017-02-02 15:04:11 [DEBUG] [] Config [aux_url] = [http://xpayclient.lgdacom.net:7080/xpay/Gateway.do]
2017-02-02 15:04:31 [INFO ] [] XPayClient initialize [/home/nynLMS/lib/payment/lgdacom] [test]
2017-02-02 15:04:31 [DEBUG] [] Config [server_id] = [01]
2017-02-02 15:04:31 [DEBUG] [] Config [timeout] = [60]
2017-02-02 15:04:31 [DEBUG] [] Config [log_level] = [4]
2017-02-02 15:04:31 [DEBUG] [] Config [verify_cert] = [1]
2017-02-02 15:04:31 [DEBUG] [] Config [verify_host] = [1]
2017-02-02 15:04:31 [DEBUG] [] Config [report_error] = [1]
2017-02-02 15:04:31 [DEBUG] [] Config [output_UTF8] = [1]
2017-02-02 15:04:31 [DEBUG] [] Config [auto_rollback] = [1]
2017-02-02 15:04:31 [DEBUG] [] Config [log_dir] = [/home/nynLMS/lib/payment/lgdacom/log]
2017-02-02 15:04:31 [DEBUG] [] Config [tnayanet] = [aa7d95db6f74e6e55389156b2dcb7716]
2017-02-02 15:04:31 [DEBUG] [] Config [nayanet] = [aa7d95db6f74e6e55389156b2dcb7716]
2017-02-02 15:04:31 [DEBUG] [] Config [url] = [https://xpayclient.lgdacom.net/xpay/Gateway.do]
2017-02-02 15:04:31 [DEBUG] [] Config [test_url] = [https://xpayclient.lgdacom.net:7443/xpay/Gateway.do]
2017-02-02 15:04:31 [DEBUG] [] Config [aux_url] = [http://xpayclient.lgdacom.net:7080/xpay/Gateway.do]
2017-02-02 15:19:32 [INFO ] [] XPayClient initialize [/home/nynLMS/lib/payment/lgdacom] [test]
2017-02-02 15:19:32 [DEBUG] [] Config [server_id] = [01]
2017-02-02 15:19:32 [DEBUG] [] Config [timeout] = [60]
2017-02-02 15:19:32 [DEBUG] [] Config [log_level] = [4]
2017-02-02 15:19:32 [DEBUG] [] Config [verify_cert] = [1]
2017-02-02 15:19:32 [DEBUG] [] Config [verify_host] = [1]
2017-02-02 15:19:32 [DEBUG] [] Config [report_error] = [1]
2017-02-02 15:19:32 [DEBUG] [] Config [output_UTF8] = [1]
2017-02-02 15:19:32 [DEBUG] [] Config [auto_rollback] = [1]
2017-02-02 15:19:32 [DEBUG] [] Config [log_dir] = [/home/nynLMS/lib/payment/lgdacom/log]
2017-02-02 15:19:32 [DEBUG] [] Config [tnayanet] = [aa7d95db6f74e6e55389156b2dcb7716]
2017-02-02 15:19:32 [DEBUG] [] Config [nayanet] = [aa7d95db6f74e6e55389156b2dcb7716]
2017-02-02 15:19:32 [DEBUG] [] Config [url] = [https://xpayclient.lgdacom.net/xpay/Gateway.do]
2017-02-02 15:19:32 [DEBUG] [] Config [test_url] = [https://xpayclient.lgdacom.net:7443/xpay/Gateway.do]
2017-02-02 15:19:32 [DEBUG] [] Config [aux_url] = [http://xpayclient.lgdacom.net:7080/xpay/Gateway.do]
2017-02-02 16:17:19 [INFO ] [] XPayClient initialize [/home/nynLMS/lib/payment/lgdacom] [test]
2017-02-02 16:17:19 [DEBUG] [] Config [server_id] = [01]
2017-02-02 16:17:19 [DEBUG] [] Config [timeout] = [60]
2017-02-02 16:17:19 [DEBUG] [] Config [log_level] = [4]
2017-02-02 16:17:19 [DEBUG] [] Config [verify_cert] = [1]
2017-02-02 16:17:19 [DEBUG] [] Config [verify_host] = [1]
2017-02-02 16:17:19 [DEBUG] [] Config [report_error] = [1]
2017-02-02 16:17:19 [DEBUG] [] Config [output_UTF8] = [1]
2017-02-02 16:17:19 [DEBUG] [] Config [auto_rollback] = [1]
2017-02-02 16:17:19 [DEBUG] [] Config [log_dir] = [/home/nynLMS/lib/payment/lgdacom/log]
2017-02-02 16:17:19 [DEBUG] [] Config [tnayanet] = [aa7d95db6f74e6e55389156b2dcb7716]
2017-02-02 16:17:19 [DEBUG] [] Config [nayanet] = [aa7d95db6f74e6e55389156b2dcb7716]
2017-02-02 16:17:19 [DEBUG] [] Config [url] = [https://xpayclient.lgdacom.net/xpay/Gateway.do]
2017-02-02 16:17:19 [DEBUG] [] Config [test_url] = [https://xpayclient.lgdacom.net:7443/xpay/Gateway.do]
2017-02-02 16:17:19 [DEBUG] [] Config [aux_url] = [http://xpayclient.lgdacom.net:7080/xpay/Gateway.do]
2017-02-02 16:51:02 [INFO ] [] XPayClient initialize [/home/nynLMS/lib/payment/lgdacom] [test]
2017-02-02 16:51:02 [DEBUG] [] Config [server_id] = [01]
2017-02-02 16:51:02 [DEBUG] [] Config [timeout] = [60]
2017-02-02 16:51:02 [DEBUG] [] Config [log_level] = [4]
2017-02-02 16:51:02 [DEBUG] [] Config [verify_cert] = [1]
2017-02-02 16:51:02 [DEBUG] [] Config [verify_host] = [1]
2017-02-02 16:51:02 [DEBUG] [] Config [report_error] = [1]
2017-02-02 16:51:02 [DEBUG] [] Config [output_UTF8] = [1]
2017-02-02 16:51:02 [DEBUG] [] Config [auto_rollback] = [1]
2017-02-02 16:51:02 [DEBUG] [] Config [log_dir] = [/home/nynLMS/lib/payment/lgdacom/log]
2017-02-02 16:51:02 [DEBUG] [] Config [tnayanet] = [aa7d95db6f74e6e55389156b2dcb7716]
2017-02-02 16:51:02 [DEBUG] [] Config [nayanet] = [aa7d95db6f74e6e55389156b2dcb7716]
2017-02-02 16:51:02 [DEBUG] [] Config [url] = [https://xpayclient.lgdacom.net/xpay/Gateway.do]
2017-02-02 16:51:02 [DEBUG] [] Config [test_url] = [https://xpayclient.lgdacom.net:7443/xpay/Gateway.do]
2017-02-02 16:51:02 [DEBUG] [] Config [aux_url] = [http://xpayclient.lgdacom.net:7080/xpay/Gateway.do]
2017-02-02 16:51:28 [INFO ] [] XPayClient initialize [/home/nynLMS/lib/payment/lgdacom] [test]
2017-02-02 16:51:28 [DEBUG] [] Config [server_id] = [01]
2017-02-02 16:51:28 [DEBUG] [] Config [timeout] = [60]
2017-02-02 16:51:28 [DEBUG] [] Config [log_level] = [4]
2017-02-02 16:51:28 [DEBUG] [] Config [verify_cert] = [1]
2017-02-02 16:51:28 [DEBUG] [] Config [verify_host] = [1]
2017-02-02 16:51:28 [DEBUG] [] Config [report_error] = [1]
2017-02-02 16:51:28 [DEBUG] [] Config [output_UTF8] = [1]
2017-02-02 16:51:28 [DEBUG] [] Config [auto_rollback] = [1]
2017-02-02 16:51:28 [DEBUG] [] Config [log_dir] = [/home/nynLMS/lib/payment/lgdacom/log]
2017-02-02 16:51:28 [DEBUG] [] Config [tnayanet] = [aa7d95db6f74e6e55389156b2dcb7716]
2017-02-02 16:51:28 [DEBUG] [] Config [nayanet] = [aa7d95db6f74e6e55389156b2dcb7716]
2017-02-02 16:51:28 [DEBUG] [] Config [url] = [https://xpayclient.lgdacom.net/xpay/Gateway.do]
2017-02-02 16:51:28 [DEBUG] [] Config [test_url] = [https://xpayclient.lgdacom.net:7443/xpay/Gateway.do]
2017-02-02 16:51:28 [DEBUG] [] Config [aux_url] = [http://xpayclient.lgdacom.net:7080/xpay/Gateway.do]
2017-02-02 16:53:19 [INFO ] [] XPayClient initialize [/home/nynLMS/lib/payment/lgdacom] [test]
2017-02-02 16:53:19 [DEBUG] [] Config [server_id] = [01]
2017-02-02 16:53:19 [DEBUG] [] Config [timeout] = [60]
2017-02-02 16:53:19 [DEBUG] [] Config [log_level] = [4]
2017-02-02 16:53:19 [DEBUG] [] Config [verify_cert] = [1]
2017-02-02 16:53:19 [DEBUG] [] Config [verify_host] = [1]
2017-02-02 16:53:19 [DEBUG] [] Config [report_error] = [1]
2017-02-02 16:53:19 [DEBUG] [] Config [output_UTF8] = [1]
2017-02-02 16:53:19 [DEBUG] [] Config [auto_rollback] = [1]
2017-02-02 16:53:19 [DEBUG] [] Config [log_dir] = [/home/nynLMS/lib/payment/lgdacom/log]
2017-02-02 16:53:19 [DEBUG] [] Config [tnayanet] = [aa7d95db6f74e6e55389156b2dcb7716]
2017-02-02 16:53:19 [DEBUG] [] Config [nayanet] = [aa7d95db6f74e6e55389156b2dcb7716]
2017-02-02 16:53:19 [DEBUG] [] Config [url] = [https://xpayclient.lgdacom.net/xpay/Gateway.do]
2017-02-02 16:53:19 [DEBUG] [] Config [test_url] = [https://xpayclient.lgdacom.net:7443/xpay/Gateway.do]
2017-02-02 16:53:19 [DEBUG] [] Config [aux_url] = [http://xpayclient.lgdacom.net:7080/xpay/Gateway.do]
2017-02-02 17:01:32 [INFO ] [] XPayClient initialize [/home/nynLMS/lib/payment/lgdacom] [test]
2017-02-02 17:01:32 [DEBUG] [] Config [server_id] = [01]
2017-02-02 17:01:32 [DEBUG] [] Config [timeout] = [60]
2017-02-02 17:01:32 [DEBUG] [] Config [log_level] = [4]
2017-02-02 17:01:32 [DEBUG] [] Config [verify_cert] = [1]
2017-02-02 17:01:32 [DEBUG] [] Config [verify_host] = [1]
2017-02-02 17:01:32 [DEBUG] [] Config [report_error] = [1]
2017-02-02 17:01:32 [DEBUG] [] Config [output_UTF8] = [1]
2017-02-02 17:01:32 [DEBUG] [] Config [auto_rollback] = [1]
2017-02-02 17:01:32 [DEBUG] [] Config [log_dir] = [/home/nynLMS/lib/payment/lgdacom/log]
2017-02-02 17:01:32 [DEBUG] [] Config [tnayanet] = [aa7d95db6f74e6e55389156b2dcb7716]
2017-02-02 17:01:32 [DEBUG] [] Config [nayanet] = [aa7d95db6f74e6e55389156b2dcb7716]
2017-02-02 17:01:32 [DEBUG] [] Config [url] = [https://xpayclient.lgdacom.net/xpay/Gateway.do]
2017-02-02 17:01:32 [DEBUG] [] Config [test_url] = [https://xpayclient.lgdacom.net:7443/xpay/Gateway.do]
2017-02-02 17:01:32 [DEBUG] [] Config [aux_url] = [http://xpayclient.lgdacom.net:7080/xpay/Gateway.do]
2017-02-02 18:59:17 [INFO ] [] XPayClient initialize [/home/nynLMS/lib/payment/lgdacom] [test]
2017-02-02 18:59:17 [DEBUG] [] Config [server_id] = [01]
2017-02-02 18:59:17 [DEBUG] [] Config [timeout] = [60]
2017-02-02 18:59:17 [DEBUG] [] Config [log_level] = [4]
2017-02-02 18:59:17 [DEBUG] [] Config [verify_cert] = [1]
2017-02-02 18:59:17 [DEBUG] [] Config [verify_host] = [1]
2017-02-02 18:59:17 [DEBUG] [] Config [report_error] = [1]
2017-02-02 18:59:17 [DEBUG] [] Config [output_UTF8] = [1]
2017-02-02 18:59:17 [DEBUG] [] Config [auto_rollback] = [1]
2017-02-02 18:59:17 [DEBUG] [] Config [log_dir] = [/home/nynLMS/lib/payment/lgdacom/log]
2017-02-02 18:59:17 [DEBUG] [] Config [tnayanet] = [aa7d95db6f74e6e55389156b2dcb7716]
2017-02-02 18:59:17 [DEBUG] [] Config [nayanet] = [aa7d95db6f74e6e55389156b2dcb7716]
2017-02-02 18:59:17 [DEBUG] [] Config [url] = [https://xpayclient.lgdacom.net/xpay/Gateway.do]
2017-02-02 18:59:17 [DEBUG] [] Config [test_url] = [https://xpayclient.lgdacom.net:7443/xpay/Gateway.do]
2017-02-02 18:59:17 [DEBUG] [] Config [aux_url] = [http://xpayclient.lgdacom.net:7080/xpay/Gateway.do]
2017-02-02 20:58:24 [INFO ] [] XPayClient initialize [/home/nynLMS/lib/payment/lgdacom] [test]
2017-02-02 20:58:24 [DEBUG] [] Config [server_id] = [01]
2017-02-02 20:58:24 [DEBUG] [] Config [timeout] = [60]
2017-02-02 20:58:24 [DEBUG] [] Config [log_level] = [4]
2017-02-02 20:58:24 [DEBUG] [] Config [verify_cert] = [1]
2017-02-02 20:58:24 [DEBUG] [] Config [verify_host] = [1]
2017-02-02 20:58:24 [DEBUG] [] Config [report_error] = [1]
2017-02-02 20:58:24 [DEBUG] [] Config [output_UTF8] = [1]
2017-02-02 20:58:24 [DEBUG] [] Config [auto_rollback] = [1]
2017-02-02 20:58:24 [DEBUG] [] Config [log_dir] = [/home/nynLMS/lib/payment/lgdacom/log]
2017-02-02 20:58:24 [DEBUG] [] Config [tnayanet] = [aa7d95db6f74e6e55389156b2dcb7716]
2017-02-02 20:58:24 [DEBUG] [] Config [nayanet] = [aa7d95db6f74e6e55389156b2dcb7716]
2017-02-02 20:58:24 [DEBUG] [] Config [url] = [https://xpayclient.lgdacom.net/xpay/Gateway.do]
2017-02-02 20:58:24 [DEBUG] [] Config [test_url] = [https://xpayclient.lgdacom.net:7443/xpay/Gateway.do]
2017-02-02 20:58:24 [DEBUG] [] Config [aux_url] = [http://xpayclient.lgdacom.net:7080/xpay/Gateway.do]
2017-02-02 21:00:26 [INFO ] [] XPayClient initialize [/home/nynLMS/lib/payment/lgdacom] [test]
2017-02-02 21:00:26 [DEBUG] [] Config [server_id] = [01]
2017-02-02 21:00:26 [DEBUG] [] Config [timeout] = [60]
2017-02-02 21:00:26 [DEBUG] [] Config [log_level] = [4]
2017-02-02 21:00:26 [DEBUG] [] Config [verify_cert] = [1]
2017-02-02 21:00:26 [DEBUG] [] Config [verify_host] = [1]
2017-02-02 21:00:26 [DEBUG] [] Config [report_error] = [1]
2017-02-02 21:00:26 [DEBUG] [] Config [output_UTF8] = [1]
2017-02-02 21:00:26 [DEBUG] [] Config [auto_rollback] = [1]
2017-02-02 21:00:26 [DEBUG] [] Config [log_dir] = [/home/nynLMS/lib/payment/lgdacom/log]
2017-02-02 21:00:26 [DEBUG] [] Config [tnayanet] = [aa7d95db6f74e6e55389156b2dcb7716]
2017-02-02 21:00:26 [DEBUG] [] Config [nayanet] = [aa7d95db6f74e6e55389156b2dcb7716]
2017-02-02 21:00:26 [DEBUG] [] Config [url] = [https://xpayclient.lgdacom.net/xpay/Gateway.do]
2017-02-02 21:00:26 [DEBUG] [] Config [test_url] = [https://xpayclient.lgdacom.net:7443/xpay/Gateway.do]
2017-02-02 21:00:26 [DEBUG] [] Config [aux_url] = [http://xpayclient.lgdacom.net:7080/xpay/Gateway.do]
