2017-01-16 10:29:33 [INFO ] [] XPayClient initialize [/home/nynLMS/lib/payment/lgdacom] [test]
2017-01-16 10:29:33 [DEBUG] [] Config [server_id] = [01]
2017-01-16 10:29:33 [DEBUG] [] Config [timeout] = [60]
2017-01-16 10:29:33 [DEBUG] [] Config [log_level] = [4]
2017-01-16 10:29:33 [DEBUG] [] Config [verify_cert] = [1]
2017-01-16 10:29:33 [DEBUG] [] Config [verify_host] = [1]
2017-01-16 10:29:33 [DEBUG] [] Config [report_error] = [1]
2017-01-16 10:29:33 [DEBUG] [] Config [output_UTF8] = [1]
2017-01-16 10:29:33 [DEBUG] [] Config [auto_rollback] = [1]
2017-01-16 10:29:33 [DEBUG] [] Config [log_dir] = [/home/nynLMS/lib/payment/lgdacom/log]
2017-01-16 10:29:33 [DEBUG] [] Config [tnayanet] = [aa7d95db6f74e6e55389156b2dcb7716]
2017-01-16 10:29:33 [DEBUG] [] Config [nayanet] = [aa7d95db6f74e6e55389156b2dcb7716]
2017-01-16 10:29:33 [DEBUG] [] Config [url] = [https://xpayclient.lgdacom.net/xpay/Gateway.do]
2017-01-16 10:29:33 [DEBUG] [] Config [test_url] = [https://xpayclient.lgdacom.net:7443/xpay/Gateway.do]
2017-01-16 10:29:33 [DEBUG] [] Config [aux_url] = [http://xpayclient.lgdacom.net:7080/xpay/Gateway.do]
2017-01-16 10:29:49 [INFO ] [] XPayClient initialize [/home/nynLMS/lib/payment/lgdacom] [test]
2017-01-16 10:29:49 [DEBUG] [] Config [server_id] = [01]
2017-01-16 10:29:49 [DEBUG] [] Config [timeout] = [60]
2017-01-16 10:29:49 [DEBUG] [] Config [log_level] = [4]
2017-01-16 10:29:49 [DEBUG] [] Config [verify_cert] = [1]
2017-01-16 10:29:49 [DEBUG] [] Config [verify_host] = [1]
2017-01-16 10:29:49 [DEBUG] [] Config [report_error] = [1]
2017-01-16 10:29:49 [DEBUG] [] Config [output_UTF8] = [1]
2017-01-16 10:29:49 [DEBUG] [] Config [auto_rollback] = [1]
2017-01-16 10:29:49 [DEBUG] [] Config [log_dir] = [/home/nynLMS/lib/payment/lgdacom/log]
2017-01-16 10:29:49 [DEBUG] [] Config [tnayanet] = [aa7d95db6f74e6e55389156b2dcb7716]
2017-01-16 10:29:49 [DEBUG] [] Config [nayanet] = [aa7d95db6f74e6e55389156b2dcb7716]
2017-01-16 10:29:49 [DEBUG] [] Config [url] = [https://xpayclient.lgdacom.net/xpay/Gateway.do]
2017-01-16 10:29:49 [DEBUG] [] Config [test_url] = [https://xpayclient.lgdacom.net:7443/xpay/Gateway.do]
2017-01-16 10:29:49 [DEBUG] [] Config [aux_url] = [http://xpayclient.lgdacom.net:7080/xpay/Gateway.do]
2017-01-16 10:32:17 [INFO ] [] XPayClient initialize [/home/nynLMS/lib/payment/lgdacom] [test]
2017-01-16 10:32:17 [DEBUG] [] Config [server_id] = [01]
2017-01-16 10:32:17 [DEBUG] [] Config [timeout] = [60]
2017-01-16 10:32:17 [DEBUG] [] Config [log_level] = [4]
2017-01-16 10:32:17 [DEBUG] [] Config [verify_cert] = [1]
2017-01-16 10:32:17 [DEBUG] [] Config [verify_host] = [1]
2017-01-16 10:32:17 [DEBUG] [] Config [report_error] = [1]
2017-01-16 10:32:17 [DEBUG] [] Config [output_UTF8] = [1]
2017-01-16 10:32:17 [DEBUG] [] Config [auto_rollback] = [1]
2017-01-16 10:32:17 [DEBUG] [] Config [log_dir] = [/home/nynLMS/lib/payment/lgdacom/log]
2017-01-16 10:32:17 [DEBUG] [] Config [tnayanet] = [aa7d95db6f74e6e55389156b2dcb7716]
2017-01-16 10:32:17 [DEBUG] [] Config [nayanet] = [aa7d95db6f74e6e55389156b2dcb7716]
2017-01-16 10:32:17 [DEBUG] [] Config [url] = [https://xpayclient.lgdacom.net/xpay/Gateway.do]
2017-01-16 10:32:17 [DEBUG] [] Config [test_url] = [https://xpayclient.lgdacom.net:7443/xpay/Gateway.do]
2017-01-16 10:32:17 [DEBUG] [] Config [aux_url] = [http://xpayclient.lgdacom.net:7080/xpay/Gateway.do]
2017-01-16 10:32:41 [INFO ] [] XPayClient initialize [/home/nynLMS/lib/payment/lgdacom] [test]
2017-01-16 10:32:41 [DEBUG] [] Config [server_id] = [01]
2017-01-16 10:32:41 [DEBUG] [] Config [timeout] = [60]
2017-01-16 10:32:41 [DEBUG] [] Config [log_level] = [4]
2017-01-16 10:32:41 [DEBUG] [] Config [verify_cert] = [1]
2017-01-16 10:32:41 [DEBUG] [] Config [verify_host] = [1]
2017-01-16 10:32:41 [DEBUG] [] Config [report_error] = [1]
2017-01-16 10:32:41 [DEBUG] [] Config [output_UTF8] = [1]
2017-01-16 10:32:41 [DEBUG] [] Config [auto_rollback] = [1]
2017-01-16 10:32:41 [DEBUG] [] Config [log_dir] = [/home/nynLMS/lib/payment/lgdacom/log]
2017-01-16 10:32:41 [DEBUG] [] Config [tnayanet] = [aa7d95db6f74e6e55389156b2dcb7716]
2017-01-16 10:32:41 [DEBUG] [] Config [nayanet] = [aa7d95db6f74e6e55389156b2dcb7716]
2017-01-16 10:32:41 [DEBUG] [] Config [url] = [https://xpayclient.lgdacom.net/xpay/Gateway.do]
2017-01-16 10:32:41 [DEBUG] [] Config [test_url] = [https://xpayclient.lgdacom.net:7443/xpay/Gateway.do]
2017-01-16 10:32:41 [DEBUG] [] Config [aux_url] = [http://xpayclient.lgdacom.net:7080/xpay/Gateway.do]
2017-01-16 10:32:55 [INFO ] [] XPayClient initialize [/home/nynLMS/lib/payment/lgdacom] [test]
2017-01-16 10:32:55 [DEBUG] [] Config [server_id] = [01]
2017-01-16 10:32:55 [DEBUG] [] Config [timeout] = [60]
2017-01-16 10:32:55 [DEBUG] [] Config [log_level] = [4]
2017-01-16 10:32:55 [DEBUG] [] Config [verify_cert] = [1]
2017-01-16 10:32:55 [DEBUG] [] Config [verify_host] = [1]
2017-01-16 10:32:55 [DEBUG] [] Config [report_error] = [1]
2017-01-16 10:32:55 [DEBUG] [] Config [output_UTF8] = [1]
2017-01-16 10:32:55 [DEBUG] [] Config [auto_rollback] = [1]
2017-01-16 10:32:55 [DEBUG] [] Config [log_dir] = [/home/nynLMS/lib/payment/lgdacom/log]
2017-01-16 10:32:55 [DEBUG] [] Config [tnayanet] = [aa7d95db6f74e6e55389156b2dcb7716]
2017-01-16 10:32:55 [DEBUG] [] Config [nayanet] = [aa7d95db6f74e6e55389156b2dcb7716]
2017-01-16 10:32:55 [DEBUG] [] Config [url] = [https://xpayclient.lgdacom.net/xpay/Gateway.do]
2017-01-16 10:32:55 [DEBUG] [] Config [test_url] = [https://xpayclient.lgdacom.net:7443/xpay/Gateway.do]
2017-01-16 10:32:55 [DEBUG] [] Config [aux_url] = [http://xpayclient.lgdacom.net:7080/xpay/Gateway.do]
2017-01-16 10:33:41 [INFO ] [] XPayClient initialize [/home/nynLMS/lib/payment/lgdacom] [test]
2017-01-16 10:33:41 [DEBUG] [] Config [server_id] = [01]
2017-01-16 10:33:41 [DEBUG] [] Config [timeout] = [60]
2017-01-16 10:33:41 [DEBUG] [] Config [log_level] = [4]
2017-01-16 10:33:41 [DEBUG] [] Config [verify_cert] = [1]
2017-01-16 10:33:41 [DEBUG] [] Config [verify_host] = [1]
2017-01-16 10:33:41 [DEBUG] [] Config [report_error] = [1]
2017-01-16 10:33:41 [DEBUG] [] Config [output_UTF8] = [1]
2017-01-16 10:33:41 [DEBUG] [] Config [auto_rollback] = [1]
2017-01-16 10:33:41 [DEBUG] [] Config [log_dir] = [/home/nynLMS/lib/payment/lgdacom/log]
2017-01-16 10:33:41 [DEBUG] [] Config [tnayanet] = [aa7d95db6f74e6e55389156b2dcb7716]
2017-01-16 10:33:41 [DEBUG] [] Config [nayanet] = [aa7d95db6f74e6e55389156b2dcb7716]
2017-01-16 10:33:41 [DEBUG] [] Config [url] = [https://xpayclient.lgdacom.net/xpay/Gateway.do]
2017-01-16 10:33:41 [DEBUG] [] Config [test_url] = [https://xpayclient.lgdacom.net:7443/xpay/Gateway.do]
2017-01-16 10:33:41 [DEBUG] [] Config [aux_url] = [http://xpayclient.lgdacom.net:7080/xpay/Gateway.do]
