2017-01-31 09:19:45 [INFO ] [] XPayClient initialize [/home/nynLMS/lib/payment/lgdacom] [test]
2017-01-31 09:19:45 [DEBUG] [] Config [server_id] = [01]
2017-01-31 09:19:45 [DEBUG] [] Config [timeout] = [60]
2017-01-31 09:19:45 [DEBUG] [] Config [log_level] = [4]
2017-01-31 09:19:45 [DEBUG] [] Config [verify_cert] = [1]
2017-01-31 09:19:45 [DEBUG] [] Config [verify_host] = [1]
2017-01-31 09:19:45 [DEBUG] [] Config [report_error] = [1]
2017-01-31 09:19:45 [DEBUG] [] Config [output_UTF8] = [1]
2017-01-31 09:19:45 [DEBUG] [] Config [auto_rollback] = [1]
2017-01-31 09:19:45 [DEBUG] [] Config [log_dir] = [/home/nynLMS/lib/payment/lgdacom/log]
2017-01-31 09:19:45 [DEBUG] [] Config [tnayanet] = [aa7d95db6f74e6e55389156b2dcb7716]
2017-01-31 09:19:45 [DEBUG] [] Config [nayanet] = [aa7d95db6f74e6e55389156b2dcb7716]
2017-01-31 09:19:45 [DEBUG] [] Config [url] = [https://xpayclient.lgdacom.net/xpay/Gateway.do]
2017-01-31 09:19:45 [DEBUG] [] Config [test_url] = [https://xpayclient.lgdacom.net:7443/xpay/Gateway.do]
2017-01-31 09:19:45 [DEBUG] [] Config [aux_url] = [http://xpayclient.lgdacom.net:7080/xpay/Gateway.do]
2017-01-31 09:21:55 [INFO ] [] XPayClient initialize [/home/nynLMS/lib/payment/lgdacom] [test]
2017-01-31 09:21:55 [DEBUG] [] Config [server_id] = [01]
2017-01-31 09:21:55 [DEBUG] [] Config [timeout] = [60]
2017-01-31 09:21:55 [DEBUG] [] Config [log_level] = [4]
2017-01-31 09:21:55 [DEBUG] [] Config [verify_cert] = [1]
2017-01-31 09:21:55 [DEBUG] [] Config [verify_host] = [1]
2017-01-31 09:21:55 [DEBUG] [] Config [report_error] = [1]
2017-01-31 09:21:55 [DEBUG] [] Config [output_UTF8] = [1]
2017-01-31 09:21:55 [DEBUG] [] Config [auto_rollback] = [1]
2017-01-31 09:21:55 [DEBUG] [] Config [log_dir] = [/home/nynLMS/lib/payment/lgdacom/log]
2017-01-31 09:21:55 [DEBUG] [] Config [tnayanet] = [aa7d95db6f74e6e55389156b2dcb7716]
2017-01-31 09:21:55 [DEBUG] [] Config [nayanet] = [aa7d95db6f74e6e55389156b2dcb7716]
2017-01-31 09:21:55 [DEBUG] [] Config [url] = [https://xpayclient.lgdacom.net/xpay/Gateway.do]
2017-01-31 09:21:55 [DEBUG] [] Config [test_url] = [https://xpayclient.lgdacom.net:7443/xpay/Gateway.do]
2017-01-31 09:21:55 [DEBUG] [] Config [aux_url] = [http://xpayclient.lgdacom.net:7080/xpay/Gateway.do]
2017-01-31 09:22:04 [INFO ] [] XPayClient initialize [/home/nynLMS/lib/payment/lgdacom] [test]
2017-01-31 09:22:04 [DEBUG] [] Config [server_id] = [01]
2017-01-31 09:22:04 [DEBUG] [] Config [timeout] = [60]
2017-01-31 09:22:04 [DEBUG] [] Config [log_level] = [4]
2017-01-31 09:22:04 [DEBUG] [] Config [verify_cert] = [1]
2017-01-31 09:22:04 [DEBUG] [] Config [verify_host] = [1]
2017-01-31 09:22:04 [DEBUG] [] Config [report_error] = [1]
2017-01-31 09:22:04 [DEBUG] [] Config [output_UTF8] = [1]
2017-01-31 09:22:04 [DEBUG] [] Config [auto_rollback] = [1]
2017-01-31 09:22:04 [DEBUG] [] Config [log_dir] = [/home/nynLMS/lib/payment/lgdacom/log]
2017-01-31 09:22:04 [DEBUG] [] Config [tnayanet] = [aa7d95db6f74e6e55389156b2dcb7716]
2017-01-31 09:22:04 [DEBUG] [] Config [nayanet] = [aa7d95db6f74e6e55389156b2dcb7716]
2017-01-31 09:22:04 [DEBUG] [] Config [url] = [https://xpayclient.lgdacom.net/xpay/Gateway.do]
2017-01-31 09:22:04 [DEBUG] [] Config [test_url] = [https://xpayclient.lgdacom.net:7443/xpay/Gateway.do]
2017-01-31 09:22:04 [DEBUG] [] Config [aux_url] = [http://xpayclient.lgdacom.net:7080/xpay/Gateway.do]
2017-01-31 10:15:25 [INFO ] [] XPayClient initialize [/home/nynLMS/lib/payment/lgdacom] [test]
2017-01-31 10:15:25 [DEBUG] [] Config [server_id] = [01]
2017-01-31 10:15:25 [DEBUG] [] Config [timeout] = [60]
2017-01-31 10:15:25 [DEBUG] [] Config [log_level] = [4]
2017-01-31 10:15:25 [DEBUG] [] Config [verify_cert] = [1]
2017-01-31 10:15:25 [DEBUG] [] Config [verify_host] = [1]
2017-01-31 10:15:25 [DEBUG] [] Config [report_error] = [1]
2017-01-31 10:15:25 [DEBUG] [] Config [output_UTF8] = [1]
2017-01-31 10:15:25 [DEBUG] [] Config [auto_rollback] = [1]
2017-01-31 10:15:25 [DEBUG] [] Config [log_dir] = [/home/nynLMS/lib/payment/lgdacom/log]
2017-01-31 10:15:25 [DEBUG] [] Config [tnayanet] = [aa7d95db6f74e6e55389156b2dcb7716]
2017-01-31 10:15:25 [DEBUG] [] Config [nayanet] = [aa7d95db6f74e6e55389156b2dcb7716]
2017-01-31 10:15:25 [DEBUG] [] Config [url] = [https://xpayclient.lgdacom.net/xpay/Gateway.do]
2017-01-31 10:15:25 [DEBUG] [] Config [test_url] = [https://xpayclient.lgdacom.net:7443/xpay/Gateway.do]
2017-01-31 10:15:25 [DEBUG] [] Config [aux_url] = [http://xpayclient.lgdacom.net:7080/xpay/Gateway.do]
2017-01-31 22:27:37 [INFO ] [] XPayClient initialize [/home/nynLMS/lib/payment/lgdacom] [test]
2017-01-31 22:27:37 [DEBUG] [] Config [server_id] = [01]
2017-01-31 22:27:37 [DEBUG] [] Config [timeout] = [60]
2017-01-31 22:27:37 [DEBUG] [] Config [log_level] = [4]
2017-01-31 22:27:37 [DEBUG] [] Config [verify_cert] = [1]
2017-01-31 22:27:37 [DEBUG] [] Config [verify_host] = [1]
2017-01-31 22:27:37 [DEBUG] [] Config [report_error] = [1]
2017-01-31 22:27:37 [DEBUG] [] Config [output_UTF8] = [1]
2017-01-31 22:27:37 [DEBUG] [] Config [auto_rollback] = [1]
2017-01-31 22:27:37 [DEBUG] [] Config [log_dir] = [/home/nynLMS/lib/payment/lgdacom/log]
2017-01-31 22:27:37 [DEBUG] [] Config [tnayanet] = [aa7d95db6f74e6e55389156b2dcb7716]
2017-01-31 22:27:37 [DEBUG] [] Config [nayanet] = [aa7d95db6f74e6e55389156b2dcb7716]
2017-01-31 22:27:37 [DEBUG] [] Config [url] = [https://xpayclient.lgdacom.net/xpay/Gateway.do]
2017-01-31 22:27:37 [DEBUG] [] Config [test_url] = [https://xpayclient.lgdacom.net:7443/xpay/Gateway.do]
2017-01-31 22:27:37 [DEBUG] [] Config [aux_url] = [http://xpayclient.lgdacom.net:7080/xpay/Gateway.do]
2017-01-31 22:29:07 [INFO ] [] XPayClient initialize [/home/nynLMS/lib/payment/lgdacom] [test]
2017-01-31 22:29:07 [DEBUG] [] Config [server_id] = [01]
2017-01-31 22:29:07 [DEBUG] [] Config [timeout] = [60]
2017-01-31 22:29:07 [DEBUG] [] Config [log_level] = [4]
2017-01-31 22:29:07 [DEBUG] [] Config [verify_cert] = [1]
2017-01-31 22:29:07 [DEBUG] [] Config [verify_host] = [1]
2017-01-31 22:29:07 [DEBUG] [] Config [report_error] = [1]
2017-01-31 22:29:07 [DEBUG] [] Config [output_UTF8] = [1]
2017-01-31 22:29:07 [DEBUG] [] Config [auto_rollback] = [1]
2017-01-31 22:29:07 [DEBUG] [] Config [log_dir] = [/home/nynLMS/lib/payment/lgdacom/log]
2017-01-31 22:29:07 [DEBUG] [] Config [tnayanet] = [aa7d95db6f74e6e55389156b2dcb7716]
2017-01-31 22:29:07 [DEBUG] [] Config [nayanet] = [aa7d95db6f74e6e55389156b2dcb7716]
2017-01-31 22:29:07 [DEBUG] [] Config [url] = [https://xpayclient.lgdacom.net/xpay/Gateway.do]
2017-01-31 22:29:07 [DEBUG] [] Config [test_url] = [https://xpayclient.lgdacom.net:7443/xpay/Gateway.do]
2017-01-31 22:29:07 [DEBUG] [] Config [aux_url] = [http://xpayclient.lgdacom.net:7080/xpay/Gateway.do]
2017-01-31 22:30:21 [INFO ] [] XPayClient initialize [/home/nynLMS/lib/payment/lgdacom] [test]
2017-01-31 22:30:21 [DEBUG] [] Config [server_id] = [01]
2017-01-31 22:30:21 [DEBUG] [] Config [timeout] = [60]
2017-01-31 22:30:21 [DEBUG] [] Config [log_level] = [4]
2017-01-31 22:30:21 [DEBUG] [] Config [verify_cert] = [1]
2017-01-31 22:30:21 [DEBUG] [] Config [verify_host] = [1]
2017-01-31 22:30:21 [DEBUG] [] Config [report_error] = [1]
2017-01-31 22:30:21 [DEBUG] [] Config [output_UTF8] = [1]
2017-01-31 22:30:21 [DEBUG] [] Config [auto_rollback] = [1]
2017-01-31 22:30:21 [DEBUG] [] Config [log_dir] = [/home/nynLMS/lib/payment/lgdacom/log]
2017-01-31 22:30:21 [DEBUG] [] Config [tnayanet] = [aa7d95db6f74e6e55389156b2dcb7716]
2017-01-31 22:30:21 [DEBUG] [] Config [nayanet] = [aa7d95db6f74e6e55389156b2dcb7716]
2017-01-31 22:30:21 [DEBUG] [] Config [url] = [https://xpayclient.lgdacom.net/xpay/Gateway.do]
2017-01-31 22:30:21 [DEBUG] [] Config [test_url] = [https://xpayclient.lgdacom.net:7443/xpay/Gateway.do]
2017-01-31 22:30:21 [DEBUG] [] Config [aux_url] = [http://xpayclient.lgdacom.net:7080/xpay/Gateway.do]
2017-01-31 22:30:29 [INFO ] [] XPayClient initialize [/home/nynLMS/lib/payment/lgdacom] [test]
2017-01-31 22:30:29 [DEBUG] [] Config [server_id] = [01]
2017-01-31 22:30:29 [DEBUG] [] Config [timeout] = [60]
2017-01-31 22:30:29 [DEBUG] [] Config [log_level] = [4]
2017-01-31 22:30:29 [DEBUG] [] Config [verify_cert] = [1]
2017-01-31 22:30:29 [DEBUG] [] Config [verify_host] = [1]
2017-01-31 22:30:29 [DEBUG] [] Config [report_error] = [1]
2017-01-31 22:30:29 [DEBUG] [] Config [output_UTF8] = [1]
2017-01-31 22:30:29 [DEBUG] [] Config [auto_rollback] = [1]
2017-01-31 22:30:29 [DEBUG] [] Config [log_dir] = [/home/nynLMS/lib/payment/lgdacom/log]
2017-01-31 22:30:29 [DEBUG] [] Config [tnayanet] = [aa7d95db6f74e6e55389156b2dcb7716]
2017-01-31 22:30:29 [DEBUG] [] Config [nayanet] = [aa7d95db6f74e6e55389156b2dcb7716]
2017-01-31 22:30:29 [DEBUG] [] Config [url] = [https://xpayclient.lgdacom.net/xpay/Gateway.do]
2017-01-31 22:30:29 [DEBUG] [] Config [test_url] = [https://xpayclient.lgdacom.net:7443/xpay/Gateway.do]
2017-01-31 22:30:29 [DEBUG] [] Config [aux_url] = [http://xpayclient.lgdacom.net:7080/xpay/Gateway.do]
2017-01-31 22:31:03 [INFO ] [] XPayClient initialize [/home/nynLMS/lib/payment/lgdacom] [test]
2017-01-31 22:31:03 [DEBUG] [] Config [server_id] = [01]
2017-01-31 22:31:03 [DEBUG] [] Config [timeout] = [60]
2017-01-31 22:31:03 [DEBUG] [] Config [log_level] = [4]
2017-01-31 22:31:03 [DEBUG] [] Config [verify_cert] = [1]
2017-01-31 22:31:03 [DEBUG] [] Config [verify_host] = [1]
2017-01-31 22:31:03 [DEBUG] [] Config [report_error] = [1]
2017-01-31 22:31:03 [DEBUG] [] Config [output_UTF8] = [1]
2017-01-31 22:31:03 [DEBUG] [] Config [auto_rollback] = [1]
2017-01-31 22:31:03 [DEBUG] [] Config [log_dir] = [/home/nynLMS/lib/payment/lgdacom/log]
2017-01-31 22:31:03 [DEBUG] [] Config [tnayanet] = [aa7d95db6f74e6e55389156b2dcb7716]
2017-01-31 22:31:03 [DEBUG] [] Config [nayanet] = [aa7d95db6f74e6e55389156b2dcb7716]
2017-01-31 22:31:03 [DEBUG] [] Config [url] = [https://xpayclient.lgdacom.net/xpay/Gateway.do]
2017-01-31 22:31:03 [DEBUG] [] Config [test_url] = [https://xpayclient.lgdacom.net:7443/xpay/Gateway.do]
2017-01-31 22:31:03 [DEBUG] [] Config [aux_url] = [http://xpayclient.lgdacom.net:7080/xpay/Gateway.do]
2017-01-31 22:31:37 [INFO ] [] XPayClient initialize [/home/nynLMS/lib/payment/lgdacom] [test]
2017-01-31 22:31:37 [DEBUG] [] Config [server_id] = [01]
2017-01-31 22:31:37 [DEBUG] [] Config [timeout] = [60]
2017-01-31 22:31:37 [DEBUG] [] Config [log_level] = [4]
2017-01-31 22:31:37 [DEBUG] [] Config [verify_cert] = [1]
2017-01-31 22:31:37 [DEBUG] [] Config [verify_host] = [1]
2017-01-31 22:31:37 [DEBUG] [] Config [report_error] = [1]
2017-01-31 22:31:37 [DEBUG] [] Config [output_UTF8] = [1]
2017-01-31 22:31:37 [DEBUG] [] Config [auto_rollback] = [1]
2017-01-31 22:31:37 [DEBUG] [] Config [log_dir] = [/home/nynLMS/lib/payment/lgdacom/log]
2017-01-31 22:31:37 [DEBUG] [] Config [tnayanet] = [aa7d95db6f74e6e55389156b2dcb7716]
2017-01-31 22:31:37 [DEBUG] [] Config [nayanet] = [aa7d95db6f74e6e55389156b2dcb7716]
2017-01-31 22:31:37 [DEBUG] [] Config [url] = [https://xpayclient.lgdacom.net/xpay/Gateway.do]
2017-01-31 22:31:37 [DEBUG] [] Config [test_url] = [https://xpayclient.lgdacom.net:7443/xpay/Gateway.do]
2017-01-31 22:31:37 [DEBUG] [] Config [aux_url] = [http://xpayclient.lgdacom.net:7080/xpay/Gateway.do]
2017-01-31 22:31:48 [INFO ] [] XPayClient initialize [/home/nynLMS/lib/payment/lgdacom] [test]
2017-01-31 22:31:48 [DEBUG] [] Config [server_id] = [01]
2017-01-31 22:31:48 [DEBUG] [] Config [timeout] = [60]
2017-01-31 22:31:48 [DEBUG] [] Config [log_level] = [4]
2017-01-31 22:31:48 [DEBUG] [] Config [verify_cert] = [1]
2017-01-31 22:31:48 [DEBUG] [] Config [verify_host] = [1]
2017-01-31 22:31:48 [DEBUG] [] Config [report_error] = [1]
2017-01-31 22:31:48 [DEBUG] [] Config [output_UTF8] = [1]
2017-01-31 22:31:48 [DEBUG] [] Config [auto_rollback] = [1]
2017-01-31 22:31:48 [DEBUG] [] Config [log_dir] = [/home/nynLMS/lib/payment/lgdacom/log]
2017-01-31 22:31:48 [DEBUG] [] Config [tnayanet] = [aa7d95db6f74e6e55389156b2dcb7716]
2017-01-31 22:31:48 [DEBUG] [] Config [nayanet] = [aa7d95db6f74e6e55389156b2dcb7716]
2017-01-31 22:31:48 [DEBUG] [] Config [url] = [https://xpayclient.lgdacom.net/xpay/Gateway.do]
2017-01-31 22:31:48 [DEBUG] [] Config [test_url] = [https://xpayclient.lgdacom.net:7443/xpay/Gateway.do]
2017-01-31 22:31:48 [DEBUG] [] Config [aux_url] = [http://xpayclient.lgdacom.net:7080/xpay/Gateway.do]
2017-01-31 22:32:02 [INFO ] [] XPayClient initialize [/home/nynLMS/lib/payment/lgdacom] [test]
2017-01-31 22:32:02 [DEBUG] [] Config [server_id] = [01]
2017-01-31 22:32:02 [DEBUG] [] Config [timeout] = [60]
2017-01-31 22:32:02 [DEBUG] [] Config [log_level] = [4]
2017-01-31 22:32:02 [DEBUG] [] Config [verify_cert] = [1]
2017-01-31 22:32:02 [DEBUG] [] Config [verify_host] = [1]
2017-01-31 22:32:02 [DEBUG] [] Config [report_error] = [1]
2017-01-31 22:32:02 [DEBUG] [] Config [output_UTF8] = [1]
2017-01-31 22:32:02 [DEBUG] [] Config [auto_rollback] = [1]
2017-01-31 22:32:02 [DEBUG] [] Config [log_dir] = [/home/nynLMS/lib/payment/lgdacom/log]
2017-01-31 22:32:02 [DEBUG] [] Config [tnayanet] = [aa7d95db6f74e6e55389156b2dcb7716]
2017-01-31 22:32:02 [DEBUG] [] Config [nayanet] = [aa7d95db6f74e6e55389156b2dcb7716]
2017-01-31 22:32:02 [DEBUG] [] Config [url] = [https://xpayclient.lgdacom.net/xpay/Gateway.do]
2017-01-31 22:32:02 [DEBUG] [] Config [test_url] = [https://xpayclient.lgdacom.net:7443/xpay/Gateway.do]
2017-01-31 22:32:02 [DEBUG] [] Config [aux_url] = [http://xpayclient.lgdacom.net:7080/xpay/Gateway.do]
2017-01-31 22:33:34 [INFO ] [] XPayClient initialize [/home/nynLMS/lib/payment/lgdacom] [test]
2017-01-31 22:33:34 [DEBUG] [] Config [server_id] = [01]
2017-01-31 22:33:34 [DEBUG] [] Config [timeout] = [60]
2017-01-31 22:33:34 [DEBUG] [] Config [log_level] = [4]
2017-01-31 22:33:34 [DEBUG] [] Config [verify_cert] = [1]
2017-01-31 22:33:34 [DEBUG] [] Config [verify_host] = [1]
2017-01-31 22:33:34 [DEBUG] [] Config [report_error] = [1]
2017-01-31 22:33:34 [DEBUG] [] Config [output_UTF8] = [1]
2017-01-31 22:33:34 [DEBUG] [] Config [auto_rollback] = [1]
2017-01-31 22:33:34 [DEBUG] [] Config [log_dir] = [/home/nynLMS/lib/payment/lgdacom/log]
2017-01-31 22:33:34 [DEBUG] [] Config [tnayanet] = [aa7d95db6f74e6e55389156b2dcb7716]
2017-01-31 22:33:34 [DEBUG] [] Config [nayanet] = [aa7d95db6f74e6e55389156b2dcb7716]
2017-01-31 22:33:34 [DEBUG] [] Config [url] = [https://xpayclient.lgdacom.net/xpay/Gateway.do]
2017-01-31 22:33:34 [DEBUG] [] Config [test_url] = [https://xpayclient.lgdacom.net:7443/xpay/Gateway.do]
2017-01-31 22:33:34 [DEBUG] [] Config [aux_url] = [http://xpayclient.lgdacom.net:7080/xpay/Gateway.do]
2017-01-31 22:34:00 [INFO ] [] XPayClient initialize [/home/nynLMS/lib/payment/lgdacom] [test]
2017-01-31 22:34:00 [DEBUG] [] Config [server_id] = [01]
2017-01-31 22:34:00 [DEBUG] [] Config [timeout] = [60]
2017-01-31 22:34:00 [DEBUG] [] Config [log_level] = [4]
2017-01-31 22:34:00 [DEBUG] [] Config [verify_cert] = [1]
2017-01-31 22:34:00 [DEBUG] [] Config [verify_host] = [1]
2017-01-31 22:34:00 [DEBUG] [] Config [report_error] = [1]
2017-01-31 22:34:00 [DEBUG] [] Config [output_UTF8] = [1]
2017-01-31 22:34:00 [DEBUG] [] Config [auto_rollback] = [1]
2017-01-31 22:34:00 [DEBUG] [] Config [log_dir] = [/home/nynLMS/lib/payment/lgdacom/log]
2017-01-31 22:34:00 [DEBUG] [] Config [tnayanet] = [aa7d95db6f74e6e55389156b2dcb7716]
2017-01-31 22:34:00 [DEBUG] [] Config [nayanet] = [aa7d95db6f74e6e55389156b2dcb7716]
2017-01-31 22:34:00 [DEBUG] [] Config [url] = [https://xpayclient.lgdacom.net/xpay/Gateway.do]
2017-01-31 22:34:00 [DEBUG] [] Config [test_url] = [https://xpayclient.lgdacom.net:7443/xpay/Gateway.do]
2017-01-31 22:34:00 [DEBUG] [] Config [aux_url] = [http://xpayclient.lgdacom.net:7080/xpay/Gateway.do]
