2017-04-14 15:36:13 [INFO ] [] XPayClient initialize [/home/nynLMS/lib/payment/lgdacom] [test]
2017-04-14 15:36:13 [DEBUG] [] Config [server_id] = [01]
2017-04-14 15:36:13 [DEBUG] [] Config [timeout] = [60]
2017-04-14 15:36:13 [DEBUG] [] Config [log_level] = [4]
2017-04-14 15:36:13 [DEBUG] [] Config [verify_cert] = [1]
2017-04-14 15:36:13 [DEBUG] [] Config [verify_host] = [1]
2017-04-14 15:36:13 [DEBUG] [] Config [report_error] = [1]
2017-04-14 15:36:13 [DEBUG] [] Config [output_UTF8] = [1]
2017-04-14 15:36:13 [DEBUG] [] Config [auto_rollback] = [1]
2017-04-14 15:36:13 [DEBUG] [] Config [log_dir] = [/home/nynLMS/lib/payment/lgdacom/log]
2017-04-14 15:36:13 [DEBUG] [] Config [tnayanet] = [aa7d95db6f74e6e55389156b2dcb7716]
2017-04-14 15:36:13 [DEBUG] [] Config [nayanet] = [aa7d95db6f74e6e55389156b2dcb7716]
2017-04-14 15:36:13 [DEBUG] [] Config [url] = [https://xpayclient.lgdacom.net/xpay/Gateway.do]
2017-04-14 15:36:13 [DEBUG] [] Config [test_url] = [https://xpayclient.lgdacom.net:7443/xpay/Gateway.do]
2017-04-14 15:36:13 [DEBUG] [] Config [aux_url] = [http://xpayclient.lgdacom.net:7080/xpay/Gateway.do]
2017-04-14 15:36:21 [INFO ] [] XPayClient initialize [/home/nynLMS/lib/payment/lgdacom] [test]
2017-04-14 15:36:21 [DEBUG] [] Config [server_id] = [01]
2017-04-14 15:36:21 [DEBUG] [] Config [timeout] = [60]
2017-04-14 15:36:21 [DEBUG] [] Config [log_level] = [4]
2017-04-14 15:36:21 [DEBUG] [] Config [verify_cert] = [1]
2017-04-14 15:36:21 [DEBUG] [] Config [verify_host] = [1]
2017-04-14 15:36:21 [DEBUG] [] Config [report_error] = [1]
2017-04-14 15:36:21 [DEBUG] [] Config [output_UTF8] = [1]
2017-04-14 15:36:21 [DEBUG] [] Config [auto_rollback] = [1]
2017-04-14 15:36:21 [DEBUG] [] Config [log_dir] = [/home/nynLMS/lib/payment/lgdacom/log]
2017-04-14 15:36:21 [DEBUG] [] Config [tnayanet] = [aa7d95db6f74e6e55389156b2dcb7716]
2017-04-14 15:36:21 [DEBUG] [] Config [nayanet] = [aa7d95db6f74e6e55389156b2dcb7716]
2017-04-14 15:36:21 [DEBUG] [] Config [url] = [https://xpayclient.lgdacom.net/xpay/Gateway.do]
2017-04-14 15:36:21 [DEBUG] [] Config [test_url] = [https://xpayclient.lgdacom.net:7443/xpay/Gateway.do]
2017-04-14 15:36:21 [DEBUG] [] Config [aux_url] = [http://xpayclient.lgdacom.net:7080/xpay/Gateway.do]
2017-04-14 15:36:59 [INFO ] [] XPayClient initialize [/home/nynLMS/lib/payment/lgdacom] [test]
2017-04-14 15:36:59 [DEBUG] [] Config [server_id] = [01]
2017-04-14 15:36:59 [DEBUG] [] Config [timeout] = [60]
2017-04-14 15:36:59 [DEBUG] [] Config [log_level] = [4]
2017-04-14 15:36:59 [DEBUG] [] Config [verify_cert] = [1]
2017-04-14 15:36:59 [DEBUG] [] Config [verify_host] = [1]
2017-04-14 15:36:59 [DEBUG] [] Config [report_error] = [1]
2017-04-14 15:36:59 [DEBUG] [] Config [output_UTF8] = [1]
2017-04-14 15:36:59 [DEBUG] [] Config [auto_rollback] = [1]
2017-04-14 15:36:59 [DEBUG] [] Config [log_dir] = [/home/nynLMS/lib/payment/lgdacom/log]
2017-04-14 15:36:59 [DEBUG] [] Config [tnayanet] = [aa7d95db6f74e6e55389156b2dcb7716]
2017-04-14 15:36:59 [DEBUG] [] Config [nayanet] = [aa7d95db6f74e6e55389156b2dcb7716]
2017-04-14 15:36:59 [DEBUG] [] Config [url] = [https://xpayclient.lgdacom.net/xpay/Gateway.do]
2017-04-14 15:36:59 [DEBUG] [] Config [test_url] = [https://xpayclient.lgdacom.net:7443/xpay/Gateway.do]
2017-04-14 15:36:59 [DEBUG] [] Config [aux_url] = [http://xpayclient.lgdacom.net:7080/xpay/Gateway.do]
2017-04-14 15:39:30 [INFO ] [] XPayClient initialize [/home/nynLMS/lib/payment/lgdacom] [test]
2017-04-14 15:39:30 [DEBUG] [] Config [server_id] = [01]
2017-04-14 15:39:30 [DEBUG] [] Config [timeout] = [60]
2017-04-14 15:39:30 [DEBUG] [] Config [log_level] = [4]
2017-04-14 15:39:30 [DEBUG] [] Config [verify_cert] = [1]
2017-04-14 15:39:30 [DEBUG] [] Config [verify_host] = [1]
2017-04-14 15:39:30 [DEBUG] [] Config [report_error] = [1]
2017-04-14 15:39:30 [DEBUG] [] Config [output_UTF8] = [1]
2017-04-14 15:39:30 [DEBUG] [] Config [auto_rollback] = [1]
2017-04-14 15:39:30 [DEBUG] [] Config [log_dir] = [/home/nynLMS/lib/payment/lgdacom/log]
2017-04-14 15:39:30 [DEBUG] [] Config [tnayanet] = [aa7d95db6f74e6e55389156b2dcb7716]
2017-04-14 15:39:30 [DEBUG] [] Config [nayanet] = [aa7d95db6f74e6e55389156b2dcb7716]
2017-04-14 15:39:30 [DEBUG] [] Config [url] = [https://xpayclient.lgdacom.net/xpay/Gateway.do]
2017-04-14 15:39:30 [DEBUG] [] Config [test_url] = [https://xpayclient.lgdacom.net:7443/xpay/Gateway.do]
2017-04-14 15:39:30 [DEBUG] [] Config [aux_url] = [http://xpayclient.lgdacom.net:7080/xpay/Gateway.do]
2017-04-14 15:40:24 [INFO ] [] XPayClient initialize [/home/nynLMS/lib/payment/lgdacom] [test]
2017-04-14 15:40:24 [DEBUG] [] Config [server_id] = [01]
2017-04-14 15:40:24 [DEBUG] [] Config [timeout] = [60]
2017-04-14 15:40:24 [DEBUG] [] Config [log_level] = [4]
2017-04-14 15:40:24 [DEBUG] [] Config [verify_cert] = [1]
2017-04-14 15:40:24 [DEBUG] [] Config [verify_host] = [1]
2017-04-14 15:40:24 [DEBUG] [] Config [report_error] = [1]
2017-04-14 15:40:24 [DEBUG] [] Config [output_UTF8] = [1]
2017-04-14 15:40:24 [DEBUG] [] Config [auto_rollback] = [1]
2017-04-14 15:40:24 [DEBUG] [] Config [log_dir] = [/home/nynLMS/lib/payment/lgdacom/log]
2017-04-14 15:40:24 [DEBUG] [] Config [tnayanet] = [aa7d95db6f74e6e55389156b2dcb7716]
2017-04-14 15:40:24 [DEBUG] [] Config [nayanet] = [aa7d95db6f74e6e55389156b2dcb7716]
2017-04-14 15:40:24 [DEBUG] [] Config [url] = [https://xpayclient.lgdacom.net/xpay/Gateway.do]
2017-04-14 15:40:24 [DEBUG] [] Config [test_url] = [https://xpayclient.lgdacom.net:7443/xpay/Gateway.do]
2017-04-14 15:40:24 [DEBUG] [] Config [aux_url] = [http://xpayclient.lgdacom.net:7080/xpay/Gateway.do]
2017-04-14 15:40:43 [INFO ] [] XPayClient initialize [/home/nynLMS/lib/payment/lgdacom] [test]
2017-04-14 15:40:43 [DEBUG] [] Config [server_id] = [01]
2017-04-14 15:40:43 [DEBUG] [] Config [timeout] = [60]
2017-04-14 15:40:43 [DEBUG] [] Config [log_level] = [4]
2017-04-14 15:40:43 [DEBUG] [] Config [verify_cert] = [1]
2017-04-14 15:40:43 [DEBUG] [] Config [verify_host] = [1]
2017-04-14 15:40:43 [DEBUG] [] Config [report_error] = [1]
2017-04-14 15:40:43 [DEBUG] [] Config [output_UTF8] = [1]
2017-04-14 15:40:43 [DEBUG] [] Config [auto_rollback] = [1]
2017-04-14 15:40:43 [DEBUG] [] Config [log_dir] = [/home/nynLMS/lib/payment/lgdacom/log]
2017-04-14 15:40:43 [DEBUG] [] Config [tnayanet] = [aa7d95db6f74e6e55389156b2dcb7716]
2017-04-14 15:40:43 [DEBUG] [] Config [nayanet] = [aa7d95db6f74e6e55389156b2dcb7716]
2017-04-14 15:40:43 [DEBUG] [] Config [url] = [https://xpayclient.lgdacom.net/xpay/Gateway.do]
2017-04-14 15:40:43 [DEBUG] [] Config [test_url] = [https://xpayclient.lgdacom.net:7443/xpay/Gateway.do]
2017-04-14 15:40:43 [DEBUG] [] Config [aux_url] = [http://xpayclient.lgdacom.net:7080/xpay/Gateway.do]
2017-04-14 15:47:44 [INFO ] [] XPayClient initialize [/home/nynLMS/lib/payment/lgdacom] [test]
2017-04-14 15:47:44 [DEBUG] [] Config [server_id] = [01]
2017-04-14 15:47:44 [DEBUG] [] Config [timeout] = [60]
2017-04-14 15:47:44 [DEBUG] [] Config [log_level] = [4]
2017-04-14 15:47:44 [DEBUG] [] Config [verify_cert] = [1]
2017-04-14 15:47:44 [DEBUG] [] Config [verify_host] = [1]
2017-04-14 15:47:44 [DEBUG] [] Config [report_error] = [1]
2017-04-14 15:47:44 [DEBUG] [] Config [output_UTF8] = [1]
2017-04-14 15:47:44 [DEBUG] [] Config [auto_rollback] = [1]
2017-04-14 15:47:44 [DEBUG] [] Config [log_dir] = [/home/nynLMS/lib/payment/lgdacom/log]
2017-04-14 15:47:44 [DEBUG] [] Config [tnayanet] = [aa7d95db6f74e6e55389156b2dcb7716]
2017-04-14 15:47:44 [DEBUG] [] Config [nayanet] = [aa7d95db6f74e6e55389156b2dcb7716]
2017-04-14 15:47:44 [DEBUG] [] Config [url] = [https://xpayclient.lgdacom.net/xpay/Gateway.do]
2017-04-14 15:47:44 [DEBUG] [] Config [test_url] = [https://xpayclient.lgdacom.net:7443/xpay/Gateway.do]
2017-04-14 15:47:44 [DEBUG] [] Config [aux_url] = [http://xpayclient.lgdacom.net:7080/xpay/Gateway.do]
2017-04-14 16:02:44 [INFO ] [] XPayClient initialize [/home/nynLMS/lib/payment/lgdacom] [test]
2017-04-14 16:02:44 [DEBUG] [] Config [server_id] = [01]
2017-04-14 16:02:44 [DEBUG] [] Config [timeout] = [60]
2017-04-14 16:02:44 [DEBUG] [] Config [log_level] = [4]
2017-04-14 16:02:44 [DEBUG] [] Config [verify_cert] = [1]
2017-04-14 16:02:44 [DEBUG] [] Config [verify_host] = [1]
2017-04-14 16:02:44 [DEBUG] [] Config [report_error] = [1]
2017-04-14 16:02:44 [DEBUG] [] Config [output_UTF8] = [1]
2017-04-14 16:02:44 [DEBUG] [] Config [auto_rollback] = [1]
2017-04-14 16:02:44 [DEBUG] [] Config [log_dir] = [/home/nynLMS/lib/payment/lgdacom/log]
2017-04-14 16:02:44 [DEBUG] [] Config [tnayanet] = [aa7d95db6f74e6e55389156b2dcb7716]
2017-04-14 16:02:44 [DEBUG] [] Config [nayanet] = [aa7d95db6f74e6e55389156b2dcb7716]
2017-04-14 16:02:44 [DEBUG] [] Config [url] = [https://xpayclient.lgdacom.net/xpay/Gateway.do]
2017-04-14 16:02:44 [DEBUG] [] Config [test_url] = [https://xpayclient.lgdacom.net:7443/xpay/Gateway.do]
2017-04-14 16:02:44 [DEBUG] [] Config [aux_url] = [http://xpayclient.lgdacom.net:7080/xpay/Gateway.do]
2017-04-14 16:02:52 [INFO ] [] XPayClient initialize [/home/nynLMS/lib/payment/lgdacom] [test]
2017-04-14 16:02:52 [DEBUG] [] Config [server_id] = [01]
2017-04-14 16:02:52 [DEBUG] [] Config [timeout] = [60]
2017-04-14 16:02:52 [DEBUG] [] Config [log_level] = [4]
2017-04-14 16:02:52 [DEBUG] [] Config [verify_cert] = [1]
2017-04-14 16:02:52 [DEBUG] [] Config [verify_host] = [1]
2017-04-14 16:02:52 [DEBUG] [] Config [report_error] = [1]
2017-04-14 16:02:52 [DEBUG] [] Config [output_UTF8] = [1]
2017-04-14 16:02:52 [DEBUG] [] Config [auto_rollback] = [1]
2017-04-14 16:02:52 [DEBUG] [] Config [log_dir] = [/home/nynLMS/lib/payment/lgdacom/log]
2017-04-14 16:02:52 [DEBUG] [] Config [tnayanet] = [aa7d95db6f74e6e55389156b2dcb7716]
2017-04-14 16:02:52 [DEBUG] [] Config [nayanet] = [aa7d95db6f74e6e55389156b2dcb7716]
2017-04-14 16:02:52 [DEBUG] [] Config [url] = [https://xpayclient.lgdacom.net/xpay/Gateway.do]
2017-04-14 16:02:52 [DEBUG] [] Config [test_url] = [https://xpayclient.lgdacom.net:7443/xpay/Gateway.do]
2017-04-14 16:02:52 [DEBUG] [] Config [aux_url] = [http://xpayclient.lgdacom.net:7080/xpay/Gateway.do]
2017-04-14 16:07:45 [INFO ] [] XPayClient initialize [/home/nynLMS/lib/payment/lgdacom] [test]
2017-04-14 16:07:45 [DEBUG] [] Config [server_id] = [01]
2017-04-14 16:07:45 [DEBUG] [] Config [timeout] = [60]
2017-04-14 16:07:45 [DEBUG] [] Config [log_level] = [4]
2017-04-14 16:07:45 [DEBUG] [] Config [verify_cert] = [1]
2017-04-14 16:07:45 [DEBUG] [] Config [verify_host] = [1]
2017-04-14 16:07:45 [DEBUG] [] Config [report_error] = [1]
2017-04-14 16:07:45 [DEBUG] [] Config [output_UTF8] = [1]
2017-04-14 16:07:45 [DEBUG] [] Config [auto_rollback] = [1]
2017-04-14 16:07:45 [DEBUG] [] Config [log_dir] = [/home/nynLMS/lib/payment/lgdacom/log]
2017-04-14 16:07:45 [DEBUG] [] Config [tnayanet] = [aa7d95db6f74e6e55389156b2dcb7716]
2017-04-14 16:07:45 [DEBUG] [] Config [nayanet] = [aa7d95db6f74e6e55389156b2dcb7716]
2017-04-14 16:07:45 [DEBUG] [] Config [url] = [https://xpayclient.lgdacom.net/xpay/Gateway.do]
2017-04-14 16:07:45 [DEBUG] [] Config [test_url] = [https://xpayclient.lgdacom.net:7443/xpay/Gateway.do]
2017-04-14 16:07:45 [DEBUG] [] Config [aux_url] = [http://xpayclient.lgdacom.net:7080/xpay/Gateway.do]
2017-04-14 16:11:32 [INFO ] [] XPayClient initialize [/home/nynLMS/lib/payment/lgdacom] [test]
2017-04-14 16:11:32 [DEBUG] [] Config [server_id] = [01]
2017-04-14 16:11:32 [DEBUG] [] Config [timeout] = [60]
2017-04-14 16:11:32 [DEBUG] [] Config [log_level] = [4]
2017-04-14 16:11:32 [DEBUG] [] Config [verify_cert] = [1]
2017-04-14 16:11:32 [DEBUG] [] Config [verify_host] = [1]
2017-04-14 16:11:32 [DEBUG] [] Config [report_error] = [1]
2017-04-14 16:11:32 [DEBUG] [] Config [output_UTF8] = [1]
2017-04-14 16:11:32 [DEBUG] [] Config [auto_rollback] = [1]
2017-04-14 16:11:32 [DEBUG] [] Config [log_dir] = [/home/nynLMS/lib/payment/lgdacom/log]
2017-04-14 16:11:32 [DEBUG] [] Config [tnayanet] = [aa7d95db6f74e6e55389156b2dcb7716]
2017-04-14 16:11:32 [DEBUG] [] Config [nayanet] = [aa7d95db6f74e6e55389156b2dcb7716]
2017-04-14 16:11:32 [DEBUG] [] Config [url] = [https://xpayclient.lgdacom.net/xpay/Gateway.do]
2017-04-14 16:11:32 [DEBUG] [] Config [test_url] = [https://xpayclient.lgdacom.net:7443/xpay/Gateway.do]
2017-04-14 16:11:32 [DEBUG] [] Config [aux_url] = [http://xpayclient.lgdacom.net:7080/xpay/Gateway.do]
2017-04-14 16:12:03 [INFO ] [] XPayClient initialize [/home/nynLMS/lib/payment/lgdacom] [test]
2017-04-14 16:12:03 [DEBUG] [] Config [server_id] = [01]
2017-04-14 16:12:03 [DEBUG] [] Config [timeout] = [60]
2017-04-14 16:12:03 [DEBUG] [] Config [log_level] = [4]
2017-04-14 16:12:03 [DEBUG] [] Config [verify_cert] = [1]
2017-04-14 16:12:03 [DEBUG] [] Config [verify_host] = [1]
2017-04-14 16:12:03 [DEBUG] [] Config [report_error] = [1]
2017-04-14 16:12:03 [DEBUG] [] Config [output_UTF8] = [1]
2017-04-14 16:12:03 [DEBUG] [] Config [auto_rollback] = [1]
2017-04-14 16:12:03 [DEBUG] [] Config [log_dir] = [/home/nynLMS/lib/payment/lgdacom/log]
2017-04-14 16:12:03 [DEBUG] [] Config [tnayanet] = [aa7d95db6f74e6e55389156b2dcb7716]
2017-04-14 16:12:03 [DEBUG] [] Config [nayanet] = [aa7d95db6f74e6e55389156b2dcb7716]
2017-04-14 16:12:03 [DEBUG] [] Config [url] = [https://xpayclient.lgdacom.net/xpay/Gateway.do]
2017-04-14 16:12:03 [DEBUG] [] Config [test_url] = [https://xpayclient.lgdacom.net:7443/xpay/Gateway.do]
2017-04-14 16:12:03 [DEBUG] [] Config [aux_url] = [http://xpayclient.lgdacom.net:7080/xpay/Gateway.do]
2017-04-14 16:14:27 [INFO ] [] XPayClient initialize [/home/nynLMS/lib/payment/lgdacom] [test]
2017-04-14 16:14:27 [DEBUG] [] Config [server_id] = [01]
2017-04-14 16:14:27 [DEBUG] [] Config [timeout] = [60]
2017-04-14 16:14:27 [DEBUG] [] Config [log_level] = [4]
2017-04-14 16:14:27 [DEBUG] [] Config [verify_cert] = [1]
2017-04-14 16:14:27 [DEBUG] [] Config [verify_host] = [1]
2017-04-14 16:14:27 [DEBUG] [] Config [report_error] = [1]
2017-04-14 16:14:27 [DEBUG] [] Config [output_UTF8] = [1]
2017-04-14 16:14:27 [DEBUG] [] Config [auto_rollback] = [1]
2017-04-14 16:14:27 [DEBUG] [] Config [log_dir] = [/home/nynLMS/lib/payment/lgdacom/log]
2017-04-14 16:14:27 [DEBUG] [] Config [tnayanet] = [aa7d95db6f74e6e55389156b2dcb7716]
2017-04-14 16:14:27 [DEBUG] [] Config [nayanet] = [aa7d95db6f74e6e55389156b2dcb7716]
2017-04-14 16:14:27 [DEBUG] [] Config [url] = [https://xpayclient.lgdacom.net/xpay/Gateway.do]
2017-04-14 16:14:27 [DEBUG] [] Config [test_url] = [https://xpayclient.lgdacom.net:7443/xpay/Gateway.do]
2017-04-14 16:14:27 [DEBUG] [] Config [aux_url] = [http://xpayclient.lgdacom.net:7080/xpay/Gateway.do]
2017-04-14 16:14:55 [INFO ] [] XPayClient initialize [/home/nynLMS/lib/payment/lgdacom] [test]
2017-04-14 16:14:55 [DEBUG] [] Config [server_id] = [01]
2017-04-14 16:14:55 [DEBUG] [] Config [timeout] = [60]
2017-04-14 16:14:55 [DEBUG] [] Config [log_level] = [4]
2017-04-14 16:14:55 [DEBUG] [] Config [verify_cert] = [1]
2017-04-14 16:14:55 [DEBUG] [] Config [verify_host] = [1]
2017-04-14 16:14:55 [DEBUG] [] Config [report_error] = [1]
2017-04-14 16:14:55 [DEBUG] [] Config [output_UTF8] = [1]
2017-04-14 16:14:55 [DEBUG] [] Config [auto_rollback] = [1]
2017-04-14 16:14:55 [DEBUG] [] Config [log_dir] = [/home/nynLMS/lib/payment/lgdacom/log]
2017-04-14 16:14:55 [DEBUG] [] Config [tnayanet] = [aa7d95db6f74e6e55389156b2dcb7716]
2017-04-14 16:14:55 [DEBUG] [] Config [nayanet] = [aa7d95db6f74e6e55389156b2dcb7716]
2017-04-14 16:14:55 [DEBUG] [] Config [url] = [https://xpayclient.lgdacom.net/xpay/Gateway.do]
2017-04-14 16:14:55 [DEBUG] [] Config [test_url] = [https://xpayclient.lgdacom.net:7443/xpay/Gateway.do]
2017-04-14 16:14:55 [DEBUG] [] Config [aux_url] = [http://xpayclient.lgdacom.net:7080/xpay/Gateway.do]
2017-04-14 16:17:01 [INFO ] [] XPayClient initialize [/home/nynLMS/lib/payment/lgdacom] [test]
2017-04-14 16:17:01 [DEBUG] [] Config [server_id] = [01]
2017-04-14 16:17:01 [DEBUG] [] Config [timeout] = [60]
2017-04-14 16:17:01 [DEBUG] [] Config [log_level] = [4]
2017-04-14 16:17:01 [DEBUG] [] Config [verify_cert] = [1]
2017-04-14 16:17:01 [DEBUG] [] Config [verify_host] = [1]
2017-04-14 16:17:01 [DEBUG] [] Config [report_error] = [1]
2017-04-14 16:17:01 [DEBUG] [] Config [output_UTF8] = [1]
2017-04-14 16:17:01 [DEBUG] [] Config [auto_rollback] = [1]
2017-04-14 16:17:01 [DEBUG] [] Config [log_dir] = [/home/nynLMS/lib/payment/lgdacom/log]
2017-04-14 16:17:01 [DEBUG] [] Config [tnayanet] = [aa7d95db6f74e6e55389156b2dcb7716]
2017-04-14 16:17:01 [DEBUG] [] Config [nayanet] = [aa7d95db6f74e6e55389156b2dcb7716]
2017-04-14 16:17:01 [DEBUG] [] Config [url] = [https://xpayclient.lgdacom.net/xpay/Gateway.do]
2017-04-14 16:17:01 [DEBUG] [] Config [test_url] = [https://xpayclient.lgdacom.net:7443/xpay/Gateway.do]
2017-04-14 16:17:01 [DEBUG] [] Config [aux_url] = [http://xpayclient.lgdacom.net:7080/xpay/Gateway.do]
2017-04-14 16:20:12 [INFO ] [] XPayClient initialize [/home/nynLMS/lib/payment/lgdacom] [test]
2017-04-14 16:20:12 [DEBUG] [] Config [server_id] = [01]
2017-04-14 16:20:12 [DEBUG] [] Config [timeout] = [60]
2017-04-14 16:20:12 [DEBUG] [] Config [log_level] = [4]
2017-04-14 16:20:12 [DEBUG] [] Config [verify_cert] = [1]
2017-04-14 16:20:12 [DEBUG] [] Config [verify_host] = [1]
2017-04-14 16:20:12 [DEBUG] [] Config [report_error] = [1]
2017-04-14 16:20:12 [DEBUG] [] Config [output_UTF8] = [1]
2017-04-14 16:20:12 [DEBUG] [] Config [auto_rollback] = [1]
2017-04-14 16:20:12 [DEBUG] [] Config [log_dir] = [/home/nynLMS/lib/payment/lgdacom/log]
2017-04-14 16:20:12 [DEBUG] [] Config [tnayanet] = [aa7d95db6f74e6e55389156b2dcb7716]
2017-04-14 16:20:12 [DEBUG] [] Config [nayanet] = [aa7d95db6f74e6e55389156b2dcb7716]
2017-04-14 16:20:12 [DEBUG] [] Config [url] = [https://xpayclient.lgdacom.net/xpay/Gateway.do]
2017-04-14 16:20:12 [DEBUG] [] Config [test_url] = [https://xpayclient.lgdacom.net:7443/xpay/Gateway.do]
2017-04-14 16:20:12 [DEBUG] [] Config [aux_url] = [http://xpayclient.lgdacom.net:7080/xpay/Gateway.do]
2017-04-14 16:21:47 [INFO ] [] XPayClient initialize [/home/nynLMS/lib/payment/lgdacom] [test]
2017-04-14 16:21:47 [DEBUG] [] Config [server_id] = [01]
2017-04-14 16:21:47 [DEBUG] [] Config [timeout] = [60]
2017-04-14 16:21:47 [DEBUG] [] Config [log_level] = [4]
2017-04-14 16:21:47 [DEBUG] [] Config [verify_cert] = [1]
2017-04-14 16:21:47 [DEBUG] [] Config [verify_host] = [1]
2017-04-14 16:21:47 [DEBUG] [] Config [report_error] = [1]
2017-04-14 16:21:47 [DEBUG] [] Config [output_UTF8] = [1]
2017-04-14 16:21:47 [DEBUG] [] Config [auto_rollback] = [1]
2017-04-14 16:21:47 [DEBUG] [] Config [log_dir] = [/home/nynLMS/lib/payment/lgdacom/log]
2017-04-14 16:21:47 [DEBUG] [] Config [tnayanet] = [aa7d95db6f74e6e55389156b2dcb7716]
2017-04-14 16:21:47 [DEBUG] [] Config [nayanet] = [aa7d95db6f74e6e55389156b2dcb7716]
2017-04-14 16:21:47 [DEBUG] [] Config [url] = [https://xpayclient.lgdacom.net/xpay/Gateway.do]
2017-04-14 16:21:47 [DEBUG] [] Config [test_url] = [https://xpayclient.lgdacom.net:7443/xpay/Gateway.do]
2017-04-14 16:21:47 [DEBUG] [] Config [aux_url] = [http://xpayclient.lgdacom.net:7080/xpay/Gateway.do]
2017-04-14 16:43:14 [INFO ] [] XPayClient initialize [/home/nynLMS/lib/payment/lgdacom] [test]
2017-04-14 16:43:14 [DEBUG] [] Config [server_id] = [01]
2017-04-14 16:43:14 [DEBUG] [] Config [timeout] = [60]
2017-04-14 16:43:14 [DEBUG] [] Config [log_level] = [4]
2017-04-14 16:43:14 [DEBUG] [] Config [verify_cert] = [1]
2017-04-14 16:43:14 [DEBUG] [] Config [verify_host] = [1]
2017-04-14 16:43:14 [DEBUG] [] Config [report_error] = [1]
2017-04-14 16:43:14 [DEBUG] [] Config [output_UTF8] = [1]
2017-04-14 16:43:14 [DEBUG] [] Config [auto_rollback] = [1]
2017-04-14 16:43:14 [DEBUG] [] Config [log_dir] = [/home/nynLMS/lib/payment/lgdacom/log]
2017-04-14 16:43:14 [DEBUG] [] Config [tnayanet] = [aa7d95db6f74e6e55389156b2dcb7716]
2017-04-14 16:43:14 [DEBUG] [] Config [nayanet] = [aa7d95db6f74e6e55389156b2dcb7716]
2017-04-14 16:43:14 [DEBUG] [] Config [url] = [https://xpayclient.lgdacom.net/xpay/Gateway.do]
2017-04-14 16:43:14 [DEBUG] [] Config [test_url] = [https://xpayclient.lgdacom.net:7443/xpay/Gateway.do]
2017-04-14 16:43:14 [DEBUG] [] Config [aux_url] = [http://xpayclient.lgdacom.net:7080/xpay/Gateway.do]
2017-04-14 16:55:12 [INFO ] [] XPayClient initialize [/home/nynLMS/lib/payment/lgdacom] [test]
2017-04-14 16:55:12 [DEBUG] [] Config [server_id] = [01]
2017-04-14 16:55:12 [DEBUG] [] Config [timeout] = [60]
2017-04-14 16:55:12 [DEBUG] [] Config [log_level] = [4]
2017-04-14 16:55:12 [DEBUG] [] Config [verify_cert] = [1]
2017-04-14 16:55:12 [DEBUG] [] Config [verify_host] = [1]
2017-04-14 16:55:12 [DEBUG] [] Config [report_error] = [1]
2017-04-14 16:55:12 [DEBUG] [] Config [output_UTF8] = [1]
2017-04-14 16:55:12 [DEBUG] [] Config [auto_rollback] = [1]
2017-04-14 16:55:12 [DEBUG] [] Config [log_dir] = [/home/nynLMS/lib/payment/lgdacom/log]
2017-04-14 16:55:12 [DEBUG] [] Config [tnayanet] = [aa7d95db6f74e6e55389156b2dcb7716]
2017-04-14 16:55:12 [DEBUG] [] Config [nayanet] = [aa7d95db6f74e6e55389156b2dcb7716]
2017-04-14 16:55:12 [DEBUG] [] Config [url] = [https://xpayclient.lgdacom.net/xpay/Gateway.do]
2017-04-14 16:55:12 [DEBUG] [] Config [test_url] = [https://xpayclient.lgdacom.net:7443/xpay/Gateway.do]
2017-04-14 16:55:12 [DEBUG] [] Config [aux_url] = [http://xpayclient.lgdacom.net:7080/xpay/Gateway.do]
2017-04-14 16:55:31 [INFO ] [] XPayClient initialize [/home/nynLMS/lib/payment/lgdacom] [test]
2017-04-14 16:55:31 [DEBUG] [] Config [server_id] = [01]
2017-04-14 16:55:31 [DEBUG] [] Config [timeout] = [60]
2017-04-14 16:55:31 [DEBUG] [] Config [log_level] = [4]
2017-04-14 16:55:31 [DEBUG] [] Config [verify_cert] = [1]
2017-04-14 16:55:31 [DEBUG] [] Config [verify_host] = [1]
2017-04-14 16:55:31 [DEBUG] [] Config [report_error] = [1]
2017-04-14 16:55:31 [DEBUG] [] Config [output_UTF8] = [1]
2017-04-14 16:55:31 [DEBUG] [] Config [auto_rollback] = [1]
2017-04-14 16:55:31 [DEBUG] [] Config [log_dir] = [/home/nynLMS/lib/payment/lgdacom/log]
2017-04-14 16:55:31 [DEBUG] [] Config [tnayanet] = [aa7d95db6f74e6e55389156b2dcb7716]
2017-04-14 16:55:31 [DEBUG] [] Config [nayanet] = [aa7d95db6f74e6e55389156b2dcb7716]
2017-04-14 16:55:31 [DEBUG] [] Config [url] = [https://xpayclient.lgdacom.net/xpay/Gateway.do]
2017-04-14 16:55:31 [DEBUG] [] Config [test_url] = [https://xpayclient.lgdacom.net:7443/xpay/Gateway.do]
2017-04-14 16:55:31 [DEBUG] [] Config [aux_url] = [http://xpayclient.lgdacom.net:7080/xpay/Gateway.do]
2017-04-14 16:56:16 [INFO ] [] XPayClient initialize [/home/nynLMS/lib/payment/lgdacom] [test]
2017-04-14 16:56:16 [DEBUG] [] Config [server_id] = [01]
2017-04-14 16:56:16 [DEBUG] [] Config [timeout] = [60]
2017-04-14 16:56:16 [DEBUG] [] Config [log_level] = [4]
2017-04-14 16:56:16 [DEBUG] [] Config [verify_cert] = [1]
2017-04-14 16:56:16 [DEBUG] [] Config [verify_host] = [1]
2017-04-14 16:56:16 [DEBUG] [] Config [report_error] = [1]
2017-04-14 16:56:16 [DEBUG] [] Config [output_UTF8] = [1]
2017-04-14 16:56:16 [DEBUG] [] Config [auto_rollback] = [1]
2017-04-14 16:56:16 [DEBUG] [] Config [log_dir] = [/home/nynLMS/lib/payment/lgdacom/log]
2017-04-14 16:56:16 [DEBUG] [] Config [tnayanet] = [aa7d95db6f74e6e55389156b2dcb7716]
2017-04-14 16:56:16 [DEBUG] [] Config [nayanet] = [aa7d95db6f74e6e55389156b2dcb7716]
2017-04-14 16:56:16 [DEBUG] [] Config [url] = [https://xpayclient.lgdacom.net/xpay/Gateway.do]
2017-04-14 16:56:16 [DEBUG] [] Config [test_url] = [https://xpayclient.lgdacom.net:7443/xpay/Gateway.do]
2017-04-14 16:56:16 [DEBUG] [] Config [aux_url] = [http://xpayclient.lgdacom.net:7080/xpay/Gateway.do]
2017-04-14 16:59:35 [INFO ] [] XPayClient initialize [/home/nynLMS/lib/payment/lgdacom] [test]
2017-04-14 16:59:35 [DEBUG] [] Config [server_id] = [01]
2017-04-14 16:59:35 [DEBUG] [] Config [timeout] = [60]
2017-04-14 16:59:35 [DEBUG] [] Config [log_level] = [4]
2017-04-14 16:59:35 [DEBUG] [] Config [verify_cert] = [1]
2017-04-14 16:59:35 [DEBUG] [] Config [verify_host] = [1]
2017-04-14 16:59:35 [DEBUG] [] Config [report_error] = [1]
2017-04-14 16:59:35 [DEBUG] [] Config [output_UTF8] = [1]
2017-04-14 16:59:35 [DEBUG] [] Config [auto_rollback] = [1]
2017-04-14 16:59:35 [DEBUG] [] Config [log_dir] = [/home/nynLMS/lib/payment/lgdacom/log]
2017-04-14 16:59:35 [DEBUG] [] Config [tnayanet] = [aa7d95db6f74e6e55389156b2dcb7716]
2017-04-14 16:59:35 [DEBUG] [] Config [nayanet] = [aa7d95db6f74e6e55389156b2dcb7716]
2017-04-14 16:59:35 [DEBUG] [] Config [url] = [https://xpayclient.lgdacom.net/xpay/Gateway.do]
2017-04-14 16:59:35 [DEBUG] [] Config [test_url] = [https://xpayclient.lgdacom.net:7443/xpay/Gateway.do]
2017-04-14 16:59:35 [DEBUG] [] Config [aux_url] = [http://xpayclient.lgdacom.net:7080/xpay/Gateway.do]
2017-04-14 17:02:48 [INFO ] [] XPayClient initialize [/home/nynLMS/lib/payment/lgdacom] [test]
2017-04-14 17:02:48 [DEBUG] [] Config [server_id] = [01]
2017-04-14 17:02:48 [DEBUG] [] Config [timeout] = [60]
2017-04-14 17:02:48 [DEBUG] [] Config [log_level] = [4]
2017-04-14 17:02:48 [DEBUG] [] Config [verify_cert] = [1]
2017-04-14 17:02:48 [DEBUG] [] Config [verify_host] = [1]
2017-04-14 17:02:48 [DEBUG] [] Config [report_error] = [1]
2017-04-14 17:02:48 [DEBUG] [] Config [output_UTF8] = [1]
2017-04-14 17:02:48 [DEBUG] [] Config [auto_rollback] = [1]
2017-04-14 17:02:48 [DEBUG] [] Config [log_dir] = [/home/nynLMS/lib/payment/lgdacom/log]
2017-04-14 17:02:48 [DEBUG] [] Config [tnayanet] = [aa7d95db6f74e6e55389156b2dcb7716]
2017-04-14 17:02:48 [DEBUG] [] Config [nayanet] = [aa7d95db6f74e6e55389156b2dcb7716]
2017-04-14 17:02:48 [DEBUG] [] Config [url] = [https://xpayclient.lgdacom.net/xpay/Gateway.do]
2017-04-14 17:02:48 [DEBUG] [] Config [test_url] = [https://xpayclient.lgdacom.net:7443/xpay/Gateway.do]
2017-04-14 17:02:48 [DEBUG] [] Config [aux_url] = [http://xpayclient.lgdacom.net:7080/xpay/Gateway.do]
2017-04-14 17:03:22 [INFO ] [] XPayClient initialize [/home/nynLMS/lib/payment/lgdacom] [test]
2017-04-14 17:03:22 [DEBUG] [] Config [server_id] = [01]
2017-04-14 17:03:22 [DEBUG] [] Config [timeout] = [60]
2017-04-14 17:03:22 [DEBUG] [] Config [log_level] = [4]
2017-04-14 17:03:22 [DEBUG] [] Config [verify_cert] = [1]
2017-04-14 17:03:22 [DEBUG] [] Config [verify_host] = [1]
2017-04-14 17:03:22 [DEBUG] [] Config [report_error] = [1]
2017-04-14 17:03:22 [DEBUG] [] Config [output_UTF8] = [1]
2017-04-14 17:03:22 [DEBUG] [] Config [auto_rollback] = [1]
2017-04-14 17:03:22 [DEBUG] [] Config [log_dir] = [/home/nynLMS/lib/payment/lgdacom/log]
2017-04-14 17:03:22 [DEBUG] [] Config [tnayanet] = [aa7d95db6f74e6e55389156b2dcb7716]
2017-04-14 17:03:22 [DEBUG] [] Config [nayanet] = [aa7d95db6f74e6e55389156b2dcb7716]
2017-04-14 17:03:22 [DEBUG] [] Config [url] = [https://xpayclient.lgdacom.net/xpay/Gateway.do]
2017-04-14 17:03:22 [DEBUG] [] Config [test_url] = [https://xpayclient.lgdacom.net:7443/xpay/Gateway.do]
2017-04-14 17:03:22 [DEBUG] [] Config [aux_url] = [http://xpayclient.lgdacom.net:7080/xpay/Gateway.do]
2017-04-14 17:06:18 [INFO ] [] XPayClient initialize [/home/nynLMS/lib/payment/lgdacom] [test]
2017-04-14 17:06:18 [DEBUG] [] Config [server_id] = [01]
2017-04-14 17:06:18 [DEBUG] [] Config [timeout] = [60]
2017-04-14 17:06:18 [DEBUG] [] Config [log_level] = [4]
2017-04-14 17:06:18 [DEBUG] [] Config [verify_cert] = [1]
2017-04-14 17:06:18 [DEBUG] [] Config [verify_host] = [1]
2017-04-14 17:06:18 [DEBUG] [] Config [report_error] = [1]
2017-04-14 17:06:18 [DEBUG] [] Config [output_UTF8] = [1]
2017-04-14 17:06:18 [DEBUG] [] Config [auto_rollback] = [1]
2017-04-14 17:06:18 [DEBUG] [] Config [log_dir] = [/home/nynLMS/lib/payment/lgdacom/log]
2017-04-14 17:06:18 [DEBUG] [] Config [tnayanet] = [aa7d95db6f74e6e55389156b2dcb7716]
2017-04-14 17:06:18 [DEBUG] [] Config [nayanet] = [aa7d95db6f74e6e55389156b2dcb7716]
2017-04-14 17:06:18 [DEBUG] [] Config [url] = [https://xpayclient.lgdacom.net/xpay/Gateway.do]
2017-04-14 17:06:18 [DEBUG] [] Config [test_url] = [https://xpayclient.lgdacom.net:7443/xpay/Gateway.do]
2017-04-14 17:06:18 [DEBUG] [] Config [aux_url] = [http://xpayclient.lgdacom.net:7080/xpay/Gateway.do]
2017-04-14 17:06:38 [INFO ] [] XPayClient initialize [/home/nynLMS/lib/payment/lgdacom] [test]
2017-04-14 17:06:38 [DEBUG] [] Config [server_id] = [01]
2017-04-14 17:06:38 [DEBUG] [] Config [timeout] = [60]
2017-04-14 17:06:38 [DEBUG] [] Config [log_level] = [4]
2017-04-14 17:06:38 [DEBUG] [] Config [verify_cert] = [1]
2017-04-14 17:06:38 [DEBUG] [] Config [verify_host] = [1]
2017-04-14 17:06:38 [DEBUG] [] Config [report_error] = [1]
2017-04-14 17:06:38 [DEBUG] [] Config [output_UTF8] = [1]
2017-04-14 17:06:38 [DEBUG] [] Config [auto_rollback] = [1]
2017-04-14 17:06:38 [DEBUG] [] Config [log_dir] = [/home/nynLMS/lib/payment/lgdacom/log]
2017-04-14 17:06:38 [DEBUG] [] Config [tnayanet] = [aa7d95db6f74e6e55389156b2dcb7716]
2017-04-14 17:06:38 [DEBUG] [] Config [nayanet] = [aa7d95db6f74e6e55389156b2dcb7716]
2017-04-14 17:06:38 [DEBUG] [] Config [url] = [https://xpayclient.lgdacom.net/xpay/Gateway.do]
2017-04-14 17:06:38 [DEBUG] [] Config [test_url] = [https://xpayclient.lgdacom.net:7443/xpay/Gateway.do]
2017-04-14 17:06:38 [DEBUG] [] Config [aux_url] = [http://xpayclient.lgdacom.net:7080/xpay/Gateway.do]
2017-04-14 17:07:35 [INFO ] [] XPayClient initialize [/home/nynLMS/lib/payment/lgdacom] [test]
2017-04-14 17:07:35 [DEBUG] [] Config [server_id] = [01]
2017-04-14 17:07:35 [DEBUG] [] Config [timeout] = [60]
2017-04-14 17:07:35 [DEBUG] [] Config [log_level] = [4]
2017-04-14 17:07:35 [DEBUG] [] Config [verify_cert] = [1]
2017-04-14 17:07:35 [DEBUG] [] Config [verify_host] = [1]
2017-04-14 17:07:35 [DEBUG] [] Config [report_error] = [1]
2017-04-14 17:07:35 [DEBUG] [] Config [output_UTF8] = [1]
2017-04-14 17:07:35 [DEBUG] [] Config [auto_rollback] = [1]
2017-04-14 17:07:35 [DEBUG] [] Config [log_dir] = [/home/nynLMS/lib/payment/lgdacom/log]
2017-04-14 17:07:35 [DEBUG] [] Config [tnayanet] = [aa7d95db6f74e6e55389156b2dcb7716]
2017-04-14 17:07:35 [DEBUG] [] Config [nayanet] = [aa7d95db6f74e6e55389156b2dcb7716]
2017-04-14 17:07:35 [DEBUG] [] Config [url] = [https://xpayclient.lgdacom.net/xpay/Gateway.do]
2017-04-14 17:07:35 [DEBUG] [] Config [test_url] = [https://xpayclient.lgdacom.net:7443/xpay/Gateway.do]
2017-04-14 17:07:35 [DEBUG] [] Config [aux_url] = [http://xpayclient.lgdacom.net:7080/xpay/Gateway.do]
2017-04-14 17:07:55 [INFO ] [] XPayClient initialize [/home/nynLMS/lib/payment/lgdacom] [test]
2017-04-14 17:07:55 [DEBUG] [] Config [server_id] = [01]
2017-04-14 17:07:55 [DEBUG] [] Config [timeout] = [60]
2017-04-14 17:07:55 [DEBUG] [] Config [log_level] = [4]
2017-04-14 17:07:55 [DEBUG] [] Config [verify_cert] = [1]
2017-04-14 17:07:55 [DEBUG] [] Config [verify_host] = [1]
2017-04-14 17:07:55 [DEBUG] [] Config [report_error] = [1]
2017-04-14 17:07:55 [DEBUG] [] Config [output_UTF8] = [1]
2017-04-14 17:07:55 [DEBUG] [] Config [auto_rollback] = [1]
2017-04-14 17:07:55 [DEBUG] [] Config [log_dir] = [/home/nynLMS/lib/payment/lgdacom/log]
2017-04-14 17:07:55 [DEBUG] [] Config [tnayanet] = [aa7d95db6f74e6e55389156b2dcb7716]
2017-04-14 17:07:55 [DEBUG] [] Config [nayanet] = [aa7d95db6f74e6e55389156b2dcb7716]
2017-04-14 17:07:55 [DEBUG] [] Config [url] = [https://xpayclient.lgdacom.net/xpay/Gateway.do]
2017-04-14 17:07:55 [DEBUG] [] Config [test_url] = [https://xpayclient.lgdacom.net:7443/xpay/Gateway.do]
2017-04-14 17:07:55 [DEBUG] [] Config [aux_url] = [http://xpayclient.lgdacom.net:7080/xpay/Gateway.do]
2017-04-14 17:08:15 [INFO ] [] XPayClient initialize [/home/nynLMS/lib/payment/lgdacom] [test]
2017-04-14 17:08:15 [DEBUG] [] Config [server_id] = [01]
2017-04-14 17:08:15 [DEBUG] [] Config [timeout] = [60]
2017-04-14 17:08:15 [DEBUG] [] Config [log_level] = [4]
2017-04-14 17:08:15 [DEBUG] [] Config [verify_cert] = [1]
2017-04-14 17:08:15 [DEBUG] [] Config [verify_host] = [1]
2017-04-14 17:08:15 [DEBUG] [] Config [report_error] = [1]
2017-04-14 17:08:15 [DEBUG] [] Config [output_UTF8] = [1]
2017-04-14 17:08:15 [DEBUG] [] Config [auto_rollback] = [1]
2017-04-14 17:08:15 [DEBUG] [] Config [log_dir] = [/home/nynLMS/lib/payment/lgdacom/log]
2017-04-14 17:08:15 [DEBUG] [] Config [tnayanet] = [aa7d95db6f74e6e55389156b2dcb7716]
2017-04-14 17:08:15 [DEBUG] [] Config [nayanet] = [aa7d95db6f74e6e55389156b2dcb7716]
2017-04-14 17:08:15 [DEBUG] [] Config [url] = [https://xpayclient.lgdacom.net/xpay/Gateway.do]
2017-04-14 17:08:15 [DEBUG] [] Config [test_url] = [https://xpayclient.lgdacom.net:7443/xpay/Gateway.do]
2017-04-14 17:08:15 [DEBUG] [] Config [aux_url] = [http://xpayclient.lgdacom.net:7080/xpay/Gateway.do]
2017-04-14 17:08:26 [INFO ] [] XPayClient initialize [/home/nynLMS/lib/payment/lgdacom] [test]
2017-04-14 17:08:26 [DEBUG] [] Config [server_id] = [01]
2017-04-14 17:08:26 [DEBUG] [] Config [timeout] = [60]
2017-04-14 17:08:26 [DEBUG] [] Config [log_level] = [4]
2017-04-14 17:08:26 [DEBUG] [] Config [verify_cert] = [1]
2017-04-14 17:08:26 [DEBUG] [] Config [verify_host] = [1]
2017-04-14 17:08:26 [DEBUG] [] Config [report_error] = [1]
2017-04-14 17:08:26 [DEBUG] [] Config [output_UTF8] = [1]
2017-04-14 17:08:26 [DEBUG] [] Config [auto_rollback] = [1]
2017-04-14 17:08:26 [DEBUG] [] Config [log_dir] = [/home/nynLMS/lib/payment/lgdacom/log]
2017-04-14 17:08:26 [DEBUG] [] Config [tnayanet] = [aa7d95db6f74e6e55389156b2dcb7716]
2017-04-14 17:08:26 [DEBUG] [] Config [nayanet] = [aa7d95db6f74e6e55389156b2dcb7716]
2017-04-14 17:08:26 [DEBUG] [] Config [url] = [https://xpayclient.lgdacom.net/xpay/Gateway.do]
2017-04-14 17:08:26 [DEBUG] [] Config [test_url] = [https://xpayclient.lgdacom.net:7443/xpay/Gateway.do]
2017-04-14 17:08:26 [DEBUG] [] Config [aux_url] = [http://xpayclient.lgdacom.net:7080/xpay/Gateway.do]
2017-04-14 17:08:44 [INFO ] [] XPayClient initialize [/home/nynLMS/lib/payment/lgdacom] [test]
2017-04-14 17:08:44 [DEBUG] [] Config [server_id] = [01]
2017-04-14 17:08:44 [DEBUG] [] Config [timeout] = [60]
2017-04-14 17:08:44 [DEBUG] [] Config [log_level] = [4]
2017-04-14 17:08:44 [DEBUG] [] Config [verify_cert] = [1]
2017-04-14 17:08:44 [DEBUG] [] Config [verify_host] = [1]
2017-04-14 17:08:44 [DEBUG] [] Config [report_error] = [1]
2017-04-14 17:08:44 [DEBUG] [] Config [output_UTF8] = [1]
2017-04-14 17:08:44 [DEBUG] [] Config [auto_rollback] = [1]
2017-04-14 17:08:44 [DEBUG] [] Config [log_dir] = [/home/nynLMS/lib/payment/lgdacom/log]
2017-04-14 17:08:44 [DEBUG] [] Config [tnayanet] = [aa7d95db6f74e6e55389156b2dcb7716]
2017-04-14 17:08:44 [DEBUG] [] Config [nayanet] = [aa7d95db6f74e6e55389156b2dcb7716]
2017-04-14 17:08:44 [DEBUG] [] Config [url] = [https://xpayclient.lgdacom.net/xpay/Gateway.do]
2017-04-14 17:08:44 [DEBUG] [] Config [test_url] = [https://xpayclient.lgdacom.net:7443/xpay/Gateway.do]
2017-04-14 17:08:44 [DEBUG] [] Config [aux_url] = [http://xpayclient.lgdacom.net:7080/xpay/Gateway.do]
2017-04-14 17:08:52 [INFO ] [] XPayClient initialize [/home/nynLMS/lib/payment/lgdacom] [test]
2017-04-14 17:08:52 [DEBUG] [] Config [server_id] = [01]
2017-04-14 17:08:52 [DEBUG] [] Config [timeout] = [60]
2017-04-14 17:08:52 [DEBUG] [] Config [log_level] = [4]
2017-04-14 17:08:52 [DEBUG] [] Config [verify_cert] = [1]
2017-04-14 17:08:52 [DEBUG] [] Config [verify_host] = [1]
2017-04-14 17:08:52 [DEBUG] [] Config [report_error] = [1]
2017-04-14 17:08:52 [DEBUG] [] Config [output_UTF8] = [1]
2017-04-14 17:08:52 [DEBUG] [] Config [auto_rollback] = [1]
2017-04-14 17:08:52 [DEBUG] [] Config [log_dir] = [/home/nynLMS/lib/payment/lgdacom/log]
2017-04-14 17:08:52 [DEBUG] [] Config [tnayanet] = [aa7d95db6f74e6e55389156b2dcb7716]
2017-04-14 17:08:52 [DEBUG] [] Config [nayanet] = [aa7d95db6f74e6e55389156b2dcb7716]
2017-04-14 17:08:52 [DEBUG] [] Config [url] = [https://xpayclient.lgdacom.net/xpay/Gateway.do]
2017-04-14 17:08:52 [DEBUG] [] Config [test_url] = [https://xpayclient.lgdacom.net:7443/xpay/Gateway.do]
2017-04-14 17:08:52 [DEBUG] [] Config [aux_url] = [http://xpayclient.lgdacom.net:7080/xpay/Gateway.do]
2017-04-14 17:10:25 [INFO ] [] XPayClient initialize [/home/nynLMS/lib/payment/lgdacom] [test]
2017-04-14 17:10:25 [DEBUG] [] Config [server_id] = [01]
2017-04-14 17:10:25 [DEBUG] [] Config [timeout] = [60]
2017-04-14 17:10:25 [DEBUG] [] Config [log_level] = [4]
2017-04-14 17:10:25 [DEBUG] [] Config [verify_cert] = [1]
2017-04-14 17:10:25 [DEBUG] [] Config [verify_host] = [1]
2017-04-14 17:10:25 [DEBUG] [] Config [report_error] = [1]
2017-04-14 17:10:25 [DEBUG] [] Config [output_UTF8] = [1]
2017-04-14 17:10:25 [DEBUG] [] Config [auto_rollback] = [1]
2017-04-14 17:10:25 [DEBUG] [] Config [log_dir] = [/home/nynLMS/lib/payment/lgdacom/log]
2017-04-14 17:10:25 [DEBUG] [] Config [tnayanet] = [aa7d95db6f74e6e55389156b2dcb7716]
2017-04-14 17:10:25 [DEBUG] [] Config [nayanet] = [aa7d95db6f74e6e55389156b2dcb7716]
2017-04-14 17:10:25 [DEBUG] [] Config [url] = [https://xpayclient.lgdacom.net/xpay/Gateway.do]
2017-04-14 17:10:25 [DEBUG] [] Config [test_url] = [https://xpayclient.lgdacom.net:7443/xpay/Gateway.do]
2017-04-14 17:10:25 [DEBUG] [] Config [aux_url] = [http://xpayclient.lgdacom.net:7080/xpay/Gateway.do]
2017-04-14 17:10:47 [INFO ] [] XPayClient initialize [/home/nynLMS/lib/payment/lgdacom] [test]
2017-04-14 17:10:47 [DEBUG] [] Config [server_id] = [01]
2017-04-14 17:10:47 [DEBUG] [] Config [timeout] = [60]
2017-04-14 17:10:47 [DEBUG] [] Config [log_level] = [4]
2017-04-14 17:10:47 [DEBUG] [] Config [verify_cert] = [1]
2017-04-14 17:10:47 [DEBUG] [] Config [verify_host] = [1]
2017-04-14 17:10:47 [DEBUG] [] Config [report_error] = [1]
2017-04-14 17:10:47 [DEBUG] [] Config [output_UTF8] = [1]
2017-04-14 17:10:47 [DEBUG] [] Config [auto_rollback] = [1]
2017-04-14 17:10:47 [DEBUG] [] Config [log_dir] = [/home/nynLMS/lib/payment/lgdacom/log]
2017-04-14 17:10:47 [DEBUG] [] Config [tnayanet] = [aa7d95db6f74e6e55389156b2dcb7716]
2017-04-14 17:10:47 [DEBUG] [] Config [nayanet] = [aa7d95db6f74e6e55389156b2dcb7716]
2017-04-14 17:10:47 [DEBUG] [] Config [url] = [https://xpayclient.lgdacom.net/xpay/Gateway.do]
2017-04-14 17:10:47 [DEBUG] [] Config [test_url] = [https://xpayclient.lgdacom.net:7443/xpay/Gateway.do]
2017-04-14 17:10:47 [DEBUG] [] Config [aux_url] = [http://xpayclient.lgdacom.net:7080/xpay/Gateway.do]
2017-04-14 17:11:20 [INFO ] [] XPayClient initialize [/home/nynLMS/lib/payment/lgdacom] [test]
2017-04-14 17:11:20 [DEBUG] [] Config [server_id] = [01]
2017-04-14 17:11:20 [DEBUG] [] Config [timeout] = [60]
2017-04-14 17:11:20 [DEBUG] [] Config [log_level] = [4]
2017-04-14 17:11:20 [DEBUG] [] Config [verify_cert] = [1]
2017-04-14 17:11:20 [DEBUG] [] Config [verify_host] = [1]
2017-04-14 17:11:20 [DEBUG] [] Config [report_error] = [1]
2017-04-14 17:11:20 [DEBUG] [] Config [output_UTF8] = [1]
2017-04-14 17:11:20 [DEBUG] [] Config [auto_rollback] = [1]
2017-04-14 17:11:20 [DEBUG] [] Config [log_dir] = [/home/nynLMS/lib/payment/lgdacom/log]
2017-04-14 17:11:20 [DEBUG] [] Config [tnayanet] = [aa7d95db6f74e6e55389156b2dcb7716]
2017-04-14 17:11:20 [DEBUG] [] Config [nayanet] = [aa7d95db6f74e6e55389156b2dcb7716]
2017-04-14 17:11:20 [DEBUG] [] Config [url] = [https://xpayclient.lgdacom.net/xpay/Gateway.do]
2017-04-14 17:11:20 [DEBUG] [] Config [test_url] = [https://xpayclient.lgdacom.net:7443/xpay/Gateway.do]
2017-04-14 17:11:20 [DEBUG] [] Config [aux_url] = [http://xpayclient.lgdacom.net:7080/xpay/Gateway.do]
2017-04-14 17:12:32 [INFO ] [] XPayClient initialize [/home/nynLMS/lib/payment/lgdacom] [test]
2017-04-14 17:12:32 [DEBUG] [] Config [server_id] = [01]
2017-04-14 17:12:32 [DEBUG] [] Config [timeout] = [60]
2017-04-14 17:12:32 [DEBUG] [] Config [log_level] = [4]
2017-04-14 17:12:32 [DEBUG] [] Config [verify_cert] = [1]
2017-04-14 17:12:32 [DEBUG] [] Config [verify_host] = [1]
2017-04-14 17:12:32 [DEBUG] [] Config [report_error] = [1]
2017-04-14 17:12:32 [DEBUG] [] Config [output_UTF8] = [1]
2017-04-14 17:12:32 [DEBUG] [] Config [auto_rollback] = [1]
2017-04-14 17:12:32 [DEBUG] [] Config [log_dir] = [/home/nynLMS/lib/payment/lgdacom/log]
2017-04-14 17:12:32 [DEBUG] [] Config [tnayanet] = [aa7d95db6f74e6e55389156b2dcb7716]
2017-04-14 17:12:32 [DEBUG] [] Config [nayanet] = [aa7d95db6f74e6e55389156b2dcb7716]
2017-04-14 17:12:32 [DEBUG] [] Config [url] = [https://xpayclient.lgdacom.net/xpay/Gateway.do]
2017-04-14 17:12:32 [DEBUG] [] Config [test_url] = [https://xpayclient.lgdacom.net:7443/xpay/Gateway.do]
2017-04-14 17:12:32 [DEBUG] [] Config [aux_url] = [http://xpayclient.lgdacom.net:7080/xpay/Gateway.do]
2017-04-14 17:13:43 [INFO ] [] XPayClient initialize [/home/nynLMS/lib/payment/lgdacom] [test]
2017-04-14 17:13:43 [DEBUG] [] Config [server_id] = [01]
2017-04-14 17:13:43 [DEBUG] [] Config [timeout] = [60]
2017-04-14 17:13:43 [DEBUG] [] Config [log_level] = [4]
2017-04-14 17:13:43 [DEBUG] [] Config [verify_cert] = [1]
2017-04-14 17:13:43 [DEBUG] [] Config [verify_host] = [1]
2017-04-14 17:13:43 [DEBUG] [] Config [report_error] = [1]
2017-04-14 17:13:43 [DEBUG] [] Config [output_UTF8] = [1]
2017-04-14 17:13:43 [DEBUG] [] Config [auto_rollback] = [1]
2017-04-14 17:13:43 [DEBUG] [] Config [log_dir] = [/home/nynLMS/lib/payment/lgdacom/log]
2017-04-14 17:13:43 [DEBUG] [] Config [tnayanet] = [aa7d95db6f74e6e55389156b2dcb7716]
2017-04-14 17:13:43 [DEBUG] [] Config [nayanet] = [aa7d95db6f74e6e55389156b2dcb7716]
2017-04-14 17:13:43 [DEBUG] [] Config [url] = [https://xpayclient.lgdacom.net/xpay/Gateway.do]
2017-04-14 17:13:43 [DEBUG] [] Config [test_url] = [https://xpayclient.lgdacom.net:7443/xpay/Gateway.do]
2017-04-14 17:13:43 [DEBUG] [] Config [aux_url] = [http://xpayclient.lgdacom.net:7080/xpay/Gateway.do]
2017-04-14 17:15:37 [INFO ] [] XPayClient initialize [/home/nynLMS/lib/payment/lgdacom] [test]
2017-04-14 17:15:37 [DEBUG] [] Config [server_id] = [01]
2017-04-14 17:15:37 [DEBUG] [] Config [timeout] = [60]
2017-04-14 17:15:37 [DEBUG] [] Config [log_level] = [4]
2017-04-14 17:15:37 [DEBUG] [] Config [verify_cert] = [1]
2017-04-14 17:15:37 [DEBUG] [] Config [verify_host] = [1]
2017-04-14 17:15:37 [DEBUG] [] Config [report_error] = [1]
2017-04-14 17:15:37 [DEBUG] [] Config [output_UTF8] = [1]
2017-04-14 17:15:37 [DEBUG] [] Config [auto_rollback] = [1]
2017-04-14 17:15:37 [DEBUG] [] Config [log_dir] = [/home/nynLMS/lib/payment/lgdacom/log]
2017-04-14 17:15:37 [DEBUG] [] Config [tnayanet] = [aa7d95db6f74e6e55389156b2dcb7716]
2017-04-14 17:15:37 [DEBUG] [] Config [nayanet] = [aa7d95db6f74e6e55389156b2dcb7716]
2017-04-14 17:15:37 [DEBUG] [] Config [url] = [https://xpayclient.lgdacom.net/xpay/Gateway.do]
2017-04-14 17:15:37 [DEBUG] [] Config [test_url] = [https://xpayclient.lgdacom.net:7443/xpay/Gateway.do]
2017-04-14 17:15:37 [DEBUG] [] Config [aux_url] = [http://xpayclient.lgdacom.net:7080/xpay/Gateway.do]
2017-04-14 17:15:55 [INFO ] [] XPayClient initialize [/home/nynLMS/lib/payment/lgdacom] [test]
2017-04-14 17:15:55 [DEBUG] [] Config [server_id] = [01]
2017-04-14 17:15:55 [DEBUG] [] Config [timeout] = [60]
2017-04-14 17:15:55 [DEBUG] [] Config [log_level] = [4]
2017-04-14 17:15:55 [DEBUG] [] Config [verify_cert] = [1]
2017-04-14 17:15:55 [DEBUG] [] Config [verify_host] = [1]
2017-04-14 17:15:55 [DEBUG] [] Config [report_error] = [1]
2017-04-14 17:15:55 [DEBUG] [] Config [output_UTF8] = [1]
2017-04-14 17:15:55 [DEBUG] [] Config [auto_rollback] = [1]
2017-04-14 17:15:55 [DEBUG] [] Config [log_dir] = [/home/nynLMS/lib/payment/lgdacom/log]
2017-04-14 17:15:55 [DEBUG] [] Config [tnayanet] = [aa7d95db6f74e6e55389156b2dcb7716]
2017-04-14 17:15:55 [DEBUG] [] Config [nayanet] = [aa7d95db6f74e6e55389156b2dcb7716]
2017-04-14 17:15:55 [DEBUG] [] Config [url] = [https://xpayclient.lgdacom.net/xpay/Gateway.do]
2017-04-14 17:15:55 [DEBUG] [] Config [test_url] = [https://xpayclient.lgdacom.net:7443/xpay/Gateway.do]
2017-04-14 17:15:55 [DEBUG] [] Config [aux_url] = [http://xpayclient.lgdacom.net:7080/xpay/Gateway.do]
2017-04-14 17:21:29 [INFO ] [] XPayClient initialize [/home/nynLMS/lib/payment/lgdacom] [test]
2017-04-14 17:21:29 [DEBUG] [] Config [server_id] = [01]
2017-04-14 17:21:29 [DEBUG] [] Config [timeout] = [60]
2017-04-14 17:21:29 [DEBUG] [] Config [log_level] = [4]
2017-04-14 17:21:29 [DEBUG] [] Config [verify_cert] = [1]
2017-04-14 17:21:29 [DEBUG] [] Config [verify_host] = [1]
2017-04-14 17:21:29 [DEBUG] [] Config [report_error] = [1]
2017-04-14 17:21:29 [DEBUG] [] Config [output_UTF8] = [1]
2017-04-14 17:21:29 [DEBUG] [] Config [auto_rollback] = [1]
2017-04-14 17:21:29 [DEBUG] [] Config [log_dir] = [/home/nynLMS/lib/payment/lgdacom/log]
2017-04-14 17:21:29 [DEBUG] [] Config [tnayanet] = [aa7d95db6f74e6e55389156b2dcb7716]
2017-04-14 17:21:29 [DEBUG] [] Config [nayanet] = [aa7d95db6f74e6e55389156b2dcb7716]
2017-04-14 17:21:29 [DEBUG] [] Config [url] = [https://xpayclient.lgdacom.net/xpay/Gateway.do]
2017-04-14 17:21:29 [DEBUG] [] Config [test_url] = [https://xpayclient.lgdacom.net:7443/xpay/Gateway.do]
2017-04-14 17:21:29 [DEBUG] [] Config [aux_url] = [http://xpayclient.lgdacom.net:7080/xpay/Gateway.do]
2017-04-14 17:22:48 [INFO ] [] XPayClient initialize [/home/nynLMS/lib/payment/lgdacom] [test]
2017-04-14 17:22:48 [DEBUG] [] Config [server_id] = [01]
2017-04-14 17:22:48 [DEBUG] [] Config [timeout] = [60]
2017-04-14 17:22:48 [DEBUG] [] Config [log_level] = [4]
2017-04-14 17:22:48 [DEBUG] [] Config [verify_cert] = [1]
2017-04-14 17:22:48 [DEBUG] [] Config [verify_host] = [1]
2017-04-14 17:22:48 [DEBUG] [] Config [report_error] = [1]
2017-04-14 17:22:48 [DEBUG] [] Config [output_UTF8] = [1]
2017-04-14 17:22:48 [DEBUG] [] Config [auto_rollback] = [1]
2017-04-14 17:22:48 [DEBUG] [] Config [log_dir] = [/home/nynLMS/lib/payment/lgdacom/log]
2017-04-14 17:22:48 [DEBUG] [] Config [tnayanet] = [aa7d95db6f74e6e55389156b2dcb7716]
2017-04-14 17:22:48 [DEBUG] [] Config [nayanet] = [aa7d95db6f74e6e55389156b2dcb7716]
2017-04-14 17:22:48 [DEBUG] [] Config [url] = [https://xpayclient.lgdacom.net/xpay/Gateway.do]
2017-04-14 17:22:48 [DEBUG] [] Config [test_url] = [https://xpayclient.lgdacom.net:7443/xpay/Gateway.do]
2017-04-14 17:22:48 [DEBUG] [] Config [aux_url] = [http://xpayclient.lgdacom.net:7080/xpay/Gateway.do]
2017-04-14 17:36:42 [INFO ] [] XPayClient initialize [/home/nynLMS/lib/payment/lgdacom] [test]
2017-04-14 17:36:42 [DEBUG] [] Config [server_id] = [01]
2017-04-14 17:36:42 [DEBUG] [] Config [timeout] = [60]
2017-04-14 17:36:42 [DEBUG] [] Config [log_level] = [4]
2017-04-14 17:36:42 [DEBUG] [] Config [verify_cert] = [1]
2017-04-14 17:36:42 [DEBUG] [] Config [verify_host] = [1]
2017-04-14 17:36:42 [DEBUG] [] Config [report_error] = [1]
2017-04-14 17:36:42 [DEBUG] [] Config [output_UTF8] = [1]
2017-04-14 17:36:42 [DEBUG] [] Config [auto_rollback] = [1]
2017-04-14 17:36:42 [DEBUG] [] Config [log_dir] = [/home/nynLMS/lib/payment/lgdacom/log]
2017-04-14 17:36:42 [DEBUG] [] Config [tnayanet] = [aa7d95db6f74e6e55389156b2dcb7716]
2017-04-14 17:36:42 [DEBUG] [] Config [nayanet] = [aa7d95db6f74e6e55389156b2dcb7716]
2017-04-14 17:36:42 [DEBUG] [] Config [url] = [https://xpayclient.lgdacom.net/xpay/Gateway.do]
2017-04-14 17:36:42 [DEBUG] [] Config [test_url] = [https://xpayclient.lgdacom.net:7443/xpay/Gateway.do]
2017-04-14 17:36:42 [DEBUG] [] Config [aux_url] = [http://xpayclient.lgdacom.net:7080/xpay/Gateway.do]
2017-04-14 17:36:45 [INFO ] [] XPayClient initialize [/home/nynLMS/lib/payment/lgdacom] [test]
2017-04-14 17:36:45 [DEBUG] [] Config [server_id] = [01]
2017-04-14 17:36:45 [DEBUG] [] Config [timeout] = [60]
2017-04-14 17:36:45 [DEBUG] [] Config [log_level] = [4]
2017-04-14 17:36:45 [DEBUG] [] Config [verify_cert] = [1]
2017-04-14 17:36:45 [DEBUG] [] Config [verify_host] = [1]
2017-04-14 17:36:45 [DEBUG] [] Config [report_error] = [1]
2017-04-14 17:36:45 [DEBUG] [] Config [output_UTF8] = [1]
2017-04-14 17:36:45 [DEBUG] [] Config [auto_rollback] = [1]
2017-04-14 17:36:45 [DEBUG] [] Config [log_dir] = [/home/nynLMS/lib/payment/lgdacom/log]
2017-04-14 17:36:45 [DEBUG] [] Config [tnayanet] = [aa7d95db6f74e6e55389156b2dcb7716]
2017-04-14 17:36:45 [DEBUG] [] Config [nayanet] = [aa7d95db6f74e6e55389156b2dcb7716]
2017-04-14 17:36:45 [DEBUG] [] Config [url] = [https://xpayclient.lgdacom.net/xpay/Gateway.do]
2017-04-14 17:36:45 [DEBUG] [] Config [test_url] = [https://xpayclient.lgdacom.net:7443/xpay/Gateway.do]
2017-04-14 17:36:45 [DEBUG] [] Config [aux_url] = [http://xpayclient.lgdacom.net:7080/xpay/Gateway.do]
2017-04-14 17:38:16 [INFO ] [] XPayClient initialize [/home/nynLMS/lib/payment/lgdacom] [test]
2017-04-14 17:38:16 [DEBUG] [] Config [server_id] = [01]
2017-04-14 17:38:16 [DEBUG] [] Config [timeout] = [60]
2017-04-14 17:38:16 [DEBUG] [] Config [log_level] = [4]
2017-04-14 17:38:16 [DEBUG] [] Config [verify_cert] = [1]
2017-04-14 17:38:16 [DEBUG] [] Config [verify_host] = [1]
2017-04-14 17:38:16 [DEBUG] [] Config [report_error] = [1]
2017-04-14 17:38:16 [DEBUG] [] Config [output_UTF8] = [1]
2017-04-14 17:38:16 [DEBUG] [] Config [auto_rollback] = [1]
2017-04-14 17:38:16 [DEBUG] [] Config [log_dir] = [/home/nynLMS/lib/payment/lgdacom/log]
2017-04-14 17:38:16 [DEBUG] [] Config [tnayanet] = [aa7d95db6f74e6e55389156b2dcb7716]
2017-04-14 17:38:16 [DEBUG] [] Config [nayanet] = [aa7d95db6f74e6e55389156b2dcb7716]
2017-04-14 17:38:16 [DEBUG] [] Config [url] = [https://xpayclient.lgdacom.net/xpay/Gateway.do]
2017-04-14 17:38:16 [DEBUG] [] Config [test_url] = [https://xpayclient.lgdacom.net:7443/xpay/Gateway.do]
2017-04-14 17:38:16 [DEBUG] [] Config [aux_url] = [http://xpayclient.lgdacom.net:7080/xpay/Gateway.do]
2017-04-14 17:38:21 [INFO ] [] XPayClient initialize [/home/nynLMS/lib/payment/lgdacom] [test]
2017-04-14 17:38:21 [DEBUG] [] Config [server_id] = [01]
2017-04-14 17:38:21 [DEBUG] [] Config [timeout] = [60]
2017-04-14 17:38:21 [DEBUG] [] Config [log_level] = [4]
2017-04-14 17:38:21 [DEBUG] [] Config [verify_cert] = [1]
2017-04-14 17:38:21 [DEBUG] [] Config [verify_host] = [1]
2017-04-14 17:38:21 [DEBUG] [] Config [report_error] = [1]
2017-04-14 17:38:21 [DEBUG] [] Config [output_UTF8] = [1]
2017-04-14 17:38:21 [DEBUG] [] Config [auto_rollback] = [1]
2017-04-14 17:38:21 [DEBUG] [] Config [log_dir] = [/home/nynLMS/lib/payment/lgdacom/log]
2017-04-14 17:38:21 [DEBUG] [] Config [tnayanet] = [aa7d95db6f74e6e55389156b2dcb7716]
2017-04-14 17:38:21 [DEBUG] [] Config [nayanet] = [aa7d95db6f74e6e55389156b2dcb7716]
2017-04-14 17:38:21 [DEBUG] [] Config [url] = [https://xpayclient.lgdacom.net/xpay/Gateway.do]
2017-04-14 17:38:21 [DEBUG] [] Config [test_url] = [https://xpayclient.lgdacom.net:7443/xpay/Gateway.do]
2017-04-14 17:38:21 [DEBUG] [] Config [aux_url] = [http://xpayclient.lgdacom.net:7080/xpay/Gateway.do]
2017-04-14 17:39:14 [INFO ] [] XPayClient initialize [/home/nynLMS/lib/payment/lgdacom] [test]
2017-04-14 17:39:14 [DEBUG] [] Config [server_id] = [01]
2017-04-14 17:39:14 [DEBUG] [] Config [timeout] = [60]
2017-04-14 17:39:14 [DEBUG] [] Config [log_level] = [4]
2017-04-14 17:39:14 [DEBUG] [] Config [verify_cert] = [1]
2017-04-14 17:39:14 [DEBUG] [] Config [verify_host] = [1]
2017-04-14 17:39:14 [DEBUG] [] Config [report_error] = [1]
2017-04-14 17:39:14 [DEBUG] [] Config [output_UTF8] = [1]
2017-04-14 17:39:14 [DEBUG] [] Config [auto_rollback] = [1]
2017-04-14 17:39:14 [DEBUG] [] Config [log_dir] = [/home/nynLMS/lib/payment/lgdacom/log]
2017-04-14 17:39:14 [DEBUG] [] Config [tnayanet] = [aa7d95db6f74e6e55389156b2dcb7716]
2017-04-14 17:39:14 [DEBUG] [] Config [nayanet] = [aa7d95db6f74e6e55389156b2dcb7716]
2017-04-14 17:39:14 [DEBUG] [] Config [url] = [https://xpayclient.lgdacom.net/xpay/Gateway.do]
2017-04-14 17:39:14 [DEBUG] [] Config [test_url] = [https://xpayclient.lgdacom.net:7443/xpay/Gateway.do]
2017-04-14 17:39:14 [DEBUG] [] Config [aux_url] = [http://xpayclient.lgdacom.net:7080/xpay/Gateway.do]
2017-04-14 17:40:29 [INFO ] [] XPayClient initialize [/home/nynLMS/lib/payment/lgdacom] [test]
2017-04-14 17:40:29 [DEBUG] [] Config [server_id] = [01]
2017-04-14 17:40:29 [DEBUG] [] Config [timeout] = [60]
2017-04-14 17:40:29 [DEBUG] [] Config [log_level] = [4]
2017-04-14 17:40:29 [DEBUG] [] Config [verify_cert] = [1]
2017-04-14 17:40:29 [DEBUG] [] Config [verify_host] = [1]
2017-04-14 17:40:29 [DEBUG] [] Config [report_error] = [1]
2017-04-14 17:40:29 [DEBUG] [] Config [output_UTF8] = [1]
2017-04-14 17:40:29 [DEBUG] [] Config [auto_rollback] = [1]
2017-04-14 17:40:29 [DEBUG] [] Config [log_dir] = [/home/nynLMS/lib/payment/lgdacom/log]
2017-04-14 17:40:29 [DEBUG] [] Config [tnayanet] = [aa7d95db6f74e6e55389156b2dcb7716]
2017-04-14 17:40:29 [DEBUG] [] Config [nayanet] = [aa7d95db6f74e6e55389156b2dcb7716]
2017-04-14 17:40:29 [DEBUG] [] Config [url] = [https://xpayclient.lgdacom.net/xpay/Gateway.do]
2017-04-14 17:40:29 [DEBUG] [] Config [test_url] = [https://xpayclient.lgdacom.net:7443/xpay/Gateway.do]
2017-04-14 17:40:29 [DEBUG] [] Config [aux_url] = [http://xpayclient.lgdacom.net:7080/xpay/Gateway.do]
2017-04-14 17:42:38 [INFO ] [] XPayClient initialize [/home/nynLMS/lib/payment/lgdacom] [test]
2017-04-14 17:42:38 [DEBUG] [] Config [server_id] = [01]
2017-04-14 17:42:38 [DEBUG] [] Config [timeout] = [60]
2017-04-14 17:42:38 [DEBUG] [] Config [log_level] = [4]
2017-04-14 17:42:38 [DEBUG] [] Config [verify_cert] = [1]
2017-04-14 17:42:38 [DEBUG] [] Config [verify_host] = [1]
2017-04-14 17:42:38 [DEBUG] [] Config [report_error] = [1]
2017-04-14 17:42:38 [DEBUG] [] Config [output_UTF8] = [1]
2017-04-14 17:42:38 [DEBUG] [] Config [auto_rollback] = [1]
2017-04-14 17:42:38 [DEBUG] [] Config [log_dir] = [/home/nynLMS/lib/payment/lgdacom/log]
2017-04-14 17:42:38 [DEBUG] [] Config [tnayanet] = [aa7d95db6f74e6e55389156b2dcb7716]
2017-04-14 17:42:38 [DEBUG] [] Config [nayanet] = [aa7d95db6f74e6e55389156b2dcb7716]
2017-04-14 17:42:38 [DEBUG] [] Config [url] = [https://xpayclient.lgdacom.net/xpay/Gateway.do]
2017-04-14 17:42:38 [DEBUG] [] Config [test_url] = [https://xpayclient.lgdacom.net:7443/xpay/Gateway.do]
2017-04-14 17:42:38 [DEBUG] [] Config [aux_url] = [http://xpayclient.lgdacom.net:7080/xpay/Gateway.do]
2017-04-14 17:44:30 [INFO ] [] XPayClient initialize [/home/nynLMS/lib/payment/lgdacom] [test]
2017-04-14 17:44:30 [DEBUG] [] Config [server_id] = [01]
2017-04-14 17:44:30 [DEBUG] [] Config [timeout] = [60]
2017-04-14 17:44:30 [DEBUG] [] Config [log_level] = [4]
2017-04-14 17:44:30 [DEBUG] [] Config [verify_cert] = [1]
2017-04-14 17:44:30 [DEBUG] [] Config [verify_host] = [1]
2017-04-14 17:44:30 [DEBUG] [] Config [report_error] = [1]
2017-04-14 17:44:30 [DEBUG] [] Config [output_UTF8] = [1]
2017-04-14 17:44:30 [DEBUG] [] Config [auto_rollback] = [1]
2017-04-14 17:44:30 [DEBUG] [] Config [log_dir] = [/home/nynLMS/lib/payment/lgdacom/log]
2017-04-14 17:44:30 [DEBUG] [] Config [tnayanet] = [aa7d95db6f74e6e55389156b2dcb7716]
2017-04-14 17:44:30 [DEBUG] [] Config [nayanet] = [aa7d95db6f74e6e55389156b2dcb7716]
2017-04-14 17:44:30 [DEBUG] [] Config [url] = [https://xpayclient.lgdacom.net/xpay/Gateway.do]
2017-04-14 17:44:30 [DEBUG] [] Config [test_url] = [https://xpayclient.lgdacom.net:7443/xpay/Gateway.do]
2017-04-14 17:44:30 [DEBUG] [] Config [aux_url] = [http://xpayclient.lgdacom.net:7080/xpay/Gateway.do]
2017-04-14 17:45:02 [INFO ] [] XPayClient initialize [/home/nynLMS/lib/payment/lgdacom] [test]
2017-04-14 17:45:02 [DEBUG] [] Config [server_id] = [01]
2017-04-14 17:45:02 [DEBUG] [] Config [timeout] = [60]
2017-04-14 17:45:02 [DEBUG] [] Config [log_level] = [4]
2017-04-14 17:45:02 [DEBUG] [] Config [verify_cert] = [1]
2017-04-14 17:45:02 [DEBUG] [] Config [verify_host] = [1]
2017-04-14 17:45:02 [DEBUG] [] Config [report_error] = [1]
2017-04-14 17:45:02 [DEBUG] [] Config [output_UTF8] = [1]
2017-04-14 17:45:02 [DEBUG] [] Config [auto_rollback] = [1]
2017-04-14 17:45:02 [DEBUG] [] Config [log_dir] = [/home/nynLMS/lib/payment/lgdacom/log]
2017-04-14 17:45:02 [DEBUG] [] Config [tnayanet] = [aa7d95db6f74e6e55389156b2dcb7716]
2017-04-14 17:45:02 [DEBUG] [] Config [nayanet] = [aa7d95db6f74e6e55389156b2dcb7716]
2017-04-14 17:45:02 [DEBUG] [] Config [url] = [https://xpayclient.lgdacom.net/xpay/Gateway.do]
2017-04-14 17:45:02 [DEBUG] [] Config [test_url] = [https://xpayclient.lgdacom.net:7443/xpay/Gateway.do]
2017-04-14 17:45:02 [DEBUG] [] Config [aux_url] = [http://xpayclient.lgdacom.net:7080/xpay/Gateway.do]
2017-04-14 17:46:13 [INFO ] [] XPayClient initialize [/home/nynLMS/lib/payment/lgdacom] [test]
2017-04-14 17:46:13 [DEBUG] [] Config [server_id] = [01]
2017-04-14 17:46:13 [DEBUG] [] Config [timeout] = [60]
2017-04-14 17:46:13 [DEBUG] [] Config [log_level] = [4]
2017-04-14 17:46:13 [DEBUG] [] Config [verify_cert] = [1]
2017-04-14 17:46:13 [DEBUG] [] Config [verify_host] = [1]
2017-04-14 17:46:13 [DEBUG] [] Config [report_error] = [1]
2017-04-14 17:46:13 [DEBUG] [] Config [output_UTF8] = [1]
2017-04-14 17:46:13 [DEBUG] [] Config [auto_rollback] = [1]
2017-04-14 17:46:13 [DEBUG] [] Config [log_dir] = [/home/nynLMS/lib/payment/lgdacom/log]
2017-04-14 17:46:13 [DEBUG] [] Config [tnayanet] = [aa7d95db6f74e6e55389156b2dcb7716]
2017-04-14 17:46:13 [DEBUG] [] Config [nayanet] = [aa7d95db6f74e6e55389156b2dcb7716]
2017-04-14 17:46:13 [DEBUG] [] Config [url] = [https://xpayclient.lgdacom.net/xpay/Gateway.do]
2017-04-14 17:46:13 [DEBUG] [] Config [test_url] = [https://xpayclient.lgdacom.net:7443/xpay/Gateway.do]
2017-04-14 17:46:13 [DEBUG] [] Config [aux_url] = [http://xpayclient.lgdacom.net:7080/xpay/Gateway.do]
2017-04-14 17:49:20 [INFO ] [] XPayClient initialize [/home/nynLMS/lib/payment/lgdacom] [test]
2017-04-14 17:49:20 [DEBUG] [] Config [server_id] = [01]
2017-04-14 17:49:20 [DEBUG] [] Config [timeout] = [60]
2017-04-14 17:49:20 [DEBUG] [] Config [log_level] = [4]
2017-04-14 17:49:20 [DEBUG] [] Config [verify_cert] = [1]
2017-04-14 17:49:20 [DEBUG] [] Config [verify_host] = [1]
2017-04-14 17:49:20 [DEBUG] [] Config [report_error] = [1]
2017-04-14 17:49:20 [DEBUG] [] Config [output_UTF8] = [1]
2017-04-14 17:49:20 [DEBUG] [] Config [auto_rollback] = [1]
2017-04-14 17:49:20 [DEBUG] [] Config [log_dir] = [/home/nynLMS/lib/payment/lgdacom/log]
2017-04-14 17:49:20 [DEBUG] [] Config [tnayanet] = [aa7d95db6f74e6e55389156b2dcb7716]
2017-04-14 17:49:20 [DEBUG] [] Config [nayanet] = [aa7d95db6f74e6e55389156b2dcb7716]
2017-04-14 17:49:20 [DEBUG] [] Config [url] = [https://xpayclient.lgdacom.net/xpay/Gateway.do]
2017-04-14 17:49:20 [DEBUG] [] Config [test_url] = [https://xpayclient.lgdacom.net:7443/xpay/Gateway.do]
2017-04-14 17:49:20 [DEBUG] [] Config [aux_url] = [http://xpayclient.lgdacom.net:7080/xpay/Gateway.do]
2017-04-14 17:49:25 [INFO ] [] XPayClient initialize [/home/nynLMS/lib/payment/lgdacom] [test]
2017-04-14 17:49:25 [DEBUG] [] Config [server_id] = [01]
2017-04-14 17:49:25 [DEBUG] [] Config [timeout] = [60]
2017-04-14 17:49:25 [DEBUG] [] Config [log_level] = [4]
2017-04-14 17:49:25 [DEBUG] [] Config [verify_cert] = [1]
2017-04-14 17:49:25 [DEBUG] [] Config [verify_host] = [1]
2017-04-14 17:49:25 [DEBUG] [] Config [report_error] = [1]
2017-04-14 17:49:25 [DEBUG] [] Config [output_UTF8] = [1]
2017-04-14 17:49:25 [DEBUG] [] Config [auto_rollback] = [1]
2017-04-14 17:49:25 [DEBUG] [] Config [log_dir] = [/home/nynLMS/lib/payment/lgdacom/log]
2017-04-14 17:49:25 [DEBUG] [] Config [tnayanet] = [aa7d95db6f74e6e55389156b2dcb7716]
2017-04-14 17:49:25 [DEBUG] [] Config [nayanet] = [aa7d95db6f74e6e55389156b2dcb7716]
2017-04-14 17:49:25 [DEBUG] [] Config [url] = [https://xpayclient.lgdacom.net/xpay/Gateway.do]
2017-04-14 17:49:25 [DEBUG] [] Config [test_url] = [https://xpayclient.lgdacom.net:7443/xpay/Gateway.do]
2017-04-14 17:49:25 [DEBUG] [] Config [aux_url] = [http://xpayclient.lgdacom.net:7080/xpay/Gateway.do]
2017-04-14 17:49:55 [INFO ] [] XPayClient initialize [/home/nynLMS/lib/payment/lgdacom] [test]
2017-04-14 17:49:55 [DEBUG] [] Config [server_id] = [01]
2017-04-14 17:49:55 [DEBUG] [] Config [timeout] = [60]
2017-04-14 17:49:55 [DEBUG] [] Config [log_level] = [4]
2017-04-14 17:49:55 [DEBUG] [] Config [verify_cert] = [1]
2017-04-14 17:49:55 [DEBUG] [] Config [verify_host] = [1]
2017-04-14 17:49:55 [DEBUG] [] Config [report_error] = [1]
2017-04-14 17:49:55 [DEBUG] [] Config [output_UTF8] = [1]
2017-04-14 17:49:55 [DEBUG] [] Config [auto_rollback] = [1]
2017-04-14 17:49:55 [DEBUG] [] Config [log_dir] = [/home/nynLMS/lib/payment/lgdacom/log]
2017-04-14 17:49:55 [DEBUG] [] Config [tnayanet] = [aa7d95db6f74e6e55389156b2dcb7716]
2017-04-14 17:49:55 [DEBUG] [] Config [nayanet] = [aa7d95db6f74e6e55389156b2dcb7716]
2017-04-14 17:49:55 [DEBUG] [] Config [url] = [https://xpayclient.lgdacom.net/xpay/Gateway.do]
2017-04-14 17:49:55 [DEBUG] [] Config [test_url] = [https://xpayclient.lgdacom.net:7443/xpay/Gateway.do]
2017-04-14 17:49:55 [DEBUG] [] Config [aux_url] = [http://xpayclient.lgdacom.net:7080/xpay/Gateway.do]
2017-04-14 17:50:13 [INFO ] [] XPayClient initialize [/home/nynLMS/lib/payment/lgdacom] [test]
2017-04-14 17:50:13 [DEBUG] [] Config [server_id] = [01]
2017-04-14 17:50:13 [DEBUG] [] Config [timeout] = [60]
2017-04-14 17:50:13 [DEBUG] [] Config [log_level] = [4]
2017-04-14 17:50:13 [DEBUG] [] Config [verify_cert] = [1]
2017-04-14 17:50:13 [DEBUG] [] Config [verify_host] = [1]
2017-04-14 17:50:13 [DEBUG] [] Config [report_error] = [1]
2017-04-14 17:50:13 [DEBUG] [] Config [output_UTF8] = [1]
2017-04-14 17:50:13 [DEBUG] [] Config [auto_rollback] = [1]
2017-04-14 17:50:13 [DEBUG] [] Config [log_dir] = [/home/nynLMS/lib/payment/lgdacom/log]
2017-04-14 17:50:13 [DEBUG] [] Config [tnayanet] = [aa7d95db6f74e6e55389156b2dcb7716]
2017-04-14 17:50:13 [DEBUG] [] Config [nayanet] = [aa7d95db6f74e6e55389156b2dcb7716]
2017-04-14 17:50:13 [DEBUG] [] Config [url] = [https://xpayclient.lgdacom.net/xpay/Gateway.do]
2017-04-14 17:50:13 [DEBUG] [] Config [test_url] = [https://xpayclient.lgdacom.net:7443/xpay/Gateway.do]
2017-04-14 17:50:13 [DEBUG] [] Config [aux_url] = [http://xpayclient.lgdacom.net:7080/xpay/Gateway.do]
2017-04-14 17:50:17 [INFO ] [] XPayClient initialize [/home/nynLMS/lib/payment/lgdacom] [test]
2017-04-14 17:50:17 [DEBUG] [] Config [server_id] = [01]
2017-04-14 17:50:17 [DEBUG] [] Config [timeout] = [60]
2017-04-14 17:50:17 [DEBUG] [] Config [log_level] = [4]
2017-04-14 17:50:17 [DEBUG] [] Config [verify_cert] = [1]
2017-04-14 17:50:17 [DEBUG] [] Config [verify_host] = [1]
2017-04-14 17:50:17 [DEBUG] [] Config [report_error] = [1]
2017-04-14 17:50:17 [DEBUG] [] Config [output_UTF8] = [1]
2017-04-14 17:50:17 [DEBUG] [] Config [auto_rollback] = [1]
2017-04-14 17:50:17 [DEBUG] [] Config [log_dir] = [/home/nynLMS/lib/payment/lgdacom/log]
2017-04-14 17:50:17 [DEBUG] [] Config [tnayanet] = [aa7d95db6f74e6e55389156b2dcb7716]
2017-04-14 17:50:17 [DEBUG] [] Config [nayanet] = [aa7d95db6f74e6e55389156b2dcb7716]
2017-04-14 17:50:17 [DEBUG] [] Config [url] = [https://xpayclient.lgdacom.net/xpay/Gateway.do]
2017-04-14 17:50:17 [DEBUG] [] Config [test_url] = [https://xpayclient.lgdacom.net:7443/xpay/Gateway.do]
2017-04-14 17:50:17 [DEBUG] [] Config [aux_url] = [http://xpayclient.lgdacom.net:7080/xpay/Gateway.do]
2017-04-14 17:50:30 [INFO ] [] XPayClient initialize [/home/nynLMS/lib/payment/lgdacom] [test]
2017-04-14 17:50:30 [DEBUG] [] Config [server_id] = [01]
2017-04-14 17:50:30 [DEBUG] [] Config [timeout] = [60]
2017-04-14 17:50:30 [DEBUG] [] Config [log_level] = [4]
2017-04-14 17:50:30 [DEBUG] [] Config [verify_cert] = [1]
2017-04-14 17:50:30 [DEBUG] [] Config [verify_host] = [1]
2017-04-14 17:50:30 [DEBUG] [] Config [report_error] = [1]
2017-04-14 17:50:30 [DEBUG] [] Config [output_UTF8] = [1]
2017-04-14 17:50:30 [DEBUG] [] Config [auto_rollback] = [1]
2017-04-14 17:50:30 [DEBUG] [] Config [log_dir] = [/home/nynLMS/lib/payment/lgdacom/log]
2017-04-14 17:50:30 [DEBUG] [] Config [tnayanet] = [aa7d95db6f74e6e55389156b2dcb7716]
2017-04-14 17:50:30 [DEBUG] [] Config [nayanet] = [aa7d95db6f74e6e55389156b2dcb7716]
2017-04-14 17:50:30 [DEBUG] [] Config [url] = [https://xpayclient.lgdacom.net/xpay/Gateway.do]
2017-04-14 17:50:30 [DEBUG] [] Config [test_url] = [https://xpayclient.lgdacom.net:7443/xpay/Gateway.do]
2017-04-14 17:50:30 [DEBUG] [] Config [aux_url] = [http://xpayclient.lgdacom.net:7080/xpay/Gateway.do]
2017-04-14 17:50:54 [INFO ] [] XPayClient initialize [/home/nynLMS/lib/payment/lgdacom] [test]
2017-04-14 17:50:54 [DEBUG] [] Config [server_id] = [01]
2017-04-14 17:50:54 [DEBUG] [] Config [timeout] = [60]
2017-04-14 17:50:54 [DEBUG] [] Config [log_level] = [4]
2017-04-14 17:50:54 [DEBUG] [] Config [verify_cert] = [1]
2017-04-14 17:50:54 [DEBUG] [] Config [verify_host] = [1]
2017-04-14 17:50:54 [DEBUG] [] Config [report_error] = [1]
2017-04-14 17:50:54 [DEBUG] [] Config [output_UTF8] = [1]
2017-04-14 17:50:54 [DEBUG] [] Config [auto_rollback] = [1]
2017-04-14 17:50:54 [DEBUG] [] Config [log_dir] = [/home/nynLMS/lib/payment/lgdacom/log]
2017-04-14 17:50:54 [DEBUG] [] Config [tnayanet] = [aa7d95db6f74e6e55389156b2dcb7716]
2017-04-14 17:50:54 [DEBUG] [] Config [nayanet] = [aa7d95db6f74e6e55389156b2dcb7716]
2017-04-14 17:50:54 [DEBUG] [] Config [url] = [https://xpayclient.lgdacom.net/xpay/Gateway.do]
2017-04-14 17:50:54 [DEBUG] [] Config [test_url] = [https://xpayclient.lgdacom.net:7443/xpay/Gateway.do]
2017-04-14 17:50:54 [DEBUG] [] Config [aux_url] = [http://xpayclient.lgdacom.net:7080/xpay/Gateway.do]
2017-04-14 17:50:59 [INFO ] [] XPayClient initialize [/home/nynLMS/lib/payment/lgdacom] [test]
2017-04-14 17:50:59 [DEBUG] [] Config [server_id] = [01]
2017-04-14 17:50:59 [DEBUG] [] Config [timeout] = [60]
2017-04-14 17:50:59 [DEBUG] [] Config [log_level] = [4]
2017-04-14 17:50:59 [DEBUG] [] Config [verify_cert] = [1]
2017-04-14 17:50:59 [DEBUG] [] Config [verify_host] = [1]
2017-04-14 17:50:59 [DEBUG] [] Config [report_error] = [1]
2017-04-14 17:50:59 [DEBUG] [] Config [output_UTF8] = [1]
2017-04-14 17:50:59 [DEBUG] [] Config [auto_rollback] = [1]
2017-04-14 17:50:59 [DEBUG] [] Config [log_dir] = [/home/nynLMS/lib/payment/lgdacom/log]
2017-04-14 17:50:59 [DEBUG] [] Config [tnayanet] = [aa7d95db6f74e6e55389156b2dcb7716]
2017-04-14 17:50:59 [DEBUG] [] Config [nayanet] = [aa7d95db6f74e6e55389156b2dcb7716]
2017-04-14 17:50:59 [DEBUG] [] Config [url] = [https://xpayclient.lgdacom.net/xpay/Gateway.do]
2017-04-14 17:50:59 [DEBUG] [] Config [test_url] = [https://xpayclient.lgdacom.net:7443/xpay/Gateway.do]
2017-04-14 17:50:59 [DEBUG] [] Config [aux_url] = [http://xpayclient.lgdacom.net:7080/xpay/Gateway.do]
2017-04-14 17:52:40 [INFO ] [] XPayClient initialize [/home/nynLMS/lib/payment/lgdacom] [test]
2017-04-14 17:52:40 [DEBUG] [] Config [server_id] = [01]
2017-04-14 17:52:40 [DEBUG] [] Config [timeout] = [60]
2017-04-14 17:52:40 [DEBUG] [] Config [log_level] = [4]
2017-04-14 17:52:40 [DEBUG] [] Config [verify_cert] = [1]
2017-04-14 17:52:40 [DEBUG] [] Config [verify_host] = [1]
2017-04-14 17:52:40 [DEBUG] [] Config [report_error] = [1]
2017-04-14 17:52:40 [DEBUG] [] Config [output_UTF8] = [1]
2017-04-14 17:52:40 [DEBUG] [] Config [auto_rollback] = [1]
2017-04-14 17:52:40 [DEBUG] [] Config [log_dir] = [/home/nynLMS/lib/payment/lgdacom/log]
2017-04-14 17:52:40 [DEBUG] [] Config [tnayanet] = [aa7d95db6f74e6e55389156b2dcb7716]
2017-04-14 17:52:40 [DEBUG] [] Config [nayanet] = [aa7d95db6f74e6e55389156b2dcb7716]
2017-04-14 17:52:40 [DEBUG] [] Config [url] = [https://xpayclient.lgdacom.net/xpay/Gateway.do]
2017-04-14 17:52:40 [DEBUG] [] Config [test_url] = [https://xpayclient.lgdacom.net:7443/xpay/Gateway.do]
2017-04-14 17:52:40 [DEBUG] [] Config [aux_url] = [http://xpayclient.lgdacom.net:7080/xpay/Gateway.do]
2017-04-14 17:58:20 [INFO ] [] XPayClient initialize [/home/nynLMS/lib/payment/lgdacom] [test]
2017-04-14 17:58:20 [DEBUG] [] Config [server_id] = [01]
2017-04-14 17:58:20 [DEBUG] [] Config [timeout] = [60]
2017-04-14 17:58:20 [DEBUG] [] Config [log_level] = [4]
2017-04-14 17:58:20 [DEBUG] [] Config [verify_cert] = [1]
2017-04-14 17:58:20 [DEBUG] [] Config [verify_host] = [1]
2017-04-14 17:58:20 [DEBUG] [] Config [report_error] = [1]
2017-04-14 17:58:20 [DEBUG] [] Config [output_UTF8] = [1]
2017-04-14 17:58:20 [DEBUG] [] Config [auto_rollback] = [1]
2017-04-14 17:58:20 [DEBUG] [] Config [log_dir] = [/home/nynLMS/lib/payment/lgdacom/log]
2017-04-14 17:58:20 [DEBUG] [] Config [tnayanet] = [aa7d95db6f74e6e55389156b2dcb7716]
2017-04-14 17:58:20 [DEBUG] [] Config [nayanet] = [aa7d95db6f74e6e55389156b2dcb7716]
2017-04-14 17:58:20 [DEBUG] [] Config [url] = [https://xpayclient.lgdacom.net/xpay/Gateway.do]
2017-04-14 17:58:20 [DEBUG] [] Config [test_url] = [https://xpayclient.lgdacom.net:7443/xpay/Gateway.do]
2017-04-14 17:58:20 [DEBUG] [] Config [aux_url] = [http://xpayclient.lgdacom.net:7080/xpay/Gateway.do]
