2017-02-01 13:03:51 [INFO ] [] XPayClient initialize [/home/nynLMS/lib/payment/lgdacom] [test]
2017-02-01 13:03:51 [DEBUG] [] Config [server_id] = [01]
2017-02-01 13:03:51 [DEBUG] [] Config [timeout] = [60]
2017-02-01 13:03:51 [DEBUG] [] Config [log_level] = [4]
2017-02-01 13:03:51 [DEBUG] [] Config [verify_cert] = [1]
2017-02-01 13:03:51 [DEBUG] [] Config [verify_host] = [1]
2017-02-01 13:03:51 [DEBUG] [] Config [report_error] = [1]
2017-02-01 13:03:51 [DEBUG] [] Config [output_UTF8] = [1]
2017-02-01 13:03:51 [DEBUG] [] Config [auto_rollback] = [1]
2017-02-01 13:03:51 [DEBUG] [] Config [log_dir] = [/home/nynLMS/lib/payment/lgdacom/log]
2017-02-01 13:03:51 [DEBUG] [] Config [tnayanet] = [aa7d95db6f74e6e55389156b2dcb7716]
2017-02-01 13:03:51 [DEBUG] [] Config [nayanet] = [aa7d95db6f74e6e55389156b2dcb7716]
2017-02-01 13:03:51 [DEBUG] [] Config [url] = [https://xpayclient.lgdacom.net/xpay/Gateway.do]
2017-02-01 13:03:51 [DEBUG] [] Config [test_url] = [https://xpayclient.lgdacom.net:7443/xpay/Gateway.do]
2017-02-01 13:03:51 [DEBUG] [] Config [aux_url] = [http://xpayclient.lgdacom.net:7080/xpay/Gateway.do]
2017-02-01 13:08:24 [INFO ] [] XPayClient initialize [/home/nynLMS/lib/payment/lgdacom] [test]
2017-02-01 13:08:24 [DEBUG] [] Config [server_id] = [01]
2017-02-01 13:08:24 [DEBUG] [] Config [timeout] = [60]
2017-02-01 13:08:24 [DEBUG] [] Config [log_level] = [4]
2017-02-01 13:08:24 [DEBUG] [] Config [verify_cert] = [1]
2017-02-01 13:08:24 [DEBUG] [] Config [verify_host] = [1]
2017-02-01 13:08:24 [DEBUG] [] Config [report_error] = [1]
2017-02-01 13:08:24 [DEBUG] [] Config [output_UTF8] = [1]
2017-02-01 13:08:24 [DEBUG] [] Config [auto_rollback] = [1]
2017-02-01 13:08:24 [DEBUG] [] Config [log_dir] = [/home/nynLMS/lib/payment/lgdacom/log]
2017-02-01 13:08:24 [DEBUG] [] Config [tnayanet] = [aa7d95db6f74e6e55389156b2dcb7716]
2017-02-01 13:08:24 [DEBUG] [] Config [nayanet] = [aa7d95db6f74e6e55389156b2dcb7716]
2017-02-01 13:08:24 [DEBUG] [] Config [url] = [https://xpayclient.lgdacom.net/xpay/Gateway.do]
2017-02-01 13:08:24 [DEBUG] [] Config [test_url] = [https://xpayclient.lgdacom.net:7443/xpay/Gateway.do]
2017-02-01 13:08:24 [DEBUG] [] Config [aux_url] = [http://xpayclient.lgdacom.net:7080/xpay/Gateway.do]
2017-02-01 13:57:06 [INFO ] [] XPayClient initialize [/home/nynLMS/lib/payment/lgdacom] [test]
2017-02-01 13:57:06 [DEBUG] [] Config [server_id] = [01]
2017-02-01 13:57:06 [DEBUG] [] Config [timeout] = [60]
2017-02-01 13:57:06 [DEBUG] [] Config [log_level] = [4]
2017-02-01 13:57:06 [DEBUG] [] Config [verify_cert] = [1]
2017-02-01 13:57:06 [DEBUG] [] Config [verify_host] = [1]
2017-02-01 13:57:06 [DEBUG] [] Config [report_error] = [1]
2017-02-01 13:57:06 [DEBUG] [] Config [output_UTF8] = [1]
2017-02-01 13:57:06 [DEBUG] [] Config [auto_rollback] = [1]
2017-02-01 13:57:06 [DEBUG] [] Config [log_dir] = [/home/nynLMS/lib/payment/lgdacom/log]
2017-02-01 13:57:06 [DEBUG] [] Config [tnayanet] = [aa7d95db6f74e6e55389156b2dcb7716]
2017-02-01 13:57:06 [DEBUG] [] Config [nayanet] = [aa7d95db6f74e6e55389156b2dcb7716]
2017-02-01 13:57:06 [DEBUG] [] Config [url] = [https://xpayclient.lgdacom.net/xpay/Gateway.do]
2017-02-01 13:57:06 [DEBUG] [] Config [test_url] = [https://xpayclient.lgdacom.net:7443/xpay/Gateway.do]
2017-02-01 13:57:06 [DEBUG] [] Config [aux_url] = [http://xpayclient.lgdacom.net:7080/xpay/Gateway.do]
2017-02-01 14:03:19 [INFO ] [] XPayClient initialize [/home/nynLMS/lib/payment/lgdacom] [test]
2017-02-01 14:03:19 [DEBUG] [] Config [server_id] = [01]
2017-02-01 14:03:19 [DEBUG] [] Config [timeout] = [60]
2017-02-01 14:03:19 [DEBUG] [] Config [log_level] = [4]
2017-02-01 14:03:19 [DEBUG] [] Config [verify_cert] = [1]
2017-02-01 14:03:19 [DEBUG] [] Config [verify_host] = [1]
2017-02-01 14:03:19 [DEBUG] [] Config [report_error] = [1]
2017-02-01 14:03:19 [DEBUG] [] Config [output_UTF8] = [1]
2017-02-01 14:03:19 [DEBUG] [] Config [auto_rollback] = [1]
2017-02-01 14:03:19 [DEBUG] [] Config [log_dir] = [/home/nynLMS/lib/payment/lgdacom/log]
2017-02-01 14:03:19 [DEBUG] [] Config [tnayanet] = [aa7d95db6f74e6e55389156b2dcb7716]
2017-02-01 14:03:19 [DEBUG] [] Config [nayanet] = [aa7d95db6f74e6e55389156b2dcb7716]
2017-02-01 14:03:19 [DEBUG] [] Config [url] = [https://xpayclient.lgdacom.net/xpay/Gateway.do]
2017-02-01 14:03:19 [DEBUG] [] Config [test_url] = [https://xpayclient.lgdacom.net:7443/xpay/Gateway.do]
2017-02-01 14:03:19 [DEBUG] [] Config [aux_url] = [http://xpayclient.lgdacom.net:7080/xpay/Gateway.do]
2017-02-01 14:35:32 [INFO ] [] XPayClient initialize [/home/nynLMS/lib/payment/lgdacom] [test]
2017-02-01 14:35:32 [DEBUG] [] Config [server_id] = [01]
2017-02-01 14:35:32 [DEBUG] [] Config [timeout] = [60]
2017-02-01 14:35:32 [DEBUG] [] Config [log_level] = [4]
2017-02-01 14:35:32 [DEBUG] [] Config [verify_cert] = [1]
2017-02-01 14:35:32 [DEBUG] [] Config [verify_host] = [1]
2017-02-01 14:35:32 [DEBUG] [] Config [report_error] = [1]
2017-02-01 14:35:32 [DEBUG] [] Config [output_UTF8] = [1]
2017-02-01 14:35:32 [DEBUG] [] Config [auto_rollback] = [1]
2017-02-01 14:35:32 [DEBUG] [] Config [log_dir] = [/home/nynLMS/lib/payment/lgdacom/log]
2017-02-01 14:35:32 [DEBUG] [] Config [tnayanet] = [aa7d95db6f74e6e55389156b2dcb7716]
2017-02-01 14:35:32 [DEBUG] [] Config [nayanet] = [aa7d95db6f74e6e55389156b2dcb7716]
2017-02-01 14:35:32 [DEBUG] [] Config [url] = [https://xpayclient.lgdacom.net/xpay/Gateway.do]
2017-02-01 14:35:32 [DEBUG] [] Config [test_url] = [https://xpayclient.lgdacom.net:7443/xpay/Gateway.do]
2017-02-01 14:35:32 [DEBUG] [] Config [aux_url] = [http://xpayclient.lgdacom.net:7080/xpay/Gateway.do]
2017-02-01 14:35:37 [INFO ] [] XPayClient initialize [/home/nynLMS/lib/payment/lgdacom] [test]
2017-02-01 14:35:37 [DEBUG] [] Config [server_id] = [01]
2017-02-01 14:35:37 [DEBUG] [] Config [timeout] = [60]
2017-02-01 14:35:37 [DEBUG] [] Config [log_level] = [4]
2017-02-01 14:35:37 [DEBUG] [] Config [verify_cert] = [1]
2017-02-01 14:35:37 [DEBUG] [] Config [verify_host] = [1]
2017-02-01 14:35:37 [DEBUG] [] Config [report_error] = [1]
2017-02-01 14:35:37 [DEBUG] [] Config [output_UTF8] = [1]
2017-02-01 14:35:37 [DEBUG] [] Config [auto_rollback] = [1]
2017-02-01 14:35:37 [DEBUG] [] Config [log_dir] = [/home/nynLMS/lib/payment/lgdacom/log]
2017-02-01 14:35:37 [DEBUG] [] Config [tnayanet] = [aa7d95db6f74e6e55389156b2dcb7716]
2017-02-01 14:35:37 [DEBUG] [] Config [nayanet] = [aa7d95db6f74e6e55389156b2dcb7716]
2017-02-01 14:35:37 [DEBUG] [] Config [url] = [https://xpayclient.lgdacom.net/xpay/Gateway.do]
2017-02-01 14:35:37 [DEBUG] [] Config [test_url] = [https://xpayclient.lgdacom.net:7443/xpay/Gateway.do]
2017-02-01 14:35:37 [DEBUG] [] Config [aux_url] = [http://xpayclient.lgdacom.net:7080/xpay/Gateway.do]
2017-02-01 14:35:53 [INFO ] [] XPayClient initialize [/home/nynLMS/lib/payment/lgdacom] [test]
2017-02-01 14:35:53 [DEBUG] [] Config [server_id] = [01]
2017-02-01 14:35:53 [DEBUG] [] Config [timeout] = [60]
2017-02-01 14:35:53 [DEBUG] [] Config [log_level] = [4]
2017-02-01 14:35:53 [DEBUG] [] Config [verify_cert] = [1]
2017-02-01 14:35:53 [DEBUG] [] Config [verify_host] = [1]
2017-02-01 14:35:53 [DEBUG] [] Config [report_error] = [1]
2017-02-01 14:35:53 [DEBUG] [] Config [output_UTF8] = [1]
2017-02-01 14:35:53 [DEBUG] [] Config [auto_rollback] = [1]
2017-02-01 14:35:53 [DEBUG] [] Config [log_dir] = [/home/nynLMS/lib/payment/lgdacom/log]
2017-02-01 14:35:53 [DEBUG] [] Config [tnayanet] = [aa7d95db6f74e6e55389156b2dcb7716]
2017-02-01 14:35:53 [DEBUG] [] Config [nayanet] = [aa7d95db6f74e6e55389156b2dcb7716]
2017-02-01 14:35:53 [DEBUG] [] Config [url] = [https://xpayclient.lgdacom.net/xpay/Gateway.do]
2017-02-01 14:35:53 [DEBUG] [] Config [test_url] = [https://xpayclient.lgdacom.net:7443/xpay/Gateway.do]
2017-02-01 14:35:53 [DEBUG] [] Config [aux_url] = [http://xpayclient.lgdacom.net:7080/xpay/Gateway.do]
2017-02-01 14:36:46 [INFO ] [] XPayClient initialize [/home/nynLMS/lib/payment/lgdacom] [test]
2017-02-01 14:36:46 [DEBUG] [] Config [server_id] = [01]
2017-02-01 14:36:46 [DEBUG] [] Config [timeout] = [60]
2017-02-01 14:36:46 [DEBUG] [] Config [log_level] = [4]
2017-02-01 14:36:46 [DEBUG] [] Config [verify_cert] = [1]
2017-02-01 14:36:46 [DEBUG] [] Config [verify_host] = [1]
2017-02-01 14:36:46 [DEBUG] [] Config [report_error] = [1]
2017-02-01 14:36:46 [DEBUG] [] Config [output_UTF8] = [1]
2017-02-01 14:36:46 [DEBUG] [] Config [auto_rollback] = [1]
2017-02-01 14:36:46 [DEBUG] [] Config [log_dir] = [/home/nynLMS/lib/payment/lgdacom/log]
2017-02-01 14:36:46 [DEBUG] [] Config [tnayanet] = [aa7d95db6f74e6e55389156b2dcb7716]
2017-02-01 14:36:46 [DEBUG] [] Config [nayanet] = [aa7d95db6f74e6e55389156b2dcb7716]
2017-02-01 14:36:46 [DEBUG] [] Config [url] = [https://xpayclient.lgdacom.net/xpay/Gateway.do]
2017-02-01 14:36:46 [DEBUG] [] Config [test_url] = [https://xpayclient.lgdacom.net:7443/xpay/Gateway.do]
2017-02-01 14:36:46 [DEBUG] [] Config [aux_url] = [http://xpayclient.lgdacom.net:7080/xpay/Gateway.do]
2017-02-01 14:38:21 [INFO ] [] XPayClient initialize [/home/nynLMS/lib/payment/lgdacom] [test]
2017-02-01 14:38:21 [DEBUG] [] Config [server_id] = [01]
2017-02-01 14:38:21 [DEBUG] [] Config [timeout] = [60]
2017-02-01 14:38:21 [DEBUG] [] Config [log_level] = [4]
2017-02-01 14:38:21 [DEBUG] [] Config [verify_cert] = [1]
2017-02-01 14:38:21 [DEBUG] [] Config [verify_host] = [1]
2017-02-01 14:38:21 [DEBUG] [] Config [report_error] = [1]
2017-02-01 14:38:21 [DEBUG] [] Config [output_UTF8] = [1]
2017-02-01 14:38:21 [DEBUG] [] Config [auto_rollback] = [1]
2017-02-01 14:38:21 [DEBUG] [] Config [log_dir] = [/home/nynLMS/lib/payment/lgdacom/log]
2017-02-01 14:38:21 [DEBUG] [] Config [tnayanet] = [aa7d95db6f74e6e55389156b2dcb7716]
2017-02-01 14:38:21 [DEBUG] [] Config [nayanet] = [aa7d95db6f74e6e55389156b2dcb7716]
2017-02-01 14:38:21 [DEBUG] [] Config [url] = [https://xpayclient.lgdacom.net/xpay/Gateway.do]
2017-02-01 14:38:21 [DEBUG] [] Config [test_url] = [https://xpayclient.lgdacom.net:7443/xpay/Gateway.do]
2017-02-01 14:38:21 [DEBUG] [] Config [aux_url] = [http://xpayclient.lgdacom.net:7080/xpay/Gateway.do]
2017-02-01 14:54:10 [INFO ] [] XPayClient initialize [/home/nynLMS/lib/payment/lgdacom] [test]
2017-02-01 14:54:10 [DEBUG] [] Config [server_id] = [01]
2017-02-01 14:54:10 [DEBUG] [] Config [timeout] = [60]
2017-02-01 14:54:10 [DEBUG] [] Config [log_level] = [4]
2017-02-01 14:54:10 [DEBUG] [] Config [verify_cert] = [1]
2017-02-01 14:54:10 [DEBUG] [] Config [verify_host] = [1]
2017-02-01 14:54:10 [DEBUG] [] Config [report_error] = [1]
2017-02-01 14:54:10 [DEBUG] [] Config [output_UTF8] = [1]
2017-02-01 14:54:10 [DEBUG] [] Config [auto_rollback] = [1]
2017-02-01 14:54:10 [DEBUG] [] Config [log_dir] = [/home/nynLMS/lib/payment/lgdacom/log]
2017-02-01 14:54:10 [DEBUG] [] Config [tnayanet] = [aa7d95db6f74e6e55389156b2dcb7716]
2017-02-01 14:54:10 [DEBUG] [] Config [nayanet] = [aa7d95db6f74e6e55389156b2dcb7716]
2017-02-01 14:54:10 [DEBUG] [] Config [url] = [https://xpayclient.lgdacom.net/xpay/Gateway.do]
2017-02-01 14:54:10 [DEBUG] [] Config [test_url] = [https://xpayclient.lgdacom.net:7443/xpay/Gateway.do]
2017-02-01 14:54:10 [DEBUG] [] Config [aux_url] = [http://xpayclient.lgdacom.net:7080/xpay/Gateway.do]
2017-02-01 14:55:20 [INFO ] [] XPayClient initialize [/home/nynLMS/lib/payment/lgdacom] [test]
2017-02-01 14:55:20 [DEBUG] [] Config [server_id] = [01]
2017-02-01 14:55:20 [DEBUG] [] Config [timeout] = [60]
2017-02-01 14:55:20 [DEBUG] [] Config [log_level] = [4]
2017-02-01 14:55:20 [DEBUG] [] Config [verify_cert] = [1]
2017-02-01 14:55:20 [DEBUG] [] Config [verify_host] = [1]
2017-02-01 14:55:20 [DEBUG] [] Config [report_error] = [1]
2017-02-01 14:55:20 [DEBUG] [] Config [output_UTF8] = [1]
2017-02-01 14:55:20 [DEBUG] [] Config [auto_rollback] = [1]
2017-02-01 14:55:20 [DEBUG] [] Config [log_dir] = [/home/nynLMS/lib/payment/lgdacom/log]
2017-02-01 14:55:20 [DEBUG] [] Config [tnayanet] = [aa7d95db6f74e6e55389156b2dcb7716]
2017-02-01 14:55:20 [DEBUG] [] Config [nayanet] = [aa7d95db6f74e6e55389156b2dcb7716]
2017-02-01 14:55:20 [DEBUG] [] Config [url] = [https://xpayclient.lgdacom.net/xpay/Gateway.do]
2017-02-01 14:55:20 [DEBUG] [] Config [test_url] = [https://xpayclient.lgdacom.net:7443/xpay/Gateway.do]
2017-02-01 14:55:20 [DEBUG] [] Config [aux_url] = [http://xpayclient.lgdacom.net:7080/xpay/Gateway.do]
2017-02-01 14:55:21 [INFO ] [] XPayClient initialize [/home/nynLMS/lib/payment/lgdacom] [test]
2017-02-01 14:55:21 [DEBUG] [] Config [server_id] = [01]
2017-02-01 14:55:21 [DEBUG] [] Config [timeout] = [60]
2017-02-01 14:55:21 [DEBUG] [] Config [log_level] = [4]
2017-02-01 14:55:21 [DEBUG] [] Config [verify_cert] = [1]
2017-02-01 14:55:21 [DEBUG] [] Config [verify_host] = [1]
2017-02-01 14:55:21 [DEBUG] [] Config [report_error] = [1]
2017-02-01 14:55:21 [DEBUG] [] Config [output_UTF8] = [1]
2017-02-01 14:55:21 [DEBUG] [] Config [auto_rollback] = [1]
2017-02-01 14:55:21 [DEBUG] [] Config [log_dir] = [/home/nynLMS/lib/payment/lgdacom/log]
2017-02-01 14:55:21 [DEBUG] [] Config [tnayanet] = [aa7d95db6f74e6e55389156b2dcb7716]
2017-02-01 14:55:21 [DEBUG] [] Config [nayanet] = [aa7d95db6f74e6e55389156b2dcb7716]
2017-02-01 14:55:21 [DEBUG] [] Config [url] = [https://xpayclient.lgdacom.net/xpay/Gateway.do]
2017-02-01 14:55:21 [DEBUG] [] Config [test_url] = [https://xpayclient.lgdacom.net:7443/xpay/Gateway.do]
2017-02-01 14:55:21 [DEBUG] [] Config [aux_url] = [http://xpayclient.lgdacom.net:7080/xpay/Gateway.do]
2017-02-01 14:56:55 [INFO ] [] XPayClient initialize [/home/nynLMS/lib/payment/lgdacom] [test]
2017-02-01 14:56:55 [DEBUG] [] Config [server_id] = [01]
2017-02-01 14:56:55 [DEBUG] [] Config [timeout] = [60]
2017-02-01 14:56:55 [DEBUG] [] Config [log_level] = [4]
2017-02-01 14:56:55 [DEBUG] [] Config [verify_cert] = [1]
2017-02-01 14:56:55 [DEBUG] [] Config [verify_host] = [1]
2017-02-01 14:56:55 [DEBUG] [] Config [report_error] = [1]
2017-02-01 14:56:55 [DEBUG] [] Config [output_UTF8] = [1]
2017-02-01 14:56:55 [DEBUG] [] Config [auto_rollback] = [1]
2017-02-01 14:56:55 [DEBUG] [] Config [log_dir] = [/home/nynLMS/lib/payment/lgdacom/log]
2017-02-01 14:56:55 [DEBUG] [] Config [tnayanet] = [aa7d95db6f74e6e55389156b2dcb7716]
2017-02-01 14:56:55 [DEBUG] [] Config [nayanet] = [aa7d95db6f74e6e55389156b2dcb7716]
2017-02-01 14:56:55 [DEBUG] [] Config [url] = [https://xpayclient.lgdacom.net/xpay/Gateway.do]
2017-02-01 14:56:55 [DEBUG] [] Config [test_url] = [https://xpayclient.lgdacom.net:7443/xpay/Gateway.do]
2017-02-01 14:56:55 [DEBUG] [] Config [aux_url] = [http://xpayclient.lgdacom.net:7080/xpay/Gateway.do]
2017-02-01 15:19:18 [INFO ] [] XPayClient initialize [/home/nynLMS/lib/payment/lgdacom] [test]
2017-02-01 15:19:18 [DEBUG] [] Config [server_id] = [01]
2017-02-01 15:19:18 [DEBUG] [] Config [timeout] = [60]
2017-02-01 15:19:18 [DEBUG] [] Config [log_level] = [4]
2017-02-01 15:19:18 [DEBUG] [] Config [verify_cert] = [1]
2017-02-01 15:19:18 [DEBUG] [] Config [verify_host] = [1]
2017-02-01 15:19:18 [DEBUG] [] Config [report_error] = [1]
2017-02-01 15:19:18 [DEBUG] [] Config [output_UTF8] = [1]
2017-02-01 15:19:18 [DEBUG] [] Config [auto_rollback] = [1]
2017-02-01 15:19:18 [DEBUG] [] Config [log_dir] = [/home/nynLMS/lib/payment/lgdacom/log]
2017-02-01 15:19:18 [DEBUG] [] Config [tnayanet] = [aa7d95db6f74e6e55389156b2dcb7716]
2017-02-01 15:19:18 [DEBUG] [] Config [nayanet] = [aa7d95db6f74e6e55389156b2dcb7716]
2017-02-01 15:19:18 [DEBUG] [] Config [url] = [https://xpayclient.lgdacom.net/xpay/Gateway.do]
2017-02-01 15:19:18 [DEBUG] [] Config [test_url] = [https://xpayclient.lgdacom.net:7443/xpay/Gateway.do]
2017-02-01 15:19:18 [DEBUG] [] Config [aux_url] = [http://xpayclient.lgdacom.net:7080/xpay/Gateway.do]
2017-02-01 15:20:37 [INFO ] [] XPayClient initialize [/home/nynLMS/lib/payment/lgdacom] [test]
2017-02-01 15:20:37 [DEBUG] [] Config [server_id] = [01]
2017-02-01 15:20:37 [DEBUG] [] Config [timeout] = [60]
2017-02-01 15:20:37 [DEBUG] [] Config [log_level] = [4]
2017-02-01 15:20:37 [DEBUG] [] Config [verify_cert] = [1]
2017-02-01 15:20:37 [DEBUG] [] Config [verify_host] = [1]
2017-02-01 15:20:37 [DEBUG] [] Config [report_error] = [1]
2017-02-01 15:20:37 [DEBUG] [] Config [output_UTF8] = [1]
2017-02-01 15:20:37 [DEBUG] [] Config [auto_rollback] = [1]
2017-02-01 15:20:37 [DEBUG] [] Config [log_dir] = [/home/nynLMS/lib/payment/lgdacom/log]
2017-02-01 15:20:37 [DEBUG] [] Config [tnayanet] = [aa7d95db6f74e6e55389156b2dcb7716]
2017-02-01 15:20:37 [DEBUG] [] Config [nayanet] = [aa7d95db6f74e6e55389156b2dcb7716]
2017-02-01 15:20:37 [DEBUG] [] Config [url] = [https://xpayclient.lgdacom.net/xpay/Gateway.do]
2017-02-01 15:20:37 [DEBUG] [] Config [test_url] = [https://xpayclient.lgdacom.net:7443/xpay/Gateway.do]
2017-02-01 15:20:37 [DEBUG] [] Config [aux_url] = [http://xpayclient.lgdacom.net:7080/xpay/Gateway.do]
2017-02-01 15:20:58 [INFO ] [] XPayClient initialize [/home/nynLMS/lib/payment/lgdacom] [test]
2017-02-01 15:20:58 [DEBUG] [] Config [server_id] = [01]
2017-02-01 15:20:58 [DEBUG] [] Config [timeout] = [60]
2017-02-01 15:20:58 [DEBUG] [] Config [log_level] = [4]
2017-02-01 15:20:58 [DEBUG] [] Config [verify_cert] = [1]
2017-02-01 15:20:58 [DEBUG] [] Config [verify_host] = [1]
2017-02-01 15:20:58 [DEBUG] [] Config [report_error] = [1]
2017-02-01 15:20:58 [DEBUG] [] Config [output_UTF8] = [1]
2017-02-01 15:20:58 [DEBUG] [] Config [auto_rollback] = [1]
2017-02-01 15:20:58 [DEBUG] [] Config [log_dir] = [/home/nynLMS/lib/payment/lgdacom/log]
2017-02-01 15:20:58 [DEBUG] [] Config [tnayanet] = [aa7d95db6f74e6e55389156b2dcb7716]
2017-02-01 15:20:58 [DEBUG] [] Config [nayanet] = [aa7d95db6f74e6e55389156b2dcb7716]
2017-02-01 15:20:58 [DEBUG] [] Config [url] = [https://xpayclient.lgdacom.net/xpay/Gateway.do]
2017-02-01 15:20:58 [DEBUG] [] Config [test_url] = [https://xpayclient.lgdacom.net:7443/xpay/Gateway.do]
2017-02-01 15:20:58 [DEBUG] [] Config [aux_url] = [http://xpayclient.lgdacom.net:7080/xpay/Gateway.do]
2017-02-01 15:24:25 [INFO ] [] XPayClient initialize [/home/nynLMS/lib/payment/lgdacom] [test]
2017-02-01 15:24:25 [DEBUG] [] Config [server_id] = [01]
2017-02-01 15:24:25 [DEBUG] [] Config [timeout] = [60]
2017-02-01 15:24:25 [DEBUG] [] Config [log_level] = [4]
2017-02-01 15:24:25 [DEBUG] [] Config [verify_cert] = [1]
2017-02-01 15:24:25 [DEBUG] [] Config [verify_host] = [1]
2017-02-01 15:24:25 [DEBUG] [] Config [report_error] = [1]
2017-02-01 15:24:25 [DEBUG] [] Config [output_UTF8] = [1]
2017-02-01 15:24:25 [DEBUG] [] Config [auto_rollback] = [1]
2017-02-01 15:24:25 [DEBUG] [] Config [log_dir] = [/home/nynLMS/lib/payment/lgdacom/log]
2017-02-01 15:24:25 [DEBUG] [] Config [tnayanet] = [aa7d95db6f74e6e55389156b2dcb7716]
2017-02-01 15:24:25 [DEBUG] [] Config [nayanet] = [aa7d95db6f74e6e55389156b2dcb7716]
2017-02-01 15:24:25 [DEBUG] [] Config [url] = [https://xpayclient.lgdacom.net/xpay/Gateway.do]
2017-02-01 15:24:25 [DEBUG] [] Config [test_url] = [https://xpayclient.lgdacom.net:7443/xpay/Gateway.do]
2017-02-01 15:24:25 [DEBUG] [] Config [aux_url] = [http://xpayclient.lgdacom.net:7080/xpay/Gateway.do]
2017-02-01 15:45:35 [INFO ] [] XPayClient initialize [/home/nynLMS/lib/payment/lgdacom] [test]
2017-02-01 15:45:35 [DEBUG] [] Config [server_id] = [01]
2017-02-01 15:45:35 [DEBUG] [] Config [timeout] = [60]
2017-02-01 15:45:35 [DEBUG] [] Config [log_level] = [4]
2017-02-01 15:45:35 [DEBUG] [] Config [verify_cert] = [1]
2017-02-01 15:45:35 [DEBUG] [] Config [verify_host] = [1]
2017-02-01 15:45:35 [DEBUG] [] Config [report_error] = [1]
2017-02-01 15:45:35 [DEBUG] [] Config [output_UTF8] = [1]
2017-02-01 15:45:35 [DEBUG] [] Config [auto_rollback] = [1]
2017-02-01 15:45:35 [DEBUG] [] Config [log_dir] = [/home/nynLMS/lib/payment/lgdacom/log]
2017-02-01 15:45:35 [DEBUG] [] Config [tnayanet] = [aa7d95db6f74e6e55389156b2dcb7716]
2017-02-01 15:45:35 [DEBUG] [] Config [nayanet] = [aa7d95db6f74e6e55389156b2dcb7716]
2017-02-01 15:45:35 [DEBUG] [] Config [url] = [https://xpayclient.lgdacom.net/xpay/Gateway.do]
2017-02-01 15:45:35 [DEBUG] [] Config [test_url] = [https://xpayclient.lgdacom.net:7443/xpay/Gateway.do]
2017-02-01 15:45:35 [DEBUG] [] Config [aux_url] = [http://xpayclient.lgdacom.net:7080/xpay/Gateway.do]
2017-02-01 15:47:17 [INFO ] [] XPayClient initialize [/home/nynLMS/lib/payment/lgdacom] [test]
2017-02-01 15:47:17 [DEBUG] [] Config [server_id] = [01]
2017-02-01 15:47:17 [DEBUG] [] Config [timeout] = [60]
2017-02-01 15:47:17 [DEBUG] [] Config [log_level] = [4]
2017-02-01 15:47:17 [DEBUG] [] Config [verify_cert] = [1]
2017-02-01 15:47:17 [DEBUG] [] Config [verify_host] = [1]
2017-02-01 15:47:17 [DEBUG] [] Config [report_error] = [1]
2017-02-01 15:47:17 [DEBUG] [] Config [output_UTF8] = [1]
2017-02-01 15:47:17 [DEBUG] [] Config [auto_rollback] = [1]
2017-02-01 15:47:17 [DEBUG] [] Config [log_dir] = [/home/nynLMS/lib/payment/lgdacom/log]
2017-02-01 15:47:17 [DEBUG] [] Config [tnayanet] = [aa7d95db6f74e6e55389156b2dcb7716]
2017-02-01 15:47:17 [DEBUG] [] Config [nayanet] = [aa7d95db6f74e6e55389156b2dcb7716]
2017-02-01 15:47:17 [DEBUG] [] Config [url] = [https://xpayclient.lgdacom.net/xpay/Gateway.do]
2017-02-01 15:47:17 [DEBUG] [] Config [test_url] = [https://xpayclient.lgdacom.net:7443/xpay/Gateway.do]
2017-02-01 15:47:17 [DEBUG] [] Config [aux_url] = [http://xpayclient.lgdacom.net:7080/xpay/Gateway.do]
2017-02-01 15:54:25 [INFO ] [] XPayClient initialize [/home/nynLMS/lib/payment/lgdacom] [test]
2017-02-01 15:54:25 [DEBUG] [] Config [server_id] = [01]
2017-02-01 15:54:25 [DEBUG] [] Config [timeout] = [60]
2017-02-01 15:54:25 [DEBUG] [] Config [log_level] = [4]
2017-02-01 15:54:25 [DEBUG] [] Config [verify_cert] = [1]
2017-02-01 15:54:25 [DEBUG] [] Config [verify_host] = [1]
2017-02-01 15:54:25 [DEBUG] [] Config [report_error] = [1]
2017-02-01 15:54:25 [DEBUG] [] Config [output_UTF8] = [1]
2017-02-01 15:54:25 [DEBUG] [] Config [auto_rollback] = [1]
2017-02-01 15:54:25 [DEBUG] [] Config [log_dir] = [/home/nynLMS/lib/payment/lgdacom/log]
2017-02-01 15:54:25 [DEBUG] [] Config [tnayanet] = [aa7d95db6f74e6e55389156b2dcb7716]
2017-02-01 15:54:25 [DEBUG] [] Config [nayanet] = [aa7d95db6f74e6e55389156b2dcb7716]
2017-02-01 15:54:25 [DEBUG] [] Config [url] = [https://xpayclient.lgdacom.net/xpay/Gateway.do]
2017-02-01 15:54:25 [DEBUG] [] Config [test_url] = [https://xpayclient.lgdacom.net:7443/xpay/Gateway.do]
2017-02-01 15:54:25 [DEBUG] [] Config [aux_url] = [http://xpayclient.lgdacom.net:7080/xpay/Gateway.do]
2017-02-01 16:11:05 [INFO ] [] XPayClient initialize [/home/nynLMS/lib/payment/lgdacom] [test]
2017-02-01 16:11:05 [DEBUG] [] Config [server_id] = [01]
2017-02-01 16:11:05 [DEBUG] [] Config [timeout] = [60]
2017-02-01 16:11:05 [DEBUG] [] Config [log_level] = [4]
2017-02-01 16:11:05 [DEBUG] [] Config [verify_cert] = [1]
2017-02-01 16:11:05 [DEBUG] [] Config [verify_host] = [1]
2017-02-01 16:11:05 [DEBUG] [] Config [report_error] = [1]
2017-02-01 16:11:05 [DEBUG] [] Config [output_UTF8] = [1]
2017-02-01 16:11:05 [DEBUG] [] Config [auto_rollback] = [1]
2017-02-01 16:11:05 [DEBUG] [] Config [log_dir] = [/home/nynLMS/lib/payment/lgdacom/log]
2017-02-01 16:11:05 [DEBUG] [] Config [tnayanet] = [aa7d95db6f74e6e55389156b2dcb7716]
2017-02-01 16:11:05 [DEBUG] [] Config [nayanet] = [aa7d95db6f74e6e55389156b2dcb7716]
2017-02-01 16:11:05 [DEBUG] [] Config [url] = [https://xpayclient.lgdacom.net/xpay/Gateway.do]
2017-02-01 16:11:05 [DEBUG] [] Config [test_url] = [https://xpayclient.lgdacom.net:7443/xpay/Gateway.do]
2017-02-01 16:11:05 [DEBUG] [] Config [aux_url] = [http://xpayclient.lgdacom.net:7080/xpay/Gateway.do]
2017-02-01 16:27:20 [INFO ] [] XPayClient initialize [/home/nynLMS/lib/payment/lgdacom] [test]
2017-02-01 16:27:20 [DEBUG] [] Config [server_id] = [01]
2017-02-01 16:27:20 [DEBUG] [] Config [timeout] = [60]
2017-02-01 16:27:20 [DEBUG] [] Config [log_level] = [4]
2017-02-01 16:27:20 [DEBUG] [] Config [verify_cert] = [1]
2017-02-01 16:27:20 [DEBUG] [] Config [verify_host] = [1]
2017-02-01 16:27:20 [DEBUG] [] Config [report_error] = [1]
2017-02-01 16:27:20 [DEBUG] [] Config [output_UTF8] = [1]
2017-02-01 16:27:20 [DEBUG] [] Config [auto_rollback] = [1]
2017-02-01 16:27:20 [DEBUG] [] Config [log_dir] = [/home/nynLMS/lib/payment/lgdacom/log]
2017-02-01 16:27:20 [DEBUG] [] Config [tnayanet] = [aa7d95db6f74e6e55389156b2dcb7716]
2017-02-01 16:27:20 [DEBUG] [] Config [nayanet] = [aa7d95db6f74e6e55389156b2dcb7716]
2017-02-01 16:27:20 [DEBUG] [] Config [url] = [https://xpayclient.lgdacom.net/xpay/Gateway.do]
2017-02-01 16:27:20 [DEBUG] [] Config [test_url] = [https://xpayclient.lgdacom.net:7443/xpay/Gateway.do]
2017-02-01 16:27:20 [DEBUG] [] Config [aux_url] = [http://xpayclient.lgdacom.net:7080/xpay/Gateway.do]
2017-02-01 16:30:48 [INFO ] [] XPayClient initialize [/home/nynLMS/lib/payment/lgdacom] [test]
2017-02-01 16:30:48 [DEBUG] [] Config [server_id] = [01]
2017-02-01 16:30:48 [DEBUG] [] Config [timeout] = [60]
2017-02-01 16:30:48 [DEBUG] [] Config [log_level] = [4]
2017-02-01 16:30:48 [DEBUG] [] Config [verify_cert] = [1]
2017-02-01 16:30:48 [DEBUG] [] Config [verify_host] = [1]
2017-02-01 16:30:48 [DEBUG] [] Config [report_error] = [1]
2017-02-01 16:30:48 [DEBUG] [] Config [output_UTF8] = [1]
2017-02-01 16:30:48 [DEBUG] [] Config [auto_rollback] = [1]
2017-02-01 16:30:48 [DEBUG] [] Config [log_dir] = [/home/nynLMS/lib/payment/lgdacom/log]
2017-02-01 16:30:48 [DEBUG] [] Config [tnayanet] = [aa7d95db6f74e6e55389156b2dcb7716]
2017-02-01 16:30:48 [DEBUG] [] Config [nayanet] = [aa7d95db6f74e6e55389156b2dcb7716]
2017-02-01 16:30:48 [DEBUG] [] Config [url] = [https://xpayclient.lgdacom.net/xpay/Gateway.do]
2017-02-01 16:30:48 [DEBUG] [] Config [test_url] = [https://xpayclient.lgdacom.net:7443/xpay/Gateway.do]
2017-02-01 16:30:48 [DEBUG] [] Config [aux_url] = [http://xpayclient.lgdacom.net:7080/xpay/Gateway.do]
2017-02-01 16:44:35 [INFO ] [] XPayClient initialize [/home/nynLMS/lib/payment/lgdacom] [test]
2017-02-01 16:44:35 [DEBUG] [] Config [server_id] = [01]
2017-02-01 16:44:35 [DEBUG] [] Config [timeout] = [60]
2017-02-01 16:44:35 [DEBUG] [] Config [log_level] = [4]
2017-02-01 16:44:35 [DEBUG] [] Config [verify_cert] = [1]
2017-02-01 16:44:35 [DEBUG] [] Config [verify_host] = [1]
2017-02-01 16:44:35 [DEBUG] [] Config [report_error] = [1]
2017-02-01 16:44:35 [DEBUG] [] Config [output_UTF8] = [1]
2017-02-01 16:44:35 [DEBUG] [] Config [auto_rollback] = [1]
2017-02-01 16:44:35 [DEBUG] [] Config [log_dir] = [/home/nynLMS/lib/payment/lgdacom/log]
2017-02-01 16:44:35 [DEBUG] [] Config [tnayanet] = [aa7d95db6f74e6e55389156b2dcb7716]
2017-02-01 16:44:35 [DEBUG] [] Config [nayanet] = [aa7d95db6f74e6e55389156b2dcb7716]
2017-02-01 16:44:35 [DEBUG] [] Config [url] = [https://xpayclient.lgdacom.net/xpay/Gateway.do]
2017-02-01 16:44:35 [DEBUG] [] Config [test_url] = [https://xpayclient.lgdacom.net:7443/xpay/Gateway.do]
2017-02-01 16:44:35 [DEBUG] [] Config [aux_url] = [http://xpayclient.lgdacom.net:7080/xpay/Gateway.do]
2017-02-01 16:50:53 [INFO ] [] XPayClient initialize [/home/nynLMS/lib/payment/lgdacom] [test]
2017-02-01 16:50:53 [DEBUG] [] Config [server_id] = [01]
2017-02-01 16:50:53 [DEBUG] [] Config [timeout] = [60]
2017-02-01 16:50:53 [DEBUG] [] Config [log_level] = [4]
2017-02-01 16:50:53 [DEBUG] [] Config [verify_cert] = [1]
2017-02-01 16:50:53 [DEBUG] [] Config [verify_host] = [1]
2017-02-01 16:50:53 [DEBUG] [] Config [report_error] = [1]
2017-02-01 16:50:53 [DEBUG] [] Config [output_UTF8] = [1]
2017-02-01 16:50:53 [DEBUG] [] Config [auto_rollback] = [1]
2017-02-01 16:50:53 [DEBUG] [] Config [log_dir] = [/home/nynLMS/lib/payment/lgdacom/log]
2017-02-01 16:50:53 [DEBUG] [] Config [tnayanet] = [aa7d95db6f74e6e55389156b2dcb7716]
2017-02-01 16:50:53 [DEBUG] [] Config [nayanet] = [aa7d95db6f74e6e55389156b2dcb7716]
2017-02-01 16:50:53 [DEBUG] [] Config [url] = [https://xpayclient.lgdacom.net/xpay/Gateway.do]
2017-02-01 16:50:53 [DEBUG] [] Config [test_url] = [https://xpayclient.lgdacom.net:7443/xpay/Gateway.do]
2017-02-01 16:50:53 [DEBUG] [] Config [aux_url] = [http://xpayclient.lgdacom.net:7080/xpay/Gateway.do]
2017-02-01 17:18:10 [INFO ] [] XPayClient initialize [/home/nynLMS/lib/payment/lgdacom] [test]
2017-02-01 17:18:10 [DEBUG] [] Config [server_id] = [01]
2017-02-01 17:18:10 [DEBUG] [] Config [timeout] = [60]
2017-02-01 17:18:10 [DEBUG] [] Config [log_level] = [4]
2017-02-01 17:18:10 [DEBUG] [] Config [verify_cert] = [1]
2017-02-01 17:18:10 [DEBUG] [] Config [verify_host] = [1]
2017-02-01 17:18:10 [DEBUG] [] Config [report_error] = [1]
2017-02-01 17:18:10 [DEBUG] [] Config [output_UTF8] = [1]
2017-02-01 17:18:10 [DEBUG] [] Config [auto_rollback] = [1]
2017-02-01 17:18:10 [DEBUG] [] Config [log_dir] = [/home/nynLMS/lib/payment/lgdacom/log]
2017-02-01 17:18:10 [DEBUG] [] Config [tnayanet] = [aa7d95db6f74e6e55389156b2dcb7716]
2017-02-01 17:18:10 [DEBUG] [] Config [nayanet] = [aa7d95db6f74e6e55389156b2dcb7716]
2017-02-01 17:18:10 [DEBUG] [] Config [url] = [https://xpayclient.lgdacom.net/xpay/Gateway.do]
2017-02-01 17:18:10 [DEBUG] [] Config [test_url] = [https://xpayclient.lgdacom.net:7443/xpay/Gateway.do]
2017-02-01 17:18:10 [DEBUG] [] Config [aux_url] = [http://xpayclient.lgdacom.net:7080/xpay/Gateway.do]
2017-02-01 17:35:36 [INFO ] [] XPayClient initialize [/home/nynLMS/lib/payment/lgdacom] [test]
2017-02-01 17:35:36 [DEBUG] [] Config [server_id] = [01]
2017-02-01 17:35:36 [DEBUG] [] Config [timeout] = [60]
2017-02-01 17:35:36 [DEBUG] [] Config [log_level] = [4]
2017-02-01 17:35:36 [DEBUG] [] Config [verify_cert] = [1]
2017-02-01 17:35:36 [DEBUG] [] Config [verify_host] = [1]
2017-02-01 17:35:36 [DEBUG] [] Config [report_error] = [1]
2017-02-01 17:35:36 [DEBUG] [] Config [output_UTF8] = [1]
2017-02-01 17:35:36 [DEBUG] [] Config [auto_rollback] = [1]
2017-02-01 17:35:36 [DEBUG] [] Config [log_dir] = [/home/nynLMS/lib/payment/lgdacom/log]
2017-02-01 17:35:36 [DEBUG] [] Config [tnayanet] = [aa7d95db6f74e6e55389156b2dcb7716]
2017-02-01 17:35:36 [DEBUG] [] Config [nayanet] = [aa7d95db6f74e6e55389156b2dcb7716]
2017-02-01 17:35:36 [DEBUG] [] Config [url] = [https://xpayclient.lgdacom.net/xpay/Gateway.do]
2017-02-01 17:35:36 [DEBUG] [] Config [test_url] = [https://xpayclient.lgdacom.net:7443/xpay/Gateway.do]
2017-02-01 17:35:36 [DEBUG] [] Config [aux_url] = [http://xpayclient.lgdacom.net:7080/xpay/Gateway.do]
2017-02-01 17:37:34 [INFO ] [] XPayClient initialize [/home/nynLMS/lib/payment/lgdacom] [test]
2017-02-01 17:37:34 [DEBUG] [] Config [server_id] = [01]
2017-02-01 17:37:34 [DEBUG] [] Config [timeout] = [60]
2017-02-01 17:37:34 [DEBUG] [] Config [log_level] = [4]
2017-02-01 17:37:34 [DEBUG] [] Config [verify_cert] = [1]
2017-02-01 17:37:34 [DEBUG] [] Config [verify_host] = [1]
2017-02-01 17:37:34 [DEBUG] [] Config [report_error] = [1]
2017-02-01 17:37:34 [DEBUG] [] Config [output_UTF8] = [1]
2017-02-01 17:37:34 [DEBUG] [] Config [auto_rollback] = [1]
2017-02-01 17:37:34 [DEBUG] [] Config [log_dir] = [/home/nynLMS/lib/payment/lgdacom/log]
2017-02-01 17:37:34 [DEBUG] [] Config [tnayanet] = [aa7d95db6f74e6e55389156b2dcb7716]
2017-02-01 17:37:34 [DEBUG] [] Config [nayanet] = [aa7d95db6f74e6e55389156b2dcb7716]
2017-02-01 17:37:34 [DEBUG] [] Config [url] = [https://xpayclient.lgdacom.net/xpay/Gateway.do]
2017-02-01 17:37:34 [DEBUG] [] Config [test_url] = [https://xpayclient.lgdacom.net:7443/xpay/Gateway.do]
2017-02-01 17:37:34 [DEBUG] [] Config [aux_url] = [http://xpayclient.lgdacom.net:7080/xpay/Gateway.do]
2017-02-01 20:27:14 [INFO ] [] XPayClient initialize [/home/nynLMS/lib/payment/lgdacom] [test]
2017-02-01 20:27:14 [DEBUG] [] Config [server_id] = [01]
2017-02-01 20:27:14 [DEBUG] [] Config [timeout] = [60]
2017-02-01 20:27:14 [DEBUG] [] Config [log_level] = [4]
2017-02-01 20:27:14 [DEBUG] [] Config [verify_cert] = [1]
2017-02-01 20:27:14 [DEBUG] [] Config [verify_host] = [1]
2017-02-01 20:27:14 [DEBUG] [] Config [report_error] = [1]
2017-02-01 20:27:14 [DEBUG] [] Config [output_UTF8] = [1]
2017-02-01 20:27:14 [DEBUG] [] Config [auto_rollback] = [1]
2017-02-01 20:27:14 [DEBUG] [] Config [log_dir] = [/home/nynLMS/lib/payment/lgdacom/log]
2017-02-01 20:27:14 [DEBUG] [] Config [tnayanet] = [aa7d95db6f74e6e55389156b2dcb7716]
2017-02-01 20:27:14 [DEBUG] [] Config [nayanet] = [aa7d95db6f74e6e55389156b2dcb7716]
2017-02-01 20:27:14 [DEBUG] [] Config [url] = [https://xpayclient.lgdacom.net/xpay/Gateway.do]
2017-02-01 20:27:14 [DEBUG] [] Config [test_url] = [https://xpayclient.lgdacom.net:7443/xpay/Gateway.do]
2017-02-01 20:27:14 [DEBUG] [] Config [aux_url] = [http://xpayclient.lgdacom.net:7080/xpay/Gateway.do]
