2017-01-24 19:02:22 [INFO ] [] XPayClient initialize [/home/nynLMS/lib/payment/lgdacom] [test]
2017-01-24 19:02:22 [DEBUG] [] Config [server_id] = [01]
2017-01-24 19:02:22 [DEBUG] [] Config [timeout] = [60]
2017-01-24 19:02:22 [DEBUG] [] Config [log_level] = [4]
2017-01-24 19:02:22 [DEBUG] [] Config [verify_cert] = [1]
2017-01-24 19:02:22 [DEBUG] [] Config [verify_host] = [1]
2017-01-24 19:02:22 [DEBUG] [] Config [report_error] = [1]
2017-01-24 19:02:22 [DEBUG] [] Config [output_UTF8] = [1]
2017-01-24 19:02:22 [DEBUG] [] Config [auto_rollback] = [1]
2017-01-24 19:02:22 [DEBUG] [] Config [log_dir] = [/home/nynLMS/lib/payment/lgdacom/log]
2017-01-24 19:02:22 [DEBUG] [] Config [tnayanet] = [aa7d95db6f74e6e55389156b2dcb7716]
2017-01-24 19:02:22 [DEBUG] [] Config [nayanet] = [aa7d95db6f74e6e55389156b2dcb7716]
2017-01-24 19:02:22 [DEBUG] [] Config [url] = [https://xpayclient.lgdacom.net/xpay/Gateway.do]
2017-01-24 19:02:22 [DEBUG] [] Config [test_url] = [https://xpayclient.lgdacom.net:7443/xpay/Gateway.do]
2017-01-24 19:02:22 [DEBUG] [] Config [aux_url] = [http://xpayclient.lgdacom.net:7080/xpay/Gateway.do]
2017-01-24 19:04:25 [INFO ] [] XPayClient initialize [/home/nynLMS/lib/payment/lgdacom] [test]
2017-01-24 19:04:25 [DEBUG] [] Config [server_id] = [01]
2017-01-24 19:04:25 [DEBUG] [] Config [timeout] = [60]
2017-01-24 19:04:25 [DEBUG] [] Config [log_level] = [4]
2017-01-24 19:04:25 [DEBUG] [] Config [verify_cert] = [1]
2017-01-24 19:04:25 [DEBUG] [] Config [verify_host] = [1]
2017-01-24 19:04:25 [DEBUG] [] Config [report_error] = [1]
2017-01-24 19:04:25 [DEBUG] [] Config [output_UTF8] = [1]
2017-01-24 19:04:25 [DEBUG] [] Config [auto_rollback] = [1]
2017-01-24 19:04:25 [DEBUG] [] Config [log_dir] = [/home/nynLMS/lib/payment/lgdacom/log]
2017-01-24 19:04:25 [DEBUG] [] Config [tnayanet] = [aa7d95db6f74e6e55389156b2dcb7716]
2017-01-24 19:04:25 [DEBUG] [] Config [nayanet] = [aa7d95db6f74e6e55389156b2dcb7716]
2017-01-24 19:04:25 [DEBUG] [] Config [url] = [https://xpayclient.lgdacom.net/xpay/Gateway.do]
2017-01-24 19:04:25 [DEBUG] [] Config [test_url] = [https://xpayclient.lgdacom.net:7443/xpay/Gateway.do]
2017-01-24 19:04:25 [DEBUG] [] Config [aux_url] = [http://xpayclient.lgdacom.net:7080/xpay/Gateway.do]
2017-01-24 19:11:26 [INFO ] [] XPayClient initialize [/home/nynLMS/lib/payment/lgdacom] [test]
2017-01-24 19:11:26 [DEBUG] [] Config [server_id] = [01]
2017-01-24 19:11:26 [DEBUG] [] Config [timeout] = [60]
2017-01-24 19:11:26 [DEBUG] [] Config [log_level] = [4]
2017-01-24 19:11:26 [DEBUG] [] Config [verify_cert] = [1]
2017-01-24 19:11:26 [DEBUG] [] Config [verify_host] = [1]
2017-01-24 19:11:26 [DEBUG] [] Config [report_error] = [1]
2017-01-24 19:11:26 [DEBUG] [] Config [output_UTF8] = [1]
2017-01-24 19:11:26 [DEBUG] [] Config [auto_rollback] = [1]
2017-01-24 19:11:26 [DEBUG] [] Config [log_dir] = [/home/nynLMS/lib/payment/lgdacom/log]
2017-01-24 19:11:26 [DEBUG] [] Config [tnayanet] = [aa7d95db6f74e6e55389156b2dcb7716]
2017-01-24 19:11:26 [DEBUG] [] Config [nayanet] = [aa7d95db6f74e6e55389156b2dcb7716]
2017-01-24 19:11:26 [DEBUG] [] Config [url] = [https://xpayclient.lgdacom.net/xpay/Gateway.do]
2017-01-24 19:11:26 [DEBUG] [] Config [test_url] = [https://xpayclient.lgdacom.net:7443/xpay/Gateway.do]
2017-01-24 19:11:26 [DEBUG] [] Config [aux_url] = [http://xpayclient.lgdacom.net:7080/xpay/Gateway.do]
2017-01-24 19:14:27 [INFO ] [] XPayClient initialize [/home/nynLMS/lib/payment/lgdacom] [test]
2017-01-24 19:14:27 [DEBUG] [] Config [server_id] = [01]
2017-01-24 19:14:27 [DEBUG] [] Config [timeout] = [60]
2017-01-24 19:14:27 [DEBUG] [] Config [log_level] = [4]
2017-01-24 19:14:27 [DEBUG] [] Config [verify_cert] = [1]
2017-01-24 19:14:27 [DEBUG] [] Config [verify_host] = [1]
2017-01-24 19:14:27 [DEBUG] [] Config [report_error] = [1]
2017-01-24 19:14:27 [DEBUG] [] Config [output_UTF8] = [1]
2017-01-24 19:14:27 [DEBUG] [] Config [auto_rollback] = [1]
2017-01-24 19:14:27 [DEBUG] [] Config [log_dir] = [/home/nynLMS/lib/payment/lgdacom/log]
2017-01-24 19:14:27 [DEBUG] [] Config [tnayanet] = [aa7d95db6f74e6e55389156b2dcb7716]
2017-01-24 19:14:27 [DEBUG] [] Config [nayanet] = [aa7d95db6f74e6e55389156b2dcb7716]
2017-01-24 19:14:27 [DEBUG] [] Config [url] = [https://xpayclient.lgdacom.net/xpay/Gateway.do]
2017-01-24 19:14:27 [DEBUG] [] Config [test_url] = [https://xpayclient.lgdacom.net:7443/xpay/Gateway.do]
2017-01-24 19:14:27 [DEBUG] [] Config [aux_url] = [http://xpayclient.lgdacom.net:7080/xpay/Gateway.do]
2017-01-24 19:14:35 [INFO ] [] XPayClient initialize [/home/nynLMS/lib/payment/lgdacom] [test]
2017-01-24 19:14:35 [DEBUG] [] Config [server_id] = [01]
2017-01-24 19:14:35 [DEBUG] [] Config [timeout] = [60]
2017-01-24 19:14:35 [DEBUG] [] Config [log_level] = [4]
2017-01-24 19:14:35 [DEBUG] [] Config [verify_cert] = [1]
2017-01-24 19:14:35 [DEBUG] [] Config [verify_host] = [1]
2017-01-24 19:14:35 [DEBUG] [] Config [report_error] = [1]
2017-01-24 19:14:35 [DEBUG] [] Config [output_UTF8] = [1]
2017-01-24 19:14:35 [DEBUG] [] Config [auto_rollback] = [1]
2017-01-24 19:14:35 [DEBUG] [] Config [log_dir] = [/home/nynLMS/lib/payment/lgdacom/log]
2017-01-24 19:14:35 [DEBUG] [] Config [tnayanet] = [aa7d95db6f74e6e55389156b2dcb7716]
2017-01-24 19:14:35 [DEBUG] [] Config [nayanet] = [aa7d95db6f74e6e55389156b2dcb7716]
2017-01-24 19:14:35 [DEBUG] [] Config [url] = [https://xpayclient.lgdacom.net/xpay/Gateway.do]
2017-01-24 19:14:35 [DEBUG] [] Config [test_url] = [https://xpayclient.lgdacom.net:7443/xpay/Gateway.do]
2017-01-24 19:14:35 [DEBUG] [] Config [aux_url] = [http://xpayclient.lgdacom.net:7080/xpay/Gateway.do]
2017-01-24 19:14:41 [INFO ] [] XPayClient initialize [/home/nynLMS/lib/payment/lgdacom] [test]
2017-01-24 19:14:41 [DEBUG] [] Config [server_id] = [01]
2017-01-24 19:14:41 [DEBUG] [] Config [timeout] = [60]
2017-01-24 19:14:41 [DEBUG] [] Config [log_level] = [4]
2017-01-24 19:14:41 [DEBUG] [] Config [verify_cert] = [1]
2017-01-24 19:14:41 [DEBUG] [] Config [verify_host] = [1]
2017-01-24 19:14:41 [DEBUG] [] Config [report_error] = [1]
2017-01-24 19:14:41 [DEBUG] [] Config [output_UTF8] = [1]
2017-01-24 19:14:41 [DEBUG] [] Config [auto_rollback] = [1]
2017-01-24 19:14:41 [DEBUG] [] Config [log_dir] = [/home/nynLMS/lib/payment/lgdacom/log]
2017-01-24 19:14:41 [DEBUG] [] Config [tnayanet] = [aa7d95db6f74e6e55389156b2dcb7716]
2017-01-24 19:14:41 [DEBUG] [] Config [nayanet] = [aa7d95db6f74e6e55389156b2dcb7716]
2017-01-24 19:14:41 [DEBUG] [] Config [url] = [https://xpayclient.lgdacom.net/xpay/Gateway.do]
2017-01-24 19:14:41 [DEBUG] [] Config [test_url] = [https://xpayclient.lgdacom.net:7443/xpay/Gateway.do]
2017-01-24 19:14:41 [DEBUG] [] Config [aux_url] = [http://xpayclient.lgdacom.net:7080/xpay/Gateway.do]
2017-01-24 19:15:18 [INFO ] [] XPayClient initialize [/home/nynLMS/lib/payment/lgdacom] [test]
2017-01-24 19:15:18 [DEBUG] [] Config [server_id] = [01]
2017-01-24 19:15:18 [DEBUG] [] Config [timeout] = [60]
2017-01-24 19:15:18 [DEBUG] [] Config [log_level] = [4]
2017-01-24 19:15:18 [DEBUG] [] Config [verify_cert] = [1]
2017-01-24 19:15:18 [DEBUG] [] Config [verify_host] = [1]
2017-01-24 19:15:18 [DEBUG] [] Config [report_error] = [1]
2017-01-24 19:15:18 [DEBUG] [] Config [output_UTF8] = [1]
2017-01-24 19:15:18 [DEBUG] [] Config [auto_rollback] = [1]
2017-01-24 19:15:18 [DEBUG] [] Config [log_dir] = [/home/nynLMS/lib/payment/lgdacom/log]
2017-01-24 19:15:18 [DEBUG] [] Config [tnayanet] = [aa7d95db6f74e6e55389156b2dcb7716]
2017-01-24 19:15:18 [DEBUG] [] Config [nayanet] = [aa7d95db6f74e6e55389156b2dcb7716]
2017-01-24 19:15:18 [DEBUG] [] Config [url] = [https://xpayclient.lgdacom.net/xpay/Gateway.do]
2017-01-24 19:15:18 [DEBUG] [] Config [test_url] = [https://xpayclient.lgdacom.net:7443/xpay/Gateway.do]
2017-01-24 19:15:18 [DEBUG] [] Config [aux_url] = [http://xpayclient.lgdacom.net:7080/xpay/Gateway.do]
2017-01-24 19:15:39 [INFO ] [] XPayClient initialize [/home/nynLMS/lib/payment/lgdacom] [test]
2017-01-24 19:15:39 [DEBUG] [] Config [server_id] = [01]
2017-01-24 19:15:39 [DEBUG] [] Config [timeout] = [60]
2017-01-24 19:15:39 [DEBUG] [] Config [log_level] = [4]
2017-01-24 19:15:39 [DEBUG] [] Config [verify_cert] = [1]
2017-01-24 19:15:39 [DEBUG] [] Config [verify_host] = [1]
2017-01-24 19:15:39 [DEBUG] [] Config [report_error] = [1]
2017-01-24 19:15:39 [DEBUG] [] Config [output_UTF8] = [1]
2017-01-24 19:15:39 [DEBUG] [] Config [auto_rollback] = [1]
2017-01-24 19:15:39 [DEBUG] [] Config [log_dir] = [/home/nynLMS/lib/payment/lgdacom/log]
2017-01-24 19:15:39 [DEBUG] [] Config [tnayanet] = [aa7d95db6f74e6e55389156b2dcb7716]
2017-01-24 19:15:39 [DEBUG] [] Config [nayanet] = [aa7d95db6f74e6e55389156b2dcb7716]
2017-01-24 19:15:39 [DEBUG] [] Config [url] = [https://xpayclient.lgdacom.net/xpay/Gateway.do]
2017-01-24 19:15:39 [DEBUG] [] Config [test_url] = [https://xpayclient.lgdacom.net:7443/xpay/Gateway.do]
2017-01-24 19:15:39 [DEBUG] [] Config [aux_url] = [http://xpayclient.lgdacom.net:7080/xpay/Gateway.do]
2017-01-24 19:16:40 [INFO ] [] XPayClient initialize [/home/nynLMS/lib/payment/lgdacom] [test]
2017-01-24 19:16:40 [DEBUG] [] Config [server_id] = [01]
2017-01-24 19:16:40 [DEBUG] [] Config [timeout] = [60]
2017-01-24 19:16:40 [DEBUG] [] Config [log_level] = [4]
2017-01-24 19:16:40 [DEBUG] [] Config [verify_cert] = [1]
2017-01-24 19:16:40 [DEBUG] [] Config [verify_host] = [1]
2017-01-24 19:16:40 [DEBUG] [] Config [report_error] = [1]
2017-01-24 19:16:40 [DEBUG] [] Config [output_UTF8] = [1]
2017-01-24 19:16:40 [DEBUG] [] Config [auto_rollback] = [1]
2017-01-24 19:16:40 [DEBUG] [] Config [log_dir] = [/home/nynLMS/lib/payment/lgdacom/log]
2017-01-24 19:16:40 [DEBUG] [] Config [tnayanet] = [aa7d95db6f74e6e55389156b2dcb7716]
2017-01-24 19:16:40 [DEBUG] [] Config [nayanet] = [aa7d95db6f74e6e55389156b2dcb7716]
2017-01-24 19:16:40 [DEBUG] [] Config [url] = [https://xpayclient.lgdacom.net/xpay/Gateway.do]
2017-01-24 19:16:40 [DEBUG] [] Config [test_url] = [https://xpayclient.lgdacom.net:7443/xpay/Gateway.do]
2017-01-24 19:16:40 [DEBUG] [] Config [aux_url] = [http://xpayclient.lgdacom.net:7080/xpay/Gateway.do]
2017-01-24 19:17:06 [INFO ] [] XPayClient initialize [/home/nynLMS/lib/payment/lgdacom] [test]
2017-01-24 19:17:06 [DEBUG] [] Config [server_id] = [01]
2017-01-24 19:17:06 [DEBUG] [] Config [timeout] = [60]
2017-01-24 19:17:06 [DEBUG] [] Config [log_level] = [4]
2017-01-24 19:17:06 [DEBUG] [] Config [verify_cert] = [1]
2017-01-24 19:17:06 [DEBUG] [] Config [verify_host] = [1]
2017-01-24 19:17:06 [DEBUG] [] Config [report_error] = [1]
2017-01-24 19:17:06 [DEBUG] [] Config [output_UTF8] = [1]
2017-01-24 19:17:06 [DEBUG] [] Config [auto_rollback] = [1]
2017-01-24 19:17:06 [DEBUG] [] Config [log_dir] = [/home/nynLMS/lib/payment/lgdacom/log]
2017-01-24 19:17:06 [DEBUG] [] Config [tnayanet] = [aa7d95db6f74e6e55389156b2dcb7716]
2017-01-24 19:17:06 [DEBUG] [] Config [nayanet] = [aa7d95db6f74e6e55389156b2dcb7716]
2017-01-24 19:17:06 [DEBUG] [] Config [url] = [https://xpayclient.lgdacom.net/xpay/Gateway.do]
2017-01-24 19:17:06 [DEBUG] [] Config [test_url] = [https://xpayclient.lgdacom.net:7443/xpay/Gateway.do]
2017-01-24 19:17:06 [DEBUG] [] Config [aux_url] = [http://xpayclient.lgdacom.net:7080/xpay/Gateway.do]
2017-01-24 19:18:57 [INFO ] [] XPayClient initialize [/home/nynLMS/lib/payment/lgdacom] [test]
2017-01-24 19:18:57 [DEBUG] [] Config [server_id] = [01]
2017-01-24 19:18:57 [DEBUG] [] Config [timeout] = [60]
2017-01-24 19:18:57 [DEBUG] [] Config [log_level] = [4]
2017-01-24 19:18:57 [DEBUG] [] Config [verify_cert] = [1]
2017-01-24 19:18:57 [DEBUG] [] Config [verify_host] = [1]
2017-01-24 19:18:57 [DEBUG] [] Config [report_error] = [1]
2017-01-24 19:18:57 [DEBUG] [] Config [output_UTF8] = [1]
2017-01-24 19:18:57 [DEBUG] [] Config [auto_rollback] = [1]
2017-01-24 19:18:57 [DEBUG] [] Config [log_dir] = [/home/nynLMS/lib/payment/lgdacom/log]
2017-01-24 19:18:57 [DEBUG] [] Config [tnayanet] = [aa7d95db6f74e6e55389156b2dcb7716]
2017-01-24 19:18:57 [DEBUG] [] Config [nayanet] = [aa7d95db6f74e6e55389156b2dcb7716]
2017-01-24 19:18:57 [DEBUG] [] Config [url] = [https://xpayclient.lgdacom.net/xpay/Gateway.do]
2017-01-24 19:18:57 [DEBUG] [] Config [test_url] = [https://xpayclient.lgdacom.net:7443/xpay/Gateway.do]
2017-01-24 19:18:57 [DEBUG] [] Config [aux_url] = [http://xpayclient.lgdacom.net:7080/xpay/Gateway.do]
2017-01-24 19:19:57 [INFO ] [] XPayClient initialize [/home/nynLMS/lib/payment/lgdacom] [test]
2017-01-24 19:19:57 [DEBUG] [] Config [server_id] = [01]
2017-01-24 19:19:57 [DEBUG] [] Config [timeout] = [60]
2017-01-24 19:19:57 [DEBUG] [] Config [log_level] = [4]
2017-01-24 19:19:57 [DEBUG] [] Config [verify_cert] = [1]
2017-01-24 19:19:57 [DEBUG] [] Config [verify_host] = [1]
2017-01-24 19:19:57 [DEBUG] [] Config [report_error] = [1]
2017-01-24 19:19:57 [DEBUG] [] Config [output_UTF8] = [1]
2017-01-24 19:19:57 [DEBUG] [] Config [auto_rollback] = [1]
2017-01-24 19:19:57 [DEBUG] [] Config [log_dir] = [/home/nynLMS/lib/payment/lgdacom/log]
2017-01-24 19:19:57 [DEBUG] [] Config [tnayanet] = [aa7d95db6f74e6e55389156b2dcb7716]
2017-01-24 19:19:57 [DEBUG] [] Config [nayanet] = [aa7d95db6f74e6e55389156b2dcb7716]
2017-01-24 19:19:57 [DEBUG] [] Config [url] = [https://xpayclient.lgdacom.net/xpay/Gateway.do]
2017-01-24 19:19:57 [DEBUG] [] Config [test_url] = [https://xpayclient.lgdacom.net:7443/xpay/Gateway.do]
2017-01-24 19:19:57 [DEBUG] [] Config [aux_url] = [http://xpayclient.lgdacom.net:7080/xpay/Gateway.do]
2017-01-24 19:19:58 [INFO ] [] XPayClient initialize [/home/nynLMS/lib/payment/lgdacom] [test]
2017-01-24 19:19:58 [DEBUG] [] Config [server_id] = [01]
2017-01-24 19:19:58 [DEBUG] [] Config [timeout] = [60]
2017-01-24 19:19:58 [DEBUG] [] Config [log_level] = [4]
2017-01-24 19:19:58 [DEBUG] [] Config [verify_cert] = [1]
2017-01-24 19:19:58 [DEBUG] [] Config [verify_host] = [1]
2017-01-24 19:19:58 [DEBUG] [] Config [report_error] = [1]
2017-01-24 19:19:58 [DEBUG] [] Config [output_UTF8] = [1]
2017-01-24 19:19:58 [DEBUG] [] Config [auto_rollback] = [1]
2017-01-24 19:19:58 [DEBUG] [] Config [log_dir] = [/home/nynLMS/lib/payment/lgdacom/log]
2017-01-24 19:19:58 [DEBUG] [] Config [tnayanet] = [aa7d95db6f74e6e55389156b2dcb7716]
2017-01-24 19:19:58 [DEBUG] [] Config [nayanet] = [aa7d95db6f74e6e55389156b2dcb7716]
2017-01-24 19:19:58 [DEBUG] [] Config [url] = [https://xpayclient.lgdacom.net/xpay/Gateway.do]
2017-01-24 19:19:58 [DEBUG] [] Config [test_url] = [https://xpayclient.lgdacom.net:7443/xpay/Gateway.do]
2017-01-24 19:19:58 [DEBUG] [] Config [aux_url] = [http://xpayclient.lgdacom.net:7080/xpay/Gateway.do]
2017-01-24 19:20:07 [INFO ] [] XPayClient initialize [/home/nynLMS/lib/payment/lgdacom] [test]
2017-01-24 19:20:07 [DEBUG] [] Config [server_id] = [01]
2017-01-24 19:20:07 [DEBUG] [] Config [timeout] = [60]
2017-01-24 19:20:07 [DEBUG] [] Config [log_level] = [4]
2017-01-24 19:20:07 [DEBUG] [] Config [verify_cert] = [1]
2017-01-24 19:20:07 [DEBUG] [] Config [verify_host] = [1]
2017-01-24 19:20:07 [DEBUG] [] Config [report_error] = [1]
2017-01-24 19:20:07 [DEBUG] [] Config [output_UTF8] = [1]
2017-01-24 19:20:07 [DEBUG] [] Config [auto_rollback] = [1]
2017-01-24 19:20:07 [DEBUG] [] Config [log_dir] = [/home/nynLMS/lib/payment/lgdacom/log]
2017-01-24 19:20:07 [DEBUG] [] Config [tnayanet] = [aa7d95db6f74e6e55389156b2dcb7716]
2017-01-24 19:20:07 [DEBUG] [] Config [nayanet] = [aa7d95db6f74e6e55389156b2dcb7716]
2017-01-24 19:20:07 [DEBUG] [] Config [url] = [https://xpayclient.lgdacom.net/xpay/Gateway.do]
2017-01-24 19:20:07 [DEBUG] [] Config [test_url] = [https://xpayclient.lgdacom.net:7443/xpay/Gateway.do]
2017-01-24 19:20:07 [DEBUG] [] Config [aux_url] = [http://xpayclient.lgdacom.net:7080/xpay/Gateway.do]
2017-01-24 19:20:12 [INFO ] [] XPayClient initialize [/home/nynLMS/lib/payment/lgdacom] [test]
2017-01-24 19:20:12 [DEBUG] [] Config [server_id] = [01]
2017-01-24 19:20:12 [DEBUG] [] Config [timeout] = [60]
2017-01-24 19:20:12 [DEBUG] [] Config [log_level] = [4]
2017-01-24 19:20:12 [DEBUG] [] Config [verify_cert] = [1]
2017-01-24 19:20:12 [DEBUG] [] Config [verify_host] = [1]
2017-01-24 19:20:12 [DEBUG] [] Config [report_error] = [1]
2017-01-24 19:20:12 [DEBUG] [] Config [output_UTF8] = [1]
2017-01-24 19:20:12 [DEBUG] [] Config [auto_rollback] = [1]
2017-01-24 19:20:12 [DEBUG] [] Config [log_dir] = [/home/nynLMS/lib/payment/lgdacom/log]
2017-01-24 19:20:12 [DEBUG] [] Config [tnayanet] = [aa7d95db6f74e6e55389156b2dcb7716]
2017-01-24 19:20:12 [DEBUG] [] Config [nayanet] = [aa7d95db6f74e6e55389156b2dcb7716]
2017-01-24 19:20:12 [DEBUG] [] Config [url] = [https://xpayclient.lgdacom.net/xpay/Gateway.do]
2017-01-24 19:20:12 [DEBUG] [] Config [test_url] = [https://xpayclient.lgdacom.net:7443/xpay/Gateway.do]
2017-01-24 19:20:12 [DEBUG] [] Config [aux_url] = [http://xpayclient.lgdacom.net:7080/xpay/Gateway.do]
2017-01-24 19:20:33 [INFO ] [] XPayClient initialize [/home/nynLMS/lib/payment/lgdacom] [test]
2017-01-24 19:20:33 [DEBUG] [] Config [server_id] = [01]
2017-01-24 19:20:33 [DEBUG] [] Config [timeout] = [60]
2017-01-24 19:20:33 [DEBUG] [] Config [log_level] = [4]
2017-01-24 19:20:33 [DEBUG] [] Config [verify_cert] = [1]
2017-01-24 19:20:33 [DEBUG] [] Config [verify_host] = [1]
2017-01-24 19:20:33 [DEBUG] [] Config [report_error] = [1]
2017-01-24 19:20:33 [DEBUG] [] Config [output_UTF8] = [1]
2017-01-24 19:20:33 [DEBUG] [] Config [auto_rollback] = [1]
2017-01-24 19:20:33 [DEBUG] [] Config [log_dir] = [/home/nynLMS/lib/payment/lgdacom/log]
2017-01-24 19:20:33 [DEBUG] [] Config [tnayanet] = [aa7d95db6f74e6e55389156b2dcb7716]
2017-01-24 19:20:33 [DEBUG] [] Config [nayanet] = [aa7d95db6f74e6e55389156b2dcb7716]
2017-01-24 19:20:33 [DEBUG] [] Config [url] = [https://xpayclient.lgdacom.net/xpay/Gateway.do]
2017-01-24 19:20:33 [DEBUG] [] Config [test_url] = [https://xpayclient.lgdacom.net:7443/xpay/Gateway.do]
2017-01-24 19:20:33 [DEBUG] [] Config [aux_url] = [http://xpayclient.lgdacom.net:7080/xpay/Gateway.do]
2017-01-24 19:21:01 [INFO ] [] XPayClient initialize [/home/nynLMS/lib/payment/lgdacom] [test]
2017-01-24 19:21:01 [DEBUG] [] Config [server_id] = [01]
2017-01-24 19:21:01 [DEBUG] [] Config [timeout] = [60]
2017-01-24 19:21:01 [DEBUG] [] Config [log_level] = [4]
2017-01-24 19:21:01 [DEBUG] [] Config [verify_cert] = [1]
2017-01-24 19:21:01 [DEBUG] [] Config [verify_host] = [1]
2017-01-24 19:21:01 [DEBUG] [] Config [report_error] = [1]
2017-01-24 19:21:01 [DEBUG] [] Config [output_UTF8] = [1]
2017-01-24 19:21:01 [DEBUG] [] Config [auto_rollback] = [1]
2017-01-24 19:21:01 [DEBUG] [] Config [log_dir] = [/home/nynLMS/lib/payment/lgdacom/log]
2017-01-24 19:21:01 [DEBUG] [] Config [tnayanet] = [aa7d95db6f74e6e55389156b2dcb7716]
2017-01-24 19:21:01 [DEBUG] [] Config [nayanet] = [aa7d95db6f74e6e55389156b2dcb7716]
2017-01-24 19:21:01 [DEBUG] [] Config [url] = [https://xpayclient.lgdacom.net/xpay/Gateway.do]
2017-01-24 19:21:01 [DEBUG] [] Config [test_url] = [https://xpayclient.lgdacom.net:7443/xpay/Gateway.do]
2017-01-24 19:21:01 [DEBUG] [] Config [aux_url] = [http://xpayclient.lgdacom.net:7080/xpay/Gateway.do]
2017-01-24 19:21:03 [INFO ] [] XPayClient initialize [/home/nynLMS/lib/payment/lgdacom] [test]
2017-01-24 19:21:03 [DEBUG] [] Config [server_id] = [01]
2017-01-24 19:21:03 [DEBUG] [] Config [timeout] = [60]
2017-01-24 19:21:03 [DEBUG] [] Config [log_level] = [4]
2017-01-24 19:21:03 [DEBUG] [] Config [verify_cert] = [1]
2017-01-24 19:21:03 [DEBUG] [] Config [verify_host] = [1]
2017-01-24 19:21:03 [DEBUG] [] Config [report_error] = [1]
2017-01-24 19:21:03 [DEBUG] [] Config [output_UTF8] = [1]
2017-01-24 19:21:03 [DEBUG] [] Config [auto_rollback] = [1]
2017-01-24 19:21:03 [DEBUG] [] Config [log_dir] = [/home/nynLMS/lib/payment/lgdacom/log]
2017-01-24 19:21:03 [DEBUG] [] Config [tnayanet] = [aa7d95db6f74e6e55389156b2dcb7716]
2017-01-24 19:21:03 [DEBUG] [] Config [nayanet] = [aa7d95db6f74e6e55389156b2dcb7716]
2017-01-24 19:21:03 [DEBUG] [] Config [url] = [https://xpayclient.lgdacom.net/xpay/Gateway.do]
2017-01-24 19:21:03 [DEBUG] [] Config [test_url] = [https://xpayclient.lgdacom.net:7443/xpay/Gateway.do]
2017-01-24 19:21:03 [DEBUG] [] Config [aux_url] = [http://xpayclient.lgdacom.net:7080/xpay/Gateway.do]
2017-01-24 19:21:58 [INFO ] [] XPayClient initialize [/home/nynLMS/lib/payment/lgdacom] [test]
2017-01-24 19:21:58 [DEBUG] [] Config [server_id] = [01]
2017-01-24 19:21:58 [DEBUG] [] Config [timeout] = [60]
2017-01-24 19:21:58 [DEBUG] [] Config [log_level] = [4]
2017-01-24 19:21:58 [DEBUG] [] Config [verify_cert] = [1]
2017-01-24 19:21:58 [DEBUG] [] Config [verify_host] = [1]
2017-01-24 19:21:58 [DEBUG] [] Config [report_error] = [1]
2017-01-24 19:21:58 [DEBUG] [] Config [output_UTF8] = [1]
2017-01-24 19:21:58 [DEBUG] [] Config [auto_rollback] = [1]
2017-01-24 19:21:58 [DEBUG] [] Config [log_dir] = [/home/nynLMS/lib/payment/lgdacom/log]
2017-01-24 19:21:58 [DEBUG] [] Config [tnayanet] = [aa7d95db6f74e6e55389156b2dcb7716]
2017-01-24 19:21:58 [DEBUG] [] Config [nayanet] = [aa7d95db6f74e6e55389156b2dcb7716]
2017-01-24 19:21:58 [DEBUG] [] Config [url] = [https://xpayclient.lgdacom.net/xpay/Gateway.do]
2017-01-24 19:21:58 [DEBUG] [] Config [test_url] = [https://xpayclient.lgdacom.net:7443/xpay/Gateway.do]
2017-01-24 19:21:58 [DEBUG] [] Config [aux_url] = [http://xpayclient.lgdacom.net:7080/xpay/Gateway.do]
2017-01-24 19:23:01 [INFO ] [] XPayClient initialize [/home/nynLMS/lib/payment/lgdacom] [test]
2017-01-24 19:23:01 [DEBUG] [] Config [server_id] = [01]
2017-01-24 19:23:01 [DEBUG] [] Config [timeout] = [60]
2017-01-24 19:23:01 [DEBUG] [] Config [log_level] = [4]
2017-01-24 19:23:01 [DEBUG] [] Config [verify_cert] = [1]
2017-01-24 19:23:01 [DEBUG] [] Config [verify_host] = [1]
2017-01-24 19:23:01 [DEBUG] [] Config [report_error] = [1]
2017-01-24 19:23:01 [DEBUG] [] Config [output_UTF8] = [1]
2017-01-24 19:23:01 [DEBUG] [] Config [auto_rollback] = [1]
2017-01-24 19:23:01 [DEBUG] [] Config [log_dir] = [/home/nynLMS/lib/payment/lgdacom/log]
2017-01-24 19:23:01 [DEBUG] [] Config [tnayanet] = [aa7d95db6f74e6e55389156b2dcb7716]
2017-01-24 19:23:01 [DEBUG] [] Config [nayanet] = [aa7d95db6f74e6e55389156b2dcb7716]
2017-01-24 19:23:01 [DEBUG] [] Config [url] = [https://xpayclient.lgdacom.net/xpay/Gateway.do]
2017-01-24 19:23:01 [DEBUG] [] Config [test_url] = [https://xpayclient.lgdacom.net:7443/xpay/Gateway.do]
2017-01-24 19:23:01 [DEBUG] [] Config [aux_url] = [http://xpayclient.lgdacom.net:7080/xpay/Gateway.do]
2017-01-24 19:23:04 [INFO ] [] XPayClient initialize [/home/nynLMS/lib/payment/lgdacom] [test]
2017-01-24 19:23:04 [DEBUG] [] Config [server_id] = [01]
2017-01-24 19:23:04 [DEBUG] [] Config [timeout] = [60]
2017-01-24 19:23:04 [DEBUG] [] Config [log_level] = [4]
2017-01-24 19:23:04 [DEBUG] [] Config [verify_cert] = [1]
2017-01-24 19:23:04 [DEBUG] [] Config [verify_host] = [1]
2017-01-24 19:23:04 [DEBUG] [] Config [report_error] = [1]
2017-01-24 19:23:04 [DEBUG] [] Config [output_UTF8] = [1]
2017-01-24 19:23:04 [DEBUG] [] Config [auto_rollback] = [1]
2017-01-24 19:23:04 [DEBUG] [] Config [log_dir] = [/home/nynLMS/lib/payment/lgdacom/log]
2017-01-24 19:23:04 [DEBUG] [] Config [tnayanet] = [aa7d95db6f74e6e55389156b2dcb7716]
2017-01-24 19:23:04 [DEBUG] [] Config [nayanet] = [aa7d95db6f74e6e55389156b2dcb7716]
2017-01-24 19:23:04 [DEBUG] [] Config [url] = [https://xpayclient.lgdacom.net/xpay/Gateway.do]
2017-01-24 19:23:04 [DEBUG] [] Config [test_url] = [https://xpayclient.lgdacom.net:7443/xpay/Gateway.do]
2017-01-24 19:23:04 [DEBUG] [] Config [aux_url] = [http://xpayclient.lgdacom.net:7080/xpay/Gateway.do]
2017-01-24 19:23:29 [INFO ] [] XPayClient initialize [/home/nynLMS/lib/payment/lgdacom] [test]
2017-01-24 19:23:29 [DEBUG] [] Config [server_id] = [01]
2017-01-24 19:23:29 [DEBUG] [] Config [timeout] = [60]
2017-01-24 19:23:29 [DEBUG] [] Config [log_level] = [4]
2017-01-24 19:23:29 [DEBUG] [] Config [verify_cert] = [1]
2017-01-24 19:23:29 [DEBUG] [] Config [verify_host] = [1]
2017-01-24 19:23:29 [DEBUG] [] Config [report_error] = [1]
2017-01-24 19:23:29 [DEBUG] [] Config [output_UTF8] = [1]
2017-01-24 19:23:29 [DEBUG] [] Config [auto_rollback] = [1]
2017-01-24 19:23:29 [DEBUG] [] Config [log_dir] = [/home/nynLMS/lib/payment/lgdacom/log]
2017-01-24 19:23:29 [DEBUG] [] Config [tnayanet] = [aa7d95db6f74e6e55389156b2dcb7716]
2017-01-24 19:23:29 [DEBUG] [] Config [nayanet] = [aa7d95db6f74e6e55389156b2dcb7716]
2017-01-24 19:23:29 [DEBUG] [] Config [url] = [https://xpayclient.lgdacom.net/xpay/Gateway.do]
2017-01-24 19:23:29 [DEBUG] [] Config [test_url] = [https://xpayclient.lgdacom.net:7443/xpay/Gateway.do]
2017-01-24 19:23:29 [DEBUG] [] Config [aux_url] = [http://xpayclient.lgdacom.net:7080/xpay/Gateway.do]
2017-01-24 19:24:47 [INFO ] [] XPayClient initialize [/home/nynLMS/lib/payment/lgdacom] [test]
2017-01-24 19:24:47 [DEBUG] [] Config [server_id] = [01]
2017-01-24 19:24:47 [DEBUG] [] Config [timeout] = [60]
2017-01-24 19:24:47 [DEBUG] [] Config [log_level] = [4]
2017-01-24 19:24:47 [DEBUG] [] Config [verify_cert] = [1]
2017-01-24 19:24:47 [DEBUG] [] Config [verify_host] = [1]
2017-01-24 19:24:47 [DEBUG] [] Config [report_error] = [1]
2017-01-24 19:24:47 [DEBUG] [] Config [output_UTF8] = [1]
2017-01-24 19:24:47 [DEBUG] [] Config [auto_rollback] = [1]
2017-01-24 19:24:47 [DEBUG] [] Config [log_dir] = [/home/nynLMS/lib/payment/lgdacom/log]
2017-01-24 19:24:47 [DEBUG] [] Config [tnayanet] = [aa7d95db6f74e6e55389156b2dcb7716]
2017-01-24 19:24:47 [DEBUG] [] Config [nayanet] = [aa7d95db6f74e6e55389156b2dcb7716]
2017-01-24 19:24:47 [DEBUG] [] Config [url] = [https://xpayclient.lgdacom.net/xpay/Gateway.do]
2017-01-24 19:24:47 [DEBUG] [] Config [test_url] = [https://xpayclient.lgdacom.net:7443/xpay/Gateway.do]
2017-01-24 19:24:47 [DEBUG] [] Config [aux_url] = [http://xpayclient.lgdacom.net:7080/xpay/Gateway.do]
2017-01-24 19:24:52 [INFO ] [] XPayClient initialize [/home/nynLMS/lib/payment/lgdacom] [test]
2017-01-24 19:24:52 [DEBUG] [] Config [server_id] = [01]
2017-01-24 19:24:52 [DEBUG] [] Config [timeout] = [60]
2017-01-24 19:24:52 [DEBUG] [] Config [log_level] = [4]
2017-01-24 19:24:52 [DEBUG] [] Config [verify_cert] = [1]
2017-01-24 19:24:52 [DEBUG] [] Config [verify_host] = [1]
2017-01-24 19:24:52 [DEBUG] [] Config [report_error] = [1]
2017-01-24 19:24:52 [DEBUG] [] Config [output_UTF8] = [1]
2017-01-24 19:24:52 [DEBUG] [] Config [auto_rollback] = [1]
2017-01-24 19:24:52 [DEBUG] [] Config [log_dir] = [/home/nynLMS/lib/payment/lgdacom/log]
2017-01-24 19:24:52 [DEBUG] [] Config [tnayanet] = [aa7d95db6f74e6e55389156b2dcb7716]
2017-01-24 19:24:52 [DEBUG] [] Config [nayanet] = [aa7d95db6f74e6e55389156b2dcb7716]
2017-01-24 19:24:52 [DEBUG] [] Config [url] = [https://xpayclient.lgdacom.net/xpay/Gateway.do]
2017-01-24 19:24:52 [DEBUG] [] Config [test_url] = [https://xpayclient.lgdacom.net:7443/xpay/Gateway.do]
2017-01-24 19:24:52 [DEBUG] [] Config [aux_url] = [http://xpayclient.lgdacom.net:7080/xpay/Gateway.do]
2017-01-24 19:24:53 [INFO ] [] XPayClient initialize [/home/nynLMS/lib/payment/lgdacom] [test]
2017-01-24 19:24:53 [DEBUG] [] Config [server_id] = [01]
2017-01-24 19:24:53 [DEBUG] [] Config [timeout] = [60]
2017-01-24 19:24:53 [DEBUG] [] Config [log_level] = [4]
2017-01-24 19:24:53 [DEBUG] [] Config [verify_cert] = [1]
2017-01-24 19:24:53 [DEBUG] [] Config [verify_host] = [1]
2017-01-24 19:24:53 [DEBUG] [] Config [report_error] = [1]
2017-01-24 19:24:53 [DEBUG] [] Config [output_UTF8] = [1]
2017-01-24 19:24:53 [DEBUG] [] Config [auto_rollback] = [1]
2017-01-24 19:24:53 [DEBUG] [] Config [log_dir] = [/home/nynLMS/lib/payment/lgdacom/log]
2017-01-24 19:24:53 [DEBUG] [] Config [tnayanet] = [aa7d95db6f74e6e55389156b2dcb7716]
2017-01-24 19:24:53 [DEBUG] [] Config [nayanet] = [aa7d95db6f74e6e55389156b2dcb7716]
2017-01-24 19:24:53 [DEBUG] [] Config [url] = [https://xpayclient.lgdacom.net/xpay/Gateway.do]
2017-01-24 19:24:53 [DEBUG] [] Config [test_url] = [https://xpayclient.lgdacom.net:7443/xpay/Gateway.do]
2017-01-24 19:24:53 [DEBUG] [] Config [aux_url] = [http://xpayclient.lgdacom.net:7080/xpay/Gateway.do]
2017-01-24 19:24:55 [INFO ] [] XPayClient initialize [/home/nynLMS/lib/payment/lgdacom] [test]
2017-01-24 19:24:55 [DEBUG] [] Config [server_id] = [01]
2017-01-24 19:24:55 [DEBUG] [] Config [timeout] = [60]
2017-01-24 19:24:55 [DEBUG] [] Config [log_level] = [4]
2017-01-24 19:24:55 [DEBUG] [] Config [verify_cert] = [1]
2017-01-24 19:24:55 [DEBUG] [] Config [verify_host] = [1]
2017-01-24 19:24:55 [DEBUG] [] Config [report_error] = [1]
2017-01-24 19:24:55 [DEBUG] [] Config [output_UTF8] = [1]
2017-01-24 19:24:55 [DEBUG] [] Config [auto_rollback] = [1]
2017-01-24 19:24:55 [DEBUG] [] Config [log_dir] = [/home/nynLMS/lib/payment/lgdacom/log]
2017-01-24 19:24:55 [DEBUG] [] Config [tnayanet] = [aa7d95db6f74e6e55389156b2dcb7716]
2017-01-24 19:24:55 [DEBUG] [] Config [nayanet] = [aa7d95db6f74e6e55389156b2dcb7716]
2017-01-24 19:24:55 [DEBUG] [] Config [url] = [https://xpayclient.lgdacom.net/xpay/Gateway.do]
2017-01-24 19:24:55 [DEBUG] [] Config [test_url] = [https://xpayclient.lgdacom.net:7443/xpay/Gateway.do]
2017-01-24 19:24:55 [DEBUG] [] Config [aux_url] = [http://xpayclient.lgdacom.net:7080/xpay/Gateway.do]
2017-01-24 19:24:56 [INFO ] [] XPayClient initialize [/home/nynLMS/lib/payment/lgdacom] [test]
2017-01-24 19:24:56 [DEBUG] [] Config [server_id] = [01]
2017-01-24 19:24:56 [DEBUG] [] Config [timeout] = [60]
2017-01-24 19:24:56 [DEBUG] [] Config [log_level] = [4]
2017-01-24 19:24:56 [DEBUG] [] Config [verify_cert] = [1]
2017-01-24 19:24:56 [DEBUG] [] Config [verify_host] = [1]
2017-01-24 19:24:56 [DEBUG] [] Config [report_error] = [1]
2017-01-24 19:24:56 [DEBUG] [] Config [output_UTF8] = [1]
2017-01-24 19:24:56 [DEBUG] [] Config [auto_rollback] = [1]
2017-01-24 19:24:56 [DEBUG] [] Config [log_dir] = [/home/nynLMS/lib/payment/lgdacom/log]
2017-01-24 19:24:56 [DEBUG] [] Config [tnayanet] = [aa7d95db6f74e6e55389156b2dcb7716]
2017-01-24 19:24:56 [DEBUG] [] Config [nayanet] = [aa7d95db6f74e6e55389156b2dcb7716]
2017-01-24 19:24:56 [DEBUG] [] Config [url] = [https://xpayclient.lgdacom.net/xpay/Gateway.do]
2017-01-24 19:24:56 [DEBUG] [] Config [test_url] = [https://xpayclient.lgdacom.net:7443/xpay/Gateway.do]
2017-01-24 19:24:56 [DEBUG] [] Config [aux_url] = [http://xpayclient.lgdacom.net:7080/xpay/Gateway.do]
2017-01-24 19:24:57 [INFO ] [] XPayClient initialize [/home/nynLMS/lib/payment/lgdacom] [test]
2017-01-24 19:24:57 [DEBUG] [] Config [server_id] = [01]
2017-01-24 19:24:57 [DEBUG] [] Config [timeout] = [60]
2017-01-24 19:24:57 [DEBUG] [] Config [log_level] = [4]
2017-01-24 19:24:57 [DEBUG] [] Config [verify_cert] = [1]
2017-01-24 19:24:57 [DEBUG] [] Config [verify_host] = [1]
2017-01-24 19:24:57 [DEBUG] [] Config [report_error] = [1]
2017-01-24 19:24:57 [DEBUG] [] Config [output_UTF8] = [1]
2017-01-24 19:24:57 [DEBUG] [] Config [auto_rollback] = [1]
2017-01-24 19:24:57 [DEBUG] [] Config [log_dir] = [/home/nynLMS/lib/payment/lgdacom/log]
2017-01-24 19:24:57 [DEBUG] [] Config [tnayanet] = [aa7d95db6f74e6e55389156b2dcb7716]
2017-01-24 19:24:57 [DEBUG] [] Config [nayanet] = [aa7d95db6f74e6e55389156b2dcb7716]
2017-01-24 19:24:57 [DEBUG] [] Config [url] = [https://xpayclient.lgdacom.net/xpay/Gateway.do]
2017-01-24 19:24:57 [DEBUG] [] Config [test_url] = [https://xpayclient.lgdacom.net:7443/xpay/Gateway.do]
2017-01-24 19:24:57 [DEBUG] [] Config [aux_url] = [http://xpayclient.lgdacom.net:7080/xpay/Gateway.do]
2017-01-24 19:26:26 [INFO ] [] XPayClient initialize [/home/nynLMS/lib/payment/lgdacom] [test]
2017-01-24 19:26:26 [DEBUG] [] Config [server_id] = [01]
2017-01-24 19:26:26 [DEBUG] [] Config [timeout] = [60]
2017-01-24 19:26:26 [DEBUG] [] Config [log_level] = [4]
2017-01-24 19:26:26 [DEBUG] [] Config [verify_cert] = [1]
2017-01-24 19:26:26 [DEBUG] [] Config [verify_host] = [1]
2017-01-24 19:26:26 [DEBUG] [] Config [report_error] = [1]
2017-01-24 19:26:26 [DEBUG] [] Config [output_UTF8] = [1]
2017-01-24 19:26:26 [DEBUG] [] Config [auto_rollback] = [1]
2017-01-24 19:26:26 [DEBUG] [] Config [log_dir] = [/home/nynLMS/lib/payment/lgdacom/log]
2017-01-24 19:26:26 [DEBUG] [] Config [tnayanet] = [aa7d95db6f74e6e55389156b2dcb7716]
2017-01-24 19:26:26 [DEBUG] [] Config [nayanet] = [aa7d95db6f74e6e55389156b2dcb7716]
2017-01-24 19:26:26 [DEBUG] [] Config [url] = [https://xpayclient.lgdacom.net/xpay/Gateway.do]
2017-01-24 19:26:26 [DEBUG] [] Config [test_url] = [https://xpayclient.lgdacom.net:7443/xpay/Gateway.do]
2017-01-24 19:26:26 [DEBUG] [] Config [aux_url] = [http://xpayclient.lgdacom.net:7080/xpay/Gateway.do]
2017-01-24 19:26:27 [INFO ] [] XPayClient initialize [/home/nynLMS/lib/payment/lgdacom] [test]
2017-01-24 19:26:27 [DEBUG] [] Config [server_id] = [01]
2017-01-24 19:26:27 [DEBUG] [] Config [timeout] = [60]
2017-01-24 19:26:27 [DEBUG] [] Config [log_level] = [4]
2017-01-24 19:26:27 [DEBUG] [] Config [verify_cert] = [1]
2017-01-24 19:26:27 [DEBUG] [] Config [verify_host] = [1]
2017-01-24 19:26:27 [DEBUG] [] Config [report_error] = [1]
2017-01-24 19:26:27 [DEBUG] [] Config [output_UTF8] = [1]
2017-01-24 19:26:27 [DEBUG] [] Config [auto_rollback] = [1]
2017-01-24 19:26:27 [DEBUG] [] Config [log_dir] = [/home/nynLMS/lib/payment/lgdacom/log]
2017-01-24 19:26:27 [DEBUG] [] Config [tnayanet] = [aa7d95db6f74e6e55389156b2dcb7716]
2017-01-24 19:26:27 [DEBUG] [] Config [nayanet] = [aa7d95db6f74e6e55389156b2dcb7716]
2017-01-24 19:26:27 [DEBUG] [] Config [url] = [https://xpayclient.lgdacom.net/xpay/Gateway.do]
2017-01-24 19:26:27 [DEBUG] [] Config [test_url] = [https://xpayclient.lgdacom.net:7443/xpay/Gateway.do]
2017-01-24 19:26:27 [DEBUG] [] Config [aux_url] = [http://xpayclient.lgdacom.net:7080/xpay/Gateway.do]
2017-01-24 19:26:29 [INFO ] [] XPayClient initialize [/home/nynLMS/lib/payment/lgdacom] [test]
2017-01-24 19:26:29 [DEBUG] [] Config [server_id] = [01]
2017-01-24 19:26:29 [DEBUG] [] Config [timeout] = [60]
2017-01-24 19:26:29 [DEBUG] [] Config [log_level] = [4]
2017-01-24 19:26:29 [DEBUG] [] Config [verify_cert] = [1]
2017-01-24 19:26:29 [DEBUG] [] Config [verify_host] = [1]
2017-01-24 19:26:29 [DEBUG] [] Config [report_error] = [1]
2017-01-24 19:26:29 [DEBUG] [] Config [output_UTF8] = [1]
2017-01-24 19:26:29 [DEBUG] [] Config [auto_rollback] = [1]
2017-01-24 19:26:29 [DEBUG] [] Config [log_dir] = [/home/nynLMS/lib/payment/lgdacom/log]
2017-01-24 19:26:29 [DEBUG] [] Config [tnayanet] = [aa7d95db6f74e6e55389156b2dcb7716]
2017-01-24 19:26:29 [DEBUG] [] Config [nayanet] = [aa7d95db6f74e6e55389156b2dcb7716]
2017-01-24 19:26:29 [DEBUG] [] Config [url] = [https://xpayclient.lgdacom.net/xpay/Gateway.do]
2017-01-24 19:26:29 [DEBUG] [] Config [test_url] = [https://xpayclient.lgdacom.net:7443/xpay/Gateway.do]
2017-01-24 19:26:29 [DEBUG] [] Config [aux_url] = [http://xpayclient.lgdacom.net:7080/xpay/Gateway.do]
2017-01-24 19:26:36 [INFO ] [] XPayClient initialize [/home/nynLMS/lib/payment/lgdacom] [test]
2017-01-24 19:26:36 [DEBUG] [] Config [server_id] = [01]
2017-01-24 19:26:36 [DEBUG] [] Config [timeout] = [60]
2017-01-24 19:26:36 [DEBUG] [] Config [log_level] = [4]
2017-01-24 19:26:36 [DEBUG] [] Config [verify_cert] = [1]
2017-01-24 19:26:36 [DEBUG] [] Config [verify_host] = [1]
2017-01-24 19:26:36 [DEBUG] [] Config [report_error] = [1]
2017-01-24 19:26:36 [DEBUG] [] Config [output_UTF8] = [1]
2017-01-24 19:26:36 [DEBUG] [] Config [auto_rollback] = [1]
2017-01-24 19:26:36 [DEBUG] [] Config [log_dir] = [/home/nynLMS/lib/payment/lgdacom/log]
2017-01-24 19:26:36 [DEBUG] [] Config [tnayanet] = [aa7d95db6f74e6e55389156b2dcb7716]
2017-01-24 19:26:36 [DEBUG] [] Config [nayanet] = [aa7d95db6f74e6e55389156b2dcb7716]
2017-01-24 19:26:36 [DEBUG] [] Config [url] = [https://xpayclient.lgdacom.net/xpay/Gateway.do]
2017-01-24 19:26:36 [DEBUG] [] Config [test_url] = [https://xpayclient.lgdacom.net:7443/xpay/Gateway.do]
2017-01-24 19:26:36 [DEBUG] [] Config [aux_url] = [http://xpayclient.lgdacom.net:7080/xpay/Gateway.do]
2017-01-24 19:26:38 [INFO ] [] XPayClient initialize [/home/nynLMS/lib/payment/lgdacom] [test]
2017-01-24 19:26:38 [DEBUG] [] Config [server_id] = [01]
2017-01-24 19:26:38 [DEBUG] [] Config [timeout] = [60]
2017-01-24 19:26:38 [DEBUG] [] Config [log_level] = [4]
2017-01-24 19:26:38 [DEBUG] [] Config [verify_cert] = [1]
2017-01-24 19:26:38 [DEBUG] [] Config [verify_host] = [1]
2017-01-24 19:26:38 [DEBUG] [] Config [report_error] = [1]
2017-01-24 19:26:38 [DEBUG] [] Config [output_UTF8] = [1]
2017-01-24 19:26:38 [DEBUG] [] Config [auto_rollback] = [1]
2017-01-24 19:26:38 [DEBUG] [] Config [log_dir] = [/home/nynLMS/lib/payment/lgdacom/log]
2017-01-24 19:26:38 [DEBUG] [] Config [tnayanet] = [aa7d95db6f74e6e55389156b2dcb7716]
2017-01-24 19:26:38 [DEBUG] [] Config [nayanet] = [aa7d95db6f74e6e55389156b2dcb7716]
2017-01-24 19:26:38 [DEBUG] [] Config [url] = [https://xpayclient.lgdacom.net/xpay/Gateway.do]
2017-01-24 19:26:38 [DEBUG] [] Config [test_url] = [https://xpayclient.lgdacom.net:7443/xpay/Gateway.do]
2017-01-24 19:26:38 [DEBUG] [] Config [aux_url] = [http://xpayclient.lgdacom.net:7080/xpay/Gateway.do]
2017-01-24 19:26:40 [INFO ] [] XPayClient initialize [/home/nynLMS/lib/payment/lgdacom] [test]
2017-01-24 19:26:40 [DEBUG] [] Config [server_id] = [01]
2017-01-24 19:26:40 [DEBUG] [] Config [timeout] = [60]
2017-01-24 19:26:40 [DEBUG] [] Config [log_level] = [4]
2017-01-24 19:26:40 [DEBUG] [] Config [verify_cert] = [1]
2017-01-24 19:26:40 [DEBUG] [] Config [verify_host] = [1]
2017-01-24 19:26:40 [DEBUG] [] Config [report_error] = [1]
2017-01-24 19:26:40 [DEBUG] [] Config [output_UTF8] = [1]
2017-01-24 19:26:40 [DEBUG] [] Config [auto_rollback] = [1]
2017-01-24 19:26:40 [DEBUG] [] Config [log_dir] = [/home/nynLMS/lib/payment/lgdacom/log]
2017-01-24 19:26:40 [DEBUG] [] Config [tnayanet] = [aa7d95db6f74e6e55389156b2dcb7716]
2017-01-24 19:26:40 [DEBUG] [] Config [nayanet] = [aa7d95db6f74e6e55389156b2dcb7716]
2017-01-24 19:26:40 [DEBUG] [] Config [url] = [https://xpayclient.lgdacom.net/xpay/Gateway.do]
2017-01-24 19:26:40 [DEBUG] [] Config [test_url] = [https://xpayclient.lgdacom.net:7443/xpay/Gateway.do]
2017-01-24 19:26:40 [DEBUG] [] Config [aux_url] = [http://xpayclient.lgdacom.net:7080/xpay/Gateway.do]
2017-01-24 19:26:42 [INFO ] [] XPayClient initialize [/home/nynLMS/lib/payment/lgdacom] [test]
2017-01-24 19:26:42 [DEBUG] [] Config [server_id] = [01]
2017-01-24 19:26:42 [DEBUG] [] Config [timeout] = [60]
2017-01-24 19:26:42 [DEBUG] [] Config [log_level] = [4]
2017-01-24 19:26:42 [DEBUG] [] Config [verify_cert] = [1]
2017-01-24 19:26:42 [DEBUG] [] Config [verify_host] = [1]
2017-01-24 19:26:42 [DEBUG] [] Config [report_error] = [1]
2017-01-24 19:26:42 [DEBUG] [] Config [output_UTF8] = [1]
2017-01-24 19:26:42 [DEBUG] [] Config [auto_rollback] = [1]
2017-01-24 19:26:42 [DEBUG] [] Config [log_dir] = [/home/nynLMS/lib/payment/lgdacom/log]
2017-01-24 19:26:42 [DEBUG] [] Config [tnayanet] = [aa7d95db6f74e6e55389156b2dcb7716]
2017-01-24 19:26:42 [DEBUG] [] Config [nayanet] = [aa7d95db6f74e6e55389156b2dcb7716]
2017-01-24 19:26:42 [DEBUG] [] Config [url] = [https://xpayclient.lgdacom.net/xpay/Gateway.do]
2017-01-24 19:26:42 [DEBUG] [] Config [test_url] = [https://xpayclient.lgdacom.net:7443/xpay/Gateway.do]
2017-01-24 19:26:42 [DEBUG] [] Config [aux_url] = [http://xpayclient.lgdacom.net:7080/xpay/Gateway.do]
2017-01-24 19:27:27 [INFO ] [] XPayClient initialize [/home/nynLMS/lib/payment/lgdacom] [test]
2017-01-24 19:27:27 [DEBUG] [] Config [server_id] = [01]
2017-01-24 19:27:27 [DEBUG] [] Config [timeout] = [60]
2017-01-24 19:27:27 [DEBUG] [] Config [log_level] = [4]
2017-01-24 19:27:27 [DEBUG] [] Config [verify_cert] = [1]
2017-01-24 19:27:27 [DEBUG] [] Config [verify_host] = [1]
2017-01-24 19:27:27 [DEBUG] [] Config [report_error] = [1]
2017-01-24 19:27:27 [DEBUG] [] Config [output_UTF8] = [1]
2017-01-24 19:27:27 [DEBUG] [] Config [auto_rollback] = [1]
2017-01-24 19:27:27 [DEBUG] [] Config [log_dir] = [/home/nynLMS/lib/payment/lgdacom/log]
2017-01-24 19:27:27 [DEBUG] [] Config [tnayanet] = [aa7d95db6f74e6e55389156b2dcb7716]
2017-01-24 19:27:27 [DEBUG] [] Config [nayanet] = [aa7d95db6f74e6e55389156b2dcb7716]
2017-01-24 19:27:27 [DEBUG] [] Config [url] = [https://xpayclient.lgdacom.net/xpay/Gateway.do]
2017-01-24 19:27:27 [DEBUG] [] Config [test_url] = [https://xpayclient.lgdacom.net:7443/xpay/Gateway.do]
2017-01-24 19:27:27 [DEBUG] [] Config [aux_url] = [http://xpayclient.lgdacom.net:7080/xpay/Gateway.do]
2017-01-24 19:28:14 [INFO ] [] XPayClient initialize [/home/nynLMS/lib/payment/lgdacom] [test]
2017-01-24 19:28:14 [DEBUG] [] Config [server_id] = [01]
2017-01-24 19:28:14 [DEBUG] [] Config [timeout] = [60]
2017-01-24 19:28:14 [DEBUG] [] Config [log_level] = [4]
2017-01-24 19:28:14 [DEBUG] [] Config [verify_cert] = [1]
2017-01-24 19:28:14 [DEBUG] [] Config [verify_host] = [1]
2017-01-24 19:28:14 [DEBUG] [] Config [report_error] = [1]
2017-01-24 19:28:14 [DEBUG] [] Config [output_UTF8] = [1]
2017-01-24 19:28:14 [DEBUG] [] Config [auto_rollback] = [1]
2017-01-24 19:28:14 [DEBUG] [] Config [log_dir] = [/home/nynLMS/lib/payment/lgdacom/log]
2017-01-24 19:28:14 [DEBUG] [] Config [tnayanet] = [aa7d95db6f74e6e55389156b2dcb7716]
2017-01-24 19:28:14 [DEBUG] [] Config [nayanet] = [aa7d95db6f74e6e55389156b2dcb7716]
2017-01-24 19:28:14 [DEBUG] [] Config [url] = [https://xpayclient.lgdacom.net/xpay/Gateway.do]
2017-01-24 19:28:14 [DEBUG] [] Config [test_url] = [https://xpayclient.lgdacom.net:7443/xpay/Gateway.do]
2017-01-24 19:28:14 [DEBUG] [] Config [aux_url] = [http://xpayclient.lgdacom.net:7080/xpay/Gateway.do]
2017-01-24 19:28:34 [INFO ] [] XPayClient initialize [/home/nynLMS/lib/payment/lgdacom] [test]
2017-01-24 19:28:34 [DEBUG] [] Config [server_id] = [01]
2017-01-24 19:28:34 [DEBUG] [] Config [timeout] = [60]
2017-01-24 19:28:34 [DEBUG] [] Config [log_level] = [4]
2017-01-24 19:28:34 [DEBUG] [] Config [verify_cert] = [1]
2017-01-24 19:28:34 [DEBUG] [] Config [verify_host] = [1]
2017-01-24 19:28:34 [DEBUG] [] Config [report_error] = [1]
2017-01-24 19:28:34 [DEBUG] [] Config [output_UTF8] = [1]
2017-01-24 19:28:34 [DEBUG] [] Config [auto_rollback] = [1]
2017-01-24 19:28:34 [DEBUG] [] Config [log_dir] = [/home/nynLMS/lib/payment/lgdacom/log]
2017-01-24 19:28:34 [DEBUG] [] Config [tnayanet] = [aa7d95db6f74e6e55389156b2dcb7716]
2017-01-24 19:28:34 [DEBUG] [] Config [nayanet] = [aa7d95db6f74e6e55389156b2dcb7716]
2017-01-24 19:28:34 [DEBUG] [] Config [url] = [https://xpayclient.lgdacom.net/xpay/Gateway.do]
2017-01-24 19:28:34 [DEBUG] [] Config [test_url] = [https://xpayclient.lgdacom.net:7443/xpay/Gateway.do]
2017-01-24 19:28:34 [DEBUG] [] Config [aux_url] = [http://xpayclient.lgdacom.net:7080/xpay/Gateway.do]
2017-01-24 19:29:10 [INFO ] [] XPayClient initialize [/home/nynLMS/lib/payment/lgdacom] [test]
2017-01-24 19:29:10 [DEBUG] [] Config [server_id] = [01]
2017-01-24 19:29:10 [DEBUG] [] Config [timeout] = [60]
2017-01-24 19:29:10 [DEBUG] [] Config [log_level] = [4]
2017-01-24 19:29:10 [DEBUG] [] Config [verify_cert] = [1]
2017-01-24 19:29:10 [DEBUG] [] Config [verify_host] = [1]
2017-01-24 19:29:10 [DEBUG] [] Config [report_error] = [1]
2017-01-24 19:29:10 [DEBUG] [] Config [output_UTF8] = [1]
2017-01-24 19:29:10 [DEBUG] [] Config [auto_rollback] = [1]
2017-01-24 19:29:10 [DEBUG] [] Config [log_dir] = [/home/nynLMS/lib/payment/lgdacom/log]
2017-01-24 19:29:10 [DEBUG] [] Config [tnayanet] = [aa7d95db6f74e6e55389156b2dcb7716]
2017-01-24 19:29:10 [DEBUG] [] Config [nayanet] = [aa7d95db6f74e6e55389156b2dcb7716]
2017-01-24 19:29:10 [DEBUG] [] Config [url] = [https://xpayclient.lgdacom.net/xpay/Gateway.do]
2017-01-24 19:29:10 [DEBUG] [] Config [test_url] = [https://xpayclient.lgdacom.net:7443/xpay/Gateway.do]
2017-01-24 19:29:10 [DEBUG] [] Config [aux_url] = [http://xpayclient.lgdacom.net:7080/xpay/Gateway.do]
2017-01-24 19:29:18 [INFO ] [] XPayClient initialize [/home/nynLMS/lib/payment/lgdacom] [test]
2017-01-24 19:29:18 [DEBUG] [] Config [server_id] = [01]
2017-01-24 19:29:18 [DEBUG] [] Config [timeout] = [60]
2017-01-24 19:29:18 [DEBUG] [] Config [log_level] = [4]
2017-01-24 19:29:18 [DEBUG] [] Config [verify_cert] = [1]
2017-01-24 19:29:18 [DEBUG] [] Config [verify_host] = [1]
2017-01-24 19:29:18 [DEBUG] [] Config [report_error] = [1]
2017-01-24 19:29:18 [DEBUG] [] Config [output_UTF8] = [1]
2017-01-24 19:29:18 [DEBUG] [] Config [auto_rollback] = [1]
2017-01-24 19:29:18 [DEBUG] [] Config [log_dir] = [/home/nynLMS/lib/payment/lgdacom/log]
2017-01-24 19:29:18 [DEBUG] [] Config [tnayanet] = [aa7d95db6f74e6e55389156b2dcb7716]
2017-01-24 19:29:18 [DEBUG] [] Config [nayanet] = [aa7d95db6f74e6e55389156b2dcb7716]
2017-01-24 19:29:18 [DEBUG] [] Config [url] = [https://xpayclient.lgdacom.net/xpay/Gateway.do]
2017-01-24 19:29:18 [DEBUG] [] Config [test_url] = [https://xpayclient.lgdacom.net:7443/xpay/Gateway.do]
2017-01-24 19:29:18 [DEBUG] [] Config [aux_url] = [http://xpayclient.lgdacom.net:7080/xpay/Gateway.do]
2017-01-24 19:29:39 [INFO ] [] XPayClient initialize [/home/nynLMS/lib/payment/lgdacom] [test]
2017-01-24 19:29:39 [DEBUG] [] Config [server_id] = [01]
2017-01-24 19:29:39 [DEBUG] [] Config [timeout] = [60]
2017-01-24 19:29:39 [DEBUG] [] Config [log_level] = [4]
2017-01-24 19:29:39 [DEBUG] [] Config [verify_cert] = [1]
2017-01-24 19:29:39 [DEBUG] [] Config [verify_host] = [1]
2017-01-24 19:29:39 [DEBUG] [] Config [report_error] = [1]
2017-01-24 19:29:39 [DEBUG] [] Config [output_UTF8] = [1]
2017-01-24 19:29:39 [DEBUG] [] Config [auto_rollback] = [1]
2017-01-24 19:29:39 [DEBUG] [] Config [log_dir] = [/home/nynLMS/lib/payment/lgdacom/log]
2017-01-24 19:29:39 [DEBUG] [] Config [tnayanet] = [aa7d95db6f74e6e55389156b2dcb7716]
2017-01-24 19:29:39 [DEBUG] [] Config [nayanet] = [aa7d95db6f74e6e55389156b2dcb7716]
2017-01-24 19:29:39 [DEBUG] [] Config [url] = [https://xpayclient.lgdacom.net/xpay/Gateway.do]
2017-01-24 19:29:39 [DEBUG] [] Config [test_url] = [https://xpayclient.lgdacom.net:7443/xpay/Gateway.do]
2017-01-24 19:29:39 [DEBUG] [] Config [aux_url] = [http://xpayclient.lgdacom.net:7080/xpay/Gateway.do]
2017-01-24 19:29:53 [INFO ] [] XPayClient initialize [/home/nynLMS/lib/payment/lgdacom] [test]
2017-01-24 19:29:53 [DEBUG] [] Config [server_id] = [01]
2017-01-24 19:29:53 [DEBUG] [] Config [timeout] = [60]
2017-01-24 19:29:53 [DEBUG] [] Config [log_level] = [4]
2017-01-24 19:29:53 [DEBUG] [] Config [verify_cert] = [1]
2017-01-24 19:29:53 [DEBUG] [] Config [verify_host] = [1]
2017-01-24 19:29:53 [DEBUG] [] Config [report_error] = [1]
2017-01-24 19:29:53 [DEBUG] [] Config [output_UTF8] = [1]
2017-01-24 19:29:53 [DEBUG] [] Config [auto_rollback] = [1]
2017-01-24 19:29:53 [DEBUG] [] Config [log_dir] = [/home/nynLMS/lib/payment/lgdacom/log]
2017-01-24 19:29:53 [DEBUG] [] Config [tnayanet] = [aa7d95db6f74e6e55389156b2dcb7716]
2017-01-24 19:29:53 [DEBUG] [] Config [nayanet] = [aa7d95db6f74e6e55389156b2dcb7716]
2017-01-24 19:29:53 [DEBUG] [] Config [url] = [https://xpayclient.lgdacom.net/xpay/Gateway.do]
2017-01-24 19:29:53 [DEBUG] [] Config [test_url] = [https://xpayclient.lgdacom.net:7443/xpay/Gateway.do]
2017-01-24 19:29:53 [DEBUG] [] Config [aux_url] = [http://xpayclient.lgdacom.net:7080/xpay/Gateway.do]
2017-01-24 19:30:08 [INFO ] [] XPayClient initialize [/home/nynLMS/lib/payment/lgdacom] [test]
2017-01-24 19:30:08 [DEBUG] [] Config [server_id] = [01]
2017-01-24 19:30:08 [DEBUG] [] Config [timeout] = [60]
2017-01-24 19:30:08 [DEBUG] [] Config [log_level] = [4]
2017-01-24 19:30:08 [DEBUG] [] Config [verify_cert] = [1]
2017-01-24 19:30:08 [DEBUG] [] Config [verify_host] = [1]
2017-01-24 19:30:08 [DEBUG] [] Config [report_error] = [1]
2017-01-24 19:30:08 [DEBUG] [] Config [output_UTF8] = [1]
2017-01-24 19:30:08 [DEBUG] [] Config [auto_rollback] = [1]
2017-01-24 19:30:08 [DEBUG] [] Config [log_dir] = [/home/nynLMS/lib/payment/lgdacom/log]
2017-01-24 19:30:08 [DEBUG] [] Config [tnayanet] = [aa7d95db6f74e6e55389156b2dcb7716]
2017-01-24 19:30:08 [DEBUG] [] Config [nayanet] = [aa7d95db6f74e6e55389156b2dcb7716]
2017-01-24 19:30:08 [DEBUG] [] Config [url] = [https://xpayclient.lgdacom.net/xpay/Gateway.do]
2017-01-24 19:30:08 [DEBUG] [] Config [test_url] = [https://xpayclient.lgdacom.net:7443/xpay/Gateway.do]
2017-01-24 19:30:08 [DEBUG] [] Config [aux_url] = [http://xpayclient.lgdacom.net:7080/xpay/Gateway.do]
2017-01-24 19:30:09 [INFO ] [] XPayClient initialize [/home/nynLMS/lib/payment/lgdacom] [test]
2017-01-24 19:30:09 [DEBUG] [] Config [server_id] = [01]
2017-01-24 19:30:09 [DEBUG] [] Config [timeout] = [60]
2017-01-24 19:30:09 [DEBUG] [] Config [log_level] = [4]
2017-01-24 19:30:09 [DEBUG] [] Config [verify_cert] = [1]
2017-01-24 19:30:09 [DEBUG] [] Config [verify_host] = [1]
2017-01-24 19:30:09 [DEBUG] [] Config [report_error] = [1]
2017-01-24 19:30:09 [DEBUG] [] Config [output_UTF8] = [1]
2017-01-24 19:30:09 [DEBUG] [] Config [auto_rollback] = [1]
2017-01-24 19:30:09 [DEBUG] [] Config [log_dir] = [/home/nynLMS/lib/payment/lgdacom/log]
2017-01-24 19:30:09 [DEBUG] [] Config [tnayanet] = [aa7d95db6f74e6e55389156b2dcb7716]
2017-01-24 19:30:09 [DEBUG] [] Config [nayanet] = [aa7d95db6f74e6e55389156b2dcb7716]
2017-01-24 19:30:09 [DEBUG] [] Config [url] = [https://xpayclient.lgdacom.net/xpay/Gateway.do]
2017-01-24 19:30:09 [DEBUG] [] Config [test_url] = [https://xpayclient.lgdacom.net:7443/xpay/Gateway.do]
2017-01-24 19:30:09 [DEBUG] [] Config [aux_url] = [http://xpayclient.lgdacom.net:7080/xpay/Gateway.do]
2017-01-24 19:30:10 [INFO ] [] XPayClient initialize [/home/nynLMS/lib/payment/lgdacom] [test]
2017-01-24 19:30:10 [DEBUG] [] Config [server_id] = [01]
2017-01-24 19:30:10 [DEBUG] [] Config [timeout] = [60]
2017-01-24 19:30:10 [DEBUG] [] Config [log_level] = [4]
2017-01-24 19:30:10 [DEBUG] [] Config [verify_cert] = [1]
2017-01-24 19:30:10 [DEBUG] [] Config [verify_host] = [1]
2017-01-24 19:30:10 [DEBUG] [] Config [report_error] = [1]
2017-01-24 19:30:10 [DEBUG] [] Config [output_UTF8] = [1]
2017-01-24 19:30:10 [DEBUG] [] Config [auto_rollback] = [1]
2017-01-24 19:30:10 [DEBUG] [] Config [log_dir] = [/home/nynLMS/lib/payment/lgdacom/log]
2017-01-24 19:30:10 [DEBUG] [] Config [tnayanet] = [aa7d95db6f74e6e55389156b2dcb7716]
2017-01-24 19:30:10 [DEBUG] [] Config [nayanet] = [aa7d95db6f74e6e55389156b2dcb7716]
2017-01-24 19:30:10 [DEBUG] [] Config [url] = [https://xpayclient.lgdacom.net/xpay/Gateway.do]
2017-01-24 19:30:10 [DEBUG] [] Config [test_url] = [https://xpayclient.lgdacom.net:7443/xpay/Gateway.do]
2017-01-24 19:30:10 [DEBUG] [] Config [aux_url] = [http://xpayclient.lgdacom.net:7080/xpay/Gateway.do]
2017-01-24 19:30:44 [INFO ] [] XPayClient initialize [/home/nynLMS/lib/payment/lgdacom] [test]
2017-01-24 19:30:44 [DEBUG] [] Config [server_id] = [01]
2017-01-24 19:30:44 [DEBUG] [] Config [timeout] = [60]
2017-01-24 19:30:44 [DEBUG] [] Config [log_level] = [4]
2017-01-24 19:30:44 [DEBUG] [] Config [verify_cert] = [1]
2017-01-24 19:30:44 [DEBUG] [] Config [verify_host] = [1]
2017-01-24 19:30:44 [DEBUG] [] Config [report_error] = [1]
2017-01-24 19:30:44 [DEBUG] [] Config [output_UTF8] = [1]
2017-01-24 19:30:44 [DEBUG] [] Config [auto_rollback] = [1]
2017-01-24 19:30:44 [DEBUG] [] Config [log_dir] = [/home/nynLMS/lib/payment/lgdacom/log]
2017-01-24 19:30:44 [DEBUG] [] Config [tnayanet] = [aa7d95db6f74e6e55389156b2dcb7716]
2017-01-24 19:30:44 [DEBUG] [] Config [nayanet] = [aa7d95db6f74e6e55389156b2dcb7716]
2017-01-24 19:30:44 [DEBUG] [] Config [url] = [https://xpayclient.lgdacom.net/xpay/Gateway.do]
2017-01-24 19:30:44 [DEBUG] [] Config [test_url] = [https://xpayclient.lgdacom.net:7443/xpay/Gateway.do]
2017-01-24 19:30:44 [DEBUG] [] Config [aux_url] = [http://xpayclient.lgdacom.net:7080/xpay/Gateway.do]
2017-01-24 19:30:46 [INFO ] [] XPayClient initialize [/home/nynLMS/lib/payment/lgdacom] [test]
2017-01-24 19:30:46 [DEBUG] [] Config [server_id] = [01]
2017-01-24 19:30:46 [DEBUG] [] Config [timeout] = [60]
2017-01-24 19:30:46 [DEBUG] [] Config [log_level] = [4]
2017-01-24 19:30:46 [DEBUG] [] Config [verify_cert] = [1]
2017-01-24 19:30:46 [DEBUG] [] Config [verify_host] = [1]
2017-01-24 19:30:46 [DEBUG] [] Config [report_error] = [1]
2017-01-24 19:30:46 [DEBUG] [] Config [output_UTF8] = [1]
2017-01-24 19:30:46 [DEBUG] [] Config [auto_rollback] = [1]
2017-01-24 19:30:46 [DEBUG] [] Config [log_dir] = [/home/nynLMS/lib/payment/lgdacom/log]
2017-01-24 19:30:46 [DEBUG] [] Config [tnayanet] = [aa7d95db6f74e6e55389156b2dcb7716]
2017-01-24 19:30:46 [DEBUG] [] Config [nayanet] = [aa7d95db6f74e6e55389156b2dcb7716]
2017-01-24 19:30:46 [DEBUG] [] Config [url] = [https://xpayclient.lgdacom.net/xpay/Gateway.do]
2017-01-24 19:30:46 [DEBUG] [] Config [test_url] = [https://xpayclient.lgdacom.net:7443/xpay/Gateway.do]
2017-01-24 19:30:46 [DEBUG] [] Config [aux_url] = [http://xpayclient.lgdacom.net:7080/xpay/Gateway.do]
2017-01-24 19:33:21 [INFO ] [] XPayClient initialize [/home/nynLMS/lib/payment/lgdacom] [test]
2017-01-24 19:33:21 [DEBUG] [] Config [server_id] = [01]
2017-01-24 19:33:21 [DEBUG] [] Config [timeout] = [60]
2017-01-24 19:33:21 [DEBUG] [] Config [log_level] = [4]
2017-01-24 19:33:21 [DEBUG] [] Config [verify_cert] = [1]
2017-01-24 19:33:21 [DEBUG] [] Config [verify_host] = [1]
2017-01-24 19:33:21 [DEBUG] [] Config [report_error] = [1]
2017-01-24 19:33:21 [DEBUG] [] Config [output_UTF8] = [1]
2017-01-24 19:33:21 [DEBUG] [] Config [auto_rollback] = [1]
2017-01-24 19:33:21 [DEBUG] [] Config [log_dir] = [/home/nynLMS/lib/payment/lgdacom/log]
2017-01-24 19:33:21 [DEBUG] [] Config [tnayanet] = [aa7d95db6f74e6e55389156b2dcb7716]
2017-01-24 19:33:21 [DEBUG] [] Config [nayanet] = [aa7d95db6f74e6e55389156b2dcb7716]
2017-01-24 19:33:21 [DEBUG] [] Config [url] = [https://xpayclient.lgdacom.net/xpay/Gateway.do]
2017-01-24 19:33:21 [DEBUG] [] Config [test_url] = [https://xpayclient.lgdacom.net:7443/xpay/Gateway.do]
2017-01-24 19:33:21 [DEBUG] [] Config [aux_url] = [http://xpayclient.lgdacom.net:7080/xpay/Gateway.do]
2017-01-24 19:33:22 [INFO ] [] XPayClient initialize [/home/nynLMS/lib/payment/lgdacom] [test]
2017-01-24 19:33:22 [DEBUG] [] Config [server_id] = [01]
2017-01-24 19:33:22 [DEBUG] [] Config [timeout] = [60]
2017-01-24 19:33:22 [DEBUG] [] Config [log_level] = [4]
2017-01-24 19:33:22 [DEBUG] [] Config [verify_cert] = [1]
2017-01-24 19:33:22 [DEBUG] [] Config [verify_host] = [1]
2017-01-24 19:33:22 [DEBUG] [] Config [report_error] = [1]
2017-01-24 19:33:22 [DEBUG] [] Config [output_UTF8] = [1]
2017-01-24 19:33:22 [DEBUG] [] Config [auto_rollback] = [1]
2017-01-24 19:33:22 [DEBUG] [] Config [log_dir] = [/home/nynLMS/lib/payment/lgdacom/log]
2017-01-24 19:33:22 [DEBUG] [] Config [tnayanet] = [aa7d95db6f74e6e55389156b2dcb7716]
2017-01-24 19:33:22 [DEBUG] [] Config [nayanet] = [aa7d95db6f74e6e55389156b2dcb7716]
2017-01-24 19:33:22 [DEBUG] [] Config [url] = [https://xpayclient.lgdacom.net/xpay/Gateway.do]
2017-01-24 19:33:22 [DEBUG] [] Config [test_url] = [https://xpayclient.lgdacom.net:7443/xpay/Gateway.do]
2017-01-24 19:33:22 [DEBUG] [] Config [aux_url] = [http://xpayclient.lgdacom.net:7080/xpay/Gateway.do]
2017-01-24 19:33:33 [INFO ] [] XPayClient initialize [/home/nynLMS/lib/payment/lgdacom] [test]
2017-01-24 19:33:33 [DEBUG] [] Config [server_id] = [01]
2017-01-24 19:33:33 [DEBUG] [] Config [timeout] = [60]
2017-01-24 19:33:33 [DEBUG] [] Config [log_level] = [4]
2017-01-24 19:33:33 [DEBUG] [] Config [verify_cert] = [1]
2017-01-24 19:33:33 [DEBUG] [] Config [verify_host] = [1]
2017-01-24 19:33:33 [DEBUG] [] Config [report_error] = [1]
2017-01-24 19:33:33 [DEBUG] [] Config [output_UTF8] = [1]
2017-01-24 19:33:33 [DEBUG] [] Config [auto_rollback] = [1]
2017-01-24 19:33:33 [DEBUG] [] Config [log_dir] = [/home/nynLMS/lib/payment/lgdacom/log]
2017-01-24 19:33:33 [DEBUG] [] Config [tnayanet] = [aa7d95db6f74e6e55389156b2dcb7716]
2017-01-24 19:33:33 [DEBUG] [] Config [nayanet] = [aa7d95db6f74e6e55389156b2dcb7716]
2017-01-24 19:33:33 [DEBUG] [] Config [url] = [https://xpayclient.lgdacom.net/xpay/Gateway.do]
2017-01-24 19:33:33 [DEBUG] [] Config [test_url] = [https://xpayclient.lgdacom.net:7443/xpay/Gateway.do]
2017-01-24 19:33:33 [DEBUG] [] Config [aux_url] = [http://xpayclient.lgdacom.net:7080/xpay/Gateway.do]
2017-01-24 19:33:34 [INFO ] [] XPayClient initialize [/home/nynLMS/lib/payment/lgdacom] [test]
2017-01-24 19:33:34 [DEBUG] [] Config [server_id] = [01]
2017-01-24 19:33:34 [DEBUG] [] Config [timeout] = [60]
2017-01-24 19:33:34 [DEBUG] [] Config [log_level] = [4]
2017-01-24 19:33:34 [DEBUG] [] Config [verify_cert] = [1]
2017-01-24 19:33:34 [DEBUG] [] Config [verify_host] = [1]
2017-01-24 19:33:34 [DEBUG] [] Config [report_error] = [1]
2017-01-24 19:33:34 [DEBUG] [] Config [output_UTF8] = [1]
2017-01-24 19:33:34 [DEBUG] [] Config [auto_rollback] = [1]
2017-01-24 19:33:34 [DEBUG] [] Config [log_dir] = [/home/nynLMS/lib/payment/lgdacom/log]
2017-01-24 19:33:34 [DEBUG] [] Config [tnayanet] = [aa7d95db6f74e6e55389156b2dcb7716]
2017-01-24 19:33:34 [DEBUG] [] Config [nayanet] = [aa7d95db6f74e6e55389156b2dcb7716]
2017-01-24 19:33:34 [DEBUG] [] Config [url] = [https://xpayclient.lgdacom.net/xpay/Gateway.do]
2017-01-24 19:33:34 [DEBUG] [] Config [test_url] = [https://xpayclient.lgdacom.net:7443/xpay/Gateway.do]
2017-01-24 19:33:34 [DEBUG] [] Config [aux_url] = [http://xpayclient.lgdacom.net:7080/xpay/Gateway.do]
2017-01-24 19:33:35 [INFO ] [] XPayClient initialize [/home/nynLMS/lib/payment/lgdacom] [test]
2017-01-24 19:33:35 [DEBUG] [] Config [server_id] = [01]
2017-01-24 19:33:35 [DEBUG] [] Config [timeout] = [60]
2017-01-24 19:33:35 [DEBUG] [] Config [log_level] = [4]
2017-01-24 19:33:35 [DEBUG] [] Config [verify_cert] = [1]
2017-01-24 19:33:35 [DEBUG] [] Config [verify_host] = [1]
2017-01-24 19:33:35 [DEBUG] [] Config [report_error] = [1]
2017-01-24 19:33:35 [DEBUG] [] Config [output_UTF8] = [1]
2017-01-24 19:33:35 [DEBUG] [] Config [auto_rollback] = [1]
2017-01-24 19:33:35 [DEBUG] [] Config [log_dir] = [/home/nynLMS/lib/payment/lgdacom/log]
2017-01-24 19:33:35 [DEBUG] [] Config [tnayanet] = [aa7d95db6f74e6e55389156b2dcb7716]
2017-01-24 19:33:35 [DEBUG] [] Config [nayanet] = [aa7d95db6f74e6e55389156b2dcb7716]
2017-01-24 19:33:35 [DEBUG] [] Config [url] = [https://xpayclient.lgdacom.net/xpay/Gateway.do]
2017-01-24 19:33:35 [DEBUG] [] Config [test_url] = [https://xpayclient.lgdacom.net:7443/xpay/Gateway.do]
2017-01-24 19:33:35 [DEBUG] [] Config [aux_url] = [http://xpayclient.lgdacom.net:7080/xpay/Gateway.do]
2017-01-24 19:33:38 [INFO ] [] XPayClient initialize [/home/nynLMS/lib/payment/lgdacom] [test]
2017-01-24 19:33:38 [DEBUG] [] Config [server_id] = [01]
2017-01-24 19:33:38 [DEBUG] [] Config [timeout] = [60]
2017-01-24 19:33:38 [DEBUG] [] Config [log_level] = [4]
2017-01-24 19:33:38 [DEBUG] [] Config [verify_cert] = [1]
2017-01-24 19:33:38 [DEBUG] [] Config [verify_host] = [1]
2017-01-24 19:33:38 [DEBUG] [] Config [report_error] = [1]
2017-01-24 19:33:38 [DEBUG] [] Config [output_UTF8] = [1]
2017-01-24 19:33:38 [DEBUG] [] Config [auto_rollback] = [1]
2017-01-24 19:33:38 [DEBUG] [] Config [log_dir] = [/home/nynLMS/lib/payment/lgdacom/log]
2017-01-24 19:33:38 [DEBUG] [] Config [tnayanet] = [aa7d95db6f74e6e55389156b2dcb7716]
2017-01-24 19:33:38 [DEBUG] [] Config [nayanet] = [aa7d95db6f74e6e55389156b2dcb7716]
2017-01-24 19:33:38 [DEBUG] [] Config [url] = [https://xpayclient.lgdacom.net/xpay/Gateway.do]
2017-01-24 19:33:38 [DEBUG] [] Config [test_url] = [https://xpayclient.lgdacom.net:7443/xpay/Gateway.do]
2017-01-24 19:33:38 [DEBUG] [] Config [aux_url] = [http://xpayclient.lgdacom.net:7080/xpay/Gateway.do]
2017-01-24 19:35:25 [INFO ] [] XPayClient initialize [/home/nynLMS/lib/payment/lgdacom] [test]
2017-01-24 19:35:25 [DEBUG] [] Config [server_id] = [01]
2017-01-24 19:35:25 [DEBUG] [] Config [timeout] = [60]
2017-01-24 19:35:25 [DEBUG] [] Config [log_level] = [4]
2017-01-24 19:35:25 [DEBUG] [] Config [verify_cert] = [1]
2017-01-24 19:35:25 [DEBUG] [] Config [verify_host] = [1]
2017-01-24 19:35:25 [DEBUG] [] Config [report_error] = [1]
2017-01-24 19:35:25 [DEBUG] [] Config [output_UTF8] = [1]
2017-01-24 19:35:25 [DEBUG] [] Config [auto_rollback] = [1]
2017-01-24 19:35:25 [DEBUG] [] Config [log_dir] = [/home/nynLMS/lib/payment/lgdacom/log]
2017-01-24 19:35:25 [DEBUG] [] Config [tnayanet] = [aa7d95db6f74e6e55389156b2dcb7716]
2017-01-24 19:35:25 [DEBUG] [] Config [nayanet] = [aa7d95db6f74e6e55389156b2dcb7716]
2017-01-24 19:35:25 [DEBUG] [] Config [url] = [https://xpayclient.lgdacom.net/xpay/Gateway.do]
2017-01-24 19:35:25 [DEBUG] [] Config [test_url] = [https://xpayclient.lgdacom.net:7443/xpay/Gateway.do]
2017-01-24 19:35:25 [DEBUG] [] Config [aux_url] = [http://xpayclient.lgdacom.net:7080/xpay/Gateway.do]
2017-01-24 19:35:27 [INFO ] [] XPayClient initialize [/home/nynLMS/lib/payment/lgdacom] [test]
2017-01-24 19:35:27 [DEBUG] [] Config [server_id] = [01]
2017-01-24 19:35:27 [DEBUG] [] Config [timeout] = [60]
2017-01-24 19:35:27 [DEBUG] [] Config [log_level] = [4]
2017-01-24 19:35:27 [DEBUG] [] Config [verify_cert] = [1]
2017-01-24 19:35:27 [DEBUG] [] Config [verify_host] = [1]
2017-01-24 19:35:27 [DEBUG] [] Config [report_error] = [1]
2017-01-24 19:35:27 [DEBUG] [] Config [output_UTF8] = [1]
2017-01-24 19:35:27 [DEBUG] [] Config [auto_rollback] = [1]
2017-01-24 19:35:27 [DEBUG] [] Config [log_dir] = [/home/nynLMS/lib/payment/lgdacom/log]
2017-01-24 19:35:27 [DEBUG] [] Config [tnayanet] = [aa7d95db6f74e6e55389156b2dcb7716]
2017-01-24 19:35:27 [DEBUG] [] Config [nayanet] = [aa7d95db6f74e6e55389156b2dcb7716]
2017-01-24 19:35:27 [DEBUG] [] Config [url] = [https://xpayclient.lgdacom.net/xpay/Gateway.do]
2017-01-24 19:35:27 [DEBUG] [] Config [test_url] = [https://xpayclient.lgdacom.net:7443/xpay/Gateway.do]
2017-01-24 19:35:27 [DEBUG] [] Config [aux_url] = [http://xpayclient.lgdacom.net:7080/xpay/Gateway.do]
2017-01-24 19:35:45 [INFO ] [] XPayClient initialize [/home/nynLMS/lib/payment/lgdacom] [test]
2017-01-24 19:35:45 [DEBUG] [] Config [server_id] = [01]
2017-01-24 19:35:45 [DEBUG] [] Config [timeout] = [60]
2017-01-24 19:35:45 [DEBUG] [] Config [log_level] = [4]
2017-01-24 19:35:45 [DEBUG] [] Config [verify_cert] = [1]
2017-01-24 19:35:45 [DEBUG] [] Config [verify_host] = [1]
2017-01-24 19:35:45 [DEBUG] [] Config [report_error] = [1]
2017-01-24 19:35:45 [DEBUG] [] Config [output_UTF8] = [1]
2017-01-24 19:35:45 [DEBUG] [] Config [auto_rollback] = [1]
2017-01-24 19:35:45 [DEBUG] [] Config [log_dir] = [/home/nynLMS/lib/payment/lgdacom/log]
2017-01-24 19:35:45 [DEBUG] [] Config [tnayanet] = [aa7d95db6f74e6e55389156b2dcb7716]
2017-01-24 19:35:45 [DEBUG] [] Config [nayanet] = [aa7d95db6f74e6e55389156b2dcb7716]
2017-01-24 19:35:45 [DEBUG] [] Config [url] = [https://xpayclient.lgdacom.net/xpay/Gateway.do]
2017-01-24 19:35:45 [DEBUG] [] Config [test_url] = [https://xpayclient.lgdacom.net:7443/xpay/Gateway.do]
2017-01-24 19:35:45 [DEBUG] [] Config [aux_url] = [http://xpayclient.lgdacom.net:7080/xpay/Gateway.do]
2017-01-24 19:35:48 [INFO ] [] XPayClient initialize [/home/nynLMS/lib/payment/lgdacom] [test]
2017-01-24 19:35:48 [DEBUG] [] Config [server_id] = [01]
2017-01-24 19:35:48 [DEBUG] [] Config [timeout] = [60]
2017-01-24 19:35:48 [DEBUG] [] Config [log_level] = [4]
2017-01-24 19:35:48 [DEBUG] [] Config [verify_cert] = [1]
2017-01-24 19:35:48 [DEBUG] [] Config [verify_host] = [1]
2017-01-24 19:35:48 [DEBUG] [] Config [report_error] = [1]
2017-01-24 19:35:48 [DEBUG] [] Config [output_UTF8] = [1]
2017-01-24 19:35:48 [DEBUG] [] Config [auto_rollback] = [1]
2017-01-24 19:35:48 [DEBUG] [] Config [log_dir] = [/home/nynLMS/lib/payment/lgdacom/log]
2017-01-24 19:35:48 [DEBUG] [] Config [tnayanet] = [aa7d95db6f74e6e55389156b2dcb7716]
2017-01-24 19:35:48 [DEBUG] [] Config [nayanet] = [aa7d95db6f74e6e55389156b2dcb7716]
2017-01-24 19:35:48 [DEBUG] [] Config [url] = [https://xpayclient.lgdacom.net/xpay/Gateway.do]
2017-01-24 19:35:48 [DEBUG] [] Config [test_url] = [https://xpayclient.lgdacom.net:7443/xpay/Gateway.do]
2017-01-24 19:35:48 [DEBUG] [] Config [aux_url] = [http://xpayclient.lgdacom.net:7080/xpay/Gateway.do]
2017-01-24 19:45:07 [INFO ] [] XPayClient initialize [/home/nynLMS/lib/payment/lgdacom] [test]
2017-01-24 19:45:07 [DEBUG] [] Config [server_id] = [01]
2017-01-24 19:45:07 [DEBUG] [] Config [timeout] = [60]
2017-01-24 19:45:07 [DEBUG] [] Config [log_level] = [4]
2017-01-24 19:45:07 [DEBUG] [] Config [verify_cert] = [1]
2017-01-24 19:45:07 [DEBUG] [] Config [verify_host] = [1]
2017-01-24 19:45:07 [DEBUG] [] Config [report_error] = [1]
2017-01-24 19:45:07 [DEBUG] [] Config [output_UTF8] = [1]
2017-01-24 19:45:07 [DEBUG] [] Config [auto_rollback] = [1]
2017-01-24 19:45:07 [DEBUG] [] Config [log_dir] = [/home/nynLMS/lib/payment/lgdacom/log]
2017-01-24 19:45:07 [DEBUG] [] Config [tnayanet] = [aa7d95db6f74e6e55389156b2dcb7716]
2017-01-24 19:45:07 [DEBUG] [] Config [nayanet] = [aa7d95db6f74e6e55389156b2dcb7716]
2017-01-24 19:45:07 [DEBUG] [] Config [url] = [https://xpayclient.lgdacom.net/xpay/Gateway.do]
2017-01-24 19:45:07 [DEBUG] [] Config [test_url] = [https://xpayclient.lgdacom.net:7443/xpay/Gateway.do]
2017-01-24 19:45:07 [DEBUG] [] Config [aux_url] = [http://xpayclient.lgdacom.net:7080/xpay/Gateway.do]
2017-01-24 19:46:12 [INFO ] [] XPayClient initialize [/home/nynLMS/lib/payment/lgdacom] [test]
2017-01-24 19:46:12 [DEBUG] [] Config [server_id] = [01]
2017-01-24 19:46:12 [DEBUG] [] Config [timeout] = [60]
2017-01-24 19:46:12 [DEBUG] [] Config [log_level] = [4]
2017-01-24 19:46:12 [DEBUG] [] Config [verify_cert] = [1]
2017-01-24 19:46:12 [DEBUG] [] Config [verify_host] = [1]
2017-01-24 19:46:12 [DEBUG] [] Config [report_error] = [1]
2017-01-24 19:46:12 [DEBUG] [] Config [output_UTF8] = [1]
2017-01-24 19:46:12 [DEBUG] [] Config [auto_rollback] = [1]
2017-01-24 19:46:12 [DEBUG] [] Config [log_dir] = [/home/nynLMS/lib/payment/lgdacom/log]
2017-01-24 19:46:12 [DEBUG] [] Config [tnayanet] = [aa7d95db6f74e6e55389156b2dcb7716]
2017-01-24 19:46:12 [DEBUG] [] Config [nayanet] = [aa7d95db6f74e6e55389156b2dcb7716]
2017-01-24 19:46:12 [DEBUG] [] Config [url] = [https://xpayclient.lgdacom.net/xpay/Gateway.do]
2017-01-24 19:46:12 [DEBUG] [] Config [test_url] = [https://xpayclient.lgdacom.net:7443/xpay/Gateway.do]
2017-01-24 19:46:12 [DEBUG] [] Config [aux_url] = [http://xpayclient.lgdacom.net:7080/xpay/Gateway.do]
2017-01-24 19:46:13 [INFO ] [] XPayClient initialize [/home/nynLMS/lib/payment/lgdacom] [test]
2017-01-24 19:46:13 [DEBUG] [] Config [server_id] = [01]
2017-01-24 19:46:13 [DEBUG] [] Config [timeout] = [60]
2017-01-24 19:46:13 [DEBUG] [] Config [log_level] = [4]
2017-01-24 19:46:13 [DEBUG] [] Config [verify_cert] = [1]
2017-01-24 19:46:13 [DEBUG] [] Config [verify_host] = [1]
2017-01-24 19:46:13 [DEBUG] [] Config [report_error] = [1]
2017-01-24 19:46:13 [DEBUG] [] Config [output_UTF8] = [1]
2017-01-24 19:46:13 [DEBUG] [] Config [auto_rollback] = [1]
2017-01-24 19:46:13 [DEBUG] [] Config [log_dir] = [/home/nynLMS/lib/payment/lgdacom/log]
2017-01-24 19:46:13 [DEBUG] [] Config [tnayanet] = [aa7d95db6f74e6e55389156b2dcb7716]
2017-01-24 19:46:13 [DEBUG] [] Config [nayanet] = [aa7d95db6f74e6e55389156b2dcb7716]
2017-01-24 19:46:13 [DEBUG] [] Config [url] = [https://xpayclient.lgdacom.net/xpay/Gateway.do]
2017-01-24 19:46:13 [DEBUG] [] Config [test_url] = [https://xpayclient.lgdacom.net:7443/xpay/Gateway.do]
2017-01-24 19:46:13 [DEBUG] [] Config [aux_url] = [http://xpayclient.lgdacom.net:7080/xpay/Gateway.do]
2017-01-24 19:57:13 [INFO ] [] XPayClient initialize [/home/nynLMS/lib/payment/lgdacom] [test]
2017-01-24 19:57:13 [DEBUG] [] Config [server_id] = [01]
2017-01-24 19:57:13 [DEBUG] [] Config [timeout] = [60]
2017-01-24 19:57:13 [DEBUG] [] Config [log_level] = [4]
2017-01-24 19:57:13 [DEBUG] [] Config [verify_cert] = [1]
2017-01-24 19:57:13 [DEBUG] [] Config [verify_host] = [1]
2017-01-24 19:57:13 [DEBUG] [] Config [report_error] = [1]
2017-01-24 19:57:13 [DEBUG] [] Config [output_UTF8] = [1]
2017-01-24 19:57:13 [DEBUG] [] Config [auto_rollback] = [1]
2017-01-24 19:57:13 [DEBUG] [] Config [log_dir] = [/home/nynLMS/lib/payment/lgdacom/log]
2017-01-24 19:57:13 [DEBUG] [] Config [tnayanet] = [aa7d95db6f74e6e55389156b2dcb7716]
2017-01-24 19:57:13 [DEBUG] [] Config [nayanet] = [aa7d95db6f74e6e55389156b2dcb7716]
2017-01-24 19:57:13 [DEBUG] [] Config [url] = [https://xpayclient.lgdacom.net/xpay/Gateway.do]
2017-01-24 19:57:13 [DEBUG] [] Config [test_url] = [https://xpayclient.lgdacom.net:7443/xpay/Gateway.do]
2017-01-24 19:57:13 [DEBUG] [] Config [aux_url] = [http://xpayclient.lgdacom.net:7080/xpay/Gateway.do]
2017-01-24 19:58:26 [INFO ] [] XPayClient initialize [/home/nynLMS/lib/payment/lgdacom] [test]
2017-01-24 19:58:26 [DEBUG] [] Config [server_id] = [01]
2017-01-24 19:58:26 [DEBUG] [] Config [timeout] = [60]
2017-01-24 19:58:26 [DEBUG] [] Config [log_level] = [4]
2017-01-24 19:58:26 [DEBUG] [] Config [verify_cert] = [1]
2017-01-24 19:58:26 [DEBUG] [] Config [verify_host] = [1]
2017-01-24 19:58:26 [DEBUG] [] Config [report_error] = [1]
2017-01-24 19:58:26 [DEBUG] [] Config [output_UTF8] = [1]
2017-01-24 19:58:26 [DEBUG] [] Config [auto_rollback] = [1]
2017-01-24 19:58:26 [DEBUG] [] Config [log_dir] = [/home/nynLMS/lib/payment/lgdacom/log]
2017-01-24 19:58:26 [DEBUG] [] Config [tnayanet] = [aa7d95db6f74e6e55389156b2dcb7716]
2017-01-24 19:58:26 [DEBUG] [] Config [nayanet] = [aa7d95db6f74e6e55389156b2dcb7716]
2017-01-24 19:58:26 [DEBUG] [] Config [url] = [https://xpayclient.lgdacom.net/xpay/Gateway.do]
2017-01-24 19:58:26 [DEBUG] [] Config [test_url] = [https://xpayclient.lgdacom.net:7443/xpay/Gateway.do]
2017-01-24 19:58:26 [DEBUG] [] Config [aux_url] = [http://xpayclient.lgdacom.net:7080/xpay/Gateway.do]
2017-01-24 20:40:27 [INFO ] [] XPayClient initialize [/home/nynLMS/lib/payment/lgdacom] [test]
2017-01-24 20:40:27 [DEBUG] [] Config [server_id] = [01]
2017-01-24 20:40:27 [DEBUG] [] Config [timeout] = [60]
2017-01-24 20:40:27 [DEBUG] [] Config [log_level] = [4]
2017-01-24 20:40:27 [DEBUG] [] Config [verify_cert] = [1]
2017-01-24 20:40:27 [DEBUG] [] Config [verify_host] = [1]
2017-01-24 20:40:27 [DEBUG] [] Config [report_error] = [1]
2017-01-24 20:40:27 [DEBUG] [] Config [output_UTF8] = [1]
2017-01-24 20:40:27 [DEBUG] [] Config [auto_rollback] = [1]
2017-01-24 20:40:27 [DEBUG] [] Config [log_dir] = [/home/nynLMS/lib/payment/lgdacom/log]
2017-01-24 20:40:27 [DEBUG] [] Config [tnayanet] = [aa7d95db6f74e6e55389156b2dcb7716]
2017-01-24 20:40:27 [DEBUG] [] Config [nayanet] = [aa7d95db6f74e6e55389156b2dcb7716]
2017-01-24 20:40:27 [DEBUG] [] Config [url] = [https://xpayclient.lgdacom.net/xpay/Gateway.do]
2017-01-24 20:40:27 [DEBUG] [] Config [test_url] = [https://xpayclient.lgdacom.net:7443/xpay/Gateway.do]
2017-01-24 20:40:27 [DEBUG] [] Config [aux_url] = [http://xpayclient.lgdacom.net:7080/xpay/Gateway.do]
2017-01-24 21:22:10 [INFO ] [] XPayClient initialize [/home/nynLMS/lib/payment/lgdacom] [test]
2017-01-24 21:22:10 [DEBUG] [] Config [server_id] = [01]
2017-01-24 21:22:10 [DEBUG] [] Config [timeout] = [60]
2017-01-24 21:22:10 [DEBUG] [] Config [log_level] = [4]
2017-01-24 21:22:10 [DEBUG] [] Config [verify_cert] = [1]
2017-01-24 21:22:10 [DEBUG] [] Config [verify_host] = [1]
2017-01-24 21:22:10 [DEBUG] [] Config [report_error] = [1]
2017-01-24 21:22:10 [DEBUG] [] Config [output_UTF8] = [1]
2017-01-24 21:22:10 [DEBUG] [] Config [auto_rollback] = [1]
2017-01-24 21:22:10 [DEBUG] [] Config [log_dir] = [/home/nynLMS/lib/payment/lgdacom/log]
2017-01-24 21:22:10 [DEBUG] [] Config [tnayanet] = [aa7d95db6f74e6e55389156b2dcb7716]
2017-01-24 21:22:10 [DEBUG] [] Config [nayanet] = [aa7d95db6f74e6e55389156b2dcb7716]
2017-01-24 21:22:10 [DEBUG] [] Config [url] = [https://xpayclient.lgdacom.net/xpay/Gateway.do]
2017-01-24 21:22:10 [DEBUG] [] Config [test_url] = [https://xpayclient.lgdacom.net:7443/xpay/Gateway.do]
2017-01-24 21:22:10 [DEBUG] [] Config [aux_url] = [http://xpayclient.lgdacom.net:7080/xpay/Gateway.do]
2017-01-24 21:22:12 [INFO ] [] XPayClient initialize [/home/nynLMS/lib/payment/lgdacom] [test]
2017-01-24 21:22:12 [DEBUG] [] Config [server_id] = [01]
2017-01-24 21:22:12 [DEBUG] [] Config [timeout] = [60]
2017-01-24 21:22:12 [DEBUG] [] Config [log_level] = [4]
2017-01-24 21:22:12 [DEBUG] [] Config [verify_cert] = [1]
2017-01-24 21:22:12 [DEBUG] [] Config [verify_host] = [1]
2017-01-24 21:22:12 [DEBUG] [] Config [report_error] = [1]
2017-01-24 21:22:12 [DEBUG] [] Config [output_UTF8] = [1]
2017-01-24 21:22:12 [DEBUG] [] Config [auto_rollback] = [1]
2017-01-24 21:22:12 [DEBUG] [] Config [log_dir] = [/home/nynLMS/lib/payment/lgdacom/log]
2017-01-24 21:22:12 [DEBUG] [] Config [tnayanet] = [aa7d95db6f74e6e55389156b2dcb7716]
2017-01-24 21:22:12 [DEBUG] [] Config [nayanet] = [aa7d95db6f74e6e55389156b2dcb7716]
2017-01-24 21:22:12 [DEBUG] [] Config [url] = [https://xpayclient.lgdacom.net/xpay/Gateway.do]
2017-01-24 21:22:12 [DEBUG] [] Config [test_url] = [https://xpayclient.lgdacom.net:7443/xpay/Gateway.do]
2017-01-24 21:22:12 [DEBUG] [] Config [aux_url] = [http://xpayclient.lgdacom.net:7080/xpay/Gateway.do]
2017-01-24 21:23:04 [INFO ] [] XPayClient initialize [/home/nynLMS/lib/payment/lgdacom] [test]
2017-01-24 21:23:04 [DEBUG] [] Config [server_id] = [01]
2017-01-24 21:23:04 [DEBUG] [] Config [timeout] = [60]
2017-01-24 21:23:04 [DEBUG] [] Config [log_level] = [4]
2017-01-24 21:23:04 [DEBUG] [] Config [verify_cert] = [1]
2017-01-24 21:23:04 [DEBUG] [] Config [verify_host] = [1]
2017-01-24 21:23:04 [DEBUG] [] Config [report_error] = [1]
2017-01-24 21:23:04 [DEBUG] [] Config [output_UTF8] = [1]
2017-01-24 21:23:04 [DEBUG] [] Config [auto_rollback] = [1]
2017-01-24 21:23:04 [DEBUG] [] Config [log_dir] = [/home/nynLMS/lib/payment/lgdacom/log]
2017-01-24 21:23:04 [DEBUG] [] Config [tnayanet] = [aa7d95db6f74e6e55389156b2dcb7716]
2017-01-24 21:23:04 [DEBUG] [] Config [nayanet] = [aa7d95db6f74e6e55389156b2dcb7716]
2017-01-24 21:23:04 [DEBUG] [] Config [url] = [https://xpayclient.lgdacom.net/xpay/Gateway.do]
2017-01-24 21:23:04 [DEBUG] [] Config [test_url] = [https://xpayclient.lgdacom.net:7443/xpay/Gateway.do]
2017-01-24 21:23:04 [DEBUG] [] Config [aux_url] = [http://xpayclient.lgdacom.net:7080/xpay/Gateway.do]
