2018-01-08 10:42:13 [INFO ] [] XPayClient initialize [/home/nynLMS/lib/payment/lgdacom] [test]
2018-01-08 10:42:13 [DEBUG] [] Config [server_id] = [01]
2018-01-08 10:42:13 [DEBUG] [] Config [timeout] = [60]
2018-01-08 10:42:13 [DEBUG] [] Config [log_level] = [4]
2018-01-08 10:42:13 [DEBUG] [] Config [verify_cert] = [1]
2018-01-08 10:42:13 [DEBUG] [] Config [verify_host] = [1]
2018-01-08 10:42:13 [DEBUG] [] Config [report_error] = [1]
2018-01-08 10:42:13 [DEBUG] [] Config [output_UTF8] = [1]
2018-01-08 10:42:13 [DEBUG] [] Config [auto_rollback] = [1]
2018-01-08 10:42:13 [DEBUG] [] Config [log_dir] = [/home/nynLMS/lib/payment/lgdacom/log]
2018-01-08 10:42:13 [DEBUG] [] Config [tnayanet] = [aa7d95db6f74e6e55389156b2dcb7716]
2018-01-08 10:42:13 [DEBUG] [] Config [nayanet] = [aa7d95db6f74e6e55389156b2dcb7716]
2018-01-08 10:42:13 [DEBUG] [] Config [url] = [https://xpayclient.lgdacom.net/xpay/Gateway.do]
2018-01-08 10:42:13 [DEBUG] [] Config [test_url] = [https://xpayclient.lgdacom.net:7443/xpay/Gateway.do]
2018-01-08 10:42:13 [DEBUG] [] Config [aux_url] = [http://xpayclient.lgdacom.net:7080/xpay/Gateway.do]
2018-01-08 10:42:17 [INFO ] [] XPayClient initialize [/home/nynLMS/lib/payment/lgdacom] [test]
2018-01-08 10:42:17 [DEBUG] [] Config [server_id] = [01]
2018-01-08 10:42:17 [DEBUG] [] Config [timeout] = [60]
2018-01-08 10:42:17 [DEBUG] [] Config [log_level] = [4]
2018-01-08 10:42:17 [DEBUG] [] Config [verify_cert] = [1]
2018-01-08 10:42:17 [DEBUG] [] Config [verify_host] = [1]
2018-01-08 10:42:17 [DEBUG] [] Config [report_error] = [1]
2018-01-08 10:42:17 [DEBUG] [] Config [output_UTF8] = [1]
2018-01-08 10:42:17 [DEBUG] [] Config [auto_rollback] = [1]
2018-01-08 10:42:17 [DEBUG] [] Config [log_dir] = [/home/nynLMS/lib/payment/lgdacom/log]
2018-01-08 10:42:17 [DEBUG] [] Config [tnayanet] = [aa7d95db6f74e6e55389156b2dcb7716]
2018-01-08 10:42:17 [DEBUG] [] Config [nayanet] = [aa7d95db6f74e6e55389156b2dcb7716]
2018-01-08 10:42:17 [DEBUG] [] Config [url] = [https://xpayclient.lgdacom.net/xpay/Gateway.do]
2018-01-08 10:42:17 [DEBUG] [] Config [test_url] = [https://xpayclient.lgdacom.net:7443/xpay/Gateway.do]
2018-01-08 10:42:17 [DEBUG] [] Config [aux_url] = [http://xpayclient.lgdacom.net:7080/xpay/Gateway.do]
2018-01-08 10:42:21 [INFO ] [] XPayClient initialize [/home/nynLMS/lib/payment/lgdacom] [test]
2018-01-08 10:42:21 [DEBUG] [] Config [server_id] = [01]
2018-01-08 10:42:21 [DEBUG] [] Config [timeout] = [60]
2018-01-08 10:42:21 [DEBUG] [] Config [log_level] = [4]
2018-01-08 10:42:21 [DEBUG] [] Config [verify_cert] = [1]
2018-01-08 10:42:21 [DEBUG] [] Config [verify_host] = [1]
2018-01-08 10:42:21 [DEBUG] [] Config [report_error] = [1]
2018-01-08 10:42:21 [DEBUG] [] Config [output_UTF8] = [1]
2018-01-08 10:42:21 [DEBUG] [] Config [auto_rollback] = [1]
2018-01-08 10:42:21 [DEBUG] [] Config [log_dir] = [/home/nynLMS/lib/payment/lgdacom/log]
2018-01-08 10:42:21 [DEBUG] [] Config [tnayanet] = [aa7d95db6f74e6e55389156b2dcb7716]
2018-01-08 10:42:21 [DEBUG] [] Config [nayanet] = [aa7d95db6f74e6e55389156b2dcb7716]
2018-01-08 10:42:21 [DEBUG] [] Config [url] = [https://xpayclient.lgdacom.net/xpay/Gateway.do]
2018-01-08 10:42:21 [DEBUG] [] Config [test_url] = [https://xpayclient.lgdacom.net:7443/xpay/Gateway.do]
2018-01-08 10:42:21 [DEBUG] [] Config [aux_url] = [http://xpayclient.lgdacom.net:7080/xpay/Gateway.do]
2018-01-08 10:42:25 [INFO ] [] XPayClient initialize [/home/nynLMS/lib/payment/lgdacom] [test]
2018-01-08 10:42:25 [DEBUG] [] Config [server_id] = [01]
2018-01-08 10:42:25 [DEBUG] [] Config [timeout] = [60]
2018-01-08 10:42:25 [DEBUG] [] Config [log_level] = [4]
2018-01-08 10:42:25 [DEBUG] [] Config [verify_cert] = [1]
2018-01-08 10:42:25 [DEBUG] [] Config [verify_host] = [1]
2018-01-08 10:42:25 [DEBUG] [] Config [report_error] = [1]
2018-01-08 10:42:25 [DEBUG] [] Config [output_UTF8] = [1]
2018-01-08 10:42:25 [DEBUG] [] Config [auto_rollback] = [1]
2018-01-08 10:42:25 [DEBUG] [] Config [log_dir] = [/home/nynLMS/lib/payment/lgdacom/log]
2018-01-08 10:42:25 [DEBUG] [] Config [tnayanet] = [aa7d95db6f74e6e55389156b2dcb7716]
2018-01-08 10:42:25 [DEBUG] [] Config [nayanet] = [aa7d95db6f74e6e55389156b2dcb7716]
2018-01-08 10:42:25 [DEBUG] [] Config [url] = [https://xpayclient.lgdacom.net/xpay/Gateway.do]
2018-01-08 10:42:25 [DEBUG] [] Config [test_url] = [https://xpayclient.lgdacom.net:7443/xpay/Gateway.do]
2018-01-08 10:42:25 [DEBUG] [] Config [aux_url] = [http://xpayclient.lgdacom.net:7080/xpay/Gateway.do]
2018-01-08 10:42:29 [INFO ] [] XPayClient initialize [/home/nynLMS/lib/payment/lgdacom] [test]
2018-01-08 10:42:29 [DEBUG] [] Config [server_id] = [01]
2018-01-08 10:42:29 [DEBUG] [] Config [timeout] = [60]
2018-01-08 10:42:29 [DEBUG] [] Config [log_level] = [4]
2018-01-08 10:42:29 [DEBUG] [] Config [verify_cert] = [1]
2018-01-08 10:42:29 [DEBUG] [] Config [verify_host] = [1]
2018-01-08 10:42:29 [DEBUG] [] Config [report_error] = [1]
2018-01-08 10:42:29 [DEBUG] [] Config [output_UTF8] = [1]
2018-01-08 10:42:29 [DEBUG] [] Config [auto_rollback] = [1]
2018-01-08 10:42:29 [DEBUG] [] Config [log_dir] = [/home/nynLMS/lib/payment/lgdacom/log]
2018-01-08 10:42:29 [DEBUG] [] Config [tnayanet] = [aa7d95db6f74e6e55389156b2dcb7716]
2018-01-08 10:42:29 [DEBUG] [] Config [nayanet] = [aa7d95db6f74e6e55389156b2dcb7716]
2018-01-08 10:42:29 [DEBUG] [] Config [url] = [https://xpayclient.lgdacom.net/xpay/Gateway.do]
2018-01-08 10:42:29 [DEBUG] [] Config [test_url] = [https://xpayclient.lgdacom.net:7443/xpay/Gateway.do]
2018-01-08 10:42:29 [DEBUG] [] Config [aux_url] = [http://xpayclient.lgdacom.net:7080/xpay/Gateway.do]
2018-01-08 10:42:36 [INFO ] [] XPayClient initialize [/home/nynLMS/lib/payment/lgdacom] [test]
2018-01-08 10:42:36 [DEBUG] [] Config [server_id] = [01]
2018-01-08 10:42:36 [DEBUG] [] Config [timeout] = [60]
2018-01-08 10:42:36 [DEBUG] [] Config [log_level] = [4]
2018-01-08 10:42:36 [DEBUG] [] Config [verify_cert] = [1]
2018-01-08 10:42:36 [DEBUG] [] Config [verify_host] = [1]
2018-01-08 10:42:36 [DEBUG] [] Config [report_error] = [1]
2018-01-08 10:42:36 [DEBUG] [] Config [output_UTF8] = [1]
2018-01-08 10:42:36 [DEBUG] [] Config [auto_rollback] = [1]
2018-01-08 10:42:36 [DEBUG] [] Config [log_dir] = [/home/nynLMS/lib/payment/lgdacom/log]
2018-01-08 10:42:36 [DEBUG] [] Config [tnayanet] = [aa7d95db6f74e6e55389156b2dcb7716]
2018-01-08 10:42:36 [DEBUG] [] Config [nayanet] = [aa7d95db6f74e6e55389156b2dcb7716]
2018-01-08 10:42:36 [DEBUG] [] Config [url] = [https://xpayclient.lgdacom.net/xpay/Gateway.do]
2018-01-08 10:42:36 [DEBUG] [] Config [test_url] = [https://xpayclient.lgdacom.net:7443/xpay/Gateway.do]
2018-01-08 10:42:36 [DEBUG] [] Config [aux_url] = [http://xpayclient.lgdacom.net:7080/xpay/Gateway.do]
2018-01-08 10:42:40 [INFO ] [] XPayClient initialize [/home/nynLMS/lib/payment/lgdacom] [test]
2018-01-08 10:42:40 [DEBUG] [] Config [server_id] = [01]
2018-01-08 10:42:40 [DEBUG] [] Config [timeout] = [60]
2018-01-08 10:42:40 [DEBUG] [] Config [log_level] = [4]
2018-01-08 10:42:40 [DEBUG] [] Config [verify_cert] = [1]
2018-01-08 10:42:40 [DEBUG] [] Config [verify_host] = [1]
2018-01-08 10:42:40 [DEBUG] [] Config [report_error] = [1]
2018-01-08 10:42:40 [DEBUG] [] Config [output_UTF8] = [1]
2018-01-08 10:42:40 [DEBUG] [] Config [auto_rollback] = [1]
2018-01-08 10:42:40 [DEBUG] [] Config [log_dir] = [/home/nynLMS/lib/payment/lgdacom/log]
2018-01-08 10:42:40 [DEBUG] [] Config [tnayanet] = [aa7d95db6f74e6e55389156b2dcb7716]
2018-01-08 10:42:40 [DEBUG] [] Config [nayanet] = [aa7d95db6f74e6e55389156b2dcb7716]
2018-01-08 10:42:40 [DEBUG] [] Config [url] = [https://xpayclient.lgdacom.net/xpay/Gateway.do]
2018-01-08 10:42:40 [DEBUG] [] Config [test_url] = [https://xpayclient.lgdacom.net:7443/xpay/Gateway.do]
2018-01-08 10:42:40 [DEBUG] [] Config [aux_url] = [http://xpayclient.lgdacom.net:7080/xpay/Gateway.do]
2018-01-08 10:42:45 [INFO ] [] XPayClient initialize [/home/nynLMS/lib/payment/lgdacom] [test]
2018-01-08 10:42:45 [DEBUG] [] Config [server_id] = [01]
2018-01-08 10:42:45 [DEBUG] [] Config [timeout] = [60]
2018-01-08 10:42:45 [DEBUG] [] Config [log_level] = [4]
2018-01-08 10:42:45 [DEBUG] [] Config [verify_cert] = [1]
2018-01-08 10:42:45 [DEBUG] [] Config [verify_host] = [1]
2018-01-08 10:42:45 [DEBUG] [] Config [report_error] = [1]
2018-01-08 10:42:45 [DEBUG] [] Config [output_UTF8] = [1]
2018-01-08 10:42:45 [DEBUG] [] Config [auto_rollback] = [1]
2018-01-08 10:42:45 [DEBUG] [] Config [log_dir] = [/home/nynLMS/lib/payment/lgdacom/log]
2018-01-08 10:42:45 [DEBUG] [] Config [tnayanet] = [aa7d95db6f74e6e55389156b2dcb7716]
2018-01-08 10:42:45 [DEBUG] [] Config [nayanet] = [aa7d95db6f74e6e55389156b2dcb7716]
2018-01-08 10:42:45 [DEBUG] [] Config [url] = [https://xpayclient.lgdacom.net/xpay/Gateway.do]
2018-01-08 10:42:45 [DEBUG] [] Config [test_url] = [https://xpayclient.lgdacom.net:7443/xpay/Gateway.do]
2018-01-08 10:42:45 [DEBUG] [] Config [aux_url] = [http://xpayclient.lgdacom.net:7080/xpay/Gateway.do]
2018-01-08 10:43:09 [INFO ] [] XPayClient initialize [/home/nynLMS/lib/payment/lgdacom] [test]
2018-01-08 10:43:09 [DEBUG] [] Config [server_id] = [01]
2018-01-08 10:43:09 [DEBUG] [] Config [timeout] = [60]
2018-01-08 10:43:09 [DEBUG] [] Config [log_level] = [4]
2018-01-08 10:43:09 [DEBUG] [] Config [verify_cert] = [1]
2018-01-08 10:43:09 [DEBUG] [] Config [verify_host] = [1]
2018-01-08 10:43:09 [DEBUG] [] Config [report_error] = [1]
2018-01-08 10:43:09 [DEBUG] [] Config [output_UTF8] = [1]
2018-01-08 10:43:09 [DEBUG] [] Config [auto_rollback] = [1]
2018-01-08 10:43:09 [DEBUG] [] Config [log_dir] = [/home/nynLMS/lib/payment/lgdacom/log]
2018-01-08 10:43:09 [DEBUG] [] Config [tnayanet] = [aa7d95db6f74e6e55389156b2dcb7716]
2018-01-08 10:43:09 [DEBUG] [] Config [nayanet] = [aa7d95db6f74e6e55389156b2dcb7716]
2018-01-08 10:43:09 [DEBUG] [] Config [url] = [https://xpayclient.lgdacom.net/xpay/Gateway.do]
2018-01-08 10:43:09 [DEBUG] [] Config [test_url] = [https://xpayclient.lgdacom.net:7443/xpay/Gateway.do]
2018-01-08 10:43:09 [DEBUG] [] Config [aux_url] = [http://xpayclient.lgdacom.net:7080/xpay/Gateway.do]
2018-01-08 10:43:16 [INFO ] [] XPayClient initialize [/home/nynLMS/lib/payment/lgdacom] [test]
2018-01-08 10:43:16 [DEBUG] [] Config [server_id] = [01]
2018-01-08 10:43:16 [DEBUG] [] Config [timeout] = [60]
2018-01-08 10:43:16 [DEBUG] [] Config [log_level] = [4]
2018-01-08 10:43:16 [DEBUG] [] Config [verify_cert] = [1]
2018-01-08 10:43:16 [DEBUG] [] Config [verify_host] = [1]
2018-01-08 10:43:16 [DEBUG] [] Config [report_error] = [1]
2018-01-08 10:43:16 [DEBUG] [] Config [output_UTF8] = [1]
2018-01-08 10:43:16 [DEBUG] [] Config [auto_rollback] = [1]
2018-01-08 10:43:16 [DEBUG] [] Config [log_dir] = [/home/nynLMS/lib/payment/lgdacom/log]
2018-01-08 10:43:16 [DEBUG] [] Config [tnayanet] = [aa7d95db6f74e6e55389156b2dcb7716]
2018-01-08 10:43:16 [DEBUG] [] Config [nayanet] = [aa7d95db6f74e6e55389156b2dcb7716]
2018-01-08 10:43:16 [DEBUG] [] Config [url] = [https://xpayclient.lgdacom.net/xpay/Gateway.do]
2018-01-08 10:43:16 [DEBUG] [] Config [test_url] = [https://xpayclient.lgdacom.net:7443/xpay/Gateway.do]
2018-01-08 10:43:16 [DEBUG] [] Config [aux_url] = [http://xpayclient.lgdacom.net:7080/xpay/Gateway.do]
