2017-03-21 13:04:44 [INFO ] [] XPayClient initialize [/home/nynLMS/lib/payment/lgdacom] [test]
2017-03-21 13:04:44 [DEBUG] [] Config [server_id] = [01]
2017-03-21 13:04:44 [DEBUG] [] Config [timeout] = [60]
2017-03-21 13:04:44 [DEBUG] [] Config [log_level] = [4]
2017-03-21 13:04:44 [DEBUG] [] Config [verify_cert] = [1]
2017-03-21 13:04:44 [DEBUG] [] Config [verify_host] = [1]
2017-03-21 13:04:44 [DEBUG] [] Config [report_error] = [1]
2017-03-21 13:04:44 [DEBUG] [] Config [output_UTF8] = [1]
2017-03-21 13:04:44 [DEBUG] [] Config [auto_rollback] = [1]
2017-03-21 13:04:44 [DEBUG] [] Config [log_dir] = [/home/nynLMS/lib/payment/lgdacom/log]
2017-03-21 13:04:44 [DEBUG] [] Config [tnayanet] = [aa7d95db6f74e6e55389156b2dcb7716]
2017-03-21 13:04:44 [DEBUG] [] Config [nayanet] = [aa7d95db6f74e6e55389156b2dcb7716]
2017-03-21 13:04:44 [DEBUG] [] Config [url] = [https://xpayclient.lgdacom.net/xpay/Gateway.do]
2017-03-21 13:04:44 [DEBUG] [] Config [test_url] = [https://xpayclient.lgdacom.net:7443/xpay/Gateway.do]
2017-03-21 13:04:44 [DEBUG] [] Config [aux_url] = [http://xpayclient.lgdacom.net:7080/xpay/Gateway.do]
2017-03-21 13:04:57 [INFO ] [] XPayClient initialize [/home/nynLMS/lib/payment/lgdacom] [test]
2017-03-21 13:04:57 [DEBUG] [] Config [server_id] = [01]
2017-03-21 13:04:57 [DEBUG] [] Config [timeout] = [60]
2017-03-21 13:04:57 [DEBUG] [] Config [log_level] = [4]
2017-03-21 13:04:57 [DEBUG] [] Config [verify_cert] = [1]
2017-03-21 13:04:57 [DEBUG] [] Config [verify_host] = [1]
2017-03-21 13:04:57 [DEBUG] [] Config [report_error] = [1]
2017-03-21 13:04:57 [DEBUG] [] Config [output_UTF8] = [1]
2017-03-21 13:04:57 [DEBUG] [] Config [auto_rollback] = [1]
2017-03-21 13:04:57 [DEBUG] [] Config [log_dir] = [/home/nynLMS/lib/payment/lgdacom/log]
2017-03-21 13:04:57 [DEBUG] [] Config [tnayanet] = [aa7d95db6f74e6e55389156b2dcb7716]
2017-03-21 13:04:57 [DEBUG] [] Config [nayanet] = [aa7d95db6f74e6e55389156b2dcb7716]
2017-03-21 13:04:57 [DEBUG] [] Config [url] = [https://xpayclient.lgdacom.net/xpay/Gateway.do]
2017-03-21 13:04:57 [DEBUG] [] Config [test_url] = [https://xpayclient.lgdacom.net:7443/xpay/Gateway.do]
2017-03-21 13:04:57 [DEBUG] [] Config [aux_url] = [http://xpayclient.lgdacom.net:7080/xpay/Gateway.do]
2017-03-21 13:06:22 [INFO ] [] XPayClient initialize [/home/nynLMS/lib/payment/lgdacom] [test]
2017-03-21 13:06:22 [DEBUG] [] Config [server_id] = [01]
2017-03-21 13:06:22 [DEBUG] [] Config [timeout] = [60]
2017-03-21 13:06:22 [DEBUG] [] Config [log_level] = [4]
2017-03-21 13:06:22 [DEBUG] [] Config [verify_cert] = [1]
2017-03-21 13:06:22 [DEBUG] [] Config [verify_host] = [1]
2017-03-21 13:06:22 [DEBUG] [] Config [report_error] = [1]
2017-03-21 13:06:22 [DEBUG] [] Config [output_UTF8] = [1]
2017-03-21 13:06:22 [DEBUG] [] Config [auto_rollback] = [1]
2017-03-21 13:06:22 [DEBUG] [] Config [log_dir] = [/home/nynLMS/lib/payment/lgdacom/log]
2017-03-21 13:06:22 [DEBUG] [] Config [tnayanet] = [aa7d95db6f74e6e55389156b2dcb7716]
2017-03-21 13:06:22 [DEBUG] [] Config [nayanet] = [aa7d95db6f74e6e55389156b2dcb7716]
2017-03-21 13:06:22 [DEBUG] [] Config [url] = [https://xpayclient.lgdacom.net/xpay/Gateway.do]
2017-03-21 13:06:22 [DEBUG] [] Config [test_url] = [https://xpayclient.lgdacom.net:7443/xpay/Gateway.do]
2017-03-21 13:06:22 [DEBUG] [] Config [aux_url] = [http://xpayclient.lgdacom.net:7080/xpay/Gateway.do]
2017-03-21 13:06:40 [INFO ] [] XPayClient initialize [/home/nynLMS/lib/payment/lgdacom] [test]
2017-03-21 13:06:40 [DEBUG] [] Config [server_id] = [01]
2017-03-21 13:06:40 [DEBUG] [] Config [timeout] = [60]
2017-03-21 13:06:40 [DEBUG] [] Config [log_level] = [4]
2017-03-21 13:06:40 [DEBUG] [] Config [verify_cert] = [1]
2017-03-21 13:06:40 [DEBUG] [] Config [verify_host] = [1]
2017-03-21 13:06:40 [DEBUG] [] Config [report_error] = [1]
2017-03-21 13:06:40 [DEBUG] [] Config [output_UTF8] = [1]
2017-03-21 13:06:40 [DEBUG] [] Config [auto_rollback] = [1]
2017-03-21 13:06:40 [DEBUG] [] Config [log_dir] = [/home/nynLMS/lib/payment/lgdacom/log]
2017-03-21 13:06:40 [DEBUG] [] Config [tnayanet] = [aa7d95db6f74e6e55389156b2dcb7716]
2017-03-21 13:06:40 [DEBUG] [] Config [nayanet] = [aa7d95db6f74e6e55389156b2dcb7716]
2017-03-21 13:06:40 [DEBUG] [] Config [url] = [https://xpayclient.lgdacom.net/xpay/Gateway.do]
2017-03-21 13:06:40 [DEBUG] [] Config [test_url] = [https://xpayclient.lgdacom.net:7443/xpay/Gateway.do]
2017-03-21 13:06:40 [DEBUG] [] Config [aux_url] = [http://xpayclient.lgdacom.net:7080/xpay/Gateway.do]
2017-03-21 13:08:30 [INFO ] [] XPayClient initialize [/home/nynLMS/lib/payment/lgdacom] [test]
2017-03-21 13:08:30 [DEBUG] [] Config [server_id] = [01]
2017-03-21 13:08:30 [DEBUG] [] Config [timeout] = [60]
2017-03-21 13:08:30 [DEBUG] [] Config [log_level] = [4]
2017-03-21 13:08:30 [DEBUG] [] Config [verify_cert] = [1]
2017-03-21 13:08:30 [DEBUG] [] Config [verify_host] = [1]
2017-03-21 13:08:30 [DEBUG] [] Config [report_error] = [1]
2017-03-21 13:08:30 [DEBUG] [] Config [output_UTF8] = [1]
2017-03-21 13:08:30 [DEBUG] [] Config [auto_rollback] = [1]
2017-03-21 13:08:30 [DEBUG] [] Config [log_dir] = [/home/nynLMS/lib/payment/lgdacom/log]
2017-03-21 13:08:30 [DEBUG] [] Config [tnayanet] = [aa7d95db6f74e6e55389156b2dcb7716]
2017-03-21 13:08:30 [DEBUG] [] Config [nayanet] = [aa7d95db6f74e6e55389156b2dcb7716]
2017-03-21 13:08:30 [DEBUG] [] Config [url] = [https://xpayclient.lgdacom.net/xpay/Gateway.do]
2017-03-21 13:08:30 [DEBUG] [] Config [test_url] = [https://xpayclient.lgdacom.net:7443/xpay/Gateway.do]
2017-03-21 13:08:30 [DEBUG] [] Config [aux_url] = [http://xpayclient.lgdacom.net:7080/xpay/Gateway.do]
2017-03-21 16:09:31 [INFO ] [] XPayClient initialize [/home/nynLMS/lib/payment/lgdacom] [test]
2017-03-21 16:09:31 [DEBUG] [] Config [server_id] = [01]
2017-03-21 16:09:31 [DEBUG] [] Config [timeout] = [60]
2017-03-21 16:09:31 [DEBUG] [] Config [log_level] = [4]
2017-03-21 16:09:31 [DEBUG] [] Config [verify_cert] = [1]
2017-03-21 16:09:31 [DEBUG] [] Config [verify_host] = [1]
2017-03-21 16:09:31 [DEBUG] [] Config [report_error] = [1]
2017-03-21 16:09:31 [DEBUG] [] Config [output_UTF8] = [1]
2017-03-21 16:09:31 [DEBUG] [] Config [auto_rollback] = [1]
2017-03-21 16:09:31 [DEBUG] [] Config [log_dir] = [/home/nynLMS/lib/payment/lgdacom/log]
2017-03-21 16:09:31 [DEBUG] [] Config [tnayanet] = [aa7d95db6f74e6e55389156b2dcb7716]
2017-03-21 16:09:31 [DEBUG] [] Config [nayanet] = [aa7d95db6f74e6e55389156b2dcb7716]
2017-03-21 16:09:31 [DEBUG] [] Config [url] = [https://xpayclient.lgdacom.net/xpay/Gateway.do]
2017-03-21 16:09:31 [DEBUG] [] Config [test_url] = [https://xpayclient.lgdacom.net:7443/xpay/Gateway.do]
2017-03-21 16:09:31 [DEBUG] [] Config [aux_url] = [http://xpayclient.lgdacom.net:7080/xpay/Gateway.do]
2017-03-21 16:37:02 [INFO ] [] XPayClient initialize [/home/nynLMS/lib/payment/lgdacom] [test]
2017-03-21 16:37:02 [DEBUG] [] Config [server_id] = [01]
2017-03-21 16:37:02 [DEBUG] [] Config [timeout] = [60]
2017-03-21 16:37:02 [DEBUG] [] Config [log_level] = [4]
2017-03-21 16:37:02 [DEBUG] [] Config [verify_cert] = [1]
2017-03-21 16:37:02 [DEBUG] [] Config [verify_host] = [1]
2017-03-21 16:37:02 [DEBUG] [] Config [report_error] = [1]
2017-03-21 16:37:02 [DEBUG] [] Config [output_UTF8] = [1]
2017-03-21 16:37:02 [DEBUG] [] Config [auto_rollback] = [1]
2017-03-21 16:37:02 [DEBUG] [] Config [log_dir] = [/home/nynLMS/lib/payment/lgdacom/log]
2017-03-21 16:37:02 [DEBUG] [] Config [tnayanet] = [aa7d95db6f74e6e55389156b2dcb7716]
2017-03-21 16:37:02 [DEBUG] [] Config [nayanet] = [aa7d95db6f74e6e55389156b2dcb7716]
2017-03-21 16:37:02 [DEBUG] [] Config [url] = [https://xpayclient.lgdacom.net/xpay/Gateway.do]
2017-03-21 16:37:02 [DEBUG] [] Config [test_url] = [https://xpayclient.lgdacom.net:7443/xpay/Gateway.do]
2017-03-21 16:37:02 [DEBUG] [] Config [aux_url] = [http://xpayclient.lgdacom.net:7080/xpay/Gateway.do]
2017-03-21 16:37:05 [INFO ] [] XPayClient initialize [/home/nynLMS/lib/payment/lgdacom] [test]
2017-03-21 16:37:05 [DEBUG] [] Config [server_id] = [01]
2017-03-21 16:37:05 [DEBUG] [] Config [timeout] = [60]
2017-03-21 16:37:05 [DEBUG] [] Config [log_level] = [4]
2017-03-21 16:37:05 [DEBUG] [] Config [verify_cert] = [1]
2017-03-21 16:37:05 [DEBUG] [] Config [verify_host] = [1]
2017-03-21 16:37:05 [DEBUG] [] Config [report_error] = [1]
2017-03-21 16:37:05 [DEBUG] [] Config [output_UTF8] = [1]
2017-03-21 16:37:05 [DEBUG] [] Config [auto_rollback] = [1]
2017-03-21 16:37:05 [DEBUG] [] Config [log_dir] = [/home/nynLMS/lib/payment/lgdacom/log]
2017-03-21 16:37:05 [DEBUG] [] Config [tnayanet] = [aa7d95db6f74e6e55389156b2dcb7716]
2017-03-21 16:37:05 [DEBUG] [] Config [nayanet] = [aa7d95db6f74e6e55389156b2dcb7716]
2017-03-21 16:37:05 [DEBUG] [] Config [url] = [https://xpayclient.lgdacom.net/xpay/Gateway.do]
2017-03-21 16:37:05 [DEBUG] [] Config [test_url] = [https://xpayclient.lgdacom.net:7443/xpay/Gateway.do]
2017-03-21 16:37:05 [DEBUG] [] Config [aux_url] = [http://xpayclient.lgdacom.net:7080/xpay/Gateway.do]
2017-03-21 16:37:18 [INFO ] [] XPayClient initialize [/home/nynLMS/lib/payment/lgdacom] [test]
2017-03-21 16:37:18 [DEBUG] [] Config [server_id] = [01]
2017-03-21 16:37:18 [DEBUG] [] Config [timeout] = [60]
2017-03-21 16:37:18 [DEBUG] [] Config [log_level] = [4]
2017-03-21 16:37:18 [DEBUG] [] Config [verify_cert] = [1]
2017-03-21 16:37:18 [DEBUG] [] Config [verify_host] = [1]
2017-03-21 16:37:18 [DEBUG] [] Config [report_error] = [1]
2017-03-21 16:37:18 [DEBUG] [] Config [output_UTF8] = [1]
2017-03-21 16:37:18 [DEBUG] [] Config [auto_rollback] = [1]
2017-03-21 16:37:18 [DEBUG] [] Config [log_dir] = [/home/nynLMS/lib/payment/lgdacom/log]
2017-03-21 16:37:18 [DEBUG] [] Config [tnayanet] = [aa7d95db6f74e6e55389156b2dcb7716]
2017-03-21 16:37:18 [DEBUG] [] Config [nayanet] = [aa7d95db6f74e6e55389156b2dcb7716]
2017-03-21 16:37:18 [DEBUG] [] Config [url] = [https://xpayclient.lgdacom.net/xpay/Gateway.do]
2017-03-21 16:37:18 [DEBUG] [] Config [test_url] = [https://xpayclient.lgdacom.net:7443/xpay/Gateway.do]
2017-03-21 16:37:18 [DEBUG] [] Config [aux_url] = [http://xpayclient.lgdacom.net:7080/xpay/Gateway.do]
2017-03-21 16:37:23 [INFO ] [] XPayClient initialize [/home/nynLMS/lib/payment/lgdacom] [test]
2017-03-21 16:37:23 [DEBUG] [] Config [server_id] = [01]
2017-03-21 16:37:23 [DEBUG] [] Config [timeout] = [60]
2017-03-21 16:37:23 [DEBUG] [] Config [log_level] = [4]
2017-03-21 16:37:23 [DEBUG] [] Config [verify_cert] = [1]
2017-03-21 16:37:23 [DEBUG] [] Config [verify_host] = [1]
2017-03-21 16:37:23 [DEBUG] [] Config [report_error] = [1]
2017-03-21 16:37:23 [DEBUG] [] Config [output_UTF8] = [1]
2017-03-21 16:37:23 [DEBUG] [] Config [auto_rollback] = [1]
2017-03-21 16:37:23 [DEBUG] [] Config [log_dir] = [/home/nynLMS/lib/payment/lgdacom/log]
2017-03-21 16:37:23 [DEBUG] [] Config [tnayanet] = [aa7d95db6f74e6e55389156b2dcb7716]
2017-03-21 16:37:23 [DEBUG] [] Config [nayanet] = [aa7d95db6f74e6e55389156b2dcb7716]
2017-03-21 16:37:23 [DEBUG] [] Config [url] = [https://xpayclient.lgdacom.net/xpay/Gateway.do]
2017-03-21 16:37:23 [DEBUG] [] Config [test_url] = [https://xpayclient.lgdacom.net:7443/xpay/Gateway.do]
2017-03-21 16:37:23 [DEBUG] [] Config [aux_url] = [http://xpayclient.lgdacom.net:7080/xpay/Gateway.do]
2017-03-21 16:37:25 [INFO ] [] XPayClient initialize [/home/nynLMS/lib/payment/lgdacom] [test]
2017-03-21 16:37:25 [DEBUG] [] Config [server_id] = [01]
2017-03-21 16:37:25 [DEBUG] [] Config [timeout] = [60]
2017-03-21 16:37:25 [DEBUG] [] Config [log_level] = [4]
2017-03-21 16:37:25 [DEBUG] [] Config [verify_cert] = [1]
2017-03-21 16:37:25 [DEBUG] [] Config [verify_host] = [1]
2017-03-21 16:37:25 [DEBUG] [] Config [report_error] = [1]
2017-03-21 16:37:25 [DEBUG] [] Config [output_UTF8] = [1]
2017-03-21 16:37:25 [DEBUG] [] Config [auto_rollback] = [1]
2017-03-21 16:37:25 [DEBUG] [] Config [log_dir] = [/home/nynLMS/lib/payment/lgdacom/log]
2017-03-21 16:37:25 [DEBUG] [] Config [tnayanet] = [aa7d95db6f74e6e55389156b2dcb7716]
2017-03-21 16:37:25 [DEBUG] [] Config [nayanet] = [aa7d95db6f74e6e55389156b2dcb7716]
2017-03-21 16:37:25 [DEBUG] [] Config [url] = [https://xpayclient.lgdacom.net/xpay/Gateway.do]
2017-03-21 16:37:25 [DEBUG] [] Config [test_url] = [https://xpayclient.lgdacom.net:7443/xpay/Gateway.do]
2017-03-21 16:37:25 [DEBUG] [] Config [aux_url] = [http://xpayclient.lgdacom.net:7080/xpay/Gateway.do]
