2017-03-30 11:27:31 [INFO ] [] XPayClient initialize [/home/nynLMS/lib/payment/lgdacom] [test]
2017-03-30 11:27:31 [DEBUG] [] Config [server_id] = [01]
2017-03-30 11:27:31 [DEBUG] [] Config [timeout] = [60]
2017-03-30 11:27:31 [DEBUG] [] Config [log_level] = [4]
2017-03-30 11:27:31 [DEBUG] [] Config [verify_cert] = [1]
2017-03-30 11:27:31 [DEBUG] [] Config [verify_host] = [1]
2017-03-30 11:27:31 [DEBUG] [] Config [report_error] = [1]
2017-03-30 11:27:31 [DEBUG] [] Config [output_UTF8] = [1]
2017-03-30 11:27:31 [DEBUG] [] Config [auto_rollback] = [1]
2017-03-30 11:27:31 [DEBUG] [] Config [log_dir] = [/home/nynLMS/lib/payment/lgdacom/log]
2017-03-30 11:27:31 [DEBUG] [] Config [tnayanet] = [aa7d95db6f74e6e55389156b2dcb7716]
2017-03-30 11:27:31 [DEBUG] [] Config [nayanet] = [aa7d95db6f74e6e55389156b2dcb7716]
2017-03-30 11:27:31 [DEBUG] [] Config [url] = [https://xpayclient.lgdacom.net/xpay/Gateway.do]
2017-03-30 11:27:31 [DEBUG] [] Config [test_url] = [https://xpayclient.lgdacom.net:7443/xpay/Gateway.do]
2017-03-30 11:27:31 [DEBUG] [] Config [aux_url] = [http://xpayclient.lgdacom.net:7080/xpay/Gateway.do]
2017-03-30 12:46:29 [INFO ] [] XPayClient initialize [/home/nynLMS/lib/payment/lgdacom] [test]
2017-03-30 12:46:29 [DEBUG] [] Config [server_id] = [01]
2017-03-30 12:46:29 [DEBUG] [] Config [timeout] = [60]
2017-03-30 12:46:29 [DEBUG] [] Config [log_level] = [4]
2017-03-30 12:46:29 [DEBUG] [] Config [verify_cert] = [1]
2017-03-30 12:46:29 [DEBUG] [] Config [verify_host] = [1]
2017-03-30 12:46:29 [DEBUG] [] Config [report_error] = [1]
2017-03-30 12:46:29 [DEBUG] [] Config [output_UTF8] = [1]
2017-03-30 12:46:29 [DEBUG] [] Config [auto_rollback] = [1]
2017-03-30 12:46:29 [DEBUG] [] Config [log_dir] = [/home/nynLMS/lib/payment/lgdacom/log]
2017-03-30 12:46:29 [DEBUG] [] Config [tnayanet] = [aa7d95db6f74e6e55389156b2dcb7716]
2017-03-30 12:46:29 [DEBUG] [] Config [nayanet] = [aa7d95db6f74e6e55389156b2dcb7716]
2017-03-30 12:46:29 [DEBUG] [] Config [url] = [https://xpayclient.lgdacom.net/xpay/Gateway.do]
2017-03-30 12:46:29 [DEBUG] [] Config [test_url] = [https://xpayclient.lgdacom.net:7443/xpay/Gateway.do]
2017-03-30 12:46:29 [DEBUG] [] Config [aux_url] = [http://xpayclient.lgdacom.net:7080/xpay/Gateway.do]
