2017-01-06 17:12:38 [INFO ] [] XPayClient initialize [/home/nynLMS/lib/payment/lgdacom] [test]
2017-01-06 17:12:38 [DEBUG] [] Config [server_id] = [01]
2017-01-06 17:12:38 [DEBUG] [] Config [timeout] = [60]
2017-01-06 17:12:38 [DEBUG] [] Config [log_level] = [4]
2017-01-06 17:12:38 [DEBUG] [] Config [verify_cert] = [1]
2017-01-06 17:12:38 [DEBUG] [] Config [verify_host] = [1]
2017-01-06 17:12:38 [DEBUG] [] Config [report_error] = [1]
2017-01-06 17:12:38 [DEBUG] [] Config [output_UTF8] = [1]
2017-01-06 17:12:38 [DEBUG] [] Config [auto_rollback] = [1]
2017-01-06 17:12:38 [DEBUG] [] Config [log_dir] = [/home/nynLMS/lib/payment/lgdacom/log]
2017-01-06 17:12:38 [DEBUG] [] Config [tnayanet] = [aa7d95db6f74e6e55389156b2dcb7716]
2017-01-06 17:12:38 [DEBUG] [] Config [nayanet] = [aa7d95db6f74e6e55389156b2dcb7716]
2017-01-06 17:12:38 [DEBUG] [] Config [url] = [https://xpayclient.lgdacom.net/xpay/Gateway.do]
2017-01-06 17:12:38 [DEBUG] [] Config [test_url] = [https://xpayclient.lgdacom.net:7443/xpay/Gateway.do]
2017-01-06 17:12:38 [DEBUG] [] Config [aux_url] = [http://xpayclient.lgdacom.net:7080/xpay/Gateway.do]
2017-01-06 17:37:22 [INFO ] [] XPayClient initialize [/home/nynLMS/lib/payment/lgdacom] [test]
2017-01-06 17:37:22 [DEBUG] [] Config [server_id] = [01]
2017-01-06 17:37:22 [DEBUG] [] Config [timeout] = [60]
2017-01-06 17:37:22 [DEBUG] [] Config [log_level] = [4]
2017-01-06 17:37:22 [DEBUG] [] Config [verify_cert] = [1]
2017-01-06 17:37:22 [DEBUG] [] Config [verify_host] = [1]
2017-01-06 17:37:22 [DEBUG] [] Config [report_error] = [1]
2017-01-06 17:37:22 [DEBUG] [] Config [output_UTF8] = [1]
2017-01-06 17:37:22 [DEBUG] [] Config [auto_rollback] = [1]
2017-01-06 17:37:22 [DEBUG] [] Config [log_dir] = [/home/nynLMS/lib/payment/lgdacom/log]
2017-01-06 17:37:22 [DEBUG] [] Config [tnayanet] = [aa7d95db6f74e6e55389156b2dcb7716]
2017-01-06 17:37:22 [DEBUG] [] Config [nayanet] = [aa7d95db6f74e6e55389156b2dcb7716]
2017-01-06 17:37:22 [DEBUG] [] Config [url] = [https://xpayclient.lgdacom.net/xpay/Gateway.do]
2017-01-06 17:37:22 [DEBUG] [] Config [test_url] = [https://xpayclient.lgdacom.net:7443/xpay/Gateway.do]
2017-01-06 17:37:22 [DEBUG] [] Config [aux_url] = [http://xpayclient.lgdacom.net:7080/xpay/Gateway.do]
2017-01-06 17:38:56 [INFO ] [] XPayClient initialize [/home/nynLMS/lib/payment/lgdacom] [test]
2017-01-06 17:38:56 [DEBUG] [] Config [server_id] = [01]
2017-01-06 17:38:56 [DEBUG] [] Config [timeout] = [60]
2017-01-06 17:38:56 [DEBUG] [] Config [log_level] = [4]
2017-01-06 17:38:56 [DEBUG] [] Config [verify_cert] = [1]
2017-01-06 17:38:56 [DEBUG] [] Config [verify_host] = [1]
2017-01-06 17:38:56 [DEBUG] [] Config [report_error] = [1]
2017-01-06 17:38:56 [DEBUG] [] Config [output_UTF8] = [1]
2017-01-06 17:38:56 [DEBUG] [] Config [auto_rollback] = [1]
2017-01-06 17:38:56 [DEBUG] [] Config [log_dir] = [/home/nynLMS/lib/payment/lgdacom/log]
2017-01-06 17:38:56 [DEBUG] [] Config [tnayanet] = [aa7d95db6f74e6e55389156b2dcb7716]
2017-01-06 17:38:56 [DEBUG] [] Config [nayanet] = [aa7d95db6f74e6e55389156b2dcb7716]
2017-01-06 17:38:56 [DEBUG] [] Config [url] = [https://xpayclient.lgdacom.net/xpay/Gateway.do]
2017-01-06 17:38:56 [DEBUG] [] Config [test_url] = [https://xpayclient.lgdacom.net:7443/xpay/Gateway.do]
2017-01-06 17:38:56 [DEBUG] [] Config [aux_url] = [http://xpayclient.lgdacom.net:7080/xpay/Gateway.do]
2017-01-06 17:45:48 [INFO ] [] XPayClient initialize [/home/nynLMS/lib/payment/lgdacom] [test]
2017-01-06 17:45:48 [DEBUG] [] Config [server_id] = [01]
2017-01-06 17:45:48 [DEBUG] [] Config [timeout] = [60]
2017-01-06 17:45:48 [DEBUG] [] Config [log_level] = [4]
2017-01-06 17:45:48 [DEBUG] [] Config [verify_cert] = [1]
2017-01-06 17:45:48 [DEBUG] [] Config [verify_host] = [1]
2017-01-06 17:45:48 [DEBUG] [] Config [report_error] = [1]
2017-01-06 17:45:48 [DEBUG] [] Config [output_UTF8] = [1]
2017-01-06 17:45:48 [DEBUG] [] Config [auto_rollback] = [1]
2017-01-06 17:45:48 [DEBUG] [] Config [log_dir] = [/home/nynLMS/lib/payment/lgdacom/log]
2017-01-06 17:45:48 [DEBUG] [] Config [tnayanet] = [aa7d95db6f74e6e55389156b2dcb7716]
2017-01-06 17:45:48 [DEBUG] [] Config [nayanet] = [aa7d95db6f74e6e55389156b2dcb7716]
2017-01-06 17:45:48 [DEBUG] [] Config [url] = [https://xpayclient.lgdacom.net/xpay/Gateway.do]
2017-01-06 17:45:48 [DEBUG] [] Config [test_url] = [https://xpayclient.lgdacom.net:7443/xpay/Gateway.do]
2017-01-06 17:45:48 [DEBUG] [] Config [aux_url] = [http://xpayclient.lgdacom.net:7080/xpay/Gateway.do]
2017-01-06 17:46:26 [INFO ] [] XPayClient initialize [/home/nynLMS/lib/payment/lgdacom] [test]
2017-01-06 17:46:26 [DEBUG] [] Config [server_id] = [01]
2017-01-06 17:46:26 [DEBUG] [] Config [timeout] = [60]
2017-01-06 17:46:26 [DEBUG] [] Config [log_level] = [4]
2017-01-06 17:46:26 [DEBUG] [] Config [verify_cert] = [1]
2017-01-06 17:46:26 [DEBUG] [] Config [verify_host] = [1]
2017-01-06 17:46:26 [DEBUG] [] Config [report_error] = [1]
2017-01-06 17:46:26 [DEBUG] [] Config [output_UTF8] = [1]
2017-01-06 17:46:26 [DEBUG] [] Config [auto_rollback] = [1]
2017-01-06 17:46:26 [DEBUG] [] Config [log_dir] = [/home/nynLMS/lib/payment/lgdacom/log]
2017-01-06 17:46:26 [DEBUG] [] Config [tnayanet] = [aa7d95db6f74e6e55389156b2dcb7716]
2017-01-06 17:46:26 [DEBUG] [] Config [nayanet] = [aa7d95db6f74e6e55389156b2dcb7716]
2017-01-06 17:46:26 [DEBUG] [] Config [url] = [https://xpayclient.lgdacom.net/xpay/Gateway.do]
2017-01-06 17:46:26 [DEBUG] [] Config [test_url] = [https://xpayclient.lgdacom.net:7443/xpay/Gateway.do]
2017-01-06 17:46:26 [DEBUG] [] Config [aux_url] = [http://xpayclient.lgdacom.net:7080/xpay/Gateway.do]
2017-01-06 17:46:36 [INFO ] [] XPayClient initialize [/home/nynLMS/lib/payment/lgdacom] [test]
2017-01-06 17:46:36 [DEBUG] [] Config [server_id] = [01]
2017-01-06 17:46:36 [DEBUG] [] Config [timeout] = [60]
2017-01-06 17:46:36 [DEBUG] [] Config [log_level] = [4]
2017-01-06 17:46:36 [DEBUG] [] Config [verify_cert] = [1]
2017-01-06 17:46:36 [DEBUG] [] Config [verify_host] = [1]
2017-01-06 17:46:36 [DEBUG] [] Config [report_error] = [1]
2017-01-06 17:46:36 [DEBUG] [] Config [output_UTF8] = [1]
2017-01-06 17:46:36 [DEBUG] [] Config [auto_rollback] = [1]
2017-01-06 17:46:36 [DEBUG] [] Config [log_dir] = [/home/nynLMS/lib/payment/lgdacom/log]
2017-01-06 17:46:36 [DEBUG] [] Config [tnayanet] = [aa7d95db6f74e6e55389156b2dcb7716]
2017-01-06 17:46:36 [DEBUG] [] Config [nayanet] = [aa7d95db6f74e6e55389156b2dcb7716]
2017-01-06 17:46:36 [DEBUG] [] Config [url] = [https://xpayclient.lgdacom.net/xpay/Gateway.do]
2017-01-06 17:46:36 [DEBUG] [] Config [test_url] = [https://xpayclient.lgdacom.net:7443/xpay/Gateway.do]
2017-01-06 17:46:36 [DEBUG] [] Config [aux_url] = [http://xpayclient.lgdacom.net:7080/xpay/Gateway.do]
2017-01-06 17:46:52 [INFO ] [] XPayClient initialize [/home/nynLMS/lib/payment/lgdacom] [test]
2017-01-06 17:46:52 [DEBUG] [] Config [server_id] = [01]
2017-01-06 17:46:52 [DEBUG] [] Config [timeout] = [60]
2017-01-06 17:46:52 [DEBUG] [] Config [log_level] = [4]
2017-01-06 17:46:52 [DEBUG] [] Config [verify_cert] = [1]
2017-01-06 17:46:52 [DEBUG] [] Config [verify_host] = [1]
2017-01-06 17:46:52 [DEBUG] [] Config [report_error] = [1]
2017-01-06 17:46:52 [DEBUG] [] Config [output_UTF8] = [1]
2017-01-06 17:46:52 [DEBUG] [] Config [auto_rollback] = [1]
2017-01-06 17:46:52 [DEBUG] [] Config [log_dir] = [/home/nynLMS/lib/payment/lgdacom/log]
2017-01-06 17:46:52 [DEBUG] [] Config [tnayanet] = [aa7d95db6f74e6e55389156b2dcb7716]
2017-01-06 17:46:52 [DEBUG] [] Config [nayanet] = [aa7d95db6f74e6e55389156b2dcb7716]
2017-01-06 17:46:52 [DEBUG] [] Config [url] = [https://xpayclient.lgdacom.net/xpay/Gateway.do]
2017-01-06 17:46:52 [DEBUG] [] Config [test_url] = [https://xpayclient.lgdacom.net:7443/xpay/Gateway.do]
2017-01-06 17:46:52 [DEBUG] [] Config [aux_url] = [http://xpayclient.lgdacom.net:7080/xpay/Gateway.do]
2017-01-06 17:46:57 [INFO ] [] XPayClient initialize [/home/nynLMS/lib/payment/lgdacom] [test]
2017-01-06 17:46:57 [DEBUG] [] Config [server_id] = [01]
2017-01-06 17:46:57 [DEBUG] [] Config [timeout] = [60]
2017-01-06 17:46:57 [DEBUG] [] Config [log_level] = [4]
2017-01-06 17:46:57 [DEBUG] [] Config [verify_cert] = [1]
2017-01-06 17:46:57 [DEBUG] [] Config [verify_host] = [1]
2017-01-06 17:46:57 [DEBUG] [] Config [report_error] = [1]
2017-01-06 17:46:57 [DEBUG] [] Config [output_UTF8] = [1]
2017-01-06 17:46:57 [DEBUG] [] Config [auto_rollback] = [1]
2017-01-06 17:46:57 [DEBUG] [] Config [log_dir] = [/home/nynLMS/lib/payment/lgdacom/log]
2017-01-06 17:46:57 [DEBUG] [] Config [tnayanet] = [aa7d95db6f74e6e55389156b2dcb7716]
2017-01-06 17:46:57 [DEBUG] [] Config [nayanet] = [aa7d95db6f74e6e55389156b2dcb7716]
2017-01-06 17:46:57 [DEBUG] [] Config [url] = [https://xpayclient.lgdacom.net/xpay/Gateway.do]
2017-01-06 17:46:57 [DEBUG] [] Config [test_url] = [https://xpayclient.lgdacom.net:7443/xpay/Gateway.do]
2017-01-06 17:46:57 [DEBUG] [] Config [aux_url] = [http://xpayclient.lgdacom.net:7080/xpay/Gateway.do]
2017-01-06 17:55:02 [INFO ] [] XPayClient initialize [/home/nynLMS/lib/payment/lgdacom] [test]
2017-01-06 17:55:02 [DEBUG] [] Config [server_id] = [01]
2017-01-06 17:55:02 [DEBUG] [] Config [timeout] = [60]
2017-01-06 17:55:02 [DEBUG] [] Config [log_level] = [4]
2017-01-06 17:55:02 [DEBUG] [] Config [verify_cert] = [1]
2017-01-06 17:55:02 [DEBUG] [] Config [verify_host] = [1]
2017-01-06 17:55:02 [DEBUG] [] Config [report_error] = [1]
2017-01-06 17:55:02 [DEBUG] [] Config [output_UTF8] = [1]
2017-01-06 17:55:02 [DEBUG] [] Config [auto_rollback] = [1]
2017-01-06 17:55:02 [DEBUG] [] Config [log_dir] = [/home/nynLMS/lib/payment/lgdacom/log]
2017-01-06 17:55:02 [DEBUG] [] Config [tnayanet] = [aa7d95db6f74e6e55389156b2dcb7716]
2017-01-06 17:55:02 [DEBUG] [] Config [nayanet] = [aa7d95db6f74e6e55389156b2dcb7716]
2017-01-06 17:55:02 [DEBUG] [] Config [url] = [https://xpayclient.lgdacom.net/xpay/Gateway.do]
2017-01-06 17:55:02 [DEBUG] [] Config [test_url] = [https://xpayclient.lgdacom.net:7443/xpay/Gateway.do]
2017-01-06 17:55:02 [DEBUG] [] Config [aux_url] = [http://xpayclient.lgdacom.net:7080/xpay/Gateway.do]
2017-01-06 17:55:11 [INFO ] [] XPayClient initialize [/home/nynLMS/lib/payment/lgdacom] [test]
2017-01-06 17:55:11 [DEBUG] [] Config [server_id] = [01]
2017-01-06 17:55:11 [DEBUG] [] Config [timeout] = [60]
2017-01-06 17:55:11 [DEBUG] [] Config [log_level] = [4]
2017-01-06 17:55:11 [DEBUG] [] Config [verify_cert] = [1]
2017-01-06 17:55:11 [DEBUG] [] Config [verify_host] = [1]
2017-01-06 17:55:11 [DEBUG] [] Config [report_error] = [1]
2017-01-06 17:55:11 [DEBUG] [] Config [output_UTF8] = [1]
2017-01-06 17:55:11 [DEBUG] [] Config [auto_rollback] = [1]
2017-01-06 17:55:11 [DEBUG] [] Config [log_dir] = [/home/nynLMS/lib/payment/lgdacom/log]
2017-01-06 17:55:11 [DEBUG] [] Config [tnayanet] = [aa7d95db6f74e6e55389156b2dcb7716]
2017-01-06 17:55:11 [DEBUG] [] Config [nayanet] = [aa7d95db6f74e6e55389156b2dcb7716]
2017-01-06 17:55:11 [DEBUG] [] Config [url] = [https://xpayclient.lgdacom.net/xpay/Gateway.do]
2017-01-06 17:55:11 [DEBUG] [] Config [test_url] = [https://xpayclient.lgdacom.net:7443/xpay/Gateway.do]
2017-01-06 17:55:11 [DEBUG] [] Config [aux_url] = [http://xpayclient.lgdacom.net:7080/xpay/Gateway.do]
2017-01-06 17:57:40 [INFO ] [] XPayClient initialize [/home/nynLMS/lib/payment/lgdacom] [test]
2017-01-06 17:57:40 [DEBUG] [] Config [server_id] = [01]
2017-01-06 17:57:40 [DEBUG] [] Config [timeout] = [60]
2017-01-06 17:57:40 [DEBUG] [] Config [log_level] = [4]
2017-01-06 17:57:40 [DEBUG] [] Config [verify_cert] = [1]
2017-01-06 17:57:40 [DEBUG] [] Config [verify_host] = [1]
2017-01-06 17:57:40 [DEBUG] [] Config [report_error] = [1]
2017-01-06 17:57:40 [DEBUG] [] Config [output_UTF8] = [1]
2017-01-06 17:57:40 [DEBUG] [] Config [auto_rollback] = [1]
2017-01-06 17:57:40 [DEBUG] [] Config [log_dir] = [/home/nynLMS/lib/payment/lgdacom/log]
2017-01-06 17:57:40 [DEBUG] [] Config [tnayanet] = [aa7d95db6f74e6e55389156b2dcb7716]
2017-01-06 17:57:40 [DEBUG] [] Config [nayanet] = [aa7d95db6f74e6e55389156b2dcb7716]
2017-01-06 17:57:40 [DEBUG] [] Config [url] = [https://xpayclient.lgdacom.net/xpay/Gateway.do]
2017-01-06 17:57:40 [DEBUG] [] Config [test_url] = [https://xpayclient.lgdacom.net:7443/xpay/Gateway.do]
2017-01-06 17:57:40 [DEBUG] [] Config [aux_url] = [http://xpayclient.lgdacom.net:7080/xpay/Gateway.do]
2017-01-06 17:57:49 [INFO ] [] XPayClient initialize [/home/nynLMS/lib/payment/lgdacom] [test]
2017-01-06 17:57:49 [DEBUG] [] Config [server_id] = [01]
2017-01-06 17:57:49 [DEBUG] [] Config [timeout] = [60]
2017-01-06 17:57:49 [DEBUG] [] Config [log_level] = [4]
2017-01-06 17:57:49 [DEBUG] [] Config [verify_cert] = [1]
2017-01-06 17:57:49 [DEBUG] [] Config [verify_host] = [1]
2017-01-06 17:57:49 [DEBUG] [] Config [report_error] = [1]
2017-01-06 17:57:49 [DEBUG] [] Config [output_UTF8] = [1]
2017-01-06 17:57:49 [DEBUG] [] Config [auto_rollback] = [1]
2017-01-06 17:57:49 [DEBUG] [] Config [log_dir] = [/home/nynLMS/lib/payment/lgdacom/log]
2017-01-06 17:57:49 [DEBUG] [] Config [tnayanet] = [aa7d95db6f74e6e55389156b2dcb7716]
2017-01-06 17:57:49 [DEBUG] [] Config [nayanet] = [aa7d95db6f74e6e55389156b2dcb7716]
2017-01-06 17:57:49 [DEBUG] [] Config [url] = [https://xpayclient.lgdacom.net/xpay/Gateway.do]
2017-01-06 17:57:49 [DEBUG] [] Config [test_url] = [https://xpayclient.lgdacom.net:7443/xpay/Gateway.do]
2017-01-06 17:57:49 [DEBUG] [] Config [aux_url] = [http://xpayclient.lgdacom.net:7080/xpay/Gateway.do]
2017-01-06 18:00:46 [INFO ] [] XPayClient initialize [/home/nynLMS/lib/payment/lgdacom] [test]
2017-01-06 18:00:46 [DEBUG] [] Config [server_id] = [01]
2017-01-06 18:00:46 [DEBUG] [] Config [timeout] = [60]
2017-01-06 18:00:46 [DEBUG] [] Config [log_level] = [4]
2017-01-06 18:00:46 [DEBUG] [] Config [verify_cert] = [1]
2017-01-06 18:00:46 [DEBUG] [] Config [verify_host] = [1]
2017-01-06 18:00:46 [DEBUG] [] Config [report_error] = [1]
2017-01-06 18:00:46 [DEBUG] [] Config [output_UTF8] = [1]
2017-01-06 18:00:46 [DEBUG] [] Config [auto_rollback] = [1]
2017-01-06 18:00:46 [DEBUG] [] Config [log_dir] = [/home/nynLMS/lib/payment/lgdacom/log]
2017-01-06 18:00:46 [DEBUG] [] Config [tnayanet] = [aa7d95db6f74e6e55389156b2dcb7716]
2017-01-06 18:00:46 [DEBUG] [] Config [nayanet] = [aa7d95db6f74e6e55389156b2dcb7716]
2017-01-06 18:00:46 [DEBUG] [] Config [url] = [https://xpayclient.lgdacom.net/xpay/Gateway.do]
2017-01-06 18:00:46 [DEBUG] [] Config [test_url] = [https://xpayclient.lgdacom.net:7443/xpay/Gateway.do]
2017-01-06 18:00:46 [DEBUG] [] Config [aux_url] = [http://xpayclient.lgdacom.net:7080/xpay/Gateway.do]
2017-01-06 18:06:38 [INFO ] [] XPayClient initialize [/home/nynLMS/lib/payment/lgdacom] [test]
2017-01-06 18:06:38 [DEBUG] [] Config [server_id] = [01]
2017-01-06 18:06:38 [DEBUG] [] Config [timeout] = [60]
2017-01-06 18:06:38 [DEBUG] [] Config [log_level] = [4]
2017-01-06 18:06:38 [DEBUG] [] Config [verify_cert] = [1]
2017-01-06 18:06:38 [DEBUG] [] Config [verify_host] = [1]
2017-01-06 18:06:38 [DEBUG] [] Config [report_error] = [1]
2017-01-06 18:06:38 [DEBUG] [] Config [output_UTF8] = [1]
2017-01-06 18:06:38 [DEBUG] [] Config [auto_rollback] = [1]
2017-01-06 18:06:38 [DEBUG] [] Config [log_dir] = [/home/nynLMS/lib/payment/lgdacom/log]
2017-01-06 18:06:38 [DEBUG] [] Config [tnayanet] = [aa7d95db6f74e6e55389156b2dcb7716]
2017-01-06 18:06:38 [DEBUG] [] Config [nayanet] = [aa7d95db6f74e6e55389156b2dcb7716]
2017-01-06 18:06:38 [DEBUG] [] Config [url] = [https://xpayclient.lgdacom.net/xpay/Gateway.do]
2017-01-06 18:06:38 [DEBUG] [] Config [test_url] = [https://xpayclient.lgdacom.net:7443/xpay/Gateway.do]
2017-01-06 18:06:38 [DEBUG] [] Config [aux_url] = [http://xpayclient.lgdacom.net:7080/xpay/Gateway.do]
2017-01-06 18:06:46 [INFO ] [] XPayClient initialize [/home/nynLMS/lib/payment/lgdacom] [test]
2017-01-06 18:06:46 [DEBUG] [] Config [server_id] = [01]
2017-01-06 18:06:46 [DEBUG] [] Config [timeout] = [60]
2017-01-06 18:06:46 [DEBUG] [] Config [log_level] = [4]
2017-01-06 18:06:46 [DEBUG] [] Config [verify_cert] = [1]
2017-01-06 18:06:46 [DEBUG] [] Config [verify_host] = [1]
2017-01-06 18:06:46 [DEBUG] [] Config [report_error] = [1]
2017-01-06 18:06:46 [DEBUG] [] Config [output_UTF8] = [1]
2017-01-06 18:06:46 [DEBUG] [] Config [auto_rollback] = [1]
2017-01-06 18:06:46 [DEBUG] [] Config [log_dir] = [/home/nynLMS/lib/payment/lgdacom/log]
2017-01-06 18:06:46 [DEBUG] [] Config [tnayanet] = [aa7d95db6f74e6e55389156b2dcb7716]
2017-01-06 18:06:46 [DEBUG] [] Config [nayanet] = [aa7d95db6f74e6e55389156b2dcb7716]
2017-01-06 18:06:46 [DEBUG] [] Config [url] = [https://xpayclient.lgdacom.net/xpay/Gateway.do]
2017-01-06 18:06:46 [DEBUG] [] Config [test_url] = [https://xpayclient.lgdacom.net:7443/xpay/Gateway.do]
2017-01-06 18:06:46 [DEBUG] [] Config [aux_url] = [http://xpayclient.lgdacom.net:7080/xpay/Gateway.do]
2017-01-06 18:06:55 [INFO ] [] XPayClient initialize [/home/nynLMS/lib/payment/lgdacom] [test]
2017-01-06 18:06:55 [DEBUG] [] Config [server_id] = [01]
2017-01-06 18:06:55 [DEBUG] [] Config [timeout] = [60]
2017-01-06 18:06:55 [DEBUG] [] Config [log_level] = [4]
2017-01-06 18:06:55 [DEBUG] [] Config [verify_cert] = [1]
2017-01-06 18:06:55 [DEBUG] [] Config [verify_host] = [1]
2017-01-06 18:06:55 [DEBUG] [] Config [report_error] = [1]
2017-01-06 18:06:55 [DEBUG] [] Config [output_UTF8] = [1]
2017-01-06 18:06:55 [DEBUG] [] Config [auto_rollback] = [1]
2017-01-06 18:06:55 [DEBUG] [] Config [log_dir] = [/home/nynLMS/lib/payment/lgdacom/log]
2017-01-06 18:06:55 [DEBUG] [] Config [tnayanet] = [aa7d95db6f74e6e55389156b2dcb7716]
2017-01-06 18:06:55 [DEBUG] [] Config [nayanet] = [aa7d95db6f74e6e55389156b2dcb7716]
2017-01-06 18:06:55 [DEBUG] [] Config [url] = [https://xpayclient.lgdacom.net/xpay/Gateway.do]
2017-01-06 18:06:55 [DEBUG] [] Config [test_url] = [https://xpayclient.lgdacom.net:7443/xpay/Gateway.do]
2017-01-06 18:06:55 [DEBUG] [] Config [aux_url] = [http://xpayclient.lgdacom.net:7080/xpay/Gateway.do]
2017-01-06 18:07:08 [INFO ] [] XPayClient initialize [/home/nynLMS/lib/payment/lgdacom] [test]
2017-01-06 18:07:08 [DEBUG] [] Config [server_id] = [01]
2017-01-06 18:07:08 [DEBUG] [] Config [timeout] = [60]
2017-01-06 18:07:08 [DEBUG] [] Config [log_level] = [4]
2017-01-06 18:07:08 [DEBUG] [] Config [verify_cert] = [1]
2017-01-06 18:07:08 [DEBUG] [] Config [verify_host] = [1]
2017-01-06 18:07:08 [DEBUG] [] Config [report_error] = [1]
2017-01-06 18:07:08 [DEBUG] [] Config [output_UTF8] = [1]
2017-01-06 18:07:08 [DEBUG] [] Config [auto_rollback] = [1]
2017-01-06 18:07:08 [DEBUG] [] Config [log_dir] = [/home/nynLMS/lib/payment/lgdacom/log]
2017-01-06 18:07:08 [DEBUG] [] Config [tnayanet] = [aa7d95db6f74e6e55389156b2dcb7716]
2017-01-06 18:07:08 [DEBUG] [] Config [nayanet] = [aa7d95db6f74e6e55389156b2dcb7716]
2017-01-06 18:07:08 [DEBUG] [] Config [url] = [https://xpayclient.lgdacom.net/xpay/Gateway.do]
2017-01-06 18:07:08 [DEBUG] [] Config [test_url] = [https://xpayclient.lgdacom.net:7443/xpay/Gateway.do]
2017-01-06 18:07:08 [DEBUG] [] Config [aux_url] = [http://xpayclient.lgdacom.net:7080/xpay/Gateway.do]
2017-01-06 18:11:04 [INFO ] [] XPayClient initialize [/home/nynLMS/lib/payment/lgdacom] [test]
2017-01-06 18:11:04 [DEBUG] [] Config [server_id] = [01]
2017-01-06 18:11:04 [DEBUG] [] Config [timeout] = [60]
2017-01-06 18:11:04 [DEBUG] [] Config [log_level] = [4]
2017-01-06 18:11:04 [DEBUG] [] Config [verify_cert] = [1]
2017-01-06 18:11:04 [DEBUG] [] Config [verify_host] = [1]
2017-01-06 18:11:04 [DEBUG] [] Config [report_error] = [1]
2017-01-06 18:11:04 [DEBUG] [] Config [output_UTF8] = [1]
2017-01-06 18:11:04 [DEBUG] [] Config [auto_rollback] = [1]
2017-01-06 18:11:04 [DEBUG] [] Config [log_dir] = [/home/nynLMS/lib/payment/lgdacom/log]
2017-01-06 18:11:04 [DEBUG] [] Config [tnayanet] = [aa7d95db6f74e6e55389156b2dcb7716]
2017-01-06 18:11:04 [DEBUG] [] Config [nayanet] = [aa7d95db6f74e6e55389156b2dcb7716]
2017-01-06 18:11:04 [DEBUG] [] Config [url] = [https://xpayclient.lgdacom.net/xpay/Gateway.do]
2017-01-06 18:11:04 [DEBUG] [] Config [test_url] = [https://xpayclient.lgdacom.net:7443/xpay/Gateway.do]
2017-01-06 18:11:04 [DEBUG] [] Config [aux_url] = [http://xpayclient.lgdacom.net:7080/xpay/Gateway.do]
2017-01-06 18:11:08 [INFO ] [] XPayClient initialize [/home/nynLMS/lib/payment/lgdacom] [test]
2017-01-06 18:11:08 [DEBUG] [] Config [server_id] = [01]
2017-01-06 18:11:08 [DEBUG] [] Config [timeout] = [60]
2017-01-06 18:11:08 [DEBUG] [] Config [log_level] = [4]
2017-01-06 18:11:08 [DEBUG] [] Config [verify_cert] = [1]
2017-01-06 18:11:08 [DEBUG] [] Config [verify_host] = [1]
2017-01-06 18:11:08 [DEBUG] [] Config [report_error] = [1]
2017-01-06 18:11:08 [DEBUG] [] Config [output_UTF8] = [1]
2017-01-06 18:11:08 [DEBUG] [] Config [auto_rollback] = [1]
2017-01-06 18:11:08 [DEBUG] [] Config [log_dir] = [/home/nynLMS/lib/payment/lgdacom/log]
2017-01-06 18:11:08 [DEBUG] [] Config [tnayanet] = [aa7d95db6f74e6e55389156b2dcb7716]
2017-01-06 18:11:08 [DEBUG] [] Config [nayanet] = [aa7d95db6f74e6e55389156b2dcb7716]
2017-01-06 18:11:08 [DEBUG] [] Config [url] = [https://xpayclient.lgdacom.net/xpay/Gateway.do]
2017-01-06 18:11:08 [DEBUG] [] Config [test_url] = [https://xpayclient.lgdacom.net:7443/xpay/Gateway.do]
2017-01-06 18:11:08 [DEBUG] [] Config [aux_url] = [http://xpayclient.lgdacom.net:7080/xpay/Gateway.do]
2017-01-06 18:11:13 [INFO ] [] XPayClient initialize [/home/nynLMS/lib/payment/lgdacom] [test]
2017-01-06 18:11:13 [DEBUG] [] Config [server_id] = [01]
2017-01-06 18:11:13 [DEBUG] [] Config [timeout] = [60]
2017-01-06 18:11:13 [DEBUG] [] Config [log_level] = [4]
2017-01-06 18:11:13 [DEBUG] [] Config [verify_cert] = [1]
2017-01-06 18:11:13 [DEBUG] [] Config [verify_host] = [1]
2017-01-06 18:11:13 [DEBUG] [] Config [report_error] = [1]
2017-01-06 18:11:13 [DEBUG] [] Config [output_UTF8] = [1]
2017-01-06 18:11:13 [DEBUG] [] Config [auto_rollback] = [1]
2017-01-06 18:11:13 [DEBUG] [] Config [log_dir] = [/home/nynLMS/lib/payment/lgdacom/log]
2017-01-06 18:11:13 [DEBUG] [] Config [tnayanet] = [aa7d95db6f74e6e55389156b2dcb7716]
2017-01-06 18:11:13 [DEBUG] [] Config [nayanet] = [aa7d95db6f74e6e55389156b2dcb7716]
2017-01-06 18:11:13 [DEBUG] [] Config [url] = [https://xpayclient.lgdacom.net/xpay/Gateway.do]
2017-01-06 18:11:13 [DEBUG] [] Config [test_url] = [https://xpayclient.lgdacom.net:7443/xpay/Gateway.do]
2017-01-06 18:11:13 [DEBUG] [] Config [aux_url] = [http://xpayclient.lgdacom.net:7080/xpay/Gateway.do]
2017-01-06 18:11:21 [INFO ] [] XPayClient initialize [/home/nynLMS/lib/payment/lgdacom] [test]
2017-01-06 18:11:21 [DEBUG] [] Config [server_id] = [01]
2017-01-06 18:11:21 [DEBUG] [] Config [timeout] = [60]
2017-01-06 18:11:21 [DEBUG] [] Config [log_level] = [4]
2017-01-06 18:11:21 [DEBUG] [] Config [verify_cert] = [1]
2017-01-06 18:11:21 [DEBUG] [] Config [verify_host] = [1]
2017-01-06 18:11:21 [DEBUG] [] Config [report_error] = [1]
2017-01-06 18:11:21 [DEBUG] [] Config [output_UTF8] = [1]
2017-01-06 18:11:21 [DEBUG] [] Config [auto_rollback] = [1]
2017-01-06 18:11:21 [DEBUG] [] Config [log_dir] = [/home/nynLMS/lib/payment/lgdacom/log]
2017-01-06 18:11:21 [DEBUG] [] Config [tnayanet] = [aa7d95db6f74e6e55389156b2dcb7716]
2017-01-06 18:11:21 [DEBUG] [] Config [nayanet] = [aa7d95db6f74e6e55389156b2dcb7716]
2017-01-06 18:11:21 [DEBUG] [] Config [url] = [https://xpayclient.lgdacom.net/xpay/Gateway.do]
2017-01-06 18:11:21 [DEBUG] [] Config [test_url] = [https://xpayclient.lgdacom.net:7443/xpay/Gateway.do]
2017-01-06 18:11:21 [DEBUG] [] Config [aux_url] = [http://xpayclient.lgdacom.net:7080/xpay/Gateway.do]
2017-01-06 18:12:29 [INFO ] [] XPayClient initialize [/home/nynLMS/lib/payment/lgdacom] [test]
2017-01-06 18:12:29 [DEBUG] [] Config [server_id] = [01]
2017-01-06 18:12:29 [DEBUG] [] Config [timeout] = [60]
2017-01-06 18:12:29 [DEBUG] [] Config [log_level] = [4]
2017-01-06 18:12:29 [DEBUG] [] Config [verify_cert] = [1]
2017-01-06 18:12:29 [DEBUG] [] Config [verify_host] = [1]
2017-01-06 18:12:29 [DEBUG] [] Config [report_error] = [1]
2017-01-06 18:12:29 [DEBUG] [] Config [output_UTF8] = [1]
2017-01-06 18:12:29 [DEBUG] [] Config [auto_rollback] = [1]
2017-01-06 18:12:29 [DEBUG] [] Config [log_dir] = [/home/nynLMS/lib/payment/lgdacom/log]
2017-01-06 18:12:29 [DEBUG] [] Config [tnayanet] = [aa7d95db6f74e6e55389156b2dcb7716]
2017-01-06 18:12:29 [DEBUG] [] Config [nayanet] = [aa7d95db6f74e6e55389156b2dcb7716]
2017-01-06 18:12:29 [DEBUG] [] Config [url] = [https://xpayclient.lgdacom.net/xpay/Gateway.do]
2017-01-06 18:12:29 [DEBUG] [] Config [test_url] = [https://xpayclient.lgdacom.net:7443/xpay/Gateway.do]
2017-01-06 18:12:29 [DEBUG] [] Config [aux_url] = [http://xpayclient.lgdacom.net:7080/xpay/Gateway.do]
2017-01-06 18:12:43 [INFO ] [] XPayClient initialize [/home/nynLMS/lib/payment/lgdacom] [test]
2017-01-06 18:12:43 [DEBUG] [] Config [server_id] = [01]
2017-01-06 18:12:43 [DEBUG] [] Config [timeout] = [60]
2017-01-06 18:12:43 [DEBUG] [] Config [log_level] = [4]
2017-01-06 18:12:43 [DEBUG] [] Config [verify_cert] = [1]
2017-01-06 18:12:43 [DEBUG] [] Config [verify_host] = [1]
2017-01-06 18:12:43 [DEBUG] [] Config [report_error] = [1]
2017-01-06 18:12:43 [DEBUG] [] Config [output_UTF8] = [1]
2017-01-06 18:12:43 [DEBUG] [] Config [auto_rollback] = [1]
2017-01-06 18:12:43 [DEBUG] [] Config [log_dir] = [/home/nynLMS/lib/payment/lgdacom/log]
2017-01-06 18:12:43 [DEBUG] [] Config [tnayanet] = [aa7d95db6f74e6e55389156b2dcb7716]
2017-01-06 18:12:43 [DEBUG] [] Config [nayanet] = [aa7d95db6f74e6e55389156b2dcb7716]
2017-01-06 18:12:43 [DEBUG] [] Config [url] = [https://xpayclient.lgdacom.net/xpay/Gateway.do]
2017-01-06 18:12:43 [DEBUG] [] Config [test_url] = [https://xpayclient.lgdacom.net:7443/xpay/Gateway.do]
2017-01-06 18:12:43 [DEBUG] [] Config [aux_url] = [http://xpayclient.lgdacom.net:7080/xpay/Gateway.do]
2017-01-06 18:12:46 [INFO ] [] XPayClient initialize [/home/nynLMS/lib/payment/lgdacom] [test]
2017-01-06 18:12:46 [DEBUG] [] Config [server_id] = [01]
2017-01-06 18:12:46 [DEBUG] [] Config [timeout] = [60]
2017-01-06 18:12:46 [DEBUG] [] Config [log_level] = [4]
2017-01-06 18:12:46 [DEBUG] [] Config [verify_cert] = [1]
2017-01-06 18:12:46 [DEBUG] [] Config [verify_host] = [1]
2017-01-06 18:12:46 [DEBUG] [] Config [report_error] = [1]
2017-01-06 18:12:46 [DEBUG] [] Config [output_UTF8] = [1]
2017-01-06 18:12:46 [DEBUG] [] Config [auto_rollback] = [1]
2017-01-06 18:12:46 [DEBUG] [] Config [log_dir] = [/home/nynLMS/lib/payment/lgdacom/log]
2017-01-06 18:12:46 [DEBUG] [] Config [tnayanet] = [aa7d95db6f74e6e55389156b2dcb7716]
2017-01-06 18:12:46 [DEBUG] [] Config [nayanet] = [aa7d95db6f74e6e55389156b2dcb7716]
2017-01-06 18:12:46 [DEBUG] [] Config [url] = [https://xpayclient.lgdacom.net/xpay/Gateway.do]
2017-01-06 18:12:46 [DEBUG] [] Config [test_url] = [https://xpayclient.lgdacom.net:7443/xpay/Gateway.do]
2017-01-06 18:12:46 [DEBUG] [] Config [aux_url] = [http://xpayclient.lgdacom.net:7080/xpay/Gateway.do]
2017-01-06 18:16:21 [INFO ] [] XPayClient initialize [/home/nynLMS/lib/payment/lgdacom] [test]
2017-01-06 18:16:21 [DEBUG] [] Config [server_id] = [01]
2017-01-06 18:16:21 [DEBUG] [] Config [timeout] = [60]
2017-01-06 18:16:21 [DEBUG] [] Config [log_level] = [4]
2017-01-06 18:16:21 [DEBUG] [] Config [verify_cert] = [1]
2017-01-06 18:16:21 [DEBUG] [] Config [verify_host] = [1]
2017-01-06 18:16:21 [DEBUG] [] Config [report_error] = [1]
2017-01-06 18:16:21 [DEBUG] [] Config [output_UTF8] = [1]
2017-01-06 18:16:21 [DEBUG] [] Config [auto_rollback] = [1]
2017-01-06 18:16:21 [DEBUG] [] Config [log_dir] = [/home/nynLMS/lib/payment/lgdacom/log]
2017-01-06 18:16:21 [DEBUG] [] Config [tnayanet] = [aa7d95db6f74e6e55389156b2dcb7716]
2017-01-06 18:16:21 [DEBUG] [] Config [nayanet] = [aa7d95db6f74e6e55389156b2dcb7716]
2017-01-06 18:16:21 [DEBUG] [] Config [url] = [https://xpayclient.lgdacom.net/xpay/Gateway.do]
2017-01-06 18:16:21 [DEBUG] [] Config [test_url] = [https://xpayclient.lgdacom.net:7443/xpay/Gateway.do]
2017-01-06 18:16:21 [DEBUG] [] Config [aux_url] = [http://xpayclient.lgdacom.net:7080/xpay/Gateway.do]
2017-01-06 18:17:29 [INFO ] [] XPayClient initialize [/home/nynLMS/lib/payment/lgdacom] [test]
2017-01-06 18:17:29 [DEBUG] [] Config [server_id] = [01]
2017-01-06 18:17:29 [DEBUG] [] Config [timeout] = [60]
2017-01-06 18:17:29 [DEBUG] [] Config [log_level] = [4]
2017-01-06 18:17:29 [DEBUG] [] Config [verify_cert] = [1]
2017-01-06 18:17:29 [DEBUG] [] Config [verify_host] = [1]
2017-01-06 18:17:29 [DEBUG] [] Config [report_error] = [1]
2017-01-06 18:17:29 [DEBUG] [] Config [output_UTF8] = [1]
2017-01-06 18:17:29 [DEBUG] [] Config [auto_rollback] = [1]
2017-01-06 18:17:29 [DEBUG] [] Config [log_dir] = [/home/nynLMS/lib/payment/lgdacom/log]
2017-01-06 18:17:29 [DEBUG] [] Config [tnayanet] = [aa7d95db6f74e6e55389156b2dcb7716]
2017-01-06 18:17:29 [DEBUG] [] Config [nayanet] = [aa7d95db6f74e6e55389156b2dcb7716]
2017-01-06 18:17:29 [DEBUG] [] Config [url] = [https://xpayclient.lgdacom.net/xpay/Gateway.do]
2017-01-06 18:17:29 [DEBUG] [] Config [test_url] = [https://xpayclient.lgdacom.net:7443/xpay/Gateway.do]
2017-01-06 18:17:29 [DEBUG] [] Config [aux_url] = [http://xpayclient.lgdacom.net:7080/xpay/Gateway.do]
2017-01-06 18:19:05 [INFO ] [] XPayClient initialize [/home/nynLMS/lib/payment/lgdacom] [test]
2017-01-06 18:19:05 [DEBUG] [] Config [server_id] = [01]
2017-01-06 18:19:05 [DEBUG] [] Config [timeout] = [60]
2017-01-06 18:19:05 [DEBUG] [] Config [log_level] = [4]
2017-01-06 18:19:05 [DEBUG] [] Config [verify_cert] = [1]
2017-01-06 18:19:05 [DEBUG] [] Config [verify_host] = [1]
2017-01-06 18:19:05 [DEBUG] [] Config [report_error] = [1]
2017-01-06 18:19:05 [DEBUG] [] Config [output_UTF8] = [1]
2017-01-06 18:19:05 [DEBUG] [] Config [auto_rollback] = [1]
2017-01-06 18:19:05 [DEBUG] [] Config [log_dir] = [/home/nynLMS/lib/payment/lgdacom/log]
2017-01-06 18:19:05 [DEBUG] [] Config [tnayanet] = [aa7d95db6f74e6e55389156b2dcb7716]
2017-01-06 18:19:05 [DEBUG] [] Config [nayanet] = [aa7d95db6f74e6e55389156b2dcb7716]
2017-01-06 18:19:05 [DEBUG] [] Config [url] = [https://xpayclient.lgdacom.net/xpay/Gateway.do]
2017-01-06 18:19:05 [DEBUG] [] Config [test_url] = [https://xpayclient.lgdacom.net:7443/xpay/Gateway.do]
2017-01-06 18:19:05 [DEBUG] [] Config [aux_url] = [http://xpayclient.lgdacom.net:7080/xpay/Gateway.do]
2017-01-06 18:19:15 [INFO ] [] XPayClient initialize [/home/nynLMS/lib/payment/lgdacom] [test]
2017-01-06 18:19:15 [DEBUG] [] Config [server_id] = [01]
2017-01-06 18:19:15 [DEBUG] [] Config [timeout] = [60]
2017-01-06 18:19:15 [DEBUG] [] Config [log_level] = [4]
2017-01-06 18:19:15 [DEBUG] [] Config [verify_cert] = [1]
2017-01-06 18:19:15 [DEBUG] [] Config [verify_host] = [1]
2017-01-06 18:19:15 [DEBUG] [] Config [report_error] = [1]
2017-01-06 18:19:15 [DEBUG] [] Config [output_UTF8] = [1]
2017-01-06 18:19:15 [DEBUG] [] Config [auto_rollback] = [1]
2017-01-06 18:19:15 [DEBUG] [] Config [log_dir] = [/home/nynLMS/lib/payment/lgdacom/log]
2017-01-06 18:19:15 [DEBUG] [] Config [tnayanet] = [aa7d95db6f74e6e55389156b2dcb7716]
2017-01-06 18:19:15 [DEBUG] [] Config [nayanet] = [aa7d95db6f74e6e55389156b2dcb7716]
2017-01-06 18:19:15 [DEBUG] [] Config [url] = [https://xpayclient.lgdacom.net/xpay/Gateway.do]
2017-01-06 18:19:15 [DEBUG] [] Config [test_url] = [https://xpayclient.lgdacom.net:7443/xpay/Gateway.do]
2017-01-06 18:19:15 [DEBUG] [] Config [aux_url] = [http://xpayclient.lgdacom.net:7080/xpay/Gateway.do]
2017-01-06 18:19:38 [INFO ] [] XPayClient initialize [/home/nynLMS/lib/payment/lgdacom] [test]
2017-01-06 18:19:38 [DEBUG] [] Config [server_id] = [01]
2017-01-06 18:19:38 [DEBUG] [] Config [timeout] = [60]
2017-01-06 18:19:38 [DEBUG] [] Config [log_level] = [4]
2017-01-06 18:19:38 [DEBUG] [] Config [verify_cert] = [1]
2017-01-06 18:19:38 [DEBUG] [] Config [verify_host] = [1]
2017-01-06 18:19:38 [DEBUG] [] Config [report_error] = [1]
2017-01-06 18:19:38 [DEBUG] [] Config [output_UTF8] = [1]
2017-01-06 18:19:38 [DEBUG] [] Config [auto_rollback] = [1]
2017-01-06 18:19:38 [DEBUG] [] Config [log_dir] = [/home/nynLMS/lib/payment/lgdacom/log]
2017-01-06 18:19:38 [DEBUG] [] Config [tnayanet] = [aa7d95db6f74e6e55389156b2dcb7716]
2017-01-06 18:19:38 [DEBUG] [] Config [nayanet] = [aa7d95db6f74e6e55389156b2dcb7716]
2017-01-06 18:19:38 [DEBUG] [] Config [url] = [https://xpayclient.lgdacom.net/xpay/Gateway.do]
2017-01-06 18:19:38 [DEBUG] [] Config [test_url] = [https://xpayclient.lgdacom.net:7443/xpay/Gateway.do]
2017-01-06 18:19:38 [DEBUG] [] Config [aux_url] = [http://xpayclient.lgdacom.net:7080/xpay/Gateway.do]
2017-01-06 18:25:32 [INFO ] [] XPayClient initialize [/home/nynLMS/lib/payment/lgdacom] [test]
2017-01-06 18:25:32 [DEBUG] [] Config [server_id] = [01]
2017-01-06 18:25:32 [DEBUG] [] Config [timeout] = [60]
2017-01-06 18:25:32 [DEBUG] [] Config [log_level] = [4]
2017-01-06 18:25:32 [DEBUG] [] Config [verify_cert] = [1]
2017-01-06 18:25:32 [DEBUG] [] Config [verify_host] = [1]
2017-01-06 18:25:32 [DEBUG] [] Config [report_error] = [1]
2017-01-06 18:25:32 [DEBUG] [] Config [output_UTF8] = [1]
2017-01-06 18:25:32 [DEBUG] [] Config [auto_rollback] = [1]
2017-01-06 18:25:32 [DEBUG] [] Config [log_dir] = [/home/nynLMS/lib/payment/lgdacom/log]
2017-01-06 18:25:32 [DEBUG] [] Config [tnayanet] = [aa7d95db6f74e6e55389156b2dcb7716]
2017-01-06 18:25:32 [DEBUG] [] Config [nayanet] = [aa7d95db6f74e6e55389156b2dcb7716]
2017-01-06 18:25:32 [DEBUG] [] Config [url] = [https://xpayclient.lgdacom.net/xpay/Gateway.do]
2017-01-06 18:25:32 [DEBUG] [] Config [test_url] = [https://xpayclient.lgdacom.net:7443/xpay/Gateway.do]
2017-01-06 18:25:32 [DEBUG] [] Config [aux_url] = [http://xpayclient.lgdacom.net:7080/xpay/Gateway.do]
2017-01-06 18:25:44 [INFO ] [] XPayClient initialize [/home/nynLMS/lib/payment/lgdacom] [test]
2017-01-06 18:25:44 [DEBUG] [] Config [server_id] = [01]
2017-01-06 18:25:44 [DEBUG] [] Config [timeout] = [60]
2017-01-06 18:25:44 [DEBUG] [] Config [log_level] = [4]
2017-01-06 18:25:44 [DEBUG] [] Config [verify_cert] = [1]
2017-01-06 18:25:44 [DEBUG] [] Config [verify_host] = [1]
2017-01-06 18:25:44 [DEBUG] [] Config [report_error] = [1]
2017-01-06 18:25:44 [DEBUG] [] Config [output_UTF8] = [1]
2017-01-06 18:25:44 [DEBUG] [] Config [auto_rollback] = [1]
2017-01-06 18:25:44 [DEBUG] [] Config [log_dir] = [/home/nynLMS/lib/payment/lgdacom/log]
2017-01-06 18:25:44 [DEBUG] [] Config [tnayanet] = [aa7d95db6f74e6e55389156b2dcb7716]
2017-01-06 18:25:44 [DEBUG] [] Config [nayanet] = [aa7d95db6f74e6e55389156b2dcb7716]
2017-01-06 18:25:44 [DEBUG] [] Config [url] = [https://xpayclient.lgdacom.net/xpay/Gateway.do]
2017-01-06 18:25:44 [DEBUG] [] Config [test_url] = [https://xpayclient.lgdacom.net:7443/xpay/Gateway.do]
2017-01-06 18:25:44 [DEBUG] [] Config [aux_url] = [http://xpayclient.lgdacom.net:7080/xpay/Gateway.do]
2017-01-06 18:26:19 [INFO ] [] XPayClient initialize [/home/nynLMS/lib/payment/lgdacom] [test]
2017-01-06 18:26:19 [DEBUG] [] Config [server_id] = [01]
2017-01-06 18:26:19 [DEBUG] [] Config [timeout] = [60]
2017-01-06 18:26:19 [DEBUG] [] Config [log_level] = [4]
2017-01-06 18:26:19 [DEBUG] [] Config [verify_cert] = [1]
2017-01-06 18:26:19 [DEBUG] [] Config [verify_host] = [1]
2017-01-06 18:26:19 [DEBUG] [] Config [report_error] = [1]
2017-01-06 18:26:19 [DEBUG] [] Config [output_UTF8] = [1]
2017-01-06 18:26:19 [DEBUG] [] Config [auto_rollback] = [1]
2017-01-06 18:26:19 [DEBUG] [] Config [log_dir] = [/home/nynLMS/lib/payment/lgdacom/log]
2017-01-06 18:26:19 [DEBUG] [] Config [tnayanet] = [aa7d95db6f74e6e55389156b2dcb7716]
2017-01-06 18:26:19 [DEBUG] [] Config [nayanet] = [aa7d95db6f74e6e55389156b2dcb7716]
2017-01-06 18:26:19 [DEBUG] [] Config [url] = [https://xpayclient.lgdacom.net/xpay/Gateway.do]
2017-01-06 18:26:19 [DEBUG] [] Config [test_url] = [https://xpayclient.lgdacom.net:7443/xpay/Gateway.do]
2017-01-06 18:26:19 [DEBUG] [] Config [aux_url] = [http://xpayclient.lgdacom.net:7080/xpay/Gateway.do]
2017-01-06 18:26:23 [INFO ] [] XPayClient initialize [/home/nynLMS/lib/payment/lgdacom] [test]
2017-01-06 18:26:23 [DEBUG] [] Config [server_id] = [01]
2017-01-06 18:26:23 [DEBUG] [] Config [timeout] = [60]
2017-01-06 18:26:23 [DEBUG] [] Config [log_level] = [4]
2017-01-06 18:26:23 [DEBUG] [] Config [verify_cert] = [1]
2017-01-06 18:26:23 [DEBUG] [] Config [verify_host] = [1]
2017-01-06 18:26:23 [DEBUG] [] Config [report_error] = [1]
2017-01-06 18:26:23 [DEBUG] [] Config [output_UTF8] = [1]
2017-01-06 18:26:23 [DEBUG] [] Config [auto_rollback] = [1]
2017-01-06 18:26:23 [DEBUG] [] Config [log_dir] = [/home/nynLMS/lib/payment/lgdacom/log]
2017-01-06 18:26:23 [DEBUG] [] Config [tnayanet] = [aa7d95db6f74e6e55389156b2dcb7716]
2017-01-06 18:26:23 [DEBUG] [] Config [nayanet] = [aa7d95db6f74e6e55389156b2dcb7716]
2017-01-06 18:26:23 [DEBUG] [] Config [url] = [https://xpayclient.lgdacom.net/xpay/Gateway.do]
2017-01-06 18:26:23 [DEBUG] [] Config [test_url] = [https://xpayclient.lgdacom.net:7443/xpay/Gateway.do]
2017-01-06 18:26:23 [DEBUG] [] Config [aux_url] = [http://xpayclient.lgdacom.net:7080/xpay/Gateway.do]
2017-01-06 18:26:36 [INFO ] [] XPayClient initialize [/home/nynLMS/lib/payment/lgdacom] [test]
2017-01-06 18:26:36 [DEBUG] [] Config [server_id] = [01]
2017-01-06 18:26:36 [DEBUG] [] Config [timeout] = [60]
2017-01-06 18:26:36 [DEBUG] [] Config [log_level] = [4]
2017-01-06 18:26:36 [DEBUG] [] Config [verify_cert] = [1]
2017-01-06 18:26:36 [DEBUG] [] Config [verify_host] = [1]
2017-01-06 18:26:36 [DEBUG] [] Config [report_error] = [1]
2017-01-06 18:26:36 [DEBUG] [] Config [output_UTF8] = [1]
2017-01-06 18:26:36 [DEBUG] [] Config [auto_rollback] = [1]
2017-01-06 18:26:36 [DEBUG] [] Config [log_dir] = [/home/nynLMS/lib/payment/lgdacom/log]
2017-01-06 18:26:36 [DEBUG] [] Config [tnayanet] = [aa7d95db6f74e6e55389156b2dcb7716]
2017-01-06 18:26:36 [DEBUG] [] Config [nayanet] = [aa7d95db6f74e6e55389156b2dcb7716]
2017-01-06 18:26:36 [DEBUG] [] Config [url] = [https://xpayclient.lgdacom.net/xpay/Gateway.do]
2017-01-06 18:26:36 [DEBUG] [] Config [test_url] = [https://xpayclient.lgdacom.net:7443/xpay/Gateway.do]
2017-01-06 18:26:36 [DEBUG] [] Config [aux_url] = [http://xpayclient.lgdacom.net:7080/xpay/Gateway.do]
2017-01-06 18:28:01 [INFO ] [] XPayClient initialize [/home/nynLMS/lib/payment/lgdacom] [test]
2017-01-06 18:28:01 [DEBUG] [] Config [server_id] = [01]
2017-01-06 18:28:01 [DEBUG] [] Config [timeout] = [60]
2017-01-06 18:28:01 [DEBUG] [] Config [log_level] = [4]
2017-01-06 18:28:01 [DEBUG] [] Config [verify_cert] = [1]
2017-01-06 18:28:01 [DEBUG] [] Config [verify_host] = [1]
2017-01-06 18:28:01 [DEBUG] [] Config [report_error] = [1]
2017-01-06 18:28:01 [DEBUG] [] Config [output_UTF8] = [1]
2017-01-06 18:28:01 [DEBUG] [] Config [auto_rollback] = [1]
2017-01-06 18:28:01 [DEBUG] [] Config [log_dir] = [/home/nynLMS/lib/payment/lgdacom/log]
2017-01-06 18:28:01 [DEBUG] [] Config [tnayanet] = [aa7d95db6f74e6e55389156b2dcb7716]
2017-01-06 18:28:01 [DEBUG] [] Config [nayanet] = [aa7d95db6f74e6e55389156b2dcb7716]
2017-01-06 18:28:01 [DEBUG] [] Config [url] = [https://xpayclient.lgdacom.net/xpay/Gateway.do]
2017-01-06 18:28:01 [DEBUG] [] Config [test_url] = [https://xpayclient.lgdacom.net:7443/xpay/Gateway.do]
2017-01-06 18:28:01 [DEBUG] [] Config [aux_url] = [http://xpayclient.lgdacom.net:7080/xpay/Gateway.do]
2017-01-06 18:28:05 [INFO ] [] XPayClient initialize [/home/nynLMS/lib/payment/lgdacom] [test]
2017-01-06 18:28:05 [DEBUG] [] Config [server_id] = [01]
2017-01-06 18:28:05 [DEBUG] [] Config [timeout] = [60]
2017-01-06 18:28:05 [DEBUG] [] Config [log_level] = [4]
2017-01-06 18:28:05 [DEBUG] [] Config [verify_cert] = [1]
2017-01-06 18:28:05 [DEBUG] [] Config [verify_host] = [1]
2017-01-06 18:28:05 [DEBUG] [] Config [report_error] = [1]
2017-01-06 18:28:05 [DEBUG] [] Config [output_UTF8] = [1]
2017-01-06 18:28:05 [DEBUG] [] Config [auto_rollback] = [1]
2017-01-06 18:28:05 [DEBUG] [] Config [log_dir] = [/home/nynLMS/lib/payment/lgdacom/log]
2017-01-06 18:28:05 [DEBUG] [] Config [tnayanet] = [aa7d95db6f74e6e55389156b2dcb7716]
2017-01-06 18:28:05 [DEBUG] [] Config [nayanet] = [aa7d95db6f74e6e55389156b2dcb7716]
2017-01-06 18:28:05 [DEBUG] [] Config [url] = [https://xpayclient.lgdacom.net/xpay/Gateway.do]
2017-01-06 18:28:05 [DEBUG] [] Config [test_url] = [https://xpayclient.lgdacom.net:7443/xpay/Gateway.do]
2017-01-06 18:28:05 [DEBUG] [] Config [aux_url] = [http://xpayclient.lgdacom.net:7080/xpay/Gateway.do]
2017-01-06 18:28:10 [INFO ] [] XPayClient initialize [/home/nynLMS/lib/payment/lgdacom] [test]
2017-01-06 18:28:10 [DEBUG] [] Config [server_id] = [01]
2017-01-06 18:28:10 [DEBUG] [] Config [timeout] = [60]
2017-01-06 18:28:10 [DEBUG] [] Config [log_level] = [4]
2017-01-06 18:28:10 [DEBUG] [] Config [verify_cert] = [1]
2017-01-06 18:28:10 [DEBUG] [] Config [verify_host] = [1]
2017-01-06 18:28:10 [DEBUG] [] Config [report_error] = [1]
2017-01-06 18:28:10 [DEBUG] [] Config [output_UTF8] = [1]
2017-01-06 18:28:10 [DEBUG] [] Config [auto_rollback] = [1]
2017-01-06 18:28:10 [DEBUG] [] Config [log_dir] = [/home/nynLMS/lib/payment/lgdacom/log]
2017-01-06 18:28:10 [DEBUG] [] Config [tnayanet] = [aa7d95db6f74e6e55389156b2dcb7716]
2017-01-06 18:28:10 [DEBUG] [] Config [nayanet] = [aa7d95db6f74e6e55389156b2dcb7716]
2017-01-06 18:28:10 [DEBUG] [] Config [url] = [https://xpayclient.lgdacom.net/xpay/Gateway.do]
2017-01-06 18:28:10 [DEBUG] [] Config [test_url] = [https://xpayclient.lgdacom.net:7443/xpay/Gateway.do]
2017-01-06 18:28:10 [DEBUG] [] Config [aux_url] = [http://xpayclient.lgdacom.net:7080/xpay/Gateway.do]
2017-01-06 18:33:07 [INFO ] [] XPayClient initialize [/home/nynLMS/lib/payment/lgdacom] [test]
2017-01-06 18:33:07 [DEBUG] [] Config [server_id] = [01]
2017-01-06 18:33:07 [DEBUG] [] Config [timeout] = [60]
2017-01-06 18:33:07 [DEBUG] [] Config [log_level] = [4]
2017-01-06 18:33:07 [DEBUG] [] Config [verify_cert] = [1]
2017-01-06 18:33:07 [DEBUG] [] Config [verify_host] = [1]
2017-01-06 18:33:07 [DEBUG] [] Config [report_error] = [1]
2017-01-06 18:33:07 [DEBUG] [] Config [output_UTF8] = [1]
2017-01-06 18:33:07 [DEBUG] [] Config [auto_rollback] = [1]
2017-01-06 18:33:07 [DEBUG] [] Config [log_dir] = [/home/nynLMS/lib/payment/lgdacom/log]
2017-01-06 18:33:07 [DEBUG] [] Config [tnayanet] = [aa7d95db6f74e6e55389156b2dcb7716]
2017-01-06 18:33:07 [DEBUG] [] Config [nayanet] = [aa7d95db6f74e6e55389156b2dcb7716]
2017-01-06 18:33:07 [DEBUG] [] Config [url] = [https://xpayclient.lgdacom.net/xpay/Gateway.do]
2017-01-06 18:33:07 [DEBUG] [] Config [test_url] = [https://xpayclient.lgdacom.net:7443/xpay/Gateway.do]
2017-01-06 18:33:07 [DEBUG] [] Config [aux_url] = [http://xpayclient.lgdacom.net:7080/xpay/Gateway.do]
2017-01-06 18:33:24 [INFO ] [] XPayClient initialize [/home/nynLMS/lib/payment/lgdacom] [test]
2017-01-06 18:33:24 [DEBUG] [] Config [server_id] = [01]
2017-01-06 18:33:24 [DEBUG] [] Config [timeout] = [60]
2017-01-06 18:33:24 [DEBUG] [] Config [log_level] = [4]
2017-01-06 18:33:24 [DEBUG] [] Config [verify_cert] = [1]
2017-01-06 18:33:24 [DEBUG] [] Config [verify_host] = [1]
2017-01-06 18:33:24 [DEBUG] [] Config [report_error] = [1]
2017-01-06 18:33:24 [DEBUG] [] Config [output_UTF8] = [1]
2017-01-06 18:33:24 [DEBUG] [] Config [auto_rollback] = [1]
2017-01-06 18:33:24 [DEBUG] [] Config [log_dir] = [/home/nynLMS/lib/payment/lgdacom/log]
2017-01-06 18:33:24 [DEBUG] [] Config [tnayanet] = [aa7d95db6f74e6e55389156b2dcb7716]
2017-01-06 18:33:24 [DEBUG] [] Config [nayanet] = [aa7d95db6f74e6e55389156b2dcb7716]
2017-01-06 18:33:24 [DEBUG] [] Config [url] = [https://xpayclient.lgdacom.net/xpay/Gateway.do]
2017-01-06 18:33:24 [DEBUG] [] Config [test_url] = [https://xpayclient.lgdacom.net:7443/xpay/Gateway.do]
2017-01-06 18:33:24 [DEBUG] [] Config [aux_url] = [http://xpayclient.lgdacom.net:7080/xpay/Gateway.do]
2017-01-06 18:33:34 [INFO ] [] XPayClient initialize [/home/nynLMS/lib/payment/lgdacom] [test]
2017-01-06 18:33:34 [DEBUG] [] Config [server_id] = [01]
2017-01-06 18:33:34 [DEBUG] [] Config [timeout] = [60]
2017-01-06 18:33:34 [DEBUG] [] Config [log_level] = [4]
2017-01-06 18:33:34 [DEBUG] [] Config [verify_cert] = [1]
2017-01-06 18:33:34 [DEBUG] [] Config [verify_host] = [1]
2017-01-06 18:33:34 [DEBUG] [] Config [report_error] = [1]
2017-01-06 18:33:34 [DEBUG] [] Config [output_UTF8] = [1]
2017-01-06 18:33:34 [DEBUG] [] Config [auto_rollback] = [1]
2017-01-06 18:33:34 [DEBUG] [] Config [log_dir] = [/home/nynLMS/lib/payment/lgdacom/log]
2017-01-06 18:33:34 [DEBUG] [] Config [tnayanet] = [aa7d95db6f74e6e55389156b2dcb7716]
2017-01-06 18:33:34 [DEBUG] [] Config [nayanet] = [aa7d95db6f74e6e55389156b2dcb7716]
2017-01-06 18:33:34 [DEBUG] [] Config [url] = [https://xpayclient.lgdacom.net/xpay/Gateway.do]
2017-01-06 18:33:34 [DEBUG] [] Config [test_url] = [https://xpayclient.lgdacom.net:7443/xpay/Gateway.do]
2017-01-06 18:33:34 [DEBUG] [] Config [aux_url] = [http://xpayclient.lgdacom.net:7080/xpay/Gateway.do]
2017-01-06 18:33:37 [INFO ] [] XPayClient initialize [/home/nynLMS/lib/payment/lgdacom] [test]
2017-01-06 18:33:37 [DEBUG] [] Config [server_id] = [01]
2017-01-06 18:33:37 [DEBUG] [] Config [timeout] = [60]
2017-01-06 18:33:37 [DEBUG] [] Config [log_level] = [4]
2017-01-06 18:33:37 [DEBUG] [] Config [verify_cert] = [1]
2017-01-06 18:33:37 [DEBUG] [] Config [verify_host] = [1]
2017-01-06 18:33:37 [DEBUG] [] Config [report_error] = [1]
2017-01-06 18:33:37 [DEBUG] [] Config [output_UTF8] = [1]
2017-01-06 18:33:37 [DEBUG] [] Config [auto_rollback] = [1]
2017-01-06 18:33:37 [DEBUG] [] Config [log_dir] = [/home/nynLMS/lib/payment/lgdacom/log]
2017-01-06 18:33:37 [DEBUG] [] Config [tnayanet] = [aa7d95db6f74e6e55389156b2dcb7716]
2017-01-06 18:33:37 [DEBUG] [] Config [nayanet] = [aa7d95db6f74e6e55389156b2dcb7716]
2017-01-06 18:33:37 [DEBUG] [] Config [url] = [https://xpayclient.lgdacom.net/xpay/Gateway.do]
2017-01-06 18:33:37 [DEBUG] [] Config [test_url] = [https://xpayclient.lgdacom.net:7443/xpay/Gateway.do]
2017-01-06 18:33:37 [DEBUG] [] Config [aux_url] = [http://xpayclient.lgdacom.net:7080/xpay/Gateway.do]
2017-01-06 18:33:53 [INFO ] [] XPayClient initialize [/home/nynLMS/lib/payment/lgdacom] [test]
2017-01-06 18:33:53 [DEBUG] [] Config [server_id] = [01]
2017-01-06 18:33:53 [DEBUG] [] Config [timeout] = [60]
2017-01-06 18:33:53 [DEBUG] [] Config [log_level] = [4]
2017-01-06 18:33:53 [DEBUG] [] Config [verify_cert] = [1]
2017-01-06 18:33:53 [DEBUG] [] Config [verify_host] = [1]
2017-01-06 18:33:53 [DEBUG] [] Config [report_error] = [1]
2017-01-06 18:33:53 [DEBUG] [] Config [output_UTF8] = [1]
2017-01-06 18:33:53 [DEBUG] [] Config [auto_rollback] = [1]
2017-01-06 18:33:53 [DEBUG] [] Config [log_dir] = [/home/nynLMS/lib/payment/lgdacom/log]
2017-01-06 18:33:53 [DEBUG] [] Config [tnayanet] = [aa7d95db6f74e6e55389156b2dcb7716]
2017-01-06 18:33:53 [DEBUG] [] Config [nayanet] = [aa7d95db6f74e6e55389156b2dcb7716]
2017-01-06 18:33:53 [DEBUG] [] Config [url] = [https://xpayclient.lgdacom.net/xpay/Gateway.do]
2017-01-06 18:33:53 [DEBUG] [] Config [test_url] = [https://xpayclient.lgdacom.net:7443/xpay/Gateway.do]
2017-01-06 18:33:53 [DEBUG] [] Config [aux_url] = [http://xpayclient.lgdacom.net:7080/xpay/Gateway.do]
2017-01-06 18:34:38 [INFO ] [] XPayClient initialize [/home/nynLMS/lib/payment/lgdacom] [test]
2017-01-06 18:34:38 [DEBUG] [] Config [server_id] = [01]
2017-01-06 18:34:38 [DEBUG] [] Config [timeout] = [60]
2017-01-06 18:34:38 [DEBUG] [] Config [log_level] = [4]
2017-01-06 18:34:38 [DEBUG] [] Config [verify_cert] = [1]
2017-01-06 18:34:38 [DEBUG] [] Config [verify_host] = [1]
2017-01-06 18:34:38 [DEBUG] [] Config [report_error] = [1]
2017-01-06 18:34:38 [DEBUG] [] Config [output_UTF8] = [1]
2017-01-06 18:34:38 [DEBUG] [] Config [auto_rollback] = [1]
2017-01-06 18:34:38 [DEBUG] [] Config [log_dir] = [/home/nynLMS/lib/payment/lgdacom/log]
2017-01-06 18:34:38 [DEBUG] [] Config [tnayanet] = [aa7d95db6f74e6e55389156b2dcb7716]
2017-01-06 18:34:38 [DEBUG] [] Config [nayanet] = [aa7d95db6f74e6e55389156b2dcb7716]
2017-01-06 18:34:38 [DEBUG] [] Config [url] = [https://xpayclient.lgdacom.net/xpay/Gateway.do]
2017-01-06 18:34:38 [DEBUG] [] Config [test_url] = [https://xpayclient.lgdacom.net:7443/xpay/Gateway.do]
2017-01-06 18:34:38 [DEBUG] [] Config [aux_url] = [http://xpayclient.lgdacom.net:7080/xpay/Gateway.do]
2017-01-06 18:34:53 [INFO ] [] XPayClient initialize [/home/nynLMS/lib/payment/lgdacom] [test]
2017-01-06 18:34:53 [DEBUG] [] Config [server_id] = [01]
2017-01-06 18:34:53 [DEBUG] [] Config [timeout] = [60]
2017-01-06 18:34:53 [DEBUG] [] Config [log_level] = [4]
2017-01-06 18:34:53 [DEBUG] [] Config [verify_cert] = [1]
2017-01-06 18:34:53 [DEBUG] [] Config [verify_host] = [1]
2017-01-06 18:34:53 [DEBUG] [] Config [report_error] = [1]
2017-01-06 18:34:53 [DEBUG] [] Config [output_UTF8] = [1]
2017-01-06 18:34:53 [DEBUG] [] Config [auto_rollback] = [1]
2017-01-06 18:34:53 [DEBUG] [] Config [log_dir] = [/home/nynLMS/lib/payment/lgdacom/log]
2017-01-06 18:34:53 [DEBUG] [] Config [tnayanet] = [aa7d95db6f74e6e55389156b2dcb7716]
2017-01-06 18:34:53 [DEBUG] [] Config [nayanet] = [aa7d95db6f74e6e55389156b2dcb7716]
2017-01-06 18:34:53 [DEBUG] [] Config [url] = [https://xpayclient.lgdacom.net/xpay/Gateway.do]
2017-01-06 18:34:53 [DEBUG] [] Config [test_url] = [https://xpayclient.lgdacom.net:7443/xpay/Gateway.do]
2017-01-06 18:34:53 [DEBUG] [] Config [aux_url] = [http://xpayclient.lgdacom.net:7080/xpay/Gateway.do]
2017-01-06 19:54:49 [INFO ] [] XPayClient initialize [/home/nynLMS/lib/payment/lgdacom] [test]
2017-01-06 19:54:49 [DEBUG] [] Config [server_id] = [01]
2017-01-06 19:54:49 [DEBUG] [] Config [timeout] = [60]
2017-01-06 19:54:49 [DEBUG] [] Config [log_level] = [4]
2017-01-06 19:54:49 [DEBUG] [] Config [verify_cert] = [1]
2017-01-06 19:54:49 [DEBUG] [] Config [verify_host] = [1]
2017-01-06 19:54:49 [DEBUG] [] Config [report_error] = [1]
2017-01-06 19:54:49 [DEBUG] [] Config [output_UTF8] = [1]
2017-01-06 19:54:49 [DEBUG] [] Config [auto_rollback] = [1]
2017-01-06 19:54:49 [DEBUG] [] Config [log_dir] = [/home/nynLMS/lib/payment/lgdacom/log]
2017-01-06 19:54:49 [DEBUG] [] Config [tnayanet] = [aa7d95db6f74e6e55389156b2dcb7716]
2017-01-06 19:54:49 [DEBUG] [] Config [nayanet] = [aa7d95db6f74e6e55389156b2dcb7716]
2017-01-06 19:54:49 [DEBUG] [] Config [url] = [https://xpayclient.lgdacom.net/xpay/Gateway.do]
2017-01-06 19:54:49 [DEBUG] [] Config [test_url] = [https://xpayclient.lgdacom.net:7443/xpay/Gateway.do]
2017-01-06 19:54:49 [DEBUG] [] Config [aux_url] = [http://xpayclient.lgdacom.net:7080/xpay/Gateway.do]
2017-01-06 19:55:43 [INFO ] [] XPayClient initialize [/home/nynLMS/lib/payment/lgdacom] [test]
2017-01-06 19:55:43 [DEBUG] [] Config [server_id] = [01]
2017-01-06 19:55:43 [DEBUG] [] Config [timeout] = [60]
2017-01-06 19:55:43 [DEBUG] [] Config [log_level] = [4]
2017-01-06 19:55:43 [DEBUG] [] Config [verify_cert] = [1]
2017-01-06 19:55:43 [DEBUG] [] Config [verify_host] = [1]
2017-01-06 19:55:43 [DEBUG] [] Config [report_error] = [1]
2017-01-06 19:55:43 [DEBUG] [] Config [output_UTF8] = [1]
2017-01-06 19:55:43 [DEBUG] [] Config [auto_rollback] = [1]
2017-01-06 19:55:43 [DEBUG] [] Config [log_dir] = [/home/nynLMS/lib/payment/lgdacom/log]
2017-01-06 19:55:43 [DEBUG] [] Config [tnayanet] = [aa7d95db6f74e6e55389156b2dcb7716]
2017-01-06 19:55:43 [DEBUG] [] Config [nayanet] = [aa7d95db6f74e6e55389156b2dcb7716]
2017-01-06 19:55:43 [DEBUG] [] Config [url] = [https://xpayclient.lgdacom.net/xpay/Gateway.do]
2017-01-06 19:55:43 [DEBUG] [] Config [test_url] = [https://xpayclient.lgdacom.net:7443/xpay/Gateway.do]
2017-01-06 19:55:43 [DEBUG] [] Config [aux_url] = [http://xpayclient.lgdacom.net:7080/xpay/Gateway.do]
