2017-03-14 15:51:24 [INFO ] [] XPayClient initialize [/home/nynLMS/lib/payment/lgdacom] [test]
2017-03-14 15:51:24 [DEBUG] [] Config [server_id] = [01]
2017-03-14 15:51:24 [DEBUG] [] Config [timeout] = [60]
2017-03-14 15:51:24 [DEBUG] [] Config [log_level] = [4]
2017-03-14 15:51:24 [DEBUG] [] Config [verify_cert] = [1]
2017-03-14 15:51:24 [DEBUG] [] Config [verify_host] = [1]
2017-03-14 15:51:24 [DEBUG] [] Config [report_error] = [1]
2017-03-14 15:51:24 [DEBUG] [] Config [output_UTF8] = [1]
2017-03-14 15:51:24 [DEBUG] [] Config [auto_rollback] = [1]
2017-03-14 15:51:24 [DEBUG] [] Config [log_dir] = [/home/nynLMS/lib/payment/lgdacom/log]
2017-03-14 15:51:24 [DEBUG] [] Config [tnayanet] = [aa7d95db6f74e6e55389156b2dcb7716]
2017-03-14 15:51:24 [DEBUG] [] Config [nayanet] = [aa7d95db6f74e6e55389156b2dcb7716]
2017-03-14 15:51:24 [DEBUG] [] Config [url] = [https://xpayclient.lgdacom.net/xpay/Gateway.do]
2017-03-14 15:51:24 [DEBUG] [] Config [test_url] = [https://xpayclient.lgdacom.net:7443/xpay/Gateway.do]
2017-03-14 15:51:24 [DEBUG] [] Config [aux_url] = [http://xpayclient.lgdacom.net:7080/xpay/Gateway.do]
2017-03-14 15:52:22 [INFO ] [] XPayClient initialize [/home/nynLMS/lib/payment/lgdacom] [test]
2017-03-14 15:52:22 [DEBUG] [] Config [server_id] = [01]
2017-03-14 15:52:22 [DEBUG] [] Config [timeout] = [60]
2017-03-14 15:52:22 [DEBUG] [] Config [log_level] = [4]
2017-03-14 15:52:22 [DEBUG] [] Config [verify_cert] = [1]
2017-03-14 15:52:22 [DEBUG] [] Config [verify_host] = [1]
2017-03-14 15:52:22 [DEBUG] [] Config [report_error] = [1]
2017-03-14 15:52:22 [DEBUG] [] Config [output_UTF8] = [1]
2017-03-14 15:52:22 [DEBUG] [] Config [auto_rollback] = [1]
2017-03-14 15:52:22 [DEBUG] [] Config [log_dir] = [/home/nynLMS/lib/payment/lgdacom/log]
2017-03-14 15:52:22 [DEBUG] [] Config [tnayanet] = [aa7d95db6f74e6e55389156b2dcb7716]
2017-03-14 15:52:22 [DEBUG] [] Config [nayanet] = [aa7d95db6f74e6e55389156b2dcb7716]
2017-03-14 15:52:22 [DEBUG] [] Config [url] = [https://xpayclient.lgdacom.net/xpay/Gateway.do]
2017-03-14 15:52:22 [DEBUG] [] Config [test_url] = [https://xpayclient.lgdacom.net:7443/xpay/Gateway.do]
2017-03-14 15:52:22 [DEBUG] [] Config [aux_url] = [http://xpayclient.lgdacom.net:7080/xpay/Gateway.do]
2017-03-14 15:52:32 [INFO ] [] XPayClient initialize [/home/nynLMS/lib/payment/lgdacom] [test]
2017-03-14 15:52:32 [DEBUG] [] Config [server_id] = [01]
2017-03-14 15:52:32 [DEBUG] [] Config [timeout] = [60]
2017-03-14 15:52:32 [DEBUG] [] Config [log_level] = [4]
2017-03-14 15:52:32 [DEBUG] [] Config [verify_cert] = [1]
2017-03-14 15:52:32 [DEBUG] [] Config [verify_host] = [1]
2017-03-14 15:52:32 [DEBUG] [] Config [report_error] = [1]
2017-03-14 15:52:32 [DEBUG] [] Config [output_UTF8] = [1]
2017-03-14 15:52:32 [DEBUG] [] Config [auto_rollback] = [1]
2017-03-14 15:52:32 [DEBUG] [] Config [log_dir] = [/home/nynLMS/lib/payment/lgdacom/log]
2017-03-14 15:52:32 [DEBUG] [] Config [tnayanet] = [aa7d95db6f74e6e55389156b2dcb7716]
2017-03-14 15:52:32 [DEBUG] [] Config [nayanet] = [aa7d95db6f74e6e55389156b2dcb7716]
2017-03-14 15:52:32 [DEBUG] [] Config [url] = [https://xpayclient.lgdacom.net/xpay/Gateway.do]
2017-03-14 15:52:32 [DEBUG] [] Config [test_url] = [https://xpayclient.lgdacom.net:7443/xpay/Gateway.do]
2017-03-14 15:52:32 [DEBUG] [] Config [aux_url] = [http://xpayclient.lgdacom.net:7080/xpay/Gateway.do]
2017-03-14 15:52:43 [INFO ] [] XPayClient initialize [/home/nynLMS/lib/payment/lgdacom] [test]
2017-03-14 15:52:43 [DEBUG] [] Config [server_id] = [01]
2017-03-14 15:52:43 [DEBUG] [] Config [timeout] = [60]
2017-03-14 15:52:43 [DEBUG] [] Config [log_level] = [4]
2017-03-14 15:52:43 [DEBUG] [] Config [verify_cert] = [1]
2017-03-14 15:52:43 [DEBUG] [] Config [verify_host] = [1]
2017-03-14 15:52:43 [DEBUG] [] Config [report_error] = [1]
2017-03-14 15:52:43 [DEBUG] [] Config [output_UTF8] = [1]
2017-03-14 15:52:43 [DEBUG] [] Config [auto_rollback] = [1]
2017-03-14 15:52:43 [DEBUG] [] Config [log_dir] = [/home/nynLMS/lib/payment/lgdacom/log]
2017-03-14 15:52:43 [DEBUG] [] Config [tnayanet] = [aa7d95db6f74e6e55389156b2dcb7716]
2017-03-14 15:52:43 [DEBUG] [] Config [nayanet] = [aa7d95db6f74e6e55389156b2dcb7716]
2017-03-14 15:52:43 [DEBUG] [] Config [url] = [https://xpayclient.lgdacom.net/xpay/Gateway.do]
2017-03-14 15:52:43 [DEBUG] [] Config [test_url] = [https://xpayclient.lgdacom.net:7443/xpay/Gateway.do]
2017-03-14 15:52:43 [DEBUG] [] Config [aux_url] = [http://xpayclient.lgdacom.net:7080/xpay/Gateway.do]
2017-03-14 15:53:27 [INFO ] [] XPayClient initialize [/home/nynLMS/lib/payment/lgdacom] [test]
2017-03-14 15:53:27 [DEBUG] [] Config [server_id] = [01]
2017-03-14 15:53:27 [DEBUG] [] Config [timeout] = [60]
2017-03-14 15:53:27 [DEBUG] [] Config [log_level] = [4]
2017-03-14 15:53:27 [DEBUG] [] Config [verify_cert] = [1]
2017-03-14 15:53:27 [DEBUG] [] Config [verify_host] = [1]
2017-03-14 15:53:27 [DEBUG] [] Config [report_error] = [1]
2017-03-14 15:53:27 [DEBUG] [] Config [output_UTF8] = [1]
2017-03-14 15:53:27 [DEBUG] [] Config [auto_rollback] = [1]
2017-03-14 15:53:27 [DEBUG] [] Config [log_dir] = [/home/nynLMS/lib/payment/lgdacom/log]
2017-03-14 15:53:27 [DEBUG] [] Config [tnayanet] = [aa7d95db6f74e6e55389156b2dcb7716]
2017-03-14 15:53:27 [DEBUG] [] Config [nayanet] = [aa7d95db6f74e6e55389156b2dcb7716]
2017-03-14 15:53:27 [DEBUG] [] Config [url] = [https://xpayclient.lgdacom.net/xpay/Gateway.do]
2017-03-14 15:53:27 [DEBUG] [] Config [test_url] = [https://xpayclient.lgdacom.net:7443/xpay/Gateway.do]
2017-03-14 15:53:27 [DEBUG] [] Config [aux_url] = [http://xpayclient.lgdacom.net:7080/xpay/Gateway.do]
2017-03-14 16:24:25 [INFO ] [] XPayClient initialize [/home/nynLMS/lib/payment/lgdacom] [test]
2017-03-14 16:24:25 [DEBUG] [] Config [server_id] = [01]
2017-03-14 16:24:25 [DEBUG] [] Config [timeout] = [60]
2017-03-14 16:24:25 [DEBUG] [] Config [log_level] = [4]
2017-03-14 16:24:25 [DEBUG] [] Config [verify_cert] = [1]
2017-03-14 16:24:25 [DEBUG] [] Config [verify_host] = [1]
2017-03-14 16:24:25 [DEBUG] [] Config [report_error] = [1]
2017-03-14 16:24:25 [DEBUG] [] Config [output_UTF8] = [1]
2017-03-14 16:24:25 [DEBUG] [] Config [auto_rollback] = [1]
2017-03-14 16:24:25 [DEBUG] [] Config [log_dir] = [/home/nynLMS/lib/payment/lgdacom/log]
2017-03-14 16:24:25 [DEBUG] [] Config [tnayanet] = [aa7d95db6f74e6e55389156b2dcb7716]
2017-03-14 16:24:25 [DEBUG] [] Config [nayanet] = [aa7d95db6f74e6e55389156b2dcb7716]
2017-03-14 16:24:25 [DEBUG] [] Config [url] = [https://xpayclient.lgdacom.net/xpay/Gateway.do]
2017-03-14 16:24:25 [DEBUG] [] Config [test_url] = [https://xpayclient.lgdacom.net:7443/xpay/Gateway.do]
2017-03-14 16:24:25 [DEBUG] [] Config [aux_url] = [http://xpayclient.lgdacom.net:7080/xpay/Gateway.do]
2017-03-14 18:25:01 [INFO ] [] XPayClient initialize [/home/nynLMS/lib/payment/lgdacom] [test]
2017-03-14 18:25:01 [DEBUG] [] Config [server_id] = [01]
2017-03-14 18:25:01 [DEBUG] [] Config [timeout] = [60]
2017-03-14 18:25:01 [DEBUG] [] Config [log_level] = [4]
2017-03-14 18:25:01 [DEBUG] [] Config [verify_cert] = [1]
2017-03-14 18:25:01 [DEBUG] [] Config [verify_host] = [1]
2017-03-14 18:25:01 [DEBUG] [] Config [report_error] = [1]
2017-03-14 18:25:01 [DEBUG] [] Config [output_UTF8] = [1]
2017-03-14 18:25:01 [DEBUG] [] Config [auto_rollback] = [1]
2017-03-14 18:25:01 [DEBUG] [] Config [log_dir] = [/home/nynLMS/lib/payment/lgdacom/log]
2017-03-14 18:25:01 [DEBUG] [] Config [tnayanet] = [aa7d95db6f74e6e55389156b2dcb7716]
2017-03-14 18:25:01 [DEBUG] [] Config [nayanet] = [aa7d95db6f74e6e55389156b2dcb7716]
2017-03-14 18:25:01 [DEBUG] [] Config [url] = [https://xpayclient.lgdacom.net/xpay/Gateway.do]
2017-03-14 18:25:01 [DEBUG] [] Config [test_url] = [https://xpayclient.lgdacom.net:7443/xpay/Gateway.do]
2017-03-14 18:25:01 [DEBUG] [] Config [aux_url] = [http://xpayclient.lgdacom.net:7080/xpay/Gateway.do]
