2017-01-09 14:04:31 [INFO ] [] XPayClient initialize [/home/nynLMS/lib/payment/lgdacom] [test]
2017-01-09 14:04:31 [DEBUG] [] Config [server_id] = [01]
2017-01-09 14:04:31 [DEBUG] [] Config [timeout] = [60]
2017-01-09 14:04:31 [DEBUG] [] Config [log_level] = [4]
2017-01-09 14:04:31 [DEBUG] [] Config [verify_cert] = [1]
2017-01-09 14:04:31 [DEBUG] [] Config [verify_host] = [1]
2017-01-09 14:04:31 [DEBUG] [] Config [report_error] = [1]
2017-01-09 14:04:31 [DEBUG] [] Config [output_UTF8] = [1]
2017-01-09 14:04:31 [DEBUG] [] Config [auto_rollback] = [1]
2017-01-09 14:04:31 [DEBUG] [] Config [log_dir] = [/home/nynLMS/lib/payment/lgdacom/log]
2017-01-09 14:04:31 [DEBUG] [] Config [tnayanet] = [aa7d95db6f74e6e55389156b2dcb7716]
2017-01-09 14:04:31 [DEBUG] [] Config [nayanet] = [aa7d95db6f74e6e55389156b2dcb7716]
2017-01-09 14:04:31 [DEBUG] [] Config [url] = [https://xpayclient.lgdacom.net/xpay/Gateway.do]
2017-01-09 14:04:31 [DEBUG] [] Config [test_url] = [https://xpayclient.lgdacom.net:7443/xpay/Gateway.do]
2017-01-09 14:04:31 [DEBUG] [] Config [aux_url] = [http://xpayclient.lgdacom.net:7080/xpay/Gateway.do]
2017-01-09 14:04:33 [INFO ] [] XPayClient initialize [/home/nynLMS/lib/payment/lgdacom] [test]
2017-01-09 14:04:33 [DEBUG] [] Config [server_id] = [01]
2017-01-09 14:04:33 [DEBUG] [] Config [timeout] = [60]
2017-01-09 14:04:33 [DEBUG] [] Config [log_level] = [4]
2017-01-09 14:04:33 [DEBUG] [] Config [verify_cert] = [1]
2017-01-09 14:04:33 [DEBUG] [] Config [verify_host] = [1]
2017-01-09 14:04:33 [DEBUG] [] Config [report_error] = [1]
2017-01-09 14:04:33 [DEBUG] [] Config [output_UTF8] = [1]
2017-01-09 14:04:33 [DEBUG] [] Config [auto_rollback] = [1]
2017-01-09 14:04:33 [DEBUG] [] Config [log_dir] = [/home/nynLMS/lib/payment/lgdacom/log]
2017-01-09 14:04:33 [DEBUG] [] Config [tnayanet] = [aa7d95db6f74e6e55389156b2dcb7716]
2017-01-09 14:04:33 [DEBUG] [] Config [nayanet] = [aa7d95db6f74e6e55389156b2dcb7716]
2017-01-09 14:04:33 [DEBUG] [] Config [url] = [https://xpayclient.lgdacom.net/xpay/Gateway.do]
2017-01-09 14:04:33 [DEBUG] [] Config [test_url] = [https://xpayclient.lgdacom.net:7443/xpay/Gateway.do]
2017-01-09 14:04:33 [DEBUG] [] Config [aux_url] = [http://xpayclient.lgdacom.net:7080/xpay/Gateway.do]
2017-01-09 14:10:11 [INFO ] [] XPayClient initialize [/home/nynLMS/lib/payment/lgdacom] [test]
2017-01-09 14:10:11 [DEBUG] [] Config [server_id] = [01]
2017-01-09 14:10:11 [DEBUG] [] Config [timeout] = [60]
2017-01-09 14:10:11 [DEBUG] [] Config [log_level] = [4]
2017-01-09 14:10:11 [DEBUG] [] Config [verify_cert] = [1]
2017-01-09 14:10:11 [DEBUG] [] Config [verify_host] = [1]
2017-01-09 14:10:11 [DEBUG] [] Config [report_error] = [1]
2017-01-09 14:10:11 [DEBUG] [] Config [output_UTF8] = [1]
2017-01-09 14:10:11 [DEBUG] [] Config [auto_rollback] = [1]
2017-01-09 14:10:11 [DEBUG] [] Config [log_dir] = [/home/nynLMS/lib/payment/lgdacom/log]
2017-01-09 14:10:11 [DEBUG] [] Config [tnayanet] = [aa7d95db6f74e6e55389156b2dcb7716]
2017-01-09 14:10:11 [DEBUG] [] Config [nayanet] = [aa7d95db6f74e6e55389156b2dcb7716]
2017-01-09 14:10:11 [DEBUG] [] Config [url] = [https://xpayclient.lgdacom.net/xpay/Gateway.do]
2017-01-09 14:10:11 [DEBUG] [] Config [test_url] = [https://xpayclient.lgdacom.net:7443/xpay/Gateway.do]
2017-01-09 14:10:11 [DEBUG] [] Config [aux_url] = [http://xpayclient.lgdacom.net:7080/xpay/Gateway.do]
2017-01-09 14:10:14 [INFO ] [] XPayClient initialize [/home/nynLMS/lib/payment/lgdacom] [test]
2017-01-09 14:10:14 [DEBUG] [] Config [server_id] = [01]
2017-01-09 14:10:14 [DEBUG] [] Config [timeout] = [60]
2017-01-09 14:10:14 [DEBUG] [] Config [log_level] = [4]
2017-01-09 14:10:14 [DEBUG] [] Config [verify_cert] = [1]
2017-01-09 14:10:14 [DEBUG] [] Config [verify_host] = [1]
2017-01-09 14:10:14 [DEBUG] [] Config [report_error] = [1]
2017-01-09 14:10:14 [DEBUG] [] Config [output_UTF8] = [1]
2017-01-09 14:10:14 [DEBUG] [] Config [auto_rollback] = [1]
2017-01-09 14:10:14 [DEBUG] [] Config [log_dir] = [/home/nynLMS/lib/payment/lgdacom/log]
2017-01-09 14:10:14 [DEBUG] [] Config [tnayanet] = [aa7d95db6f74e6e55389156b2dcb7716]
2017-01-09 14:10:14 [DEBUG] [] Config [nayanet] = [aa7d95db6f74e6e55389156b2dcb7716]
2017-01-09 14:10:14 [DEBUG] [] Config [url] = [https://xpayclient.lgdacom.net/xpay/Gateway.do]
2017-01-09 14:10:14 [DEBUG] [] Config [test_url] = [https://xpayclient.lgdacom.net:7443/xpay/Gateway.do]
2017-01-09 14:10:14 [DEBUG] [] Config [aux_url] = [http://xpayclient.lgdacom.net:7080/xpay/Gateway.do]
2017-01-09 14:10:14 [INFO ] [] XPayClient initialize [/home/nynLMS/lib/payment/lgdacom] [test]
2017-01-09 14:10:14 [DEBUG] [] Config [server_id] = [01]
2017-01-09 14:10:14 [DEBUG] [] Config [timeout] = [60]
2017-01-09 14:10:14 [DEBUG] [] Config [log_level] = [4]
2017-01-09 14:10:14 [DEBUG] [] Config [verify_cert] = [1]
2017-01-09 14:10:14 [DEBUG] [] Config [verify_host] = [1]
2017-01-09 14:10:14 [DEBUG] [] Config [report_error] = [1]
2017-01-09 14:10:14 [DEBUG] [] Config [output_UTF8] = [1]
2017-01-09 14:10:14 [DEBUG] [] Config [auto_rollback] = [1]
2017-01-09 14:10:14 [DEBUG] [] Config [log_dir] = [/home/nynLMS/lib/payment/lgdacom/log]
2017-01-09 14:10:14 [DEBUG] [] Config [tnayanet] = [aa7d95db6f74e6e55389156b2dcb7716]
2017-01-09 14:10:14 [DEBUG] [] Config [nayanet] = [aa7d95db6f74e6e55389156b2dcb7716]
2017-01-09 14:10:14 [DEBUG] [] Config [url] = [https://xpayclient.lgdacom.net/xpay/Gateway.do]
2017-01-09 14:10:14 [DEBUG] [] Config [test_url] = [https://xpayclient.lgdacom.net:7443/xpay/Gateway.do]
2017-01-09 14:10:14 [DEBUG] [] Config [aux_url] = [http://xpayclient.lgdacom.net:7080/xpay/Gateway.do]
2017-01-09 15:09:59 [INFO ] [] XPayClient initialize [/home/nynLMS/lib/payment/lgdacom] [test]
2017-01-09 15:09:59 [DEBUG] [] Config [server_id] = [01]
2017-01-09 15:09:59 [DEBUG] [] Config [timeout] = [60]
2017-01-09 15:09:59 [DEBUG] [] Config [log_level] = [4]
2017-01-09 15:09:59 [DEBUG] [] Config [verify_cert] = [1]
2017-01-09 15:09:59 [DEBUG] [] Config [verify_host] = [1]
2017-01-09 15:09:59 [DEBUG] [] Config [report_error] = [1]
2017-01-09 15:09:59 [DEBUG] [] Config [output_UTF8] = [1]
2017-01-09 15:09:59 [DEBUG] [] Config [auto_rollback] = [1]
2017-01-09 15:09:59 [DEBUG] [] Config [log_dir] = [/home/nynLMS/lib/payment/lgdacom/log]
2017-01-09 15:09:59 [DEBUG] [] Config [tnayanet] = [aa7d95db6f74e6e55389156b2dcb7716]
2017-01-09 15:09:59 [DEBUG] [] Config [nayanet] = [aa7d95db6f74e6e55389156b2dcb7716]
2017-01-09 15:09:59 [DEBUG] [] Config [url] = [https://xpayclient.lgdacom.net/xpay/Gateway.do]
2017-01-09 15:09:59 [DEBUG] [] Config [test_url] = [https://xpayclient.lgdacom.net:7443/xpay/Gateway.do]
2017-01-09 15:09:59 [DEBUG] [] Config [aux_url] = [http://xpayclient.lgdacom.net:7080/xpay/Gateway.do]
2017-01-09 15:10:03 [INFO ] [] XPayClient initialize [/home/nynLMS/lib/payment/lgdacom] [test]
2017-01-09 15:10:03 [DEBUG] [] Config [server_id] = [01]
2017-01-09 15:10:03 [DEBUG] [] Config [timeout] = [60]
2017-01-09 15:10:03 [DEBUG] [] Config [log_level] = [4]
2017-01-09 15:10:03 [DEBUG] [] Config [verify_cert] = [1]
2017-01-09 15:10:03 [DEBUG] [] Config [verify_host] = [1]
2017-01-09 15:10:03 [DEBUG] [] Config [report_error] = [1]
2017-01-09 15:10:03 [DEBUG] [] Config [output_UTF8] = [1]
2017-01-09 15:10:03 [DEBUG] [] Config [auto_rollback] = [1]
2017-01-09 15:10:03 [DEBUG] [] Config [log_dir] = [/home/nynLMS/lib/payment/lgdacom/log]
2017-01-09 15:10:03 [DEBUG] [] Config [tnayanet] = [aa7d95db6f74e6e55389156b2dcb7716]
2017-01-09 15:10:03 [DEBUG] [] Config [nayanet] = [aa7d95db6f74e6e55389156b2dcb7716]
2017-01-09 15:10:03 [DEBUG] [] Config [url] = [https://xpayclient.lgdacom.net/xpay/Gateway.do]
2017-01-09 15:10:03 [DEBUG] [] Config [test_url] = [https://xpayclient.lgdacom.net:7443/xpay/Gateway.do]
2017-01-09 15:10:03 [DEBUG] [] Config [aux_url] = [http://xpayclient.lgdacom.net:7080/xpay/Gateway.do]
2017-01-09 16:45:51 [INFO ] [] XPayClient initialize [/home/nynLMS/lib/payment/lgdacom] [test]
2017-01-09 16:45:51 [DEBUG] [] Config [server_id] = [01]
2017-01-09 16:45:51 [DEBUG] [] Config [timeout] = [60]
2017-01-09 16:45:51 [DEBUG] [] Config [log_level] = [4]
2017-01-09 16:45:51 [DEBUG] [] Config [verify_cert] = [1]
2017-01-09 16:45:51 [DEBUG] [] Config [verify_host] = [1]
2017-01-09 16:45:51 [DEBUG] [] Config [report_error] = [1]
2017-01-09 16:45:51 [DEBUG] [] Config [output_UTF8] = [1]
2017-01-09 16:45:51 [DEBUG] [] Config [auto_rollback] = [1]
2017-01-09 16:45:51 [DEBUG] [] Config [log_dir] = [/home/nynLMS/lib/payment/lgdacom/log]
2017-01-09 16:45:51 [DEBUG] [] Config [tnayanet] = [aa7d95db6f74e6e55389156b2dcb7716]
2017-01-09 16:45:51 [DEBUG] [] Config [nayanet] = [aa7d95db6f74e6e55389156b2dcb7716]
2017-01-09 16:45:51 [DEBUG] [] Config [url] = [https://xpayclient.lgdacom.net/xpay/Gateway.do]
2017-01-09 16:45:51 [DEBUG] [] Config [test_url] = [https://xpayclient.lgdacom.net:7443/xpay/Gateway.do]
2017-01-09 16:45:51 [DEBUG] [] Config [aux_url] = [http://xpayclient.lgdacom.net:7080/xpay/Gateway.do]
2017-01-09 20:22:16 [INFO ] [] XPayClient initialize [/home/nynLMS/lib/payment/lgdacom] [test]
2017-01-09 20:22:16 [DEBUG] [] Config [server_id] = [01]
2017-01-09 20:22:16 [DEBUG] [] Config [timeout] = [60]
2017-01-09 20:22:16 [DEBUG] [] Config [log_level] = [4]
2017-01-09 20:22:16 [DEBUG] [] Config [verify_cert] = [1]
2017-01-09 20:22:16 [DEBUG] [] Config [verify_host] = [1]
2017-01-09 20:22:16 [DEBUG] [] Config [report_error] = [1]
2017-01-09 20:22:16 [DEBUG] [] Config [output_UTF8] = [1]
2017-01-09 20:22:16 [DEBUG] [] Config [auto_rollback] = [1]
2017-01-09 20:22:16 [DEBUG] [] Config [log_dir] = [/home/nynLMS/lib/payment/lgdacom/log]
2017-01-09 20:22:16 [DEBUG] [] Config [tnayanet] = [aa7d95db6f74e6e55389156b2dcb7716]
2017-01-09 20:22:16 [DEBUG] [] Config [nayanet] = [aa7d95db6f74e6e55389156b2dcb7716]
2017-01-09 20:22:16 [DEBUG] [] Config [url] = [https://xpayclient.lgdacom.net/xpay/Gateway.do]
2017-01-09 20:22:16 [DEBUG] [] Config [test_url] = [https://xpayclient.lgdacom.net:7443/xpay/Gateway.do]
2017-01-09 20:22:16 [DEBUG] [] Config [aux_url] = [http://xpayclient.lgdacom.net:7080/xpay/Gateway.do]
2017-01-09 20:24:26 [INFO ] [] XPayClient initialize [/home/nynLMS/lib/payment/lgdacom] [test]
2017-01-09 20:24:26 [DEBUG] [] Config [server_id] = [01]
2017-01-09 20:24:26 [DEBUG] [] Config [timeout] = [60]
2017-01-09 20:24:26 [DEBUG] [] Config [log_level] = [4]
2017-01-09 20:24:26 [DEBUG] [] Config [verify_cert] = [1]
2017-01-09 20:24:26 [DEBUG] [] Config [verify_host] = [1]
2017-01-09 20:24:26 [DEBUG] [] Config [report_error] = [1]
2017-01-09 20:24:26 [DEBUG] [] Config [output_UTF8] = [1]
2017-01-09 20:24:26 [DEBUG] [] Config [auto_rollback] = [1]
2017-01-09 20:24:26 [DEBUG] [] Config [log_dir] = [/home/nynLMS/lib/payment/lgdacom/log]
2017-01-09 20:24:26 [DEBUG] [] Config [tnayanet] = [aa7d95db6f74e6e55389156b2dcb7716]
2017-01-09 20:24:26 [DEBUG] [] Config [nayanet] = [aa7d95db6f74e6e55389156b2dcb7716]
2017-01-09 20:24:26 [DEBUG] [] Config [url] = [https://xpayclient.lgdacom.net/xpay/Gateway.do]
2017-01-09 20:24:26 [DEBUG] [] Config [test_url] = [https://xpayclient.lgdacom.net:7443/xpay/Gateway.do]
2017-01-09 20:24:26 [DEBUG] [] Config [aux_url] = [http://xpayclient.lgdacom.net:7080/xpay/Gateway.do]
2017-01-09 20:25:34 [INFO ] [] XPayClient initialize [/home/nynLMS/lib/payment/lgdacom] [test]
2017-01-09 20:25:34 [DEBUG] [] Config [server_id] = [01]
2017-01-09 20:25:34 [DEBUG] [] Config [timeout] = [60]
2017-01-09 20:25:34 [DEBUG] [] Config [log_level] = [4]
2017-01-09 20:25:34 [DEBUG] [] Config [verify_cert] = [1]
2017-01-09 20:25:34 [DEBUG] [] Config [verify_host] = [1]
2017-01-09 20:25:34 [DEBUG] [] Config [report_error] = [1]
2017-01-09 20:25:34 [DEBUG] [] Config [output_UTF8] = [1]
2017-01-09 20:25:34 [DEBUG] [] Config [auto_rollback] = [1]
2017-01-09 20:25:34 [DEBUG] [] Config [log_dir] = [/home/nynLMS/lib/payment/lgdacom/log]
2017-01-09 20:25:34 [DEBUG] [] Config [tnayanet] = [aa7d95db6f74e6e55389156b2dcb7716]
2017-01-09 20:25:34 [DEBUG] [] Config [nayanet] = [aa7d95db6f74e6e55389156b2dcb7716]
2017-01-09 20:25:34 [DEBUG] [] Config [url] = [https://xpayclient.lgdacom.net/xpay/Gateway.do]
2017-01-09 20:25:34 [DEBUG] [] Config [test_url] = [https://xpayclient.lgdacom.net:7443/xpay/Gateway.do]
2017-01-09 20:25:34 [DEBUG] [] Config [aux_url] = [http://xpayclient.lgdacom.net:7080/xpay/Gateway.do]
